[35m[1mConsolidate compiler generated dependencies of target beginner_tutorials__rosidl_generator_c[0m
[  2%] Built target beginner_tutorials__cpp
[  7%] Built target gtest
[ 12%] Built target gtest_main
[ 12%] Built target ament_cmake_python_copy_beginner_tutorials
[35m[1mConsolidate compiler generated dependencies of target beginner_tutorials__rosidl_typesupport_fastrtps_cpp[0m
[ 19%] Built target beginner_tutorials__rosidl_generator_c
[35m[1mConsolidate compiler generated dependencies of target beginner_tutorials__rosidl_typesupport_cpp[0m
[35m[1mConsolidate compiler generated dependencies of target beginner_tutorials__rosidl_typesupport_introspection_cpp[0m
[ 26%] Built target beginner_tutorials__rosidl_typesupport_cpp
[ 36%] Built target beginner_tutorials__rosidl_typesupport_fastrtps_cpp
[ 39%] Built target beginner_tutorials_test
[35m[1mConsolidate compiler generated dependencies of target talker[0m
[35m[1mConsolidate compiler generated dependencies of target beginner_tutorials__rosidl_typesupport_c[0m
[35m[1mConsolidate compiler generated dependencies of target beginner_tutorials__rosidl_typesupport_fastrtps_c[0m
[35m[1mConsolidate compiler generated dependencies of target beginner_tutorials__rosidl_typesupport_introspection_c[0m
[ 46%] Built target beginner_tutorials__rosidl_typesupport_introspection_cpp
[ 48%] [32mBuilding CXX object CMakeFiles/talker.dir/src/publisher.cpp.o[0m
[35m[1mConsolidate compiler generated dependencies of target listener[0m
[ 56%] Built target beginner_tutorials__rosidl_typesupport_introspection_c
[ 63%] Built target beginner_tutorials__rosidl_typesupport_fastrtps_c
[ 70%] Built target beginner_tutorials__rosidl_typesupport_c
[ 75%] Built target listener
[ 75%] Built target beginner_tutorials
[ 78%] Built target beginner_tutorials__py
[35m[1mConsolidate compiler generated dependencies of target beginner_tutorials__rosidl_generator_py[0m
[ 82%] Built target beginner_tutorials__rosidl_generator_py
running egg_info
writing beginner_tutorials.egg-info/PKG-INFO
writing dependency_links to beginner_tutorials.egg-info/dependency_links.txt
[35m[1mConsolidate compiler generated dependencies of target beginner_tutorials__rosidl_typesupport_introspection_c__pyext[0m
writing top-level names to beginner_tutorials.egg-info/top_level.txt
[35m[1mConsolidate compiler generated dependencies of target beginner_tutorials__rosidl_typesupport_c__pyext[0m
[35m[1mConsolidate compiler generated dependencies of target beginner_tutorials__rosidl_typesupport_fastrtps_c__pyext[0m
reading manifest file 'beginner_tutorials.egg-info/SOURCES.txt'
writing manifest file 'beginner_tutorials.egg-info/SOURCES.txt'
[ 87%] Built target beginner_tutorials__rosidl_typesupport_introspection_c__pyext
[ 87%] Built target ament_cmake_python_build_beginner_tutorials_egg
[ 92%] Built target beginner_tutorials__rosidl_typesupport_c__pyext
[ 97%] Built target beginner_tutorials__rosidl_typesupport_fastrtps_c__pyext
[100%] [32m[1mLinking CXX executable talker[0m
[100%] Built target talker
-- Install configuration: ""
-- Installing: /home/sas/ros2_ws/beginner_tutorials/install/beginner_tutorials/share/ament_index/resource_index/rosidl_interfaces/beginner_tutorials
-- Up-to-date: /home/sas/ros2_ws/beginner_tutorials/install/beginner_tutorials/include/beginner_tutorials/beginner_tutorials
-- Up-to-date: /home/sas/ros2_ws/beginner_tutorials/install/beginner_tutorials/include/beginner_tutorials/beginner_tutorials/msg
-- Up-to-date: /home/sas/ros2_ws/beginner_tutorials/install/beginner_tutorials/include/beginner_tutorials/beginner_tutorials/msg/rosidl_generator_c__visibility_control.h
-- Up-to-date: /home/sas/ros2_ws/beginner_tutorials/install/beginner_tutorials/include/beginner_tutorials/beginner_tutorials/srv
-- Up-to-date: /home/sas/ros2_ws/beginner_tutorials/install/beginner_tutorials/include/beginner_tutorials/beginner_tutorials/srv/detail
-- Up-to-date: /home/sas/ros2_ws/beginner_tutorials/install/beginner_tutorials/include/beginner_tutorials/beginner_tutorials/srv/detail/custom_service__functions.h
-- Up-to-date: /home/sas/ros2_ws/beginner_tutorials/install/beginner_tutorials/include/beginner_tutorials/beginner_tutorials/srv/detail/custom_service__struct.h
-- Installing: /home/sas/ros2_ws/beginner_tutorials/install/beginner_tutorials/include/beginner_tutorials/beginner_tutorials/srv/detail/new_service__functions.h
-- Up-to-date: /home/sas/ros2_ws/beginner_tutorials/install/beginner_tutorials/include/beginner_tutorials/beginner_tutorials/srv/detail/custom_service__functions.c
-- Installing: /home/sas/ros2_ws/beginner_tutorials/install/beginner_tutorials/include/beginner_tutorials/beginner_tutorials/srv/detail/new_service__type_support.h
-- Installing: /home/sas/ros2_ws/beginner_tutorials/install/beginner_tutorials/include/beginner_tutorials/beginner_tutorials/srv/detail/new_service__struct.h
-- Installing: /home/sas/ros2_ws/beginner_tutorials/install/beginner_tutorials/include/beginner_tutorials/beginner_tutorials/srv/detail/new_service__functions.c
-- Up-to-date: /home/sas/ros2_ws/beginner_tutorials/install/beginner_tutorials/include/beginner_tutorials/beginner_tutorials/srv/detail/custom_service__type_support.h
-- Installing: /home/sas/ros2_ws/beginner_tutorials/install/beginner_tutorials/include/beginner_tutorials/beginner_tutorials/srv/new_service.h
-- Up-to-date: /home/sas/ros2_ws/beginner_tutorials/install/beginner_tutorials/include/beginner_tutorials/beginner_tutorials/srv/custom_service.h
-- Up-to-date: /home/sas/ros2_ws/beginner_tutorials/install/beginner_tutorials/share/beginner_tutorials/environment/library_path.sh
-- Installing: /home/sas/ros2_ws/beginner_tutorials/install/beginner_tutorials/share/beginner_tutorials/environment/library_path.dsv
-- Installing: /home/sas/ros2_ws/beginner_tutorials/install/beginner_tutorials/lib/libbeginner_tutorials__rosidl_generator_c.so
-- Set runtime path of "/home/sas/ros2_ws/beginner_tutorials/install/beginner_tutorials/lib/libbeginner_tutorials__rosidl_generator_c.so" to ""
-- Up-to-date: /home/sas/ros2_ws/beginner_tutorials/install/beginner_tutorials/include/beginner_tutorials/beginner_tutorials
-- Up-to-date: /home/sas/ros2_ws/beginner_tutorials/install/beginner_tutorials/include/beginner_tutorials/beginner_tutorials/msg
-- Up-to-date: /home/sas/ros2_ws/beginner_tutorials/install/beginner_tutorials/include/beginner_tutorials/beginner_tutorials/msg/rosidl_typesupport_fastrtps_c__visibility_control.h
-- Up-to-date: /home/sas/ros2_ws/beginner_tutorials/install/beginner_tutorials/include/beginner_tutorials/beginner_tutorials/srv
-- Up-to-date: /home/sas/ros2_ws/beginner_tutorials/install/beginner_tutorials/include/beginner_tutorials/beginner_tutorials/srv/detail
-- Up-to-date: /home/sas/ros2_ws/beginner_tutorials/install/beginner_tutorials/include/beginner_tutorials/beginner_tutorials/srv/detail/custom_service__rosidl_typesupport_fastrtps_c.h
-- Installing: /home/sas/ros2_ws/beginner_tutorials/install/beginner_tutorials/include/beginner_tutorials/beginner_tutorials/srv/detail/new_service__rosidl_typesupport_fastrtps_c.h
-- Installing: /home/sas/ros2_ws/beginner_tutorials/install/beginner_tutorials/lib/libbeginner_tutorials__rosidl_typesupport_fastrtps_c.so
-- Set runtime path of "/home/sas/ros2_ws/beginner_tutorials/install/beginner_tutorials/lib/libbeginner_tutorials__rosidl_typesupport_fastrtps_c.so" to ""
-- Up-to-date: /home/sas/ros2_ws/beginner_tutorials/install/beginner_tutorials/include/beginner_tutorials/beginner_tutorials
-- Up-to-date: /home/sas/ros2_ws/beginner_tutorials/install/beginner_tutorials/include/beginner_tutorials/beginner_tutorials/srv
-- Up-to-date: /home/sas/ros2_ws/beginner_tutorials/install/beginner_tutorials/include/beginner_tutorials/beginner_tutorials/srv/custom_service.hpp
-- Up-to-date: /home/sas/ros2_ws/beginner_tutorials/install/beginner_tutorials/include/beginner_tutorials/beginner_tutorials/srv/detail
-- Installing: /home/sas/ros2_ws/beginner_tutorials/install/beginner_tutorials/include/beginner_tutorials/beginner_tutorials/srv/detail/new_service__traits.hpp
-- Up-to-date: /home/sas/ros2_ws/beginner_tutorials/install/beginner_tutorials/include/beginner_tutorials/beginner_tutorials/srv/detail/custom_service__builder.hpp
-- Installing: /home/sas/ros2_ws/beginner_tutorials/install/beginner_tutorials/include/beginner_tutorials/beginner_tutorials/srv/detail/new_service__builder.hpp
-- Installing: /home/sas/ros2_ws/beginner_tutorials/install/beginner_tutorials/include/beginner_tutorials/beginner_tutorials/srv/detail/new_service__struct.hpp
-- Up-to-date: /home/sas/ros2_ws/beginner_tutorials/install/beginner_tutorials/include/beginner_tutorials/beginner_tutorials/srv/detail/custom_service__traits.hpp
-- Up-to-date: /home/sas/ros2_ws/beginner_tutorials/install/beginner_tutorials/include/beginner_tutorials/beginner_tutorials/srv/detail/custom_service__struct.hpp
-- Installing: /home/sas/ros2_ws/beginner_tutorials/install/beginner_tutorials/include/beginner_tutorials/beginner_tutorials/srv/new_service.hpp
-- Up-to-date: /home/sas/ros2_ws/beginner_tutorials/install/beginner_tutorials/include/beginner_tutorials/beginner_tutorials
-- Up-to-date: /home/sas/ros2_ws/beginner_tutorials/install/beginner_tutorials/include/beginner_tutorials/beginner_tutorials/msg
-- Up-to-date: /home/sas/ros2_ws/beginner_tutorials/install/beginner_tutorials/include/beginner_tutorials/beginner_tutorials/msg/rosidl_typesupport_fastrtps_cpp__visibility_control.h
-- Up-to-date: /home/sas/ros2_ws/beginner_tutorials/install/beginner_tutorials/include/beginner_tutorials/beginner_tutorials/srv
-- Up-to-date: /home/sas/ros2_ws/beginner_tutorials/install/beginner_tutorials/include/beginner_tutorials/beginner_tutorials/srv/detail
-- Up-to-date: /home/sas/ros2_ws/beginner_tutorials/install/beginner_tutorials/include/beginner_tutorials/beginner_tutorials/srv/detail/custom_service__rosidl_typesupport_fastrtps_cpp.hpp
-- Installing: /home/sas/ros2_ws/beginner_tutorials/install/beginner_tutorials/include/beginner_tutorials/beginner_tutorials/srv/detail/new_service__rosidl_typesupport_fastrtps_cpp.hpp
-- Up-to-date: /home/sas/ros2_ws/beginner_tutorials/install/beginner_tutorials/include/beginner_tutorials/beginner_tutorials/srv/detail/dds_fastrtps
-- Installing: /home/sas/ros2_ws/beginner_tutorials/install/beginner_tutorials/lib/libbeginner_tutorials__rosidl_typesupport_fastrtps_cpp.so
-- Set runtime path of "/home/sas/ros2_ws/beginner_tutorials/install/beginner_tutorials/lib/libbeginner_tutorials__rosidl_typesupport_fastrtps_cpp.so" to ""
-- Up-to-date: /home/sas/ros2_ws/beginner_tutorials/install/beginner_tutorials/include/beginner_tutorials/beginner_tutorials
-- Up-to-date: /home/sas/ros2_ws/beginner_tutorials/install/beginner_tutorials/include/beginner_tutorials/beginner_tutorials/msg
-- Up-to-date: /home/sas/ros2_ws/beginner_tutorials/install/beginner_tutorials/include/beginner_tutorials/beginner_tutorials/msg/rosidl_typesupport_introspection_c__visibility_control.h
-- Up-to-date: /home/sas/ros2_ws/beginner_tutorials/install/beginner_tutorials/include/beginner_tutorials/beginner_tutorials/srv
-- Up-to-date: /home/sas/ros2_ws/beginner_tutorials/install/beginner_tutorials/include/beginner_tutorials/beginner_tutorials/srv/detail
-- Installing: /home/sas/ros2_ws/beginner_tutorials/install/beginner_tutorials/include/beginner_tutorials/beginner_tutorials/srv/detail/new_service__type_support.c
-- Installing: /home/sas/ros2_ws/beginner_tutorials/install/beginner_tutorials/include/beginner_tutorials/beginner_tutorials/srv/detail/new_service__rosidl_typesupport_introspection_c.h
-- Up-to-date: /home/sas/ros2_ws/beginner_tutorials/install/beginner_tutorials/include/beginner_tutorials/beginner_tutorials/srv/detail/custom_service__type_support.c
-- Up-to-date: /home/sas/ros2_ws/beginner_tutorials/install/beginner_tutorials/include/beginner_tutorials/beginner_tutorials/srv/detail/custom_service__rosidl_typesupport_introspection_c.h
-- Installing: /home/sas/ros2_ws/beginner_tutorials/install/beginner_tutorials/lib/libbeginner_tutorials__rosidl_typesupport_introspection_c.so
-- Set runtime path of "/home/sas/ros2_ws/beginner_tutorials/install/beginner_tutorials/lib/libbeginner_tutorials__rosidl_typesupport_introspection_c.so" to ""
-- Installing: /home/sas/ros2_ws/beginner_tutorials/install/beginner_tutorials/lib/libbeginner_tutorials__rosidl_typesupport_c.so
-- Set runtime path of "/home/sas/ros2_ws/beginner_tutorials/install/beginner_tutorials/lib/libbeginner_tutorials__rosidl_typesupport_c.so" to ""
-- Up-to-date: /home/sas/ros2_ws/beginner_tutorials/install/beginner_tutorials/include/beginner_tutorials/beginner_tutorials
-- Up-to-date: /home/sas/ros2_ws/beginner_tutorials/install/beginner_tutorials/include/beginner_tutorials/beginner_tutorials/srv
-- Up-to-date: /home/sas/ros2_ws/beginner_tutorials/install/beginner_tutorials/include/beginner_tutorials/beginner_tutorials/srv/detail
-- Up-to-date: /home/sas/ros2_ws/beginner_tutorials/install/beginner_tutorials/include/beginner_tutorials/beginner_tutorials/srv/detail/custom_service__rosidl_typesupport_introspection_cpp.hpp
-- Up-to-date: /home/sas/ros2_ws/beginner_tutorials/install/beginner_tutorials/include/beginner_tutorials/beginner_tutorials/srv/detail/custom_service__type_support.cpp
-- Installing: /home/sas/ros2_ws/beginner_tutorials/install/beginner_tutorials/include/beginner_tutorials/beginner_tutorials/srv/detail/new_service__type_support.cpp
-- Installing: /home/sas/ros2_ws/beginner_tutorials/install/beginner_tutorials/include/beginner_tutorials/beginner_tutorials/srv/detail/new_service__rosidl_typesupport_introspection_cpp.hpp
-- Installing: /home/sas/ros2_ws/beginner_tutorials/install/beginner_tutorials/lib/libbeginner_tutorials__rosidl_typesupport_introspection_cpp.so
-- Set runtime path of "/home/sas/ros2_ws/beginner_tutorials/install/beginner_tutorials/lib/libbeginner_tutorials__rosidl_typesupport_introspection_cpp.so" to ""
-- Installing: /home/sas/ros2_ws/beginner_tutorials/install/beginner_tutorials/lib/libbeginner_tutorials__rosidl_typesupport_cpp.so
-- Set runtime path of "/home/sas/ros2_ws/beginner_tutorials/install/beginner_tutorials/lib/libbeginner_tutorials__rosidl_typesupport_cpp.so" to ""
-- Up-to-date: /home/sas/ros2_ws/beginner_tutorials/install/beginner_tutorials/share/beginner_tutorials/environment/pythonpath.sh
-- Installing: /home/sas/ros2_ws/beginner_tutorials/install/beginner_tutorials/share/beginner_tutorials/environment/pythonpath.dsv
-- Up-to-date: /home/sas/ros2_ws/beginner_tutorials/install/beginner_tutorials/local/lib/python3.10/dist-packages/beginner_tutorials-0.0.0-py3.10.egg-info
-- Installing: /home/sas/ros2_ws/beginner_tutorials/install/beginner_tutorials/local/lib/python3.10/dist-packages/beginner_tutorials-0.0.0-py3.10.egg-info/SOURCES.txt
-- Installing: /home/sas/ros2_ws/beginner_tutorials/install/beginner_tutorials/local/lib/python3.10/dist-packages/beginner_tutorials-0.0.0-py3.10.egg-info/top_level.txt
-- Installing: /home/sas/ros2_ws/beginner_tutorials/install/beginner_tutorials/local/lib/python3.10/dist-packages/beginner_tutorials-0.0.0-py3.10.egg-info/dependency_links.txt
-- Installing: /home/sas/ros2_ws/beginner_tutorials/install/beginner_tutorials/local/lib/python3.10/dist-packages/beginner_tutorials-0.0.0-py3.10.egg-info/PKG-INFO
-- Up-to-date: /home/sas/ros2_ws/beginner_tutorials/install/beginner_tutorials/local/lib/python3.10/dist-packages/beginner_tutorials
-- Installing: /home/sas/ros2_ws/beginner_tutorials/install/beginner_tutorials/local/lib/python3.10/dist-packages/beginner_tutorials/_beginner_tutorials_s.ep.rosidl_typesupport_fastrtps_c.c
-- Installing: /home/sas/ros2_ws/beginner_tutorials/install/beginner_tutorials/local/lib/python3.10/dist-packages/beginner_tutorials/beginner_tutorials_s__rosidl_typesupport_fastrtps_c.cpython-310-x86_64-linux-gnu.so
-- Installing: /home/sas/ros2_ws/beginner_tutorials/install/beginner_tutorials/local/lib/python3.10/dist-packages/beginner_tutorials/beginner_tutorials_s__rosidl_typesupport_introspection_c.cpython-310-x86_64-linux-gnu.so
-- Installing: /home/sas/ros2_ws/beginner_tutorials/install/beginner_tutorials/local/lib/python3.10/dist-packages/beginner_tutorials/_beginner_tutorials_s.ep.rosidl_typesupport_introspection_c.c
-- Installing: /home/sas/ros2_ws/beginner_tutorials/install/beginner_tutorials/local/lib/python3.10/dist-packages/beginner_tutorials/__init__.py
-- Installing: /home/sas/ros2_ws/beginner_tutorials/install/beginner_tutorials/local/lib/python3.10/dist-packages/beginner_tutorials/beginner_tutorials_s__rosidl_typesupport_c.cpython-310-x86_64-linux-gnu.so
-- Installing: /home/sas/ros2_ws/beginner_tutorials/install/beginner_tutorials/local/lib/python3.10/dist-packages/beginner_tutorials/libbeginner_tutorials__rosidl_generator_py.so
-- Installing: /home/sas/ros2_ws/beginner_tutorials/install/beginner_tutorials/local/lib/python3.10/dist-packages/beginner_tutorials/_beginner_tutorials_s.ep.rosidl_typesupport_c.c
-- Up-to-date: /home/sas/ros2_ws/beginner_tutorials/install/beginner_tutorials/local/lib/python3.10/dist-packages/beginner_tutorials/srv
-- Installing: /home/sas/ros2_ws/beginner_tutorials/install/beginner_tutorials/local/lib/python3.10/dist-packages/beginner_tutorials/srv/__init__.py
-- Installing: /home/sas/ros2_ws/beginner_tutorials/install/beginner_tutorials/local/lib/python3.10/dist-packages/beginner_tutorials/srv/_new_service.py
-- Up-to-date: /home/sas/ros2_ws/beginner_tutorials/install/beginner_tutorials/local/lib/python3.10/dist-packages/beginner_tutorials/srv/_custom_service.py
-- Up-to-date: /home/sas/ros2_ws/beginner_tutorials/install/beginner_tutorials/local/lib/python3.10/dist-packages/beginner_tutorials/srv/_custom_service_s.c
-- Installing: /home/sas/ros2_ws/beginner_tutorials/install/beginner_tutorials/local/lib/python3.10/dist-packages/beginner_tutorials/srv/_new_service_s.c
Listing '/home/sas/ros2_ws/beginner_tutorials/install/beginner_tutorials/local/lib/python3.10/dist-packages/beginner_tutorials'...
Compiling '/home/sas/ros2_ws/beginner_tutorials/install/beginner_tutorials/local/lib/python3.10/dist-packages/beginner_tutorials/__init__.py'...
Listing '/home/sas/ros2_ws/beginner_tutorials/install/beginner_tutorials/local/lib/python3.10/dist-packages/beginner_tutorials/srv'...
Compiling '/home/sas/ros2_ws/beginner_tutorials/install/beginner_tutorials/local/lib/python3.10/dist-packages/beginner_tutorials/srv/__init__.py'...
Compiling '/home/sas/ros2_ws/beginner_tutorials/install/beginner_tutorials/local/lib/python3.10/dist-packages/beginner_tutorials/srv/_new_service.py'...
-- Installing: /home/sas/ros2_ws/beginner_tutorials/install/beginner_tutorials/local/lib/python3.10/dist-packages/beginner_tutorials/beginner_tutorials_s__rosidl_typesupport_fastrtps_c.cpython-310-x86_64-linux-gnu.so
-- Set runtime path of "/home/sas/ros2_ws/beginner_tutorials/install/beginner_tutorials/local/lib/python3.10/dist-packages/beginner_tutorials/beginner_tutorials_s__rosidl_typesupport_fastrtps_c.cpython-310-x86_64-linux-gnu.so" to ""
-- Installing: /home/sas/ros2_ws/beginner_tutorials/install/beginner_tutorials/local/lib/python3.10/dist-packages/beginner_tutorials/beginner_tutorials_s__rosidl_typesupport_introspection_c.cpython-310-x86_64-linux-gnu.so
-- Set runtime path of "/home/sas/ros2_ws/beginner_tutorials/install/beginner_tutorials/local/lib/python3.10/dist-packages/beginner_tutorials/beginner_tutorials_s__rosidl_typesupport_introspection_c.cpython-310-x86_64-linux-gnu.so" to ""
-- Installing: /home/sas/ros2_ws/beginner_tutorials/install/beginner_tutorials/local/lib/python3.10/dist-packages/beginner_tutorials/beginner_tutorials_s__rosidl_typesupport_c.cpython-310-x86_64-linux-gnu.so
-- Set runtime path of "/home/sas/ros2_ws/beginner_tutorials/install/beginner_tutorials/local/lib/python3.10/dist-packages/beginner_tutorials/beginner_tutorials_s__rosidl_typesupport_c.cpython-310-x86_64-linux-gnu.so" to ""
-- Installing: /home/sas/ros2_ws/beginner_tutorials/install/beginner_tutorials/lib/libbeginner_tutorials__rosidl_generator_py.so
-- Set runtime path of "/home/sas/ros2_ws/beginner_tutorials/install/beginner_tutorials/lib/libbeginner_tutorials__rosidl_generator_py.so" to ""
-- Installing: /home/sas/ros2_ws/beginner_tutorials/install/beginner_tutorials/share/beginner_tutorials/srv/NewService.idl
-- Installing: /home/sas/ros2_ws/beginner_tutorials/install/beginner_tutorials/share/beginner_tutorials/srv/NewService.srv
-- Installing: /home/sas/ros2_ws/beginner_tutorials/install/beginner_tutorials/share/beginner_tutorials/srv/NewService_Request.msg
-- Installing: /home/sas/ros2_ws/beginner_tutorials/install/beginner_tutorials/share/beginner_tutorials/srv/NewService_Response.msg
-- Installing: /home/sas/ros2_ws/beginner_tutorials/install/beginner_tutorials/lib/beginner_tutorials/talker
-- Set runtime path of "/home/sas/ros2_ws/beginner_tutorials/install/beginner_tutorials/lib/beginner_tutorials/talker" to ""
-- Installing: /home/sas/ros2_ws/beginner_tutorials/install/beginner_tutorials/lib/beginner_tutorials/listener
-- Set runtime path of "/home/sas/ros2_ws/beginner_tutorials/install/beginner_tutorials/lib/beginner_tutorials/listener" to ""
-- Up-to-date: /home/sas/ros2_ws/beginner_tutorials/install/beginner_tutorials/share/beginner_tutorials//launch
-- Up-to-date: /home/sas/ros2_ws/beginner_tutorials/install/beginner_tutorials/share/beginner_tutorials//launch/custom_launch.yaml
-- Up-to-date: /home/sas/ros2_ws/beginner_tutorials/install/beginner_tutorials/share/beginner_tutorials//launch/launch.py
-- Up-to-date: /home/sas/ros2_ws/beginner_tutorials/install/beginner_tutorials/share/beginner_tutorials//launch/bag_recorder.launch.py
-- Up-to-date: /home/sas/ros2_ws/beginner_tutorials/install/beginner_tutorials/lib/beginner_tutorials/beginner_tutorials_test
-- Up-to-date: /home/sas/ros2_ws/beginner_tutorials/install/beginner_tutorials/share/ament_index/resource_index/package_run_dependencies/beginner_tutorials
-- Installing: /home/sas/ros2_ws/beginner_tutorials/install/beginner_tutorials/share/ament_index/resource_index/parent_prefix_path/beginner_tutorials
-- Up-to-date: /home/sas/ros2_ws/beginner_tutorials/install/beginner_tutorials/share/beginner_tutorials/environment/ament_prefix_path.sh
-- Installing: /home/sas/ros2_ws/beginner_tutorials/install/beginner_tutorials/share/beginner_tutorials/environment/ament_prefix_path.dsv
-- Up-to-date: /home/sas/ros2_ws/beginner_tutorials/install/beginner_tutorials/share/beginner_tutorials/environment/path.sh
-- Installing: /home/sas/ros2_ws/beginner_tutorials/install/beginner_tutorials/share/beginner_tutorials/environment/path.dsv
-- Up-to-date: /home/sas/ros2_ws/beginner_tutorials/install/beginner_tutorials/share/beginner_tutorials/local_setup.bash
-- Up-to-date: /home/sas/ros2_ws/beginner_tutorials/install/beginner_tutorials/share/beginner_tutorials/local_setup.sh
-- Up-to-date: /home/sas/ros2_ws/beginner_tutorials/install/beginner_tutorials/share/beginner_tutorials/local_setup.zsh
-- Installing: /home/sas/ros2_ws/beginner_tutorials/install/beginner_tutorials/share/beginner_tutorials/local_setup.dsv
-- Installing: /home/sas/ros2_ws/beginner_tutorials/install/beginner_tutorials/share/beginner_tutorials/package.dsv
-- Up-to-date: /home/sas/ros2_ws/beginner_tutorials/install/beginner_tutorials/share/ament_index/resource_index/packages/beginner_tutorials
-- Up-to-date: /home/sas/ros2_ws/beginner_tutorials/install/beginner_tutorials/share/beginner_tutorials/cmake/export_beginner_tutorials__rosidl_generator_cExport.cmake
-- Up-to-date: /home/sas/ros2_ws/beginner_tutorials/install/beginner_tutorials/share/beginner_tutorials/cmake/export_beginner_tutorials__rosidl_generator_cExport-noconfig.cmake
-- Up-to-date: /home/sas/ros2_ws/beginner_tutorials/install/beginner_tutorials/share/beginner_tutorials/cmake/export_beginner_tutorials__rosidl_typesupport_fastrtps_cExport.cmake
-- Up-to-date: /home/sas/ros2_ws/beginner_tutorials/install/beginner_tutorials/share/beginner_tutorials/cmake/export_beginner_tutorials__rosidl_typesupport_fastrtps_cExport-noconfig.cmake
-- Up-to-date: /home/sas/ros2_ws/beginner_tutorials/install/beginner_tutorials/share/beginner_tutorials/cmake/export_beginner_tutorials__rosidl_generator_cppExport.cmake
-- Up-to-date: /home/sas/ros2_ws/beginner_tutorials/install/beginner_tutorials/share/beginner_tutorials/cmake/export_beginner_tutorials__rosidl_typesupport_fastrtps_cppExport.cmake
-- Up-to-date: /home/sas/ros2_ws/beginner_tutorials/install/beginner_tutorials/share/beginner_tutorials/cmake/export_beginner_tutorials__rosidl_typesupport_fastrtps_cppExport-noconfig.cmake
-- Up-to-date: /home/sas/ros2_ws/beginner_tutorials/install/beginner_tutorials/share/beginner_tutorials/cmake/beginner_tutorials__rosidl_typesupport_introspection_cExport.cmake
-- Up-to-date: /home/sas/ros2_ws/beginner_tutorials/install/beginner_tutorials/share/beginner_tutorials/cmake/beginner_tutorials__rosidl_typesupport_introspection_cExport-noconfig.cmake
-- Up-to-date: /home/sas/ros2_ws/beginner_tutorials/install/beginner_tutorials/share/beginner_tutorials/cmake/beginner_tutorials__rosidl_typesupport_cExport.cmake
-- Up-to-date: /home/sas/ros2_ws/beginner_tutorials/install/beginner_tutorials/share/beginner_tutorials/cmake/beginner_tutorials__rosidl_typesupport_cExport-noconfig.cmake
-- Up-to-date: /home/sas/ros2_ws/beginner_tutorials/install/beginner_tutorials/share/beginner_tutorials/cmake/beginner_tutorials__rosidl_typesupport_introspection_cppExport.cmake
-- Up-to-date: /home/sas/ros2_ws/beginner_tutorials/install/beginner_tutorials/share/beginner_tutorials/cmake/beginner_tutorials__rosidl_typesupport_introspection_cppExport-noconfig.cmake
-- Up-to-date: /home/sas/ros2_ws/beginner_tutorials/install/beginner_tutorials/share/beginner_tutorials/cmake/beginner_tutorials__rosidl_typesupport_cppExport.cmake
-- Up-to-date: /home/sas/ros2_ws/beginner_tutorials/install/beginner_tutorials/share/beginner_tutorials/cmake/beginner_tutorials__rosidl_typesupport_cppExport-noconfig.cmake
-- Up-to-date: /home/sas/ros2_ws/beginner_tutorials/install/beginner_tutorials/share/beginner_tutorials/cmake/export_beginner_tutorials__rosidl_generator_pyExport.cmake
-- Up-to-date: /home/sas/ros2_ws/beginner_tutorials/install/beginner_tutorials/share/beginner_tutorials/cmake/export_beginner_tutorials__rosidl_generator_pyExport-noconfig.cmake
-- Installing: /home/sas/ros2_ws/beginner_tutorials/install/beginner_tutorials/share/beginner_tutorials/cmake/rosidl_cmake-extras.cmake
-- Up-to-date: /home/sas/ros2_ws/beginner_tutorials/install/beginner_tutorials/share/beginner_tutorials/cmake/ament_cmake_export_include_directories-extras.cmake
-- Up-to-date: /home/sas/ros2_ws/beginner_tutorials/install/beginner_tutorials/share/beginner_tutorials/cmake/ament_cmake_export_libraries-extras.cmake
-- Up-to-date: /home/sas/ros2_ws/beginner_tutorials/install/beginner_tutorials/share/beginner_tutorials/cmake/ament_cmake_export_targets-extras.cmake
-- Up-to-date: /home/sas/ros2_ws/beginner_tutorials/install/beginner_tutorials/share/beginner_tutorials/cmake/rosidl_cmake_export_typesupport_targets-extras.cmake
-- Up-to-date: /home/sas/ros2_ws/beginner_tutorials/install/beginner_tutorials/share/beginner_tutorials/cmake/ament_cmake_export_dependencies-extras.cmake
-- Up-to-date: /home/sas/ros2_ws/beginner_tutorials/install/beginner_tutorials/share/beginner_tutorials/cmake/rosidl_cmake_export_typesupport_libraries-extras.cmake
-- Up-to-date: /home/sas/ros2_ws/beginner_tutorials/install/beginner_tutorials/share/beginner_tutorials/cmake/beginner_tutorialsConfig.cmake
-- Up-to-date: /home/sas/ros2_ws/beginner_tutorials/install/beginner_tutorials/share/beginner_tutorials/cmake/beginner_tutorialsConfig-version.cmake
-- Up-to-date: /home/sas/ros2_ws/beginner_tutorials/install/beginner_tutorials/share/beginner_tutorials/package.xml
