[0.092s] Invoking command in '/home/sas/ros2_ws/beginner_tutorials/build/beginner_tutorials': CMAKE_PREFIX_PATH=/opt/ros/humble /usr/bin/cmake --build /home/sas/ros2_ws/beginner_tutorials/build/beginner_tutorials -- -j8 -l8
[0.211s] [  2%] Built target beginner_tutorials__cpp
[0.211s] [ 10%] Built target beginner_tutorials__rosidl_generator_c
[0.228s] [ 10%] Built target ament_cmake_python_copy_beginner_tutorials
[0.246s] [ 18%] Built target beginner_tutorials__rosidl_typesupport_cpp
[0.251s] [ 27%] Built target beginner_tutorials__rosidl_typesupport_fastrtps_c
[0.252s] [ 35%] Built target beginner_tutorials__rosidl_typesupport_fastrtps_cpp
[0.258s] [ 43%] Built target beginner_tutorials__rosidl_typesupport_introspection_cpp
[0.260s] [ 51%] Built target beginner_tutorials__rosidl_typesupport_c
[0.265s] [ 56%] Built target listener
[0.278s] [ 64%] Built target beginner_tutorials__rosidl_typesupport_introspection_c
[0.325s] [ 64%] Built target beginner_tutorials
[0.372s] [ 67%] Built target beginner_tutorials__py
[0.381s] [ 75%] Built target server_client
[0.383s] [ 75%] [32mBuilding CXX object CMakeFiles/talker.dir/src/publisher.cpp.o[0m
[0.419s] [ 81%] Built target beginner_tutorials__rosidl_generator_py
[0.469s] [ 86%] Built target beginner_tutorials__rosidl_typesupport_introspection_c__pyext
[0.470s] [ 91%] Built target beginner_tutorials__rosidl_typesupport_fastrtps_c__pyext
[0.478s] [ 97%] Built target beginner_tutorials__rosidl_typesupport_c__pyext
[0.587s] [01m[K/home/sas/ros2_ws/beginner_tutorials/src/publisher.cpp:8:10:[m[K [01;31m[Kfatal error: [m[Kgeometry_msgs/msg/transform_stamped.hpp: No such file or directory
[0.587s]     8 | #include [01;31m[K"geometry_msgs/msg/transform_stamped.hpp"[m[K
[0.587s]       |          [01;31m[K^~~~~~~~~~~~~~~~~~~~~~~~~~~~~~~~~~~~~~~~~[m[K
[0.587s] compilation terminated.
[0.589s] gmake[2]: *** [CMakeFiles/talker.dir/build.make:76: CMakeFiles/talker.dir/src/publisher.cpp.o] Error 1
[0.590s] gmake[1]: *** [CMakeFiles/Makefile2:598: CMakeFiles/talker.dir/all] Error 2
[0.591s] gmake[1]: *** Waiting for unfinished jobs....
[0.727s] running egg_info
[0.729s] writing beginner_tutorials.egg-info/PKG-INFO
[0.729s] writing dependency_links to beginner_tutorials.egg-info/dependency_links.txt
[0.730s] writing top-level names to beginner_tutorials.egg-info/top_level.txt
[0.738s] reading manifest file 'beginner_tutorials.egg-info/SOURCES.txt'
[0.740s] writing manifest file 'beginner_tutorials.egg-info/SOURCES.txt'
[0.788s] [ 97%] Built target ament_cmake_python_build_beginner_tutorials_egg
[0.789s] gmake: *** [Makefile:146: all] Error 2
[0.794s] Invoked command in '/home/sas/ros2_ws/beginner_tutorials/build/beginner_tutorials' returned '2': CMAKE_PREFIX_PATH=/opt/ros/humble /usr/bin/cmake --build /home/sas/ros2_ws/beginner_tutorials/build/beginner_tutorials -- -j8 -l8
