[  8%] Built target beginner_tutorials__rosidl_generator_c
[ 10%] Built target beginner_tutorials__cpp
[ 13%] [32mBuilding CXX object CMakeFiles/listener.dir/src/subscriber.cpp.o[0m
[ 13%] Built target ament_cmake_python_copy_beginner_tutorials
[ 21%] Built target beginner_tutorials__rosidl_typesupport_fastrtps_c
[ 29%] Built target beginner_tutorials__rosidl_typesupport_introspection_c
[ 37%] Built target beginner_tutorials__rosidl_typesupport_c
[ 45%] Built target beginner_tutorials__rosidl_typesupport_fastrtps_cpp
[ 54%] Built target beginner_tutorials__rosidl_typesupport_introspection_cpp
[ 62%] Built target beginner_tutorials__rosidl_typesupport_cpp
[ 62%] Built target beginner_tutorials
[35m[1mConsolidate compiler generated dependencies of target talker[0m
[ 64%] Built target beginner_tutorials__py
[ 70%] Built target server_client
[ 72%] [32mBuilding CXX object CMakeFiles/talker.dir/src/publisher.cpp.o[0m
[ 78%] Built target beginner_tutorials__rosidl_generator_py
[ 83%] Built target beginner_tutorials__rosidl_typesupport_fastrtps_c__pyext
[ 89%] Built target beginner_tutorials__rosidl_typesupport_introspection_c__pyext
[ 94%] Built target beginner_tutorials__rosidl_typesupport_c__pyext
running egg_info
writing beginner_tutorials.egg-info/PKG-INFO
writing dependency_links to beginner_tutorials.egg-info/dependency_links.txt
writing top-level names to beginner_tutorials.egg-info/top_level.txt
reading manifest file 'beginner_tutorials.egg-info/SOURCES.txt'
writing manifest file 'beginner_tutorials.egg-info/SOURCES.txt'
[ 94%] Built target ament_cmake_python_build_beginner_tutorials_egg
[ 97%] [32m[1mLinking CXX executable listener[0m
[ 97%] Built target listener
