[0.147s] Invoking command in '/home/sas/ros2_ws/beginner_tutorials/build/beginner_tutorials': CMAKE_PREFIX_PATH=/opt/ros/humble /usr/bin/cmake /home/sas/ros2_ws/beginner_tutorials -DCMAKE_INSTALL_PREFIX=/home/sas/ros2_ws/beginner_tutorials/install/beginner_tutorials
[0.360s] -- The C compiler identification is GNU 11.4.0
[0.522s] -- The CXX compiler identification is GNU 11.4.0
[0.547s] -- Detecting C compiler ABI info
[0.686s] -- Detecting C compiler ABI info - done
[0.697s] -- Check for working C compiler: /usr/bin/cc - skipped
[0.699s] -- Detecting C compile features
[0.702s] -- Detecting C compile features - done
[0.711s] -- Detecting CXX compiler ABI info
[0.867s] -- Detecting CXX compiler ABI info - done
[0.883s] -- Check for working CXX compiler: /usr/bin/c++ - skipped
[0.883s] -- Detecting CXX compile features
[0.885s] -- Detecting CXX compile features - done
[0.902s] -- Found ament_cmake: 1.3.5 (/opt/ros/humble/share/ament_cmake/cmake)
[1.298s] -- Found Python3: /usr/bin/python3.10 (found version "3.10.12") found components: Interpreter 
[1.556s] -- Found rclcpp: 16.0.6 (/opt/ros/humble/share/rclcpp/cmake)
[1.947s] -- Found rosidl_generator_c: 3.1.5 (/opt/ros/humble/share/rosidl_generator_c/cmake)
[1.962s] -- Found rosidl_adapter: 3.1.5 (/opt/ros/humble/share/rosidl_adapter/cmake)
[1.989s] -- Found rosidl_generator_cpp: 3.1.5 (/opt/ros/humble/share/rosidl_generator_cpp/cmake)
[2.033s] -- Using all available rosidl_typesupport_c: rosidl_typesupport_fastrtps_c;rosidl_typesupport_introspection_c
[2.147s] -- Using all available rosidl_typesupport_cpp: rosidl_typesupport_fastrtps_cpp;rosidl_typesupport_introspection_cpp
[2.409s] -- Found rmw_implementation_cmake: 6.1.1 (/opt/ros/humble/share/rmw_implementation_cmake/cmake)
[2.421s] -- Found rmw_fastrtps_cpp: 6.2.4 (/opt/ros/humble/share/rmw_fastrtps_cpp/cmake)
[2.696s] -- Found OpenSSL: /usr/lib/x86_64-linux-gnu/libcrypto.so (found version "3.0.2")  
[2.749s] -- Found FastRTPS: /opt/ros/humble/include  
[2.840s] -- Using RMW implementation 'rmw_fastrtps_cpp' as default
[2.880s] -- Looking for pthread.h
[3.056s] -- Looking for pthread.h - found
[3.056s] -- Performing Test CMAKE_HAVE_LIBC_PTHREAD
[3.190s] -- Performing Test CMAKE_HAVE_LIBC_PTHREAD - Success
[3.192s] -- Found Threads: TRUE  
[3.603s] -- Found rosidl_default_generators: 1.2.0 (/opt/ros/humble/share/rosidl_default_generators/cmake)
[3.643s] -- Found tf2: 0.25.4 (/opt/ros/humble/share/tf2/cmake)
[3.812s] -- Found tf2_ros: 0.25.4 (/opt/ros/humble/share/tf2_ros/cmake)
[4.668s] -- Found turtlesim: 1.4.2 (/opt/ros/humble/share/turtlesim/cmake)
[4.794s] [31mCMake Error at /opt/ros/humble/share/rosidl_cmake/cmake/rosidl_generate_interfaces.cmake:93 (message):
[4.794s]   rosidl_generate_interfaces() the passed file 'srv/CustomService.srv'
[4.794s]   doesn't exist relative to the CMAKE_CURRENT_SOURCE_DIR
[4.794s]   '/home/sas/ros2_ws/beginner_tutorials'
[4.794s] Call Stack (most recent call first):
[4.794s]   CMakeLists.txt:35 (rosidl_generate_interfaces)
[4.795s] 
[4.795s] [0m
[4.795s] -- Configuring incomplete, errors occurred!
[4.795s] See also "/home/sas/ros2_ws/beginner_tutorials/build/beginner_tutorials/CMakeFiles/CMakeOutput.log".
[4.807s] Invoked command in '/home/sas/ros2_ws/beginner_tutorials/build/beginner_tutorials' returned '1': CMAKE_PREFIX_PATH=/opt/ros/humble /usr/bin/cmake /home/sas/ros2_ws/beginner_tutorials -DCMAKE_INSTALL_PREFIX=/home/sas/ros2_ws/beginner_tutorials/install/beginner_tutorials
