[2.728s] DEBUG:colcon:Command line arguments: ['/usr/bin/colcon', 'build', '--packages-select', 'beginner_tutorials']
[2.729s] DEBUG:colcon:Parsed command line arguments: Namespace(log_base=None, log_level=None, verb_name='build', build_base='build', install_base='install', merge_install=False, symlink_install=False, test_result_base=None, continue_on_error=False, executor='parallel', parallel_workers=8, event_handlers=None, ignore_user_meta=False, metas=['./colcon.meta'], base_paths=['.'], packages_ignore=None, packages_ignore_regex=None, paths=None, packages_up_to=None, packages_up_to_regex=None, packages_above=None, packages_above_and_dependencies=None, packages_above_depth=None, packages_select_by_dep=None, packages_skip_by_dep=None, packages_skip_up_to=None, packages_select_build_failed=False, packages_skip_build_finished=False, packages_select_test_failures=False, packages_skip_test_passed=False, packages_select=['beginner_tutorials'], packages_skip=None, packages_select_regex=None, packages_skip_regex=None, packages_start=None, packages_end=None, allow_overriding=[], cmake_args=None, cmake_target=None, cmake_target_skip_unavailable=False, cmake_clean_cache=False, cmake_clean_first=False, cmake_force_configure=False, ament_cmake_args=None, catkin_cmake_args=None, catkin_skip_building_tests=False, verb_parser=<colcon_defaults.argument_parser.defaults.DefaultArgumentsDecorator object at 0x7f188fac1ab0>, verb_extension=<colcon_core.verb.build.BuildVerb object at 0x7f188fac3280>, main=<bound method BuildVerb.main of <colcon_core.verb.build.BuildVerb object at 0x7f188fac3280>>)
[2.902s] Level 1:colcon.colcon_core.package_discovery:discover_packages(colcon_meta) check parameters
[2.902s] Level 1:colcon.colcon_core.package_discovery:discover_packages(recursive) check parameters
[2.902s] Level 1:colcon.colcon_core.package_discovery:discover_packages(ignore) check parameters
[2.903s] Level 1:colcon.colcon_core.package_discovery:discover_packages(path) check parameters
[2.903s] Level 1:colcon.colcon_core.package_discovery:discover_packages(colcon_meta) discover
[2.903s] Level 1:colcon.colcon_core.package_discovery:discover_packages(recursive) discover
[2.903s] INFO:colcon.colcon_core.package_discovery:Crawling recursively for packages in '/home/sas/ros2_ws/src/beginner_tutorials'
[2.903s] Level 1:colcon.colcon_core.package_identification:_identify(.) by extensions ['ignore', 'ignore_ament_install']
[2.904s] Level 1:colcon.colcon_core.package_identification:_identify(.) by extension 'ignore'
[2.904s] Level 1:colcon.colcon_core.package_identification:_identify(.) by extension 'ignore_ament_install'
[2.904s] Level 1:colcon.colcon_core.package_identification:_identify(.) by extensions ['colcon_pkg']
[2.905s] Level 1:colcon.colcon_core.package_identification:_identify(.) by extension 'colcon_pkg'
[2.905s] Level 1:colcon.colcon_core.package_identification:_identify(.) by extensions ['colcon_meta']
[2.905s] Level 1:colcon.colcon_core.package_identification:_identify(.) by extension 'colcon_meta'
[2.905s] Level 1:colcon.colcon_core.package_identification:_identify(.) by extensions ['ros']
[2.905s] Level 1:colcon.colcon_core.package_identification:_identify(.) by extension 'ros'
[2.968s] DEBUG:colcon.colcon_core.package_identification:Package '.' with type 'ros.ament_cmake' and name 'beginner_tutorials'
[2.968s] Level 1:colcon.colcon_core.package_discovery:discover_packages(recursive) using defaults
[2.968s] Level 1:colcon.colcon_core.package_discovery:discover_packages(ignore) discover
[2.968s] Level 1:colcon.colcon_core.package_discovery:discover_packages(ignore) using defaults
[2.968s] Level 1:colcon.colcon_core.package_discovery:discover_packages(path) discover
[2.969s] Level 1:colcon.colcon_core.package_discovery:discover_packages(path) using defaults
[3.248s] Level 1:colcon.colcon_core.package_discovery:discover_packages(prefix_path) check parameters
[3.258s] Level 1:colcon.colcon_core.package_discovery:discover_packages(prefix_path) discover
[3.374s] DEBUG:colcon.colcon_installed_package_information.package_discovery:Found 284 installed packages in /opt/ros/humble
[3.378s] Level 1:colcon.colcon_core.package_discovery:discover_packages(prefix_path) using defaults
[3.704s] Level 5:colcon.colcon_core.verb:set package 'beginner_tutorials' build argument 'cmake_args' from command line to 'None'
[3.704s] Level 5:colcon.colcon_core.verb:set package 'beginner_tutorials' build argument 'cmake_target' from command line to 'None'
[3.705s] Level 5:colcon.colcon_core.verb:set package 'beginner_tutorials' build argument 'cmake_target_skip_unavailable' from command line to 'False'
[3.705s] Level 5:colcon.colcon_core.verb:set package 'beginner_tutorials' build argument 'cmake_clean_cache' from command line to 'False'
[3.705s] Level 5:colcon.colcon_core.verb:set package 'beginner_tutorials' build argument 'cmake_clean_first' from command line to 'False'
[3.705s] Level 5:colcon.colcon_core.verb:set package 'beginner_tutorials' build argument 'cmake_force_configure' from command line to 'False'
[3.705s] Level 5:colcon.colcon_core.verb:set package 'beginner_tutorials' build argument 'ament_cmake_args' from command line to 'None'
[3.705s] Level 5:colcon.colcon_core.verb:set package 'beginner_tutorials' build argument 'catkin_cmake_args' from command line to 'None'
[3.705s] Level 5:colcon.colcon_core.verb:set package 'beginner_tutorials' build argument 'catkin_skip_building_tests' from command line to 'False'
[3.705s] DEBUG:colcon.colcon_core.verb:Building package 'beginner_tutorials' with the following arguments: {'ament_cmake_args': None, 'build_base': '/home/sas/ros2_ws/src/beginner_tutorials/build/beginner_tutorials', 'catkin_cmake_args': None, 'catkin_skip_building_tests': False, 'cmake_args': None, 'cmake_clean_cache': False, 'cmake_clean_first': False, 'cmake_force_configure': False, 'cmake_target': None, 'cmake_target_skip_unavailable': False, 'install_base': '/home/sas/ros2_ws/src/beginner_tutorials/install/beginner_tutorials', 'merge_install': False, 'path': '/home/sas/ros2_ws/src/beginner_tutorials', 'symlink_install': False, 'test_result_base': None}
[3.747s] INFO:colcon.colcon_core.executor:Executing jobs using 'parallel' executor
[3.795s] DEBUG:colcon.colcon_parallel_executor.executor.parallel:run_until_complete
[3.797s] INFO:colcon.colcon_ros.task.ament_cmake.build:Building ROS package in '/home/sas/ros2_ws/src/beginner_tutorials' with build type 'ament_cmake'
[3.798s] INFO:colcon.colcon_cmake.task.cmake.build:Building CMake package in '/home/sas/ros2_ws/src/beginner_tutorials'
[3.837s] INFO:colcon.colcon_core.plugin_system:Skipping extension 'colcon_core.shell.bat': Not used on non-Windows systems
[3.838s] INFO:colcon.colcon_core.shell:Skip shell extension 'powershell' for command environment: Not usable outside of PowerShell
[3.838s] DEBUG:colcon.colcon_core.shell:Skip shell extension 'dsv' for command environment
[3.977s] DEBUG:colcon.colcon_core.event_handler.log_command:Invoking command in '/home/sas/ros2_ws/src/beginner_tutorials/build/beginner_tutorials': CMAKE_PREFIX_PATH=/opt/ros/humble /usr/bin/cmake /home/sas/ros2_ws/src/beginner_tutorials -DCMAKE_INSTALL_PREFIX=/home/sas/ros2_ws/src/beginner_tutorials/install/beginner_tutorials
[8.431s] DEBUG:colcon.colcon_core.event_handler.log_command:Invoked command in '/home/sas/ros2_ws/src/beginner_tutorials/build/beginner_tutorials' returned '1': CMAKE_PREFIX_PATH=/opt/ros/humble /usr/bin/cmake /home/sas/ros2_ws/src/beginner_tutorials -DCMAKE_INSTALL_PREFIX=/home/sas/ros2_ws/src/beginner_tutorials/install/beginner_tutorials
[8.462s] Level 1:colcon.colcon_core.environment:create_environment_scripts_only(beginner_tutorials)
[8.522s] Level 1:colcon.colcon_core.environment:checking '/home/sas/ros2_ws/src/beginner_tutorials/install/beginner_tutorials' for CMake module files
[8.523s] Level 1:colcon.colcon_core.environment:checking '/home/sas/ros2_ws/src/beginner_tutorials/install/beginner_tutorials' for CMake config files
[8.533s] Level 1:colcon.colcon_core.shell:create_environment_hook('beginner_tutorials', 'cmake_prefix_path')
[8.570s] INFO:colcon.colcon_core.shell:Creating environment hook '/home/sas/ros2_ws/src/beginner_tutorials/install/beginner_tutorials/share/beginner_tutorials/hook/cmake_prefix_path.ps1'
[8.572s] INFO:colcon.colcon_core.shell:Creating environment descriptor '/home/sas/ros2_ws/src/beginner_tutorials/install/beginner_tutorials/share/beginner_tutorials/hook/cmake_prefix_path.dsv'
[8.572s] INFO:colcon.colcon_core.shell:Creating environment hook '/home/sas/ros2_ws/src/beginner_tutorials/install/beginner_tutorials/share/beginner_tutorials/hook/cmake_prefix_path.sh'
[8.574s] Level 1:colcon.colcon_core.environment:checking '/home/sas/ros2_ws/src/beginner_tutorials/install/beginner_tutorials/lib'
[8.574s] Level 1:colcon.colcon_core.environment:checking '/home/sas/ros2_ws/src/beginner_tutorials/install/beginner_tutorials/bin'
[8.574s] Level 1:colcon.colcon_core.environment:checking '/home/sas/ros2_ws/src/beginner_tutorials/install/beginner_tutorials/lib/pkgconfig/beginner_tutorials.pc'
[8.575s] Level 1:colcon.colcon_core.environment:checking '/home/sas/ros2_ws/src/beginner_tutorials/install/beginner_tutorials/lib/python3.10/site-packages'
[8.576s] Level 1:colcon.colcon_core.environment:checking '/home/sas/ros2_ws/src/beginner_tutorials/install/beginner_tutorials/bin'
[8.633s] INFO:colcon.colcon_core.shell:Creating package script '/home/sas/ros2_ws/src/beginner_tutorials/install/beginner_tutorials/share/beginner_tutorials/package.ps1'
[8.635s] INFO:colcon.colcon_core.shell:Creating package descriptor '/home/sas/ros2_ws/src/beginner_tutorials/install/beginner_tutorials/share/beginner_tutorials/package.dsv'
[8.637s] INFO:colcon.colcon_core.shell:Creating package script '/home/sas/ros2_ws/src/beginner_tutorials/install/beginner_tutorials/share/beginner_tutorials/package.sh'
[8.639s] INFO:colcon.colcon_core.shell:Creating package script '/home/sas/ros2_ws/src/beginner_tutorials/install/beginner_tutorials/share/beginner_tutorials/package.bash'
[8.641s] INFO:colcon.colcon_core.shell:Creating package script '/home/sas/ros2_ws/src/beginner_tutorials/install/beginner_tutorials/share/beginner_tutorials/package.zsh'
[8.643s] Level 1:colcon.colcon_core.environment:create_file_with_runtime_dependencies(/home/sas/ros2_ws/src/beginner_tutorials/install/beginner_tutorials/share/colcon-core/packages/beginner_tutorials)
[8.656s] DEBUG:colcon.colcon_parallel_executor.executor.parallel:closing loop
[8.656s] DEBUG:colcon.colcon_parallel_executor.executor.parallel:loop closed
[8.657s] DEBUG:colcon.colcon_parallel_executor.executor.parallel:run_until_complete finished with '1'
[8.657s] DEBUG:colcon.colcon_core.event_reactor:joining thread
[8.722s] INFO:colcon.colcon_core.plugin_system:Skipping extension 'colcon_notification.desktop_notification.terminal_notifier': Not used on non-Darwin systems
[8.722s] INFO:colcon.colcon_core.plugin_system:Skipping extension 'colcon_notification.desktop_notification.win32': Not used on non-Windows systems
[8.722s] INFO:colcon.colcon_notification.desktop_notification:Sending desktop notification using 'notify2'
[8.776s] DEBUG:colcon.colcon_core.event_reactor:joined thread
[8.820s] INFO:colcon.colcon_core.shell:Creating prefix script '/home/sas/ros2_ws/src/beginner_tutorials/install/local_setup.ps1'
[8.831s] INFO:colcon.colcon_core.shell:Creating prefix util module '/home/sas/ros2_ws/src/beginner_tutorials/install/_local_setup_util_ps1.py'
[8.843s] INFO:colcon.colcon_core.shell:Creating prefix chain script '/home/sas/ros2_ws/src/beginner_tutorials/install/setup.ps1'
[8.894s] INFO:colcon.colcon_core.shell:Creating prefix script '/home/sas/ros2_ws/src/beginner_tutorials/install/local_setup.sh'
[8.896s] INFO:colcon.colcon_core.shell:Creating prefix util module '/home/sas/ros2_ws/src/beginner_tutorials/install/_local_setup_util_sh.py'
[8.898s] INFO:colcon.colcon_core.shell:Creating prefix chain script '/home/sas/ros2_ws/src/beginner_tutorials/install/setup.sh'
[8.971s] INFO:colcon.colcon_core.shell:Creating prefix script '/home/sas/ros2_ws/src/beginner_tutorials/install/local_setup.bash'
[8.976s] INFO:colcon.colcon_core.shell:Creating prefix chain script '/home/sas/ros2_ws/src/beginner_tutorials/install/setup.bash'
[9.077s] INFO:colcon.colcon_core.shell:Creating prefix script '/home/sas/ros2_ws/src/beginner_tutorials/install/local_setup.zsh'
[9.079s] INFO:colcon.colcon_core.shell:Creating prefix chain script '/home/sas/ros2_ws/src/beginner_tutorials/install/setup.zsh'
