[0.133s] Invoking command in '/home/sas/ros2_ws/src/beginner_tutorials/build/beginner_tutorials': CMAKE_PREFIX_PATH=${CMAKE_PREFIX_PATH}:/opt/ros/humble /usr/bin/cmake --build /home/sas/ros2_ws/src/beginner_tutorials/build/beginner_tutorials -- -j8 -l8
[0.234s] [35m[1mConsolidate compiler generated dependencies of target beginner_tutorials__rosidl_generator_c[0m
[0.241s] [  2%] Built target beginner_tutorials__cpp
[0.247s] [  5%] [32mBuilding CXX object CMakeFiles/listener.dir/src/subscriber.cpp.o[0m
[0.253s] [  5%] Built target ament_cmake_python_copy_beginner_tutorials
[0.263s] [ 13%] Built target beginner_tutorials__rosidl_generator_c
[0.317s] [ 16%] [34m[1mGenerating C++ type support dispatch for ROS interfaces[0m
[0.317s] [ 18%] [34m[1mGenerating C++ type support for eProsima Fast-RTPS[0m
[0.317s] [ 21%] [34m[1mGenerating C++ introspection for ROS interfaces[0m
[0.461s] [ 27%] [34m[1mGenerating C type support for eProsima Fast-RTPS[0m
[0.461s] [ 27%] [34m[1mGenerating C type support dispatch for ROS interfaces[0m
[0.473s] [ 29%] [34m[1mGenerating C introspection for ROS interfaces[0m
[1.895s] [ 32%] [32mBuilding CXX object CMakeFiles/beginner_tutorials__rosidl_typesupport_introspection_cpp.dir/rosidl_typesupport_introspection_cpp/beginner_tutorials/srv/detail/change_string__type_support.cpp.o[0m
[1.927s] [ 35%] [32mBuilding CXX object CMakeFiles/beginner_tutorials__rosidl_typesupport_cpp.dir/rosidl_typesupport_cpp/beginner_tutorials/srv/change_string__type_support.cpp.o[0m
[2.184s] [ 37%] [32mBuilding CXX object CMakeFiles/beginner_tutorials__rosidl_typesupport_fastrtps_cpp.dir/rosidl_typesupport_fastrtps_cpp/beginner_tutorials/srv/detail/dds_fastrtps/change_string__type_support.cpp.o[0m
[2.310s] [ 40%] [32mBuilding CXX object CMakeFiles/beginner_tutorials__rosidl_typesupport_c.dir/rosidl_typesupport_c/beginner_tutorials/srv/change_string__type_support.cpp.o[0m
[2.371s] [ 43%] [32mBuilding CXX object CMakeFiles/beginner_tutorials__rosidl_typesupport_fastrtps_c.dir/rosidl_typesupport_fastrtps_c/beginner_tutorials/srv/detail/change_string__type_support_c.cpp.o[0m
[2.411s] running egg_info
[2.411s] writing beginner_tutorials.egg-info/PKG-INFO
[2.411s] writing dependency_links to beginner_tutorials.egg-info/dependency_links.txt
[2.411s] writing top-level names to beginner_tutorials.egg-info/top_level.txt
[2.570s] reading manifest file 'beginner_tutorials.egg-info/SOURCES.txt'
[2.570s] writing manifest file 'beginner_tutorials.egg-info/SOURCES.txt'
[2.583s] [ 45%] [32m[1mLinking CXX shared library libbeginner_tutorials__rosidl_typesupport_c.so[0m
[2.621s] [ 45%] Built target ament_cmake_python_build_beginner_tutorials_egg
[2.651s] [ 48%] [32mBuilding C object CMakeFiles/beginner_tutorials__rosidl_typesupport_introspection_c.dir/rosidl_typesupport_introspection_c/beginner_tutorials/srv/detail/change_string__type_support.c.o[0m
[2.934s] [ 51%] [32m[1mLinking C shared library libbeginner_tutorials__rosidl_typesupport_introspection_c.so[0m
[3.054s] [ 51%] Built target beginner_tutorials__rosidl_typesupport_c
[3.171s] [ 51%] Built target beginner_tutorials__rosidl_typesupport_introspection_c
[3.272s] [ 54%] [32m[1mLinking CXX shared library libbeginner_tutorials__rosidl_typesupport_cpp.so[0m
[3.531s] [ 54%] Built target beginner_tutorials__rosidl_typesupport_cpp
[3.783s] [ 56%] [32m[1mLinking CXX shared library libbeginner_tutorials__rosidl_typesupport_introspection_cpp.so[0m
[3.840s] [ 59%] [32m[1mLinking CXX shared library libbeginner_tutorials__rosidl_typesupport_fastrtps_c.so[0m
[4.128s] [ 59%] Built target beginner_tutorials__rosidl_typesupport_fastrtps_c
[4.143s] [ 59%] Built target beginner_tutorials__rosidl_typesupport_introspection_cpp
[4.281s] [ 62%] [32m[1mLinking CXX shared library libbeginner_tutorials__rosidl_typesupport_fastrtps_cpp.so[0m
[4.418s] [ 62%] Built target beginner_tutorials__rosidl_typesupport_fastrtps_cpp
[4.455s] [ 62%] Built target beginner_tutorials
[4.495s] [ 64%] [34m[1mGenerating Python code for ROS interfaces[0m
[4.501s] [ 67%] [32mBuilding CXX object CMakeFiles/server_client.dir/src/server_client.cpp.o[0m
[4.505s] [ 70%] [32mBuilding CXX object CMakeFiles/talker.dir/src/publisher.cpp.o[0m
[5.966s] [ 70%] Built target beginner_tutorials__py
[6.029s] [ 72%] [32mBuilding C object CMakeFiles/beginner_tutorials__rosidl_generator_py.dir/rosidl_generator_py/beginner_tutorials/srv/_change_string_s.c.o[0m
[6.491s] [ 75%] [32m[1mLinking C shared library rosidl_generator_py/beginner_tutorials/libbeginner_tutorials__rosidl_generator_py.so[0m
[6.574s] [ 75%] Built target beginner_tutorials__rosidl_generator_py
[6.787s] [ 78%] [32mBuilding C object CMakeFiles/beginner_tutorials__rosidl_typesupport_c__pyext.dir/rosidl_generator_py/beginner_tutorials/_beginner_tutorials_s.ep.rosidl_typesupport_c.c.o[0m
[6.789s] [ 81%] [32mBuilding C object CMakeFiles/beginner_tutorials__rosidl_typesupport_introspection_c__pyext.dir/rosidl_generator_py/beginner_tutorials/_beginner_tutorials_s.ep.rosidl_typesupport_introspection_c.c.o[0m
[6.800s] [ 83%] [32mBuilding C object CMakeFiles/beginner_tutorials__rosidl_typesupport_fastrtps_c__pyext.dir/rosidl_generator_py/beginner_tutorials/_beginner_tutorials_s.ep.rosidl_typesupport_fastrtps_c.c.o[0m
[7.223s] [ 86%] [32m[1mLinking C shared library rosidl_generator_py/beginner_tutorials/beginner_tutorials_s__rosidl_typesupport_introspection_c.cpython-310-x86_64-linux-gnu.so[0m
[7.299s] [ 89%] [32m[1mLinking C shared library rosidl_generator_py/beginner_tutorials/beginner_tutorials_s__rosidl_typesupport_fastrtps_c.cpython-310-x86_64-linux-gnu.so[0m
[7.403s] [ 91%] [32m[1mLinking C shared library rosidl_generator_py/beginner_tutorials/beginner_tutorials_s__rosidl_typesupport_c.cpython-310-x86_64-linux-gnu.so[0m
[7.462s] [ 91%] Built target beginner_tutorials__rosidl_typesupport_introspection_c__pyext
[7.533s] [ 91%] Built target beginner_tutorials__rosidl_typesupport_fastrtps_c__pyext
[7.553s] [ 91%] Built target beginner_tutorials__rosidl_typesupport_c__pyext
[9.517s] [01m[K/home/sas/ros2_ws/src/beginner_tutorials/src/subscriber.cpp:37:18:[m[K [01;31m[Kerror: [m[K‘[01m[Kbeginner_tutorials[m[K’ was not declared in this scope
[9.517s]    37 |   rclcpp::Client<[01;31m[Kbeginner_tutorials[m[K::srv::ChangeString>::SharedPtr client;
[9.517s]       |                  [01;31m[K^~~~~~~~~~~~~~~~~~[m[K
[9.517s] [01m[K/home/sas/ros2_ws/src/beginner_tutorials/src/subscriber.cpp:37:55:[m[K [01;31m[Kerror: [m[Ktemplate argument 1 is invalid
[9.517s]    37 |   rclcpp::Client<beginner_tutorials::srv::ChangeString[01;31m[K>[m[K::SharedPtr client;
[9.518s]       |                                                       [01;31m[K^[m[K
[9.518s] [01m[K/home/sas/ros2_ws/src/beginner_tutorials/src/subscriber.cpp:37:58:[m[K [01;31m[Kerror: [m[Kexpected ‘[01m[K;[m[K’ at end of member declaration
[9.518s]    37 |   rclcpp::Client<beginner_tutorials::srv::ChangeString>::[01;31m[KSharedPtr[m[K client;
[9.518s]       |                                                          [01;31m[K^~~~~~~~~[m[K
[9.518s]       |                                                                   [32m[K;[m[K
[9.519s] [01m[K/home/sas/ros2_ws/src/beginner_tutorials/src/subscriber.cpp:37:68:[m[K [01;31m[Kerror: [m[K‘[01m[Kclient[m[K’ does not name a type
[9.519s]    37 |   rclcpp::Client<beginner_tutorials::srv::ChangeString>::SharedPtr [01;31m[Kclient[m[K;
[9.519s]       |                                                                    [01;31m[K^~~~~~[m[K
[9.531s] [01m[K/home/sas/ros2_ws/src/beginner_tutorials/src/subscriber.cpp:[m[K In constructor ‘[01m[KServerClient::ServerClient()[m[K’:
[9.531s] [01m[K/home/sas/ros2_ws/src/beginner_tutorials/src/subscriber.cpp:27:5:[m[K [01;31m[Kerror: [m[K‘[01m[Kclient[m[K’ was not declared in this scope
[9.531s]    27 |     [01;31m[Kclient[m[K = this->create_client<beginner_tutorials::srv::ChangeString>(
[9.532s]       |     [01;31m[K^~~~~~[m[K
[9.549s] [01m[K/home/sas/ros2_ws/src/beginner_tutorials/src/subscriber.cpp:27:34:[m[K [01;31m[Kerror: [m[K‘[01m[Kbeginner_tutorials[m[K’ was not declared in this scope
[9.549s]    27 |     client = this->create_client<[01;31m[Kbeginner_tutorials[m[K::srv::ChangeString>(
[9.549s]       |                                  [01;31m[K^~~~~~~~~~~~~~~~~~[m[K
[9.549s] [01m[K/home/sas/ros2_ws/src/beginner_tutorials/src/subscriber.cpp:27:20:[m[K [01;31m[Kerror: [m[Kparse error in template argument list
[9.550s]    27 |     client = this->[01;31m[Kcreate_client<beginner_tutorials::srv::ChangeString>[m[K(
[9.550s]       |                    [01;31m[K^~~~~~~~~~~~~~~~~~~~~~~~~~~~~~~~~~~~~~~~~~~~~~~~~~~~[m[K
[9.550s] [01m[K/home/sas/ros2_ws/src/beginner_tutorials/src/subscriber.cpp:27:72:[m[K [01;31m[Kerror: [m[Kno matching function for call to ‘[01m[KServerClient::create_client<<expression error> >(const char [13])[m[K’
[9.550s]    27 |     client = [01;31m[Kthis->create_client<beginner_tutorials::srv::ChangeString>([m[K
[9.550s]       |              [01;31m[K~~~~~~~~~~~~~~~~~~~~~~~~~~~~~~~~~~~~~~~~~~~~~~~~~~~~~~~~~~^[m[K
[9.550s]    28 | [01;31m[K        "service_node")[m[K;
[9.550s]       |         [01;31m[K~~~~~~~~~~~~~~~[m[K                                                 
[9.550s] In file included from [01m[K/opt/ros/humble/include/rclcpp/rclcpp/executors/single_threaded_executor.hpp:28[m[K,
[9.550s]                  from [01m[K/opt/ros/humble/include/rclcpp/rclcpp/executors.hpp:22[m[K,
[9.550s]                  from [01m[K/opt/ros/humble/include/rclcpp/rclcpp/rclcpp.hpp:155[m[K,
[9.550s]                  from [01m[K/home/sas/ros2_ws/src/beginner_tutorials/src/subscriber.cpp:13[m[K:
[9.550s] [01m[K/opt/ros/humble/include/rclcpp/rclcpp/node.hpp:252:3:[m[K [01;36m[Knote: [m[Kcandidate: ‘[01m[Ktemplate<class ServiceT> typename rclcpp::Client<ServiceT>::SharedPtr rclcpp::Node::create_client(const string&, const rmw_qos_profile_t&, rclcpp::CallbackGroup::SharedPtr)[m[K’
[9.551s]   252 |   [01;36m[Kcreate_client[m[K(
[9.551s]       |   [01;36m[K^~~~~~~~~~~~~[m[K
[9.551s] [01m[K/opt/ros/humble/include/rclcpp/rclcpp/node.hpp:252:3:[m[K [01;36m[Knote: [m[K  template argument deduction/substitution failed:
[9.551s] [01m[K/home/sas/ros2_ws/src/beginner_tutorials/src/subscriber.cpp:27:72:[m[K [01;31m[Kerror: [m[Ktemplate argument 1 is invalid
[9.551s]    27 |     client = [01;31m[Kthis->create_client<beginner_tutorials::srv::ChangeString>([m[K
[9.551s]       |              [01;31m[K~~~~~~~~~~~~~~~~~~~~~~~~~~~~~~~~~~~~~~~~~~~~~~~~~~~~~~~~~~^[m[K
[9.551s]    28 | [01;31m[K        "service_node")[m[K;
[9.551s]       |         [01;31m[K~~~~~~~~~~~~~~~[m[K                                                 
[9.571s] [01m[K/home/sas/ros2_ws/src/beginner_tutorials/src/subscriber.cpp:[m[K In member function ‘[01m[Kauto ServerClient::getRequest(char**)[m[K’:
[9.571s] [01m[K/home/sas/ros2_ws/src/beginner_tutorials/src/subscriber.cpp:32:9:[m[K [01;31m[Kerror: [m[K‘[01m[Kbeginner_tutorials[m[K’ was not declared in this scope
[9.571s]    32 |         [01;31m[Kbeginner_tutorials[m[K::srv::ChangeString::Request>();  // CHANGE
[9.571s]       |         [01;31m[K^~~~~~~~~~~~~~~~~~[m[K
[9.571s] [01m[K/home/sas/ros2_ws/src/beginner_tutorials/src/subscriber.cpp:31:25:[m[K [01;31m[Kerror: [m[Kparse error in template argument list
[9.571s]    31 |     auto request = std::[01;31m[Kmake_shared<[m[K
[9.571s]       |                         [01;31m[K^~~~~~~~~~~~[m[K
[9.571s]    32 | [01;31m[K        beginner_tutorials::srv::ChangeString::Request>[m[K();  // CHANGE
[9.571s]       |         [01;31m[K~~~~~~~~~~~~~~~~~~~~~~~~~~~~~~~~~~~~~~~~~~~~~~~[m[K
[9.571s] [01m[K/home/sas/ros2_ws/src/beginner_tutorials/src/subscriber.cpp:32:56:[m[K [01;31m[Kerror: [m[Kno matching function for call to ‘[01m[Kmake_shared<<expression error> >()[m[K’
[9.571s]    31 |     auto request = [01;31m[Kstd::make_shared<[m[K
[9.571s]       |                    [01;31m[K~~~~~~~~~~~~~~~~~[m[K                    
[9.571s]    32 | [01;31m[K        beginner_tutorials::srv::ChangeString::Request>()[m[K;  // CHANGE
[9.571s]       |         [01;31m[K~~~~~~~~~~~~~~~~~~~~~~~~~~~~~~~~~~~~~~~~~~~~~~~^~[m[K
[9.571s] In file included from [01m[K/usr/include/c++/11/memory:77[m[K,
[9.571s]                  from [01m[K/home/sas/ros2_ws/src/beginner_tutorials/src/subscriber.cpp:9[m[K:
[9.571s] [01m[K/usr/include/c++/11/bits/shared_ptr.h:875:5:[m[K [01;36m[Knote: [m[Kcandidate: ‘[01m[Ktemplate<class _Tp, class ... _Args> std::shared_ptr<_Tp> std::make_shared(_Args&& ...)[m[K’
[9.571s]   875 |     [01;36m[Kmake_shared[m[K(_Args&&... __args)
[9.572s]       |     [01;36m[K^~~~~~~~~~~[m[K
[9.592s] [01m[K/usr/include/c++/11/bits/shared_ptr.h:875:5:[m[K [01;36m[Knote: [m[K  template argument deduction/substitution failed:
[9.592s] [01m[K/home/sas/ros2_ws/src/beginner_tutorials/src/subscriber.cpp:32:56:[m[K [01;31m[Kerror: [m[Ktemplate argument 1 is invalid
[9.593s]    31 |     auto request = [01;31m[Kstd::make_shared<[m[K
[9.593s]       |                    [01;31m[K~~~~~~~~~~~~~~~~~[m[K                    
[9.593s]    32 | [01;31m[K        beginner_tutorials::srv::ChangeString::Request>()[m[K;  // CHANGE
[9.593s]       |         [01;31m[K~~~~~~~~~~~~~~~~~~~~~~~~~~~~~~~~~~~~~~~~~~~~~~~^~[m[K
[9.593s] [01m[K/home/sas/ros2_ws/src/beginner_tutorials/src/subscriber.cpp:[m[K In function ‘[01m[Kint main(int, char**)[m[K’:
[9.593s] [01m[K/home/sas/ros2_ws/src/beginner_tutorials/src/subscriber.cpp:44:20:[m[K [01;31m[Kerror: [m[K‘[01m[Kusing element_type = class ServerClient[m[K’ {aka ‘[01m[Kclass ServerClient[m[K’} has no member named ‘[01m[Kclient[m[K’
[9.593s]    44 |   while (!SClient->[01;31m[Kclient[m[K->wait_for_service(1s)) {
[9.593s]       |                    [01;31m[K^~~~~~[m[K
[9.593s] [01m[K/home/sas/ros2_ws/src/beginner_tutorials/src/subscriber.cpp:54:26:[m[K [01;31m[Kerror: [m[K‘[01m[Kusing element_type = class ServerClient[m[K’ {aka ‘[01m[Kclass ServerClient[m[K’} has no member named ‘[01m[Kclient[m[K’
[9.593s]    54 |   auto result = SClient->[01;31m[Kclient[m[K->async_send_request(request);
[9.593s]       |                          [01;31m[K^~~~~~[m[K
[10.732s] gmake[2]: *** [CMakeFiles/listener.dir/build.make:76: CMakeFiles/listener.dir/src/subscriber.cpp.o] Error 1
[10.733s] gmake[1]: *** [CMakeFiles/Makefile2:624: CMakeFiles/listener.dir/all] Error 2
[10.733s] gmake[1]: *** Waiting for unfinished jobs....
[14.036s] [ 94%] [32m[1mLinking CXX executable server_client[0m
[14.346s] [ 94%] Built target server_client
[15.652s] [ 97%] [32m[1mLinking CXX executable talker[0m
[16.041s] [ 97%] Built target talker
[16.043s] gmake: *** [Makefile:146: all] Error 2
[16.046s] Invoked command in '/home/sas/ros2_ws/src/beginner_tutorials/build/beginner_tutorials' returned '2': CMAKE_PREFIX_PATH=${CMAKE_PREFIX_PATH}:/opt/ros/humble /usr/bin/cmake --build /home/sas/ros2_ws/src/beginner_tutorials/build/beginner_tutorials -- -j8 -l8
