-- Found ament_cmake: 1.3.6 (/opt/ros/humble/share/ament_cmake/cmake)
-- Found rclcpp: 16.0.7 (/opt/ros/humble/share/rclcpp/cmake)
-- Found rosidl_generator_c: 3.1.5 (/opt/ros/humble/share/rosidl_generator_c/cmake)
-- Found rosidl_adapter: 3.1.5 (/opt/ros/humble/share/rosidl_adapter/cmake)
-- Found rosidl_generator_cpp: 3.1.5 (/opt/ros/humble/share/rosidl_generator_cpp/cmake)
-- Using all available rosidl_typesupport_c: rosidl_typesupport_fastrtps_c;rosidl_typesupport_introspection_c
-- Using all available rosidl_typesupport_cpp: rosidl_typesupport_fastrtps_cpp;rosidl_typesupport_introspection_cpp
-- Found rmw_implementation_cmake: 6.1.1 (/opt/ros/humble/share/rmw_implementation_cmake/cmake)
-- Found rmw_fastrtps_cpp: 6.2.5 (/opt/ros/humble/share/rmw_fastrtps_cpp/cmake)
-- Using RMW implementation 'rmw_fastrtps_cpp' as default
-- Found rosidl_default_generators: 1.2.0 (/opt/ros/humble/share/rosidl_default_generators/cmake)
-- Found tf2: 0.25.5 (/opt/ros/humble/share/tf2/cmake)
-- Found tf2_ros: 0.25.5 (/opt/ros/humble/share/tf2_ros/cmake)
-- Found turtlesim: 1.4.2 (/opt/ros/humble/share/turtlesim/cmake)
-- Found ament_cmake_ros: 0.10.0 (/opt/ros/humble/share/ament_cmake_ros/cmake)
-- Using all available rosidl_typesupport_c: rosidl_typesupport_fastrtps_c;rosidl_typesupport_introspection_c
-- Using all available rosidl_typesupport_cpp: rosidl_typesupport_fastrtps_cpp;rosidl_typesupport_introspection_cpp
-- Found python_cmake_module: 0.10.0 (/opt/ros/humble/share/python_cmake_module/cmake)
-- Using PYTHON_EXECUTABLE: /usr/bin/python3
-- Using PYTHON_INCLUDE_DIRS: /usr/include/python3.10
-- Using PYTHON_LIBRARIES: /usr/lib/x86_64-linux-gnu/libpython3.10.so
-- Found ament_lint_auto: 0.12.9 (/opt/ros/humble/share/ament_lint_auto/cmake)
-- Found gtest sources under '/opt/ros/humble/src/gtest_vendor': C++ tests using 'Google Test' will be built
-- Added test 'pep257' to check Python code against some of the docstring style conventions in PEP 257
-- Configuring done
-- Generating done
-- Build files have been written to: /home/sas/ros2_ws/beginner_tutorials/build/beginner_tutorials
[  2%] [34m[1mGenerating C code for ROS interfaces[0m
[35m[1mConsolidate compiler generated dependencies of target gtest[0m
[35m[1mConsolidate compiler generated dependencies of target gtest_main[0m
[  4%] [34m[1mGenerating C++ code for ROS interfaces[0m
[  9%] Built target gtest_main
[ 14%] Built target gtest
[ 14%] Built target ament_cmake_python_copy_beginner_tutorials
[35m[1mConsolidate compiler generated dependencies of target beginner_tutorials_test[0m
[ 19%] Built target beginner_tutorials_test
[ 19%] Built target beginner_tutorials__cpp
[ 21%] [34m[1mGenerating C++ type support for eProsima Fast-RTPS[0m
[ 24%] [34m[1mGenerating C++ type support dispatch for ROS interfaces[0m
[ 26%] [34m[1mGenerating C++ introspection for ROS interfaces[0m
running egg_info
writing beginner_tutorials.egg-info/PKG-INFO
writing dependency_links to beginner_tutorials.egg-info/dependency_links.txt
writing top-level names to beginner_tutorials.egg-info/top_level.txt
reading manifest file 'beginner_tutorials.egg-info/SOURCES.txt'
writing manifest file 'beginner_tutorials.egg-info/SOURCES.txt'
[ 26%] Built target ament_cmake_python_build_beginner_tutorials_egg
[ 29%] [32mBuilding C object CMakeFiles/beginner_tutorials__rosidl_generator_c.dir/rosidl_generator_c/beginner_tutorials/srv/detail/custom_service__functions.c.o[0m
[ 31%] [32m[1mLinking C shared library libbeginner_tutorials__rosidl_generator_c.so[0m
[ 31%] Built target beginner_tutorials__rosidl_generator_c
[ 34%] [34m[1mGenerating C type support for eProsima Fast-RTPS[0m
[ 36%] [34m[1mGenerating C introspection for ROS interfaces[0m
[ 39%] [34m[1mGenerating C type support dispatch for ROS interfaces[0m
[ 41%] [32mBuilding CXX object CMakeFiles/beginner_tutorials__rosidl_typesupport_cpp.dir/rosidl_typesupport_cpp/beginner_tutorials/srv/custom_service__type_support.cpp.o[0m
[ 43%] [32mBuilding CXX object CMakeFiles/beginner_tutorials__rosidl_typesupport_fastrtps_cpp.dir/rosidl_typesupport_fastrtps_cpp/beginner_tutorials/srv/detail/dds_fastrtps/custom_service__type_support.cpp.o[0m
[ 46%] [32mBuilding CXX object CMakeFiles/beginner_tutorials__rosidl_typesupport_introspection_cpp.dir/rosidl_typesupport_introspection_cpp/beginner_tutorials/srv/detail/custom_service__type_support.cpp.o[0m
[ 48%] [32mBuilding C object CMakeFiles/beginner_tutorials__rosidl_typesupport_introspection_c.dir/rosidl_typesupport_introspection_c/beginner_tutorials/srv/detail/custom_service__type_support.c.o[0m
[ 51%] [32m[1mLinking C shared library libbeginner_tutorials__rosidl_typesupport_introspection_c.so[0m
[ 53%] [32mBuilding CXX object CMakeFiles/beginner_tutorials__rosidl_typesupport_fastrtps_c.dir/rosidl_typesupport_fastrtps_c/beginner_tutorials/srv/detail/custom_service__type_support_c.cpp.o[0m
[ 56%] [32mBuilding CXX object CMakeFiles/beginner_tutorials__rosidl_typesupport_c.dir/rosidl_typesupport_c/beginner_tutorials/srv/custom_service__type_support.cpp.o[0m
[ 56%] Built target beginner_tutorials__rosidl_typesupport_introspection_c
[ 58%] [32m[1mLinking CXX shared library libbeginner_tutorials__rosidl_typesupport_cpp.so[0m
[ 60%] [32m[1mLinking CXX shared library libbeginner_tutorials__rosidl_typesupport_c.so[0m
[ 60%] Built target beginner_tutorials__rosidl_typesupport_cpp
[35m[1mConsolidate compiler generated dependencies of target talker[0m
[35m[1mConsolidate compiler generated dependencies of target listener[0m
[ 60%] Built target beginner_tutorials__rosidl_typesupport_c
[ 63%] [32m[1mLinking CXX executable listener[0m
[ 65%] [32mBuilding CXX object CMakeFiles/talker.dir/src/publisher.cpp.o[0m
[ 68%] [32m[1mLinking CXX shared library libbeginner_tutorials__rosidl_typesupport_fastrtps_cpp.so[0m
[ 70%] [32m[1mLinking CXX shared library libbeginner_tutorials__rosidl_typesupport_introspection_cpp.so[0m
[ 70%] Built target beginner_tutorials__rosidl_typesupport_fastrtps_cpp
[ 70%] Built target beginner_tutorials__rosidl_typesupport_introspection_cpp
[ 73%] [32m[1mLinking CXX shared library libbeginner_tutorials__rosidl_typesupport_fastrtps_c.so[0m
[ 73%] Built target beginner_tutorials__rosidl_typesupport_fastrtps_c
[ 73%] Built target beginner_tutorials
[ 75%] Built target listener
[ 78%] [34m[1mGenerating Python code for ROS interfaces[0m
[ 78%] Built target beginner_tutorials__py
[ 80%] [32mBuilding C object CMakeFiles/beginner_tutorials__rosidl_generator_py.dir/rosidl_generator_py/beginner_tutorials/srv/_custom_service_s.c.o[0m
[ 82%] [32m[1mLinking C shared library rosidl_generator_py/beginner_tutorials/libbeginner_tutorials__rosidl_generator_py.so[0m
[ 82%] Built target beginner_tutorials__rosidl_generator_py
[35m[1mConsolidate compiler generated dependencies of target beginner_tutorials__rosidl_typesupport_fastrtps_c__pyext[0m
[35m[1mConsolidate compiler generated dependencies of target beginner_tutorials__rosidl_typesupport_introspection_c__pyext[0m
[35m[1mConsolidate compiler generated dependencies of target beginner_tutorials__rosidl_typesupport_c__pyext[0m
[ 85%] [32mBuilding C object CMakeFiles/beginner_tutorials__rosidl_typesupport_introspection_c__pyext.dir/rosidl_generator_py/beginner_tutorials/_beginner_tutorials_s.ep.rosidl_typesupport_introspection_c.c.o[0m
[ 87%] [32mBuilding C object CMakeFiles/beginner_tutorials__rosidl_typesupport_c__pyext.dir/rosidl_generator_py/beginner_tutorials/_beginner_tutorials_s.ep.rosidl_typesupport_c.c.o[0m
[ 90%] [32mBuilding C object CMakeFiles/beginner_tutorials__rosidl_typesupport_fastrtps_c__pyext.dir/rosidl_generator_py/beginner_tutorials/_beginner_tutorials_s.ep.rosidl_typesupport_fastrtps_c.c.o[0m
[ 92%] [32m[1mLinking C shared library rosidl_generator_py/beginner_tutorials/beginner_tutorials_s__rosidl_typesupport_fastrtps_c.cpython-310-x86_64-linux-gnu.so[0m
[ 95%] [32m[1mLinking C shared library rosidl_generator_py/beginner_tutorials/beginner_tutorials_s__rosidl_typesupport_c.cpython-310-x86_64-linux-gnu.so[0m
[ 97%] [32m[1mLinking C shared library rosidl_generator_py/beginner_tutorials/beginner_tutorials_s__rosidl_typesupport_introspection_c.cpython-310-x86_64-linux-gnu.so[0m
[ 97%] Built target beginner_tutorials__rosidl_typesupport_fastrtps_c__pyext
[ 97%] Built target beginner_tutorials__rosidl_typesupport_introspection_c__pyext
[ 97%] Built target beginner_tutorials__rosidl_typesupport_c__pyext
