[0.091s] Invoking command in '/home/sas/ros2_ws/beginner_tutorials/build/beginner_tutorials': CMAKE_PREFIX_PATH=/opt/ros/humble /usr/bin/cmake --build /home/sas/ros2_ws/beginner_tutorials/build/beginner_tutorials -- -j8 -l8
[0.137s] -- Found ament_cmake: 1.3.6 (/opt/ros/humble/share/ament_cmake/cmake)
[0.420s] -- Found rclcpp: 16.0.7 (/opt/ros/humble/share/rclcpp/cmake)
[0.473s] -- Found rosidl_generator_c: 3.1.5 (/opt/ros/humble/share/rosidl_generator_c/cmake)
[0.478s] -- Found rosidl_adapter: 3.1.5 (/opt/ros/humble/share/rosidl_adapter/cmake)
[0.490s] -- Found rosidl_generator_cpp: 3.1.5 (/opt/ros/humble/share/rosidl_generator_cpp/cmake)
[0.511s] -- Using all available rosidl_typesupport_c: rosidl_typesupport_fastrtps_c;rosidl_typesupport_introspection_c
[0.542s] -- Using all available rosidl_typesupport_cpp: rosidl_typesupport_fastrtps_cpp;rosidl_typesupport_introspection_cpp
[0.660s] -- Found rmw_implementation_cmake: 6.1.1 (/opt/ros/humble/share/rmw_implementation_cmake/cmake)
[0.663s] -- Found rmw_fastrtps_cpp: 6.2.5 (/opt/ros/humble/share/rmw_fastrtps_cpp/cmake)
[0.896s] -- Using RMW implementation 'rmw_fastrtps_cpp' as default
[1.215s] -- Found rosidl_default_generators: 1.2.0 (/opt/ros/humble/share/rosidl_default_generators/cmake)
[1.228s] -- Found tf2: 0.25.5 (/opt/ros/humble/share/tf2/cmake)
[1.344s] -- Found tf2_ros: 0.25.5 (/opt/ros/humble/share/tf2_ros/cmake)
[2.011s] -- Found turtlesim: 1.4.2 (/opt/ros/humble/share/turtlesim/cmake)
[2.608s] -- Found ament_cmake_ros: 0.10.0 (/opt/ros/humble/share/ament_cmake_ros/cmake)
[3.221s] -- Using all available rosidl_typesupport_c: rosidl_typesupport_fastrtps_c;rosidl_typesupport_introspection_c
[3.456s] -- Using all available rosidl_typesupport_cpp: rosidl_typesupport_fastrtps_cpp;rosidl_typesupport_introspection_cpp
[3.507s] -- Found python_cmake_module: 0.10.0 (/opt/ros/humble/share/python_cmake_module/cmake)
[3.563s] -- Using PYTHON_EXECUTABLE: /usr/bin/python3
[3.564s] -- Using PYTHON_INCLUDE_DIRS: /usr/include/python3.10
[3.564s] -- Using PYTHON_LIBRARIES: /usr/lib/x86_64-linux-gnu/libpython3.10.so
[3.587s] -- Found ament_lint_auto: 0.12.9 (/opt/ros/humble/share/ament_lint_auto/cmake)
[3.591s] -- Found gtest sources under '/opt/ros/humble/src/gtest_vendor': C++ tests using 'Google Test' will be built
[3.624s] -- Added test 'pep257' to check Python code against some of the docstring style conventions in PEP 257
[3.627s] -- Configuring done
[3.720s] -- Generating done
[3.730s] -- Build files have been written to: /home/sas/ros2_ws/beginner_tutorials/build/beginner_tutorials
[3.801s] [  2%] [34m[1mGenerating C code for ROS interfaces[0m
[3.812s] [35m[1mConsolidate compiler generated dependencies of target gtest[0m
[3.821s] [35m[1mConsolidate compiler generated dependencies of target gtest_main[0m
[3.844s] [  4%] [34m[1mGenerating C++ code for ROS interfaces[0m
[3.846s] [  9%] Built target gtest_main
[3.847s] [ 14%] Built target gtest
[3.950s] [ 14%] Built target ament_cmake_python_copy_beginner_tutorials
[3.961s] [35m[1mConsolidate compiler generated dependencies of target beginner_tutorials_test[0m
[4.064s] [ 19%] Built target beginner_tutorials_test
[4.798s] [ 19%] Built target beginner_tutorials__cpp
[4.910s] [ 21%] [34m[1mGenerating C++ type support for eProsima Fast-RTPS[0m
[4.936s] [ 24%] [34m[1mGenerating C++ type support dispatch for ROS interfaces[0m
[4.947s] [ 26%] [34m[1mGenerating C++ introspection for ROS interfaces[0m
[5.010s] running egg_info
[5.010s] writing beginner_tutorials.egg-info/PKG-INFO
[5.010s] writing dependency_links to beginner_tutorials.egg-info/dependency_links.txt
[5.010s] writing top-level names to beginner_tutorials.egg-info/top_level.txt
[5.021s] reading manifest file 'beginner_tutorials.egg-info/SOURCES.txt'
[5.023s] writing manifest file 'beginner_tutorials.egg-info/SOURCES.txt'
[5.226s] [ 26%] Built target ament_cmake_python_build_beginner_tutorials_egg
[5.237s] [ 29%] [32mBuilding C object CMakeFiles/beginner_tutorials__rosidl_generator_c.dir/rosidl_generator_c/beginner_tutorials/srv/detail/custom_service__functions.c.o[0m
[5.503s] [ 31%] [32m[1mLinking C shared library libbeginner_tutorials__rosidl_generator_c.so[0m
[5.731s] [ 31%] Built target beginner_tutorials__rosidl_generator_c
[5.867s] [ 34%] [34m[1mGenerating C type support for eProsima Fast-RTPS[0m
[5.920s] [ 36%] [34m[1mGenerating C introspection for ROS interfaces[0m
[5.964s] [ 39%] [34m[1mGenerating C type support dispatch for ROS interfaces[0m
[6.120s] [ 41%] [32mBuilding CXX object CMakeFiles/beginner_tutorials__rosidl_typesupport_cpp.dir/rosidl_typesupport_cpp/beginner_tutorials/srv/custom_service__type_support.cpp.o[0m
[6.444s] [ 43%] [32mBuilding CXX object CMakeFiles/beginner_tutorials__rosidl_typesupport_fastrtps_cpp.dir/rosidl_typesupport_fastrtps_cpp/beginner_tutorials/srv/detail/dds_fastrtps/custom_service__type_support.cpp.o[0m
[6.471s] [ 46%] [32mBuilding CXX object CMakeFiles/beginner_tutorials__rosidl_typesupport_introspection_cpp.dir/rosidl_typesupport_introspection_cpp/beginner_tutorials/srv/detail/custom_service__type_support.cpp.o[0m
[6.951s] [ 48%] [32mBuilding C object CMakeFiles/beginner_tutorials__rosidl_typesupport_introspection_c.dir/rosidl_typesupport_introspection_c/beginner_tutorials/srv/detail/custom_service__type_support.c.o[0m
[7.133s] [ 51%] [32m[1mLinking C shared library libbeginner_tutorials__rosidl_typesupport_introspection_c.so[0m
[7.170s] [ 53%] [32mBuilding CXX object CMakeFiles/beginner_tutorials__rosidl_typesupport_fastrtps_c.dir/rosidl_typesupport_fastrtps_c/beginner_tutorials/srv/detail/custom_service__type_support_c.cpp.o[0m
[7.207s] [ 56%] [32mBuilding CXX object CMakeFiles/beginner_tutorials__rosidl_typesupport_c.dir/rosidl_typesupport_c/beginner_tutorials/srv/custom_service__type_support.cpp.o[0m
[7.369s] [ 56%] Built target beginner_tutorials__rosidl_typesupport_introspection_c
[7.408s] [ 58%] [32m[1mLinking CXX shared library libbeginner_tutorials__rosidl_typesupport_cpp.so[0m
[7.443s] [ 60%] [32m[1mLinking CXX shared library libbeginner_tutorials__rosidl_typesupport_c.so[0m
[7.633s] [ 60%] Built target beginner_tutorials__rosidl_typesupport_cpp
[7.744s] [35m[1mConsolidate compiler generated dependencies of target talker[0m
[7.752s] [35m[1mConsolidate compiler generated dependencies of target listener[0m
[7.812s] [ 60%] Built target beginner_tutorials__rosidl_typesupport_c
[7.824s] [ 63%] [32m[1mLinking CXX executable listener[0m
[7.851s] [ 65%] [32mBuilding CXX object CMakeFiles/talker.dir/src/publisher.cpp.o[0m
[7.888s] [ 68%] [32m[1mLinking CXX shared library libbeginner_tutorials__rosidl_typesupport_fastrtps_cpp.so[0m
[8.317s] [ 70%] [32m[1mLinking CXX shared library libbeginner_tutorials__rosidl_typesupport_introspection_cpp.so[0m
[8.381s] [ 70%] Built target beginner_tutorials__rosidl_typesupport_fastrtps_cpp
[8.570s] [ 70%] Built target beginner_tutorials__rosidl_typesupport_introspection_cpp
[8.699s] [ 73%] [32m[1mLinking CXX shared library libbeginner_tutorials__rosidl_typesupport_fastrtps_c.so[0m
[8.833s] [ 73%] Built target beginner_tutorials__rosidl_typesupport_fastrtps_c
[8.868s] [ 73%] Built target beginner_tutorials
[8.877s] [ 75%] Built target listener
[8.905s] [ 78%] [34m[1mGenerating Python code for ROS interfaces[0m
[9.541s] [ 78%] Built target beginner_tutorials__py
[9.578s] [ 80%] [32mBuilding C object CMakeFiles/beginner_tutorials__rosidl_generator_py.dir/rosidl_generator_py/beginner_tutorials/srv/_custom_service_s.c.o[0m
[9.895s] [ 82%] [32m[1mLinking C shared library rosidl_generator_py/beginner_tutorials/libbeginner_tutorials__rosidl_generator_py.so[0m
[9.976s] [ 82%] Built target beginner_tutorials__rosidl_generator_py
[9.995s] [35m[1mConsolidate compiler generated dependencies of target beginner_tutorials__rosidl_typesupport_fastrtps_c__pyext[0m
[9.996s] [35m[1mConsolidate compiler generated dependencies of target beginner_tutorials__rosidl_typesupport_introspection_c__pyext[0m
[10.011s] [35m[1mConsolidate compiler generated dependencies of target beginner_tutorials__rosidl_typesupport_c__pyext[0m
[10.053s] [ 85%] [32mBuilding C object CMakeFiles/beginner_tutorials__rosidl_typesupport_introspection_c__pyext.dir/rosidl_generator_py/beginner_tutorials/_beginner_tutorials_s.ep.rosidl_typesupport_introspection_c.c.o[0m
[10.124s] [ 87%] [32mBuilding C object CMakeFiles/beginner_tutorials__rosidl_typesupport_c__pyext.dir/rosidl_generator_py/beginner_tutorials/_beginner_tutorials_s.ep.rosidl_typesupport_c.c.o[0m
[10.128s] [ 90%] [32mBuilding C object CMakeFiles/beginner_tutorials__rosidl_typesupport_fastrtps_c__pyext.dir/rosidl_generator_py/beginner_tutorials/_beginner_tutorials_s.ep.rosidl_typesupport_fastrtps_c.c.o[0m
[10.431s] [ 92%] [32m[1mLinking C shared library rosidl_generator_py/beginner_tutorials/beginner_tutorials_s__rosidl_typesupport_fastrtps_c.cpython-310-x86_64-linux-gnu.so[0m
[10.502s] [ 95%] [32m[1mLinking C shared library rosidl_generator_py/beginner_tutorials/beginner_tutorials_s__rosidl_typesupport_c.cpython-310-x86_64-linux-gnu.so[0m
[10.503s] [ 97%] [32m[1mLinking C shared library rosidl_generator_py/beginner_tutorials/beginner_tutorials_s__rosidl_typesupport_introspection_c.cpython-310-x86_64-linux-gnu.so[0m
[10.668s] [ 97%] Built target beginner_tutorials__rosidl_typesupport_fastrtps_c__pyext
[10.705s] [ 97%] Built target beginner_tutorials__rosidl_typesupport_introspection_c__pyext
[10.731s] [ 97%] Built target beginner_tutorials__rosidl_typesupport_c__pyext
[14.759s] [01m[K/home/sas/ros2_ws/beginner_tutorials/src/publisher.cpp:[m[K In member function ‘[01m[Kvoid Publisher::change_message(std::shared_ptr<beginner_tutorials::srv::CustomService_Request_<std::allocator<void> > >, std::shared_ptr<beginner_tutorials::srv::CustomService_Response_<std::allocator<void> > >)[m[K’:
[14.760s] [01m[K/home/sas/ros2_ws/beginner_tutorials/src/publisher.cpp:104:15:[m[K [01;31m[Kerror: [m[K‘[01m[Kusing element_type = struct beginner_tutorials::srv::CustomService_Response_<std::allocator<void> >[m[K’ {aka ‘[01m[Kstruct beginner_tutorials::srv::CustomService_Response_<std::allocator<void> >[m[K’} has no member named ‘[01m[Kresponse_message[m[K’
[14.761s]   104 |     response->[01;31m[Kresponse_message[m[K =
[14.761s]       |               [01;31m[K^~~~~~~~~~~~~~~~[m[K
[14.761s] [01m[K/home/sas/ros2_ws/beginner_tutorials/src/publisher.cpp:105:18:[m[K [01;31m[Kerror: [m[K‘[01m[Kusing element_type = struct beginner_tutorials::srv::CustomService_Request_<std::allocator<void> >[m[K’ {aka ‘[01m[Kstruct beginner_tutorials::srv::CustomService_Request_<std::allocator<void> >[m[K’} has no member named ‘[01m[Krequest_message[m[K’
[14.761s]   105 |         request->[01;31m[Krequest_message[m[K + "Hi, This is modified service!!";
[14.761s]       |                  [01;31m[K^~~~~~~~~~~~~~~[m[K
[14.764s] In file included from [01m[K/opt/ros/humble/include/rclcpp/rclcpp/client.hpp:40[m[K,
[14.765s]                  from [01m[K/opt/ros/humble/include/rclcpp/rclcpp/callback_group.hpp:24[m[K,
[14.765s]                  from [01m[K/opt/ros/humble/include/rclcpp/rclcpp/any_executable.hpp:20[m[K,
[14.765s]                  from [01m[K/opt/ros/humble/include/rclcpp/rclcpp/memory_strategy.hpp:25[m[K,
[14.765s]                  from [01m[K/opt/ros/humble/include/rclcpp/rclcpp/memory_strategies.hpp:18[m[K,
[14.765s]                  from [01m[K/opt/ros/humble/include/rclcpp/rclcpp/executor_options.hpp:20[m[K,
[14.765s]                  from [01m[K/opt/ros/humble/include/rclcpp/rclcpp/executor.hpp:37[m[K,
[14.765s]                  from [01m[K/opt/ros/humble/include/rclcpp/rclcpp/executors/multi_threaded_executor.hpp:25[m[K,
[14.765s]                  from [01m[K/opt/ros/humble/include/rclcpp/rclcpp/executors.hpp:21[m[K,
[14.765s]                  from [01m[K/opt/ros/humble/include/rclcpp/rclcpp/rclcpp.hpp:155[m[K,
[14.765s]                  from [01m[K/opt/ros/humble/include/tf2_ros/tf2_ros/static_transform_broadcaster.h:41[m[K,
[14.766s]                  from [01m[K/home/sas/ros2_ws/beginner_tutorials/src/publisher.cpp:11[m[K:
[14.766s] [01m[K/home/sas/ros2_ws/beginner_tutorials/src/publisher.cpp:107:56:[m[K [01;31m[Kerror: [m[K‘[01m[Kusing element_type = struct beginner_tutorials::srv::CustomService_Request_<std::allocator<void> >[m[K’ {aka ‘[01m[Kstruct beginner_tutorials::srv::CustomService_Request_<std::allocator<void> >[m[K’} has no member named ‘[01m[Krequest_message[m[K’
[14.766s]   107 |                        "Request message: " << request->[01;31m[Krequest_message[m[K);
[14.766s]       |                                                        [01;31m[K^~~~~~~~~~~~~~~[m[K
[14.766s] [01m[K/home/sas/ros2_ws/beginner_tutorials/src/publisher.cpp:109:58:[m[K [01;31m[Kerror: [m[K‘[01m[Kusing element_type = struct beginner_tutorials::srv::CustomService_Response_<std::allocator<void> >[m[K’ {aka ‘[01m[Kstruct beginner_tutorials::srv::CustomService_Response_<std::allocator<void> >[m[K’} has no member named ‘[01m[Kresponse_message[m[K’
[14.766s]   109 |                        "Response message: " << response->[01;31m[Kresponse_message[m[K);
[14.766s]       |                                                          [01;31m[K^~~~~~~~~~~~~~~~[m[K
[17.335s] gmake[2]: *** [CMakeFiles/talker.dir/build.make:76: CMakeFiles/talker.dir/src/publisher.cpp.o] Error 1
[17.337s] gmake[1]: *** [CMakeFiles/Makefile2:206: CMakeFiles/talker.dir/all] Error 2
[17.337s] gmake: *** [Makefile:146: all] Error 2
[17.360s] Invoked command in '/home/sas/ros2_ws/beginner_tutorials/build/beginner_tutorials' returned '2': CMAKE_PREFIX_PATH=/opt/ros/humble /usr/bin/cmake --build /home/sas/ros2_ws/beginner_tutorials/build/beginner_tutorials -- -j8 -l8
