[0.099s] Invoking command in '/home/sas/ros2_ws/beginner_tutorials/build/beginner_tutorials': CMAKE_PREFIX_PATH=/opt/ros/humble /usr/bin/cmake /home/sas/ros2_ws/beginner_tutorials -DCMAKE_INSTALL_PREFIX=/home/sas/ros2_ws/beginner_tutorials/install/beginner_tutorials
[0.124s] -- Found ament_cmake: 1.3.5 (/opt/ros/humble/share/ament_cmake/cmake)
[0.418s] -- Found rclcpp: 16.0.6 (/opt/ros/humble/share/rclcpp/cmake)
[0.472s] -- Found rosidl_generator_c: 3.1.5 (/opt/ros/humble/share/rosidl_generator_c/cmake)
[0.476s] -- Found rosidl_adapter: 3.1.5 (/opt/ros/humble/share/rosidl_adapter/cmake)
[0.488s] -- Found rosidl_generator_cpp: 3.1.5 (/opt/ros/humble/share/rosidl_generator_cpp/cmake)
[0.508s] -- Using all available rosidl_typesupport_c: rosidl_typesupport_fastrtps_c;rosidl_typesupport_introspection_c
[0.539s] -- Using all available rosidl_typesupport_cpp: rosidl_typesupport_fastrtps_cpp;rosidl_typesupport_introspection_cpp
[0.653s] -- Found rmw_implementation_cmake: 6.1.1 (/opt/ros/humble/share/rmw_implementation_cmake/cmake)
[0.655s] -- Found rmw_fastrtps_cpp: 6.2.4 (/opt/ros/humble/share/rmw_fastrtps_cpp/cmake)
[0.899s] -- Using RMW implementation 'rmw_fastrtps_cpp' as default
[1.210s] -- Found rosidl_default_generators: 1.2.0 (/opt/ros/humble/share/rosidl_default_generators/cmake)
[1.225s] -- Found tf2: 0.25.4 (/opt/ros/humble/share/tf2/cmake)
[1.345s] -- Found tf2_ros: 0.25.4 (/opt/ros/humble/share/tf2_ros/cmake)
[1.979s] -- Found turtlesim: 1.4.2 (/opt/ros/humble/share/turtlesim/cmake)
[2.615s] -- Found ament_cmake_ros: 0.10.0 (/opt/ros/humble/share/ament_cmake_ros/cmake)
[3.341s] -- Using all available rosidl_typesupport_c: rosidl_typesupport_fastrtps_c;rosidl_typesupport_introspection_c
[3.577s] -- Using all available rosidl_typesupport_cpp: rosidl_typesupport_fastrtps_cpp;rosidl_typesupport_introspection_cpp
[3.629s] -- Found PythonInterp: /usr/bin/python3 (found suitable version "3.10.12", minimum required is "3.6") 
[3.633s] -- Found python_cmake_module: 0.10.0 (/opt/ros/humble/share/python_cmake_module/cmake)
[3.711s] -- Found PythonLibs: /usr/lib/x86_64-linux-gnu/libpython3.10.so (found suitable version "3.10.12", minimum required is "3.5") 
[3.711s] -- Using PYTHON_EXECUTABLE: /usr/bin/python3
[3.711s] -- Using PYTHON_INCLUDE_DIRS: /usr/include/python3.10
[3.712s] -- Using PYTHON_LIBRARIES: /usr/lib/x86_64-linux-gnu/libpython3.10.so
[3.758s] -- Found PythonExtra: .so  
[3.828s] -- Found ament_lint_auto: 0.12.8 (/opt/ros/humble/share/ament_lint_auto/cmake)
[3.850s] -- Found gtest sources under '/opt/ros/humble/src/gtest_vendor': C++ tests using 'Google Test' will be built
[3.981s] -- Added test 'pep257' to check Python code against some of the docstring style conventions in PEP 257
[3.990s] -- Configuring done
[3.997s] [31mCMake Error at CMakeLists.txt:23 (add_executable):
[3.999s]   Cannot find source file:
[3.999s] 
[3.999s]     src/beginner_publisher.cpp
[3.999s] 
[3.999s]   Tried extensions .c .C .c++ .cc .cpp .cxx .cu .mpp .m .M .mm .ixx .cppm .h
[3.999s]   .hh .h++ .hm .hpp .hxx .in .txx .f .F .for .f77 .f90 .f95 .f03 .hip .ispc
[3.999s] 
[4.000s] [0m
[4.000s] [31mCMake Error at CMakeLists.txt:42 (add_executable):
[4.000s]   Cannot find source file:
[4.000s] 
[4.000s]     src/beginner_subscriber.cpp
[4.000s] 
[4.000s]   Tried extensions .c .C .c++ .cc .cpp .cxx .cu .mpp .m .M .mm .ixx .cppm .h
[4.020s]   .hh .h++ .hm .hpp .hxx .in .txx .f .F .for .f77 .f90 .f95 .f03 .hip .ispc
[4.021s] 
[4.021s] [0m
[4.022s] [31mCMake Error at /opt/ros/humble/share/ament_cmake_gtest/cmake/ament_add_gtest_executable.cmake:50 (add_executable):
[4.022s]   Cannot find source file:
[4.022s] 
[4.023s]     test/tf_test.cpp
[4.023s] 
[4.023s]   Tried extensions .c .C .c++ .cc .cpp .cxx .cu .mpp .m .M .mm .ixx .cppm .h
[4.024s]   .hh .h++ .hm .hpp .hxx .in .txx .f .F .for .f77 .f90 .f95 .f03 .hip .ispc
[4.024s] Call Stack (most recent call first):
[4.025s]   /opt/ros/humble/share/ament_cmake_gtest/cmake/ament_add_gtest_executable.cmake:37 (_ament_add_gtest_executable)
[4.025s]   /opt/ros/humble/share/ament_cmake_gtest/cmake/ament_add_gtest.cmake:68 (ament_add_gtest_executable)
[4.025s]   CMakeLists.txt:78 (ament_add_gtest)
[4.025s] 
[4.025s] [0m
[4.029s] [31mCMake Error at CMakeLists.txt:23 (add_executable):
[4.029s]   No SOURCES given to target: talker
[4.030s] 
[4.030s] [0m
[4.030s] [31mCMake Error at CMakeLists.txt:42 (add_executable):
[4.030s]   No SOURCES given to target: listener
[4.030s] 
[4.030s] [0m
[4.030s] [31mCMake Error at /opt/ros/humble/share/ament_cmake_gtest/cmake/ament_add_gtest_executable.cmake:50 (add_executable):
[4.030s]   No SOURCES given to target: beginner_tutorials_test
[4.030s] Call Stack (most recent call first):
[4.030s]   /opt/ros/humble/share/ament_cmake_gtest/cmake/ament_add_gtest_executable.cmake:37 (_ament_add_gtest_executable)
[4.030s]   /opt/ros/humble/share/ament_cmake_gtest/cmake/ament_add_gtest.cmake:68 (ament_add_gtest_executable)
[4.031s]   CMakeLists.txt:78 (ament_add_gtest)
[4.032s] 
[4.032s] [0m
[4.032s] [0mCMake Generate step failed.  Build files cannot be regenerated correctly.[0m
[4.032s] Invoked command in '/home/sas/ros2_ws/beginner_tutorials/build/beginner_tutorials' returned '1': CMAKE_PREFIX_PATH=/opt/ros/humble /usr/bin/cmake /home/sas/ros2_ws/beginner_tutorials -DCMAKE_INSTALL_PREFIX=/home/sas/ros2_ws/beginner_tutorials/install/beginner_tutorials
