-- The C compiler identification is GNU 11.4.0
-- The CXX compiler identification is GNU 11.4.0
-- Detecting C compiler ABI info
-- Detecting C compiler ABI info - done
-- Check for working C compiler: /usr/bin/cc - skipped
-- Detecting C compile features
-- Detecting C compile features - done
-- Detecting CXX compiler ABI info
-- Detecting CXX compiler ABI info - done
-- Check for working CXX compiler: /usr/bin/c++ - skipped
-- Detecting CXX compile features
-- Detecting CXX compile features - done
-- Found ament_cmake: 1.3.6 (/opt/ros/humble/share/ament_cmake/cmake)
-- Found Python3: /usr/bin/python3.10 (found version "3.10.12") found components: Interpreter 
-- Found rclcpp: 16.0.7 (/opt/ros/humble/share/rclcpp/cmake)
-- Found rosidl_generator_c: 3.1.5 (/opt/ros/humble/share/rosidl_generator_c/cmake)
-- Found rosidl_adapter: 3.1.5 (/opt/ros/humble/share/rosidl_adapter/cmake)
-- Found rosidl_generator_cpp: 3.1.5 (/opt/ros/humble/share/rosidl_generator_cpp/cmake)
-- Using all available rosidl_typesupport_c: rosidl_typesupport_fastrtps_c;rosidl_typesupport_introspection_c
-- Using all available rosidl_typesupport_cpp: rosidl_typesupport_fastrtps_cpp;rosidl_typesupport_introspection_cpp
-- Found rmw_implementation_cmake: 6.1.1 (/opt/ros/humble/share/rmw_implementation_cmake/cmake)
-- Found rmw_fastrtps_cpp: 6.2.5 (/opt/ros/humble/share/rmw_fastrtps_cpp/cmake)
-- Found OpenSSL: /usr/lib/x86_64-linux-gnu/libcrypto.so (found version "3.0.2")  
-- Found FastRTPS: /opt/ros/humble/include  
-- Using RMW implementation 'rmw_fastrtps_cpp' as default
-- Looking for pthread.h
-- Looking for pthread.h - found
-- Performing Test CMAKE_HAVE_LIBC_PTHREAD
-- Performing Test CMAKE_HAVE_LIBC_PTHREAD - Success
-- Found Threads: TRUE  
-- Found rosidl_default_generators: 1.2.0 (/opt/ros/humble/share/rosidl_default_generators/cmake)
-- Found tf2: 0.25.5 (/opt/ros/humble/share/tf2/cmake)
-- Found tf2_ros: 0.25.5 (/opt/ros/humble/share/tf2_ros/cmake)
-- Found turtlesim: 1.4.2 (/opt/ros/humble/share/turtlesim/cmake)
-- Found ament_cmake_ros: 0.10.0 (/opt/ros/humble/share/ament_cmake_ros/cmake)
-- Using all available rosidl_typesupport_c: rosidl_typesupport_fastrtps_c;rosidl_typesupport_introspection_c
-- Using all available rosidl_typesupport_cpp: rosidl_typesupport_fastrtps_cpp;rosidl_typesupport_introspection_cpp
-- Found PythonInterp: /usr/bin/python3 (found suitable version "3.10.12", minimum required is "3.6") 
-- Found python_cmake_module: 0.10.0 (/opt/ros/humble/share/python_cmake_module/cmake)
-- Found PythonLibs: /usr/lib/x86_64-linux-gnu/libpython3.10.so (found suitable version "3.10.12", minimum required is "3.5") 
-- Using PYTHON_EXECUTABLE: /usr/bin/python3
-- Using PYTHON_INCLUDE_DIRS: /usr/include/python3.10
-- Using PYTHON_LIBRARIES: /usr/lib/x86_64-linux-gnu/libpython3.10.so
-- Found PythonExtra: .so  
-- Found ament_lint_auto: 0.12.9 (/opt/ros/humble/share/ament_lint_auto/cmake)
-- Found gtest sources under '/opt/ros/humble/src/gtest_vendor': C++ tests using 'Google Test' will be built
-- Added test 'pep257' to check Python code against some of the docstring style conventions in PEP 257
-- Configuring done
-- Generating done
-- Build files have been written to: /home/sas/ros2_ws/beginner_tutorials/build/beginner_tutorials
[  2%] [34m[1mGenerating C++ code for ROS interfaces[0m
[  4%] [32mBuilding CXX object gtest/CMakeFiles/gtest_main.dir/src/gtest_main.cc.o[0m
[  7%] [34m[1mGenerating C code for ROS interfaces[0m
[  9%] [32mBuilding CXX object gtest/CMakeFiles/gtest.dir/src/gtest-all.cc.o[0m
[  9%] Built target ament_cmake_python_copy_beginner_tutorials
running egg_info
creating beginner_tutorials.egg-info
writing beginner_tutorials.egg-info/PKG-INFO
writing dependency_links to beginner_tutorials.egg-info/dependency_links.txt
writing top-level names to beginner_tutorials.egg-info/top_level.txt
writing manifest file 'beginner_tutorials.egg-info/SOURCES.txt'
reading manifest file 'beginner_tutorials.egg-info/SOURCES.txt'
writing manifest file 'beginner_tutorials.egg-info/SOURCES.txt'
[  9%] Built target ament_cmake_python_build_beginner_tutorials_egg
[  9%] Built target beginner_tutorials__cpp
[ 12%] [34m[1mGenerating C++ type support dispatch for ROS interfaces[0m
[ 14%] [34m[1mGenerating C++ type support for eProsima Fast-RTPS[0m
[ 17%] [34m[1mGenerating C++ introspection for ROS interfaces[0m
[ 19%] [32mBuilding C object CMakeFiles/beginner_tutorials__rosidl_generator_c.dir/rosidl_generator_c/beginner_tutorials/srv/detail/custom_service__functions.c.o[0m
[ 21%] [32mBuilding CXX object CMakeFiles/beginner_tutorials__rosidl_typesupport_cpp.dir/rosidl_typesupport_cpp/beginner_tutorials/srv/custom_service__type_support.cpp.o[0m
[ 24%] [32mBuilding CXX object CMakeFiles/beginner_tutorials__rosidl_typesupport_fastrtps_cpp.dir/rosidl_typesupport_fastrtps_cpp/beginner_tutorials/srv/detail/dds_fastrtps/custom_service__type_support.cpp.o[0m
[ 26%] [32mBuilding CXX object CMakeFiles/beginner_tutorials__rosidl_typesupport_introspection_cpp.dir/rosidl_typesupport_introspection_cpp/beginner_tutorials/srv/detail/custom_service__type_support.cpp.o[0m
[ 29%] [32m[1mLinking C shared library libbeginner_tutorials__rosidl_generator_c.so[0m
[ 29%] Built target beginner_tutorials__rosidl_generator_c
[ 31%] [34m[1mGenerating C type support dispatch for ROS interfaces[0m
[ 34%] [34m[1mGenerating C introspection for ROS interfaces[0m
[ 36%] [34m[1mGenerating C type support for eProsima Fast-RTPS[0m
[ 39%] [32mBuilding CXX object CMakeFiles/beginner_tutorials__rosidl_typesupport_c.dir/rosidl_typesupport_c/beginner_tutorials/srv/custom_service__type_support.cpp.o[0m
[ 41%] [32mBuilding C object CMakeFiles/beginner_tutorials__rosidl_typesupport_introspection_c.dir/rosidl_typesupport_introspection_c/beginner_tutorials/srv/detail/custom_service__type_support.c.o[0m
[ 43%] [32m[1mLinking CXX shared library libbeginner_tutorials__rosidl_typesupport_cpp.so[0m
[ 46%] [32mBuilding CXX object CMakeFiles/beginner_tutorials__rosidl_typesupport_fastrtps_c.dir/rosidl_typesupport_fastrtps_c/beginner_tutorials/srv/detail/custom_service__type_support_c.cpp.o[0m
[ 51%] [32m[1mLinking C shared library libbeginner_tutorials__rosidl_typesupport_introspection_c.so[0m
[ 51%] [32m[1mLinking CXX shared library libbeginner_tutorials__rosidl_typesupport_c.so[0m
[ 51%] Built target beginner_tutorials__rosidl_typesupport_introspection_c
[ 51%] Built target beginner_tutorials__rosidl_typesupport_cpp
[ 51%] Built target beginner_tutorials__rosidl_typesupport_c
[ 53%] [32mBuilding CXX object CMakeFiles/listener.dir/src/subscriber.cpp.o[0m
[ 56%] [32m[1mLinking CXX shared library libbeginner_tutorials__rosidl_typesupport_introspection_cpp.so[0m
[ 58%] [32mBuilding CXX object CMakeFiles/talker.dir/src/publisher.cpp.o[0m
[ 58%] Built target beginner_tutorials__rosidl_typesupport_introspection_cpp
[ 60%] [32m[1mLinking CXX shared library libbeginner_tutorials__rosidl_typesupport_fastrtps_cpp.so[0m
[ 63%] [32m[1mLinking CXX shared library libbeginner_tutorials__rosidl_typesupport_fastrtps_c.so[0m
[ 63%] Built target beginner_tutorials__rosidl_typesupport_fastrtps_cpp
[ 63%] Built target beginner_tutorials__rosidl_typesupport_fastrtps_c
[ 65%] [32m[1mLinking CXX static library libgtest_main.a[0m
[ 65%] Built target beginner_tutorials
[ 68%] [34m[1mGenerating Python code for ROS interfaces[0m
[ 68%] Built target gtest_main
[ 68%] Built target beginner_tutorials__py
[ 70%] [32m[1mLinking CXX static library libgtest.a[0m
[ 70%] Built target gtest
[ 73%] [32m[1mLinking CXX executable talker[0m
[ 73%] Built target talker
[ 75%] [32mBuilding CXX object CMakeFiles/beginner_tutorials_test.dir/test/test.cpp.o[0m
[ 78%] [32mBuilding C object CMakeFiles/beginner_tutorials__rosidl_generator_py.dir/rosidl_generator_py/beginner_tutorials/srv/_custom_service_s.c.o[0m
[ 80%] [32m[1mLinking C shared library rosidl_generator_py/beginner_tutorials/libbeginner_tutorials__rosidl_generator_py.so[0m
[ 80%] Built target beginner_tutorials__rosidl_generator_py
[ 82%] [32m[1mLinking CXX executable listener[0m
[ 82%] Built target listener
[ 85%] [32mBuilding C object CMakeFiles/beginner_tutorials__rosidl_typesupport_c__pyext.dir/rosidl_generator_py/beginner_tutorials/_beginner_tutorials_s.ep.rosidl_typesupport_c.c.o[0m
[ 87%] [32mBuilding C object CMakeFiles/beginner_tutorials__rosidl_typesupport_introspection_c__pyext.dir/rosidl_generator_py/beginner_tutorials/_beginner_tutorials_s.ep.rosidl_typesupport_introspection_c.c.o[0m
[ 90%] [32m[1mLinking C shared library rosidl_generator_py/beginner_tutorials/beginner_tutorials_s__rosidl_typesupport_c.cpython-310-x86_64-linux-gnu.so[0m
[ 92%] [32m[1mLinking C shared library rosidl_generator_py/beginner_tutorials/beginner_tutorials_s__rosidl_typesupport_introspection_c.cpython-310-x86_64-linux-gnu.so[0m
[ 92%] Built target beginner_tutorials__rosidl_typesupport_c__pyext
[ 92%] Built target beginner_tutorials__rosidl_typesupport_introspection_c__pyext
[ 95%] [32mBuilding C object CMakeFiles/beginner_tutorials__rosidl_typesupport_fastrtps_c__pyext.dir/rosidl_generator_py/beginner_tutorials/_beginner_tutorials_s.ep.rosidl_typesupport_fastrtps_c.c.o[0m
[ 97%] [32m[1mLinking C shared library rosidl_generator_py/beginner_tutorials/beginner_tutorials_s__rosidl_typesupport_fastrtps_c.cpython-310-x86_64-linux-gnu.so[0m
[ 97%] Built target beginner_tutorials__rosidl_typesupport_fastrtps_c__pyext
[100%] [32m[1mLinking CXX executable beginner_tutorials_test[0m
[100%] Built target beginner_tutorials_test
-- Install configuration: ""
-- Installing: /home/sas/ros2_ws/beginner_tutorials/install/beginner_tutorials/share/ament_index/resource_index/rosidl_interfaces/beginner_tutorials
-- Up-to-date: /home/sas/ros2_ws/beginner_tutorials/install/beginner_tutorials/include/beginner_tutorials/beginner_tutorials
-- Up-to-date: /home/sas/ros2_ws/beginner_tutorials/install/beginner_tutorials/include/beginner_tutorials/beginner_tutorials/msg
-- Installing: /home/sas/ros2_ws/beginner_tutorials/install/beginner_tutorials/include/beginner_tutorials/beginner_tutorials/msg/rosidl_generator_c__visibility_control.h
-- Up-to-date: /home/sas/ros2_ws/beginner_tutorials/install/beginner_tutorials/include/beginner_tutorials/beginner_tutorials/srv
-- Up-to-date: /home/sas/ros2_ws/beginner_tutorials/install/beginner_tutorials/include/beginner_tutorials/beginner_tutorials/srv/detail
-- Installing: /home/sas/ros2_ws/beginner_tutorials/install/beginner_tutorials/include/beginner_tutorials/beginner_tutorials/srv/detail/custom_service__functions.h
-- Installing: /home/sas/ros2_ws/beginner_tutorials/install/beginner_tutorials/include/beginner_tutorials/beginner_tutorials/srv/detail/custom_service__struct.h
-- Installing: /home/sas/ros2_ws/beginner_tutorials/install/beginner_tutorials/include/beginner_tutorials/beginner_tutorials/srv/detail/custom_service__functions.c
-- Installing: /home/sas/ros2_ws/beginner_tutorials/install/beginner_tutorials/include/beginner_tutorials/beginner_tutorials/srv/detail/custom_service__type_support.h
-- Installing: /home/sas/ros2_ws/beginner_tutorials/install/beginner_tutorials/include/beginner_tutorials/beginner_tutorials/srv/custom_service.h
-- Up-to-date: /home/sas/ros2_ws/beginner_tutorials/install/beginner_tutorials/share/beginner_tutorials/environment/library_path.sh
-- Installing: /home/sas/ros2_ws/beginner_tutorials/install/beginner_tutorials/share/beginner_tutorials/environment/library_path.dsv
-- Installing: /home/sas/ros2_ws/beginner_tutorials/install/beginner_tutorials/lib/libbeginner_tutorials__rosidl_generator_c.so
-- Set runtime path of "/home/sas/ros2_ws/beginner_tutorials/install/beginner_tutorials/lib/libbeginner_tutorials__rosidl_generator_c.so" to ""
-- Up-to-date: /home/sas/ros2_ws/beginner_tutorials/install/beginner_tutorials/include/beginner_tutorials/beginner_tutorials
-- Up-to-date: /home/sas/ros2_ws/beginner_tutorials/install/beginner_tutorials/include/beginner_tutorials/beginner_tutorials/msg
-- Installing: /home/sas/ros2_ws/beginner_tutorials/install/beginner_tutorials/include/beginner_tutorials/beginner_tutorials/msg/rosidl_typesupport_fastrtps_c__visibility_control.h
-- Up-to-date: /home/sas/ros2_ws/beginner_tutorials/install/beginner_tutorials/include/beginner_tutorials/beginner_tutorials/srv
-- Up-to-date: /home/sas/ros2_ws/beginner_tutorials/install/beginner_tutorials/include/beginner_tutorials/beginner_tutorials/srv/detail
-- Installing: /home/sas/ros2_ws/beginner_tutorials/install/beginner_tutorials/include/beginner_tutorials/beginner_tutorials/srv/detail/custom_service__rosidl_typesupport_fastrtps_c.h
-- Installing: /home/sas/ros2_ws/beginner_tutorials/install/beginner_tutorials/lib/libbeginner_tutorials__rosidl_typesupport_fastrtps_c.so
-- Set runtime path of "/home/sas/ros2_ws/beginner_tutorials/install/beginner_tutorials/lib/libbeginner_tutorials__rosidl_typesupport_fastrtps_c.so" to ""
-- Up-to-date: /home/sas/ros2_ws/beginner_tutorials/install/beginner_tutorials/include/beginner_tutorials/beginner_tutorials
-- Up-to-date: /home/sas/ros2_ws/beginner_tutorials/install/beginner_tutorials/include/beginner_tutorials/beginner_tutorials/srv
-- Installing: /home/sas/ros2_ws/beginner_tutorials/install/beginner_tutorials/include/beginner_tutorials/beginner_tutorials/srv/custom_service.hpp
-- Up-to-date: /home/sas/ros2_ws/beginner_tutorials/install/beginner_tutorials/include/beginner_tutorials/beginner_tutorials/srv/detail
-- Installing: /home/sas/ros2_ws/beginner_tutorials/install/beginner_tutorials/include/beginner_tutorials/beginner_tutorials/srv/detail/custom_service__builder.hpp
-- Installing: /home/sas/ros2_ws/beginner_tutorials/install/beginner_tutorials/include/beginner_tutorials/beginner_tutorials/srv/detail/custom_service__traits.hpp
-- Installing: /home/sas/ros2_ws/beginner_tutorials/install/beginner_tutorials/include/beginner_tutorials/beginner_tutorials/srv/detail/custom_service__struct.hpp
-- Up-to-date: /home/sas/ros2_ws/beginner_tutorials/install/beginner_tutorials/include/beginner_tutorials/beginner_tutorials
-- Up-to-date: /home/sas/ros2_ws/beginner_tutorials/install/beginner_tutorials/include/beginner_tutorials/beginner_tutorials/msg
-- Installing: /home/sas/ros2_ws/beginner_tutorials/install/beginner_tutorials/include/beginner_tutorials/beginner_tutorials/msg/rosidl_typesupport_fastrtps_cpp__visibility_control.h
-- Up-to-date: /home/sas/ros2_ws/beginner_tutorials/install/beginner_tutorials/include/beginner_tutorials/beginner_tutorials/srv
-- Up-to-date: /home/sas/ros2_ws/beginner_tutorials/install/beginner_tutorials/include/beginner_tutorials/beginner_tutorials/srv/detail
-- Installing: /home/sas/ros2_ws/beginner_tutorials/install/beginner_tutorials/include/beginner_tutorials/beginner_tutorials/srv/detail/custom_service__rosidl_typesupport_fastrtps_cpp.hpp
-- Up-to-date: /home/sas/ros2_ws/beginner_tutorials/install/beginner_tutorials/include/beginner_tutorials/beginner_tutorials/srv/detail/dds_fastrtps
-- Installing: /home/sas/ros2_ws/beginner_tutorials/install/beginner_tutorials/lib/libbeginner_tutorials__rosidl_typesupport_fastrtps_cpp.so
-- Set runtime path of "/home/sas/ros2_ws/beginner_tutorials/install/beginner_tutorials/lib/libbeginner_tutorials__rosidl_typesupport_fastrtps_cpp.so" to ""
-- Up-to-date: /home/sas/ros2_ws/beginner_tutorials/install/beginner_tutorials/include/beginner_tutorials/beginner_tutorials
-- Up-to-date: /home/sas/ros2_ws/beginner_tutorials/install/beginner_tutorials/include/beginner_tutorials/beginner_tutorials/msg
-- Installing: /home/sas/ros2_ws/beginner_tutorials/install/beginner_tutorials/include/beginner_tutorials/beginner_tutorials/msg/rosidl_typesupport_introspection_c__visibility_control.h
-- Up-to-date: /home/sas/ros2_ws/beginner_tutorials/install/beginner_tutorials/include/beginner_tutorials/beginner_tutorials/srv
-- Up-to-date: /home/sas/ros2_ws/beginner_tutorials/install/beginner_tutorials/include/beginner_tutorials/beginner_tutorials/srv/detail
-- Installing: /home/sas/ros2_ws/beginner_tutorials/install/beginner_tutorials/include/beginner_tutorials/beginner_tutorials/srv/detail/custom_service__type_support.c
-- Installing: /home/sas/ros2_ws/beginner_tutorials/install/beginner_tutorials/include/beginner_tutorials/beginner_tutorials/srv/detail/custom_service__rosidl_typesupport_introspection_c.h
-- Installing: /home/sas/ros2_ws/beginner_tutorials/install/beginner_tutorials/lib/libbeginner_tutorials__rosidl_typesupport_introspection_c.so
-- Set runtime path of "/home/sas/ros2_ws/beginner_tutorials/install/beginner_tutorials/lib/libbeginner_tutorials__rosidl_typesupport_introspection_c.so" to ""
-- Installing: /home/sas/ros2_ws/beginner_tutorials/install/beginner_tutorials/lib/libbeginner_tutorials__rosidl_typesupport_c.so
-- Set runtime path of "/home/sas/ros2_ws/beginner_tutorials/install/beginner_tutorials/lib/libbeginner_tutorials__rosidl_typesupport_c.so" to ""
-- Up-to-date: /home/sas/ros2_ws/beginner_tutorials/install/beginner_tutorials/include/beginner_tutorials/beginner_tutorials
-- Up-to-date: /home/sas/ros2_ws/beginner_tutorials/install/beginner_tutorials/include/beginner_tutorials/beginner_tutorials/srv
-- Up-to-date: /home/sas/ros2_ws/beginner_tutorials/install/beginner_tutorials/include/beginner_tutorials/beginner_tutorials/srv/detail
-- Installing: /home/sas/ros2_ws/beginner_tutorials/install/beginner_tutorials/include/beginner_tutorials/beginner_tutorials/srv/detail/custom_service__rosidl_typesupport_introspection_cpp.hpp
-- Installing: /home/sas/ros2_ws/beginner_tutorials/install/beginner_tutorials/include/beginner_tutorials/beginner_tutorials/srv/detail/custom_service__type_support.cpp
-- Installing: /home/sas/ros2_ws/beginner_tutorials/install/beginner_tutorials/lib/libbeginner_tutorials__rosidl_typesupport_introspection_cpp.so
-- Set runtime path of "/home/sas/ros2_ws/beginner_tutorials/install/beginner_tutorials/lib/libbeginner_tutorials__rosidl_typesupport_introspection_cpp.so" to ""
-- Installing: /home/sas/ros2_ws/beginner_tutorials/install/beginner_tutorials/lib/libbeginner_tutorials__rosidl_typesupport_cpp.so
-- Set runtime path of "/home/sas/ros2_ws/beginner_tutorials/install/beginner_tutorials/lib/libbeginner_tutorials__rosidl_typesupport_cpp.so" to ""
-- Installing: /home/sas/ros2_ws/beginner_tutorials/install/beginner_tutorials/share/beginner_tutorials/environment/pythonpath.sh
-- Installing: /home/sas/ros2_ws/beginner_tutorials/install/beginner_tutorials/share/beginner_tutorials/environment/pythonpath.dsv
-- Up-to-date: /home/sas/ros2_ws/beginner_tutorials/install/beginner_tutorials/local/lib/python3.10/dist-packages/beginner_tutorials-0.0.0-py3.10.egg-info
-- Installing: /home/sas/ros2_ws/beginner_tutorials/install/beginner_tutorials/local/lib/python3.10/dist-packages/beginner_tutorials-0.0.0-py3.10.egg-info/SOURCES.txt
-- Installing: /home/sas/ros2_ws/beginner_tutorials/install/beginner_tutorials/local/lib/python3.10/dist-packages/beginner_tutorials-0.0.0-py3.10.egg-info/top_level.txt
-- Installing: /home/sas/ros2_ws/beginner_tutorials/install/beginner_tutorials/local/lib/python3.10/dist-packages/beginner_tutorials-0.0.0-py3.10.egg-info/dependency_links.txt
-- Installing: /home/sas/ros2_ws/beginner_tutorials/install/beginner_tutorials/local/lib/python3.10/dist-packages/beginner_tutorials-0.0.0-py3.10.egg-info/PKG-INFO
-- Up-to-date: /home/sas/ros2_ws/beginner_tutorials/install/beginner_tutorials/local/lib/python3.10/dist-packages/beginner_tutorials
-- Installing: /home/sas/ros2_ws/beginner_tutorials/install/beginner_tutorials/local/lib/python3.10/dist-packages/beginner_tutorials/_beginner_tutorials_s.ep.rosidl_typesupport_fastrtps_c.c
-- Installing: /home/sas/ros2_ws/beginner_tutorials/install/beginner_tutorials/local/lib/python3.10/dist-packages/beginner_tutorials/beginner_tutorials_s__rosidl_typesupport_fastrtps_c.cpython-310-x86_64-linux-gnu.so
-- Installing: /home/sas/ros2_ws/beginner_tutorials/install/beginner_tutorials/local/lib/python3.10/dist-packages/beginner_tutorials/beginner_tutorials_s__rosidl_typesupport_introspection_c.cpython-310-x86_64-linux-gnu.so
-- Installing: /home/sas/ros2_ws/beginner_tutorials/install/beginner_tutorials/local/lib/python3.10/dist-packages/beginner_tutorials/_beginner_tutorials_s.ep.rosidl_typesupport_introspection_c.c
-- Installing: /home/sas/ros2_ws/beginner_tutorials/install/beginner_tutorials/local/lib/python3.10/dist-packages/beginner_tutorials/__init__.py
-- Installing: /home/sas/ros2_ws/beginner_tutorials/install/beginner_tutorials/local/lib/python3.10/dist-packages/beginner_tutorials/beginner_tutorials_s__rosidl_typesupport_c.cpython-310-x86_64-linux-gnu.so
-- Installing: /home/sas/ros2_ws/beginner_tutorials/install/beginner_tutorials/local/lib/python3.10/dist-packages/beginner_tutorials/libbeginner_tutorials__rosidl_generator_py.so
-- Installing: /home/sas/ros2_ws/beginner_tutorials/install/beginner_tutorials/local/lib/python3.10/dist-packages/beginner_tutorials/_beginner_tutorials_s.ep.rosidl_typesupport_c.c
-- Up-to-date: /home/sas/ros2_ws/beginner_tutorials/install/beginner_tutorials/local/lib/python3.10/dist-packages/beginner_tutorials/srv
-- Installing: /home/sas/ros2_ws/beginner_tutorials/install/beginner_tutorials/local/lib/python3.10/dist-packages/beginner_tutorials/srv/__init__.py
-- Installing: /home/sas/ros2_ws/beginner_tutorials/install/beginner_tutorials/local/lib/python3.10/dist-packages/beginner_tutorials/srv/_custom_service.py
-- Installing: /home/sas/ros2_ws/beginner_tutorials/install/beginner_tutorials/local/lib/python3.10/dist-packages/beginner_tutorials/srv/_custom_service_s.c
Listing '/home/sas/ros2_ws/beginner_tutorials/install/beginner_tutorials/local/lib/python3.10/dist-packages/beginner_tutorials'...
Compiling '/home/sas/ros2_ws/beginner_tutorials/install/beginner_tutorials/local/lib/python3.10/dist-packages/beginner_tutorials/__init__.py'...
Listing '/home/sas/ros2_ws/beginner_tutorials/install/beginner_tutorials/local/lib/python3.10/dist-packages/beginner_tutorials/srv'...
Compiling '/home/sas/ros2_ws/beginner_tutorials/install/beginner_tutorials/local/lib/python3.10/dist-packages/beginner_tutorials/srv/__init__.py'...
Compiling '/home/sas/ros2_ws/beginner_tutorials/install/beginner_tutorials/local/lib/python3.10/dist-packages/beginner_tutorials/srv/_custom_service.py'...
-- Installing: /home/sas/ros2_ws/beginner_tutorials/install/beginner_tutorials/local/lib/python3.10/dist-packages/beginner_tutorials/beginner_tutorials_s__rosidl_typesupport_fastrtps_c.cpython-310-x86_64-linux-gnu.so
-- Set runtime path of "/home/sas/ros2_ws/beginner_tutorials/install/beginner_tutorials/local/lib/python3.10/dist-packages/beginner_tutorials/beginner_tutorials_s__rosidl_typesupport_fastrtps_c.cpython-310-x86_64-linux-gnu.so" to ""
-- Installing: /home/sas/ros2_ws/beginner_tutorials/install/beginner_tutorials/local/lib/python3.10/dist-packages/beginner_tutorials/beginner_tutorials_s__rosidl_typesupport_introspection_c.cpython-310-x86_64-linux-gnu.so
-- Set runtime path of "/home/sas/ros2_ws/beginner_tutorials/install/beginner_tutorials/local/lib/python3.10/dist-packages/beginner_tutorials/beginner_tutorials_s__rosidl_typesupport_introspection_c.cpython-310-x86_64-linux-gnu.so" to ""
-- Installing: /home/sas/ros2_ws/beginner_tutorials/install/beginner_tutorials/local/lib/python3.10/dist-packages/beginner_tutorials/beginner_tutorials_s__rosidl_typesupport_c.cpython-310-x86_64-linux-gnu.so
-- Set runtime path of "/home/sas/ros2_ws/beginner_tutorials/install/beginner_tutorials/local/lib/python3.10/dist-packages/beginner_tutorials/beginner_tutorials_s__rosidl_typesupport_c.cpython-310-x86_64-linux-gnu.so" to ""
-- Installing: /home/sas/ros2_ws/beginner_tutorials/install/beginner_tutorials/lib/libbeginner_tutorials__rosidl_generator_py.so
-- Set runtime path of "/home/sas/ros2_ws/beginner_tutorials/install/beginner_tutorials/lib/libbeginner_tutorials__rosidl_generator_py.so" to ""
-- Installing: /home/sas/ros2_ws/beginner_tutorials/install/beginner_tutorials/share/beginner_tutorials/srv/CustomService.idl
-- Up-to-date: /home/sas/ros2_ws/beginner_tutorials/install/beginner_tutorials/share/beginner_tutorials/srv/CustomService.srv
-- Installing: /home/sas/ros2_ws/beginner_tutorials/install/beginner_tutorials/share/beginner_tutorials/srv/CustomService_Request.msg
-- Installing: /home/sas/ros2_ws/beginner_tutorials/install/beginner_tutorials/share/beginner_tutorials/srv/CustomService_Response.msg
-- Installing: /home/sas/ros2_ws/beginner_tutorials/install/beginner_tutorials/lib/beginner_tutorials/talker
-- Set runtime path of "/home/sas/ros2_ws/beginner_tutorials/install/beginner_tutorials/lib/beginner_tutorials/talker" to ""
-- Installing: /home/sas/ros2_ws/beginner_tutorials/install/beginner_tutorials/lib/beginner_tutorials/listener
-- Set runtime path of "/home/sas/ros2_ws/beginner_tutorials/install/beginner_tutorials/lib/beginner_tutorials/listener" to ""
-- Up-to-date: /home/sas/ros2_ws/beginner_tutorials/install/beginner_tutorials/share/beginner_tutorials//launch
-- Up-to-date: /home/sas/ros2_ws/beginner_tutorials/install/beginner_tutorials/share/beginner_tutorials//launch/custom_launch.yaml
-- Up-to-date: /home/sas/ros2_ws/beginner_tutorials/install/beginner_tutorials/share/beginner_tutorials//launch/launch.py
-- Up-to-date: /home/sas/ros2_ws/beginner_tutorials/install/beginner_tutorials/share/beginner_tutorials//launch/bag_recorder.launch.py
-- Installing: /home/sas/ros2_ws/beginner_tutorials/install/beginner_tutorials/lib/beginner_tutorials/beginner_tutorials_test
-- Set runtime path of "/home/sas/ros2_ws/beginner_tutorials/install/beginner_tutorials/lib/beginner_tutorials/beginner_tutorials_test" to ""
-- Installing: /home/sas/ros2_ws/beginner_tutorials/install/beginner_tutorials/share/ament_index/resource_index/package_run_dependencies/beginner_tutorials
-- Installing: /home/sas/ros2_ws/beginner_tutorials/install/beginner_tutorials/share/ament_index/resource_index/parent_prefix_path/beginner_tutorials
-- Up-to-date: /home/sas/ros2_ws/beginner_tutorials/install/beginner_tutorials/share/beginner_tutorials/environment/ament_prefix_path.sh
-- Installing: /home/sas/ros2_ws/beginner_tutorials/install/beginner_tutorials/share/beginner_tutorials/environment/ament_prefix_path.dsv
-- Up-to-date: /home/sas/ros2_ws/beginner_tutorials/install/beginner_tutorials/share/beginner_tutorials/environment/path.sh
-- Installing: /home/sas/ros2_ws/beginner_tutorials/install/beginner_tutorials/share/beginner_tutorials/environment/path.dsv
-- Installing: /home/sas/ros2_ws/beginner_tutorials/install/beginner_tutorials/share/beginner_tutorials/local_setup.bash
-- Installing: /home/sas/ros2_ws/beginner_tutorials/install/beginner_tutorials/share/beginner_tutorials/local_setup.sh
-- Installing: /home/sas/ros2_ws/beginner_tutorials/install/beginner_tutorials/share/beginner_tutorials/local_setup.zsh
-- Installing: /home/sas/ros2_ws/beginner_tutorials/install/beginner_tutorials/share/beginner_tutorials/local_setup.dsv
-- Installing: /home/sas/ros2_ws/beginner_tutorials/install/beginner_tutorials/share/beginner_tutorials/package.dsv
-- Installing: /home/sas/ros2_ws/beginner_tutorials/install/beginner_tutorials/share/ament_index/resource_index/packages/beginner_tutorials
-- Installing: /home/sas/ros2_ws/beginner_tutorials/install/beginner_tutorials/share/beginner_tutorials/cmake/export_beginner_tutorials__rosidl_generator_cExport.cmake
-- Installing: /home/sas/ros2_ws/beginner_tutorials/install/beginner_tutorials/share/beginner_tutorials/cmake/export_beginner_tutorials__rosidl_generator_cExport-noconfig.cmake
-- Installing: /home/sas/ros2_ws/beginner_tutorials/install/beginner_tutorials/share/beginner_tutorials/cmake/export_beginner_tutorials__rosidl_typesupport_fastrtps_cExport.cmake
-- Installing: /home/sas/ros2_ws/beginner_tutorials/install/beginner_tutorials/share/beginner_tutorials/cmake/export_beginner_tutorials__rosidl_typesupport_fastrtps_cExport-noconfig.cmake
-- Installing: /home/sas/ros2_ws/beginner_tutorials/install/beginner_tutorials/share/beginner_tutorials/cmake/export_beginner_tutorials__rosidl_generator_cppExport.cmake
-- Installing: /home/sas/ros2_ws/beginner_tutorials/install/beginner_tutorials/share/beginner_tutorials/cmake/export_beginner_tutorials__rosidl_typesupport_fastrtps_cppExport.cmake
-- Installing: /home/sas/ros2_ws/beginner_tutorials/install/beginner_tutorials/share/beginner_tutorials/cmake/export_beginner_tutorials__rosidl_typesupport_fastrtps_cppExport-noconfig.cmake
-- Installing: /home/sas/ros2_ws/beginner_tutorials/install/beginner_tutorials/share/beginner_tutorials/cmake/beginner_tutorials__rosidl_typesupport_introspection_cExport.cmake
-- Installing: /home/sas/ros2_ws/beginner_tutorials/install/beginner_tutorials/share/beginner_tutorials/cmake/beginner_tutorials__rosidl_typesupport_introspection_cExport-noconfig.cmake
-- Installing: /home/sas/ros2_ws/beginner_tutorials/install/beginner_tutorials/share/beginner_tutorials/cmake/beginner_tutorials__rosidl_typesupport_cExport.cmake
-- Installing: /home/sas/ros2_ws/beginner_tutorials/install/beginner_tutorials/share/beginner_tutorials/cmake/beginner_tutorials__rosidl_typesupport_cExport-noconfig.cmake
-- Installing: /home/sas/ros2_ws/beginner_tutorials/install/beginner_tutorials/share/beginner_tutorials/cmake/beginner_tutorials__rosidl_typesupport_introspection_cppExport.cmake
-- Installing: /home/sas/ros2_ws/beginner_tutorials/install/beginner_tutorials/share/beginner_tutorials/cmake/beginner_tutorials__rosidl_typesupport_introspection_cppExport-noconfig.cmake
-- Installing: /home/sas/ros2_ws/beginner_tutorials/install/beginner_tutorials/share/beginner_tutorials/cmake/beginner_tutorials__rosidl_typesupport_cppExport.cmake
-- Installing: /home/sas/ros2_ws/beginner_tutorials/install/beginner_tutorials/share/beginner_tutorials/cmake/beginner_tutorials__rosidl_typesupport_cppExport-noconfig.cmake
-- Installing: /home/sas/ros2_ws/beginner_tutorials/install/beginner_tutorials/share/beginner_tutorials/cmake/export_beginner_tutorials__rosidl_generator_pyExport.cmake
-- Installing: /home/sas/ros2_ws/beginner_tutorials/install/beginner_tutorials/share/beginner_tutorials/cmake/export_beginner_tutorials__rosidl_generator_pyExport-noconfig.cmake
-- Installing: /home/sas/ros2_ws/beginner_tutorials/install/beginner_tutorials/share/beginner_tutorials/cmake/rosidl_cmake-extras.cmake
-- Installing: /home/sas/ros2_ws/beginner_tutorials/install/beginner_tutorials/share/beginner_tutorials/cmake/ament_cmake_export_include_directories-extras.cmake
-- Installing: /home/sas/ros2_ws/beginner_tutorials/install/beginner_tutorials/share/beginner_tutorials/cmake/ament_cmake_export_libraries-extras.cmake
-- Installing: /home/sas/ros2_ws/beginner_tutorials/install/beginner_tutorials/share/beginner_tutorials/cmake/ament_cmake_export_targets-extras.cmake
-- Installing: /home/sas/ros2_ws/beginner_tutorials/install/beginner_tutorials/share/beginner_tutorials/cmake/rosidl_cmake_export_typesupport_targets-extras.cmake
-- Installing: /home/sas/ros2_ws/beginner_tutorials/install/beginner_tutorials/share/beginner_tutorials/cmake/ament_cmake_export_dependencies-extras.cmake
-- Installing: /home/sas/ros2_ws/beginner_tutorials/install/beginner_tutorials/share/beginner_tutorials/cmake/rosidl_cmake_export_typesupport_libraries-extras.cmake
-- Installing: /home/sas/ros2_ws/beginner_tutorials/install/beginner_tutorials/share/beginner_tutorials/cmake/beginner_tutorialsConfig.cmake
-- Installing: /home/sas/ros2_ws/beginner_tutorials/install/beginner_tutorials/share/beginner_tutorials/cmake/beginner_tutorialsConfig-version.cmake
-- Up-to-date: /home/sas/ros2_ws/beginner_tutorials/install/beginner_tutorials/share/beginner_tutorials/package.xml
