[0.176s] Invoking command in '/home/sas/ros2_ws/beginner_tutorials/build/beginner_tutorials': CMAKE_PREFIX_PATH=${CMAKE_PREFIX_PATH}:/opt/ros/humble /usr/bin/cmake --build /home/sas/ros2_ws/beginner_tutorials/build/beginner_tutorials -- -j8 -l8
[0.338s] [  2%] Built target beginner_tutorials__cpp
[0.338s] [  9%] Built target beginner_tutorials__rosidl_generator_c
[0.423s] [ 13%] Built target listener
[0.519s] [ 13%] Built target ament_cmake_python_copy_beginner_tutorials
[0.519s] [ 18%] Built target gtest_main
[0.546s] [ 23%] Built target gtest
[0.557s] [ 30%] Built target beginner_tutorials__rosidl_typesupport_fastrtps_cpp
[0.594s] [ 37%] Built target beginner_tutorials__rosidl_typesupport_cpp
[0.611s] [ 44%] Built target beginner_tutorials__rosidl_typesupport_fastrtps_c
[0.738s] [ 51%] Built target beginner_tutorials__rosidl_typesupport_introspection_c
[0.738s] [ 55%] Built target beginner_tutorials_test
[0.763s] [ 62%] Built target beginner_tutorials__rosidl_typesupport_introspection_cpp
[0.804s] [ 69%] Built target beginner_tutorials__rosidl_typesupport_c
[0.872s] [ 69%] Built target beginner_tutorials
[1.014s] [ 72%] Built target beginner_tutorials__py
[1.058s] [ 76%] Built target talker
[1.098s] [ 81%] Built target server_client
[1.147s] [ 86%] Built target beginner_tutorials__rosidl_generator_py
[1.275s] [ 90%] Built target beginner_tutorials__rosidl_typesupport_fastrtps_c__pyext
[1.315s] [ 95%] Built target beginner_tutorials__rosidl_typesupport_introspection_c__pyext
[1.373s] [100%] Built target beginner_tutorials__rosidl_typesupport_c__pyext
[1.444s] running egg_info
[1.444s] writing beginner_tutorials.egg-info/PKG-INFO
[1.445s] writing dependency_links to beginner_tutorials.egg-info/dependency_links.txt
[1.445s] writing top-level names to beginner_tutorials.egg-info/top_level.txt
[1.453s] reading manifest file 'beginner_tutorials.egg-info/SOURCES.txt'
[1.455s] writing manifest file 'beginner_tutorials.egg-info/SOURCES.txt'
[1.524s] [100%] Built target ament_cmake_python_build_beginner_tutorials_egg
[1.567s] Invoked command in '/home/sas/ros2_ws/beginner_tutorials/build/beginner_tutorials' returned '0': CMAKE_PREFIX_PATH=${CMAKE_PREFIX_PATH}:/opt/ros/humble /usr/bin/cmake --build /home/sas/ros2_ws/beginner_tutorials/build/beginner_tutorials -- -j8 -l8
[1.924s] Invoking command in '/home/sas/ros2_ws/beginner_tutorials/build/beginner_tutorials': CMAKE_PREFIX_PATH=${CMAKE_PREFIX_PATH}:/opt/ros/humble /usr/bin/cmake --install /home/sas/ros2_ws/beginner_tutorials/build/beginner_tutorials
[1.974s] -- Install configuration: ""
[1.980s] -- Up-to-date: /home/sas/ros2_ws/beginner_tutorials/install/beginner_tutorials/share/ament_index/resource_index/rosidl_interfaces/beginner_tutorials
[1.980s] -- Up-to-date: /home/sas/ros2_ws/beginner_tutorials/install/beginner_tutorials/include/beginner_tutorials/beginner_tutorials
[1.980s] -- Up-to-date: /home/sas/ros2_ws/beginner_tutorials/install/beginner_tutorials/include/beginner_tutorials/beginner_tutorials/msg
[1.980s] -- Up-to-date: /home/sas/ros2_ws/beginner_tutorials/install/beginner_tutorials/include/beginner_tutorials/beginner_tutorials/msg/rosidl_generator_c__visibility_control.h
[1.981s] -- Up-to-date: /home/sas/ros2_ws/beginner_tutorials/install/beginner_tutorials/include/beginner_tutorials/beginner_tutorials/srv
[1.981s] -- Up-to-date: /home/sas/ros2_ws/beginner_tutorials/install/beginner_tutorials/include/beginner_tutorials/beginner_tutorials/srv/change_string.h
[1.981s] -- Up-to-date: /home/sas/ros2_ws/beginner_tutorials/install/beginner_tutorials/include/beginner_tutorials/beginner_tutorials/srv/detail
[1.981s] -- Up-to-date: /home/sas/ros2_ws/beginner_tutorials/install/beginner_tutorials/include/beginner_tutorials/beginner_tutorials/srv/detail/custom_service__functions.h
[1.982s] -- Up-to-date: /home/sas/ros2_ws/beginner_tutorials/install/beginner_tutorials/include/beginner_tutorials/beginner_tutorials/srv/detail/change_string__functions.h
[1.982s] -- Up-to-date: /home/sas/ros2_ws/beginner_tutorials/install/beginner_tutorials/include/beginner_tutorials/beginner_tutorials/srv/detail/custom_service__struct.h
[1.982s] -- Up-to-date: /home/sas/ros2_ws/beginner_tutorials/install/beginner_tutorials/include/beginner_tutorials/beginner_tutorials/srv/detail/new_service__functions.h
[1.983s] -- Up-to-date: /home/sas/ros2_ws/beginner_tutorials/install/beginner_tutorials/include/beginner_tutorials/beginner_tutorials/srv/detail/change_string__type_support.h
[1.983s] -- Up-to-date: /home/sas/ros2_ws/beginner_tutorials/install/beginner_tutorials/include/beginner_tutorials/beginner_tutorials/srv/detail/custom_service__functions.c
[1.983s] -- Up-to-date: /home/sas/ros2_ws/beginner_tutorials/install/beginner_tutorials/include/beginner_tutorials/beginner_tutorials/srv/detail/new_service__type_support.h
[1.984s] -- Up-to-date: /home/sas/ros2_ws/beginner_tutorials/install/beginner_tutorials/include/beginner_tutorials/beginner_tutorials/srv/detail/new_service__struct.h
[1.984s] -- Up-to-date: /home/sas/ros2_ws/beginner_tutorials/install/beginner_tutorials/include/beginner_tutorials/beginner_tutorials/srv/detail/change_string__functions.c
[1.984s] -- Up-to-date: /home/sas/ros2_ws/beginner_tutorials/install/beginner_tutorials/include/beginner_tutorials/beginner_tutorials/srv/detail/new_service__functions.c
[1.984s] -- Up-to-date: /home/sas/ros2_ws/beginner_tutorials/install/beginner_tutorials/include/beginner_tutorials/beginner_tutorials/srv/detail/custom_service__type_support.h
[1.984s] -- Up-to-date: /home/sas/ros2_ws/beginner_tutorials/install/beginner_tutorials/include/beginner_tutorials/beginner_tutorials/srv/detail/change_string__struct.h
[1.985s] -- Up-to-date: /home/sas/ros2_ws/beginner_tutorials/install/beginner_tutorials/include/beginner_tutorials/beginner_tutorials/srv/new_service.h
[1.985s] -- Up-to-date: /home/sas/ros2_ws/beginner_tutorials/install/beginner_tutorials/include/beginner_tutorials/beginner_tutorials/srv/custom_service.h
[1.985s] -- Up-to-date: /home/sas/ros2_ws/beginner_tutorials/install/beginner_tutorials/share/beginner_tutorials/environment/library_path.sh
[1.985s] -- Up-to-date: /home/sas/ros2_ws/beginner_tutorials/install/beginner_tutorials/share/beginner_tutorials/environment/library_path.dsv
[1.985s] -- Up-to-date: /home/sas/ros2_ws/beginner_tutorials/install/beginner_tutorials/lib/libbeginner_tutorials__rosidl_generator_c.so
[1.992s] -- Up-to-date: /home/sas/ros2_ws/beginner_tutorials/install/beginner_tutorials/include/beginner_tutorials/beginner_tutorials
[1.992s] -- Up-to-date: /home/sas/ros2_ws/beginner_tutorials/install/beginner_tutorials/include/beginner_tutorials/beginner_tutorials/msg
[1.992s] -- Up-to-date: /home/sas/ros2_ws/beginner_tutorials/install/beginner_tutorials/include/beginner_tutorials/beginner_tutorials/msg/rosidl_typesupport_fastrtps_c__visibility_control.h
[1.993s] -- Up-to-date: /home/sas/ros2_ws/beginner_tutorials/install/beginner_tutorials/include/beginner_tutorials/beginner_tutorials/srv
[1.993s] -- Up-to-date: /home/sas/ros2_ws/beginner_tutorials/install/beginner_tutorials/include/beginner_tutorials/beginner_tutorials/srv/detail
[1.993s] -- Up-to-date: /home/sas/ros2_ws/beginner_tutorials/install/beginner_tutorials/include/beginner_tutorials/beginner_tutorials/srv/detail/custom_service__rosidl_typesupport_fastrtps_c.h
[1.993s] -- Up-to-date: /home/sas/ros2_ws/beginner_tutorials/install/beginner_tutorials/include/beginner_tutorials/beginner_tutorials/srv/detail/change_string__rosidl_typesupport_fastrtps_c.h
[1.993s] -- Up-to-date: /home/sas/ros2_ws/beginner_tutorials/install/beginner_tutorials/include/beginner_tutorials/beginner_tutorials/srv/detail/new_service__rosidl_typesupport_fastrtps_c.h
[1.994s] -- Up-to-date: /home/sas/ros2_ws/beginner_tutorials/install/beginner_tutorials/lib/libbeginner_tutorials__rosidl_typesupport_fastrtps_c.so
[1.994s] -- Up-to-date: /home/sas/ros2_ws/beginner_tutorials/install/beginner_tutorials/include/beginner_tutorials/beginner_tutorials
[1.995s] -- Up-to-date: /home/sas/ros2_ws/beginner_tutorials/install/beginner_tutorials/include/beginner_tutorials/beginner_tutorials/srv
[1.995s] -- Up-to-date: /home/sas/ros2_ws/beginner_tutorials/install/beginner_tutorials/include/beginner_tutorials/beginner_tutorials/srv/custom_service.hpp
[1.995s] -- Up-to-date: /home/sas/ros2_ws/beginner_tutorials/install/beginner_tutorials/include/beginner_tutorials/beginner_tutorials/srv/detail
[1.995s] -- Up-to-date: /home/sas/ros2_ws/beginner_tutorials/install/beginner_tutorials/include/beginner_tutorials/beginner_tutorials/srv/detail/new_service__traits.hpp
[1.995s] -- Up-to-date: /home/sas/ros2_ws/beginner_tutorials/install/beginner_tutorials/include/beginner_tutorials/beginner_tutorials/srv/detail/change_string__traits.hpp
[1.996s] -- Up-to-date: /home/sas/ros2_ws/beginner_tutorials/install/beginner_tutorials/include/beginner_tutorials/beginner_tutorials/srv/detail/custom_service__builder.hpp
[1.996s] -- Up-to-date: /home/sas/ros2_ws/beginner_tutorials/install/beginner_tutorials/include/beginner_tutorials/beginner_tutorials/srv/detail/change_string__builder.hpp
[1.996s] -- Up-to-date: /home/sas/ros2_ws/beginner_tutorials/install/beginner_tutorials/include/beginner_tutorials/beginner_tutorials/srv/detail/new_service__builder.hpp
[1.996s] -- Up-to-date: /home/sas/ros2_ws/beginner_tutorials/install/beginner_tutorials/include/beginner_tutorials/beginner_tutorials/srv/detail/change_string__struct.hpp
[1.996s] -- Up-to-date: /home/sas/ros2_ws/beginner_tutorials/install/beginner_tutorials/include/beginner_tutorials/beginner_tutorials/srv/detail/new_service__struct.hpp
[1.996s] -- Up-to-date: /home/sas/ros2_ws/beginner_tutorials/install/beginner_tutorials/include/beginner_tutorials/beginner_tutorials/srv/detail/custom_service__traits.hpp
[1.997s] -- Up-to-date: /home/sas/ros2_ws/beginner_tutorials/install/beginner_tutorials/include/beginner_tutorials/beginner_tutorials/srv/detail/custom_service__struct.hpp
[1.997s] -- Up-to-date: /home/sas/ros2_ws/beginner_tutorials/install/beginner_tutorials/include/beginner_tutorials/beginner_tutorials/srv/new_service.hpp
[1.997s] -- Up-to-date: /home/sas/ros2_ws/beginner_tutorials/install/beginner_tutorials/include/beginner_tutorials/beginner_tutorials/srv/change_string.hpp
[1.997s] -- Up-to-date: /home/sas/ros2_ws/beginner_tutorials/install/beginner_tutorials/include/beginner_tutorials/beginner_tutorials
[1.998s] -- Up-to-date: /home/sas/ros2_ws/beginner_tutorials/install/beginner_tutorials/include/beginner_tutorials/beginner_tutorials/msg
[1.998s] -- Up-to-date: /home/sas/ros2_ws/beginner_tutorials/install/beginner_tutorials/include/beginner_tutorials/beginner_tutorials/msg/rosidl_typesupport_fastrtps_cpp__visibility_control.h
[1.998s] -- Up-to-date: /home/sas/ros2_ws/beginner_tutorials/install/beginner_tutorials/include/beginner_tutorials/beginner_tutorials/srv
[1.998s] -- Up-to-date: /home/sas/ros2_ws/beginner_tutorials/install/beginner_tutorials/include/beginner_tutorials/beginner_tutorials/srv/detail
[1.998s] -- Up-to-date: /home/sas/ros2_ws/beginner_tutorials/install/beginner_tutorials/include/beginner_tutorials/beginner_tutorials/srv/detail/custom_service__rosidl_typesupport_fastrtps_cpp.hpp
[1.998s] -- Up-to-date: /home/sas/ros2_ws/beginner_tutorials/install/beginner_tutorials/include/beginner_tutorials/beginner_tutorials/srv/detail/new_service__rosidl_typesupport_fastrtps_cpp.hpp
[1.999s] -- Up-to-date: /home/sas/ros2_ws/beginner_tutorials/install/beginner_tutorials/include/beginner_tutorials/beginner_tutorials/srv/detail/change_string__rosidl_typesupport_fastrtps_cpp.hpp
[1.999s] -- Up-to-date: /home/sas/ros2_ws/beginner_tutorials/install/beginner_tutorials/include/beginner_tutorials/beginner_tutorials/srv/detail/dds_fastrtps
[1.999s] -- Up-to-date: /home/sas/ros2_ws/beginner_tutorials/install/beginner_tutorials/lib/libbeginner_tutorials__rosidl_typesupport_fastrtps_cpp.so
[1.999s] -- Up-to-date: /home/sas/ros2_ws/beginner_tutorials/install/beginner_tutorials/include/beginner_tutorials/beginner_tutorials
[1.999s] -- Up-to-date: /home/sas/ros2_ws/beginner_tutorials/install/beginner_tutorials/include/beginner_tutorials/beginner_tutorials/msg
[1.999s] -- Up-to-date: /home/sas/ros2_ws/beginner_tutorials/install/beginner_tutorials/include/beginner_tutorials/beginner_tutorials/msg/rosidl_typesupport_introspection_c__visibility_control.h
[2.001s] -- Up-to-date: /home/sas/ros2_ws/beginner_tutorials/install/beginner_tutorials/include/beginner_tutorials/beginner_tutorials/srv
[2.002s] -- Up-to-date: /home/sas/ros2_ws/beginner_tutorials/install/beginner_tutorials/include/beginner_tutorials/beginner_tutorials/srv/detail
[2.002s] -- Up-to-date: /home/sas/ros2_ws/beginner_tutorials/install/beginner_tutorials/include/beginner_tutorials/beginner_tutorials/srv/detail/change_string__type_support.c
[2.002s] -- Up-to-date: /home/sas/ros2_ws/beginner_tutorials/install/beginner_tutorials/include/beginner_tutorials/beginner_tutorials/srv/detail/new_service__type_support.c
[2.002s] -- Up-to-date: /home/sas/ros2_ws/beginner_tutorials/install/beginner_tutorials/include/beginner_tutorials/beginner_tutorials/srv/detail/change_string__rosidl_typesupport_introspection_c.h
[2.002s] -- Up-to-date: /home/sas/ros2_ws/beginner_tutorials/install/beginner_tutorials/include/beginner_tutorials/beginner_tutorials/srv/detail/new_service__rosidl_typesupport_introspection_c.h
[2.003s] -- Up-to-date: /home/sas/ros2_ws/beginner_tutorials/install/beginner_tutorials/include/beginner_tutorials/beginner_tutorials/srv/detail/custom_service__type_support.c
[2.003s] -- Up-to-date: /home/sas/ros2_ws/beginner_tutorials/install/beginner_tutorials/include/beginner_tutorials/beginner_tutorials/srv/detail/custom_service__rosidl_typesupport_introspection_c.h
[2.003s] -- Up-to-date: /home/sas/ros2_ws/beginner_tutorials/install/beginner_tutorials/lib/libbeginner_tutorials__rosidl_typesupport_introspection_c.so
[2.003s] -- Up-to-date: /home/sas/ros2_ws/beginner_tutorials/install/beginner_tutorials/lib/libbeginner_tutorials__rosidl_typesupport_c.so
[2.004s] -- Up-to-date: /home/sas/ros2_ws/beginner_tutorials/install/beginner_tutorials/include/beginner_tutorials/beginner_tutorials
[2.004s] -- Up-to-date: /home/sas/ros2_ws/beginner_tutorials/install/beginner_tutorials/include/beginner_tutorials/beginner_tutorials/srv
[2.004s] -- Up-to-date: /home/sas/ros2_ws/beginner_tutorials/install/beginner_tutorials/include/beginner_tutorials/beginner_tutorials/srv/detail
[2.004s] -- Up-to-date: /home/sas/ros2_ws/beginner_tutorials/install/beginner_tutorials/include/beginner_tutorials/beginner_tutorials/srv/detail/custom_service__rosidl_typesupport_introspection_cpp.hpp
[2.004s] -- Up-to-date: /home/sas/ros2_ws/beginner_tutorials/install/beginner_tutorials/include/beginner_tutorials/beginner_tutorials/srv/detail/change_string__type_support.cpp
[2.009s] -- Up-to-date: /home/sas/ros2_ws/beginner_tutorials/install/beginner_tutorials/include/beginner_tutorials/beginner_tutorials/srv/detail/change_string__rosidl_typesupport_introspection_cpp.hpp
[2.010s] -- Up-to-date: /home/sas/ros2_ws/beginner_tutorials/install/beginner_tutorials/include/beginner_tutorials/beginner_tutorials/srv/detail/custom_service__type_support.cpp
[2.010s] -- Up-to-date: /home/sas/ros2_ws/beginner_tutorials/install/beginner_tutorials/include/beginner_tutorials/beginner_tutorials/srv/detail/new_service__type_support.cpp
[2.010s] -- Up-to-date: /home/sas/ros2_ws/beginner_tutorials/install/beginner_tutorials/include/beginner_tutorials/beginner_tutorials/srv/detail/new_service__rosidl_typesupport_introspection_cpp.hpp
[2.010s] -- Up-to-date: /home/sas/ros2_ws/beginner_tutorials/install/beginner_tutorials/lib/libbeginner_tutorials__rosidl_typesupport_introspection_cpp.so
[2.010s] -- Up-to-date: /home/sas/ros2_ws/beginner_tutorials/install/beginner_tutorials/lib/libbeginner_tutorials__rosidl_typesupport_cpp.so
[2.010s] -- Up-to-date: /home/sas/ros2_ws/beginner_tutorials/install/beginner_tutorials/share/beginner_tutorials/environment/pythonpath.sh
[2.011s] -- Up-to-date: /home/sas/ros2_ws/beginner_tutorials/install/beginner_tutorials/share/beginner_tutorials/environment/pythonpath.dsv
[2.011s] -- Up-to-date: /home/sas/ros2_ws/beginner_tutorials/install/beginner_tutorials/local/lib/python3.10/dist-packages/beginner_tutorials-0.0.0-py3.10.egg-info
[2.011s] -- Installing: /home/sas/ros2_ws/beginner_tutorials/install/beginner_tutorials/local/lib/python3.10/dist-packages/beginner_tutorials-0.0.0-py3.10.egg-info/SOURCES.txt
[2.011s] -- Installing: /home/sas/ros2_ws/beginner_tutorials/install/beginner_tutorials/local/lib/python3.10/dist-packages/beginner_tutorials-0.0.0-py3.10.egg-info/top_level.txt
[2.011s] -- Installing: /home/sas/ros2_ws/beginner_tutorials/install/beginner_tutorials/local/lib/python3.10/dist-packages/beginner_tutorials-0.0.0-py3.10.egg-info/dependency_links.txt
[2.012s] -- Installing: /home/sas/ros2_ws/beginner_tutorials/install/beginner_tutorials/local/lib/python3.10/dist-packages/beginner_tutorials-0.0.0-py3.10.egg-info/PKG-INFO
[2.012s] -- Up-to-date: /home/sas/ros2_ws/beginner_tutorials/install/beginner_tutorials/local/lib/python3.10/dist-packages/beginner_tutorials
[2.012s] -- Up-to-date: /home/sas/ros2_ws/beginner_tutorials/install/beginner_tutorials/local/lib/python3.10/dist-packages/beginner_tutorials/_beginner_tutorials_s.ep.rosidl_typesupport_fastrtps_c.c
[2.012s] -- Up-to-date: /home/sas/ros2_ws/beginner_tutorials/install/beginner_tutorials/local/lib/python3.10/dist-packages/beginner_tutorials/beginner_tutorials_s__rosidl_typesupport_fastrtps_c.cpython-310-x86_64-linux-gnu.so
[2.012s] -- Up-to-date: /home/sas/ros2_ws/beginner_tutorials/install/beginner_tutorials/local/lib/python3.10/dist-packages/beginner_tutorials/beginner_tutorials_s__rosidl_typesupport_introspection_c.cpython-310-x86_64-linux-gnu.so
[2.012s] -- Up-to-date: /home/sas/ros2_ws/beginner_tutorials/install/beginner_tutorials/local/lib/python3.10/dist-packages/beginner_tutorials/_beginner_tutorials_s.ep.rosidl_typesupport_introspection_c.c
[2.013s] -- Up-to-date: /home/sas/ros2_ws/beginner_tutorials/install/beginner_tutorials/local/lib/python3.10/dist-packages/beginner_tutorials/__init__.py
[2.013s] -- Up-to-date: /home/sas/ros2_ws/beginner_tutorials/install/beginner_tutorials/local/lib/python3.10/dist-packages/beginner_tutorials/beginner_tutorials_s__rosidl_typesupport_c.cpython-310-x86_64-linux-gnu.so
[2.013s] -- Up-to-date: /home/sas/ros2_ws/beginner_tutorials/install/beginner_tutorials/local/lib/python3.10/dist-packages/beginner_tutorials/libbeginner_tutorials__rosidl_generator_py.so
[2.013s] -- Up-to-date: /home/sas/ros2_ws/beginner_tutorials/install/beginner_tutorials/local/lib/python3.10/dist-packages/beginner_tutorials/_beginner_tutorials_s.ep.rosidl_typesupport_c.c
[2.013s] -- Up-to-date: /home/sas/ros2_ws/beginner_tutorials/install/beginner_tutorials/local/lib/python3.10/dist-packages/beginner_tutorials/srv
[2.013s] -- Up-to-date: /home/sas/ros2_ws/beginner_tutorials/install/beginner_tutorials/local/lib/python3.10/dist-packages/beginner_tutorials/srv/_change_string_s.c
[2.013s] -- Up-to-date: /home/sas/ros2_ws/beginner_tutorials/install/beginner_tutorials/local/lib/python3.10/dist-packages/beginner_tutorials/srv/__init__.py
[2.014s] -- Up-to-date: /home/sas/ros2_ws/beginner_tutorials/install/beginner_tutorials/local/lib/python3.10/dist-packages/beginner_tutorials/srv/_new_service.py
[2.014s] -- Up-to-date: /home/sas/ros2_ws/beginner_tutorials/install/beginner_tutorials/local/lib/python3.10/dist-packages/beginner_tutorials/srv/_custom_service.py
[2.014s] -- Up-to-date: /home/sas/ros2_ws/beginner_tutorials/install/beginner_tutorials/local/lib/python3.10/dist-packages/beginner_tutorials/srv/_custom_service_s.c
[2.014s] -- Up-to-date: /home/sas/ros2_ws/beginner_tutorials/install/beginner_tutorials/local/lib/python3.10/dist-packages/beginner_tutorials/srv/_new_service_s.c
[2.014s] -- Up-to-date: /home/sas/ros2_ws/beginner_tutorials/install/beginner_tutorials/local/lib/python3.10/dist-packages/beginner_tutorials/srv/_change_string.py
[2.086s] Listing '/home/sas/ros2_ws/beginner_tutorials/install/beginner_tutorials/local/lib/python3.10/dist-packages/beginner_tutorials'...
[2.089s] Listing '/home/sas/ros2_ws/beginner_tutorials/install/beginner_tutorials/local/lib/python3.10/dist-packages/beginner_tutorials/srv'...
[2.089s] -- Up-to-date: /home/sas/ros2_ws/beginner_tutorials/install/beginner_tutorials/local/lib/python3.10/dist-packages/beginner_tutorials/beginner_tutorials_s__rosidl_typesupport_fastrtps_c.cpython-310-x86_64-linux-gnu.so
[2.097s] -- Up-to-date: /home/sas/ros2_ws/beginner_tutorials/install/beginner_tutorials/local/lib/python3.10/dist-packages/beginner_tutorials/beginner_tutorials_s__rosidl_typesupport_introspection_c.cpython-310-x86_64-linux-gnu.so
[2.108s] -- Up-to-date: /home/sas/ros2_ws/beginner_tutorials/install/beginner_tutorials/local/lib/python3.10/dist-packages/beginner_tutorials/beginner_tutorials_s__rosidl_typesupport_c.cpython-310-x86_64-linux-gnu.so
[2.109s] -- Up-to-date: /home/sas/ros2_ws/beginner_tutorials/install/beginner_tutorials/lib/libbeginner_tutorials__rosidl_generator_py.so
[2.109s] -- Up-to-date: /home/sas/ros2_ws/beginner_tutorials/install/beginner_tutorials/share/beginner_tutorials/srv/ChangeString.idl
[2.109s] -- Up-to-date: /home/sas/ros2_ws/beginner_tutorials/install/beginner_tutorials/share/beginner_tutorials/srv/ChangeString.srv
[2.109s] -- Up-to-date: /home/sas/ros2_ws/beginner_tutorials/install/beginner_tutorials/share/beginner_tutorials/srv/ChangeString_Request.msg
[2.109s] -- Up-to-date: /home/sas/ros2_ws/beginner_tutorials/install/beginner_tutorials/share/beginner_tutorials/srv/ChangeString_Response.msg
[2.110s] -- Up-to-date: /home/sas/ros2_ws/beginner_tutorials/install/beginner_tutorials/lib/beginner_tutorials/talker
[2.110s] -- Up-to-date: /home/sas/ros2_ws/beginner_tutorials/install/beginner_tutorials/lib/beginner_tutorials/listener
[2.110s] -- Up-to-date: /home/sas/ros2_ws/beginner_tutorials/install/beginner_tutorials/lib/beginner_tutorials/server_client
[2.110s] -- Up-to-date: /home/sas/ros2_ws/beginner_tutorials/install/beginner_tutorials/share/beginner_tutorials/launch
[2.110s] -- Up-to-date: /home/sas/ros2_ws/beginner_tutorials/install/beginner_tutorials/share/beginner_tutorials/launch/custom_launch.yaml
[2.111s] -- Up-to-date: /home/sas/ros2_ws/beginner_tutorials/install/beginner_tutorials/share/beginner_tutorials/launch/launch.py
[2.111s] -- Up-to-date: /home/sas/ros2_ws/beginner_tutorials/install/beginner_tutorials/share/beginner_tutorials/launch/bag_recorder.launch.py
[2.111s] -- Up-to-date: /home/sas/ros2_ws/beginner_tutorials/install/beginner_tutorials/lib/beginner_tutorials/beginner_tutorials_test
[2.122s] Invoked command in '/home/sas/ros2_ws/beginner_tutorials/build/beginner_tutorials' returned '0': CMAKE_PREFIX_PATH=${CMAKE_PREFIX_PATH}:/opt/ros/humble /usr/bin/cmake --install /home/sas/ros2_ws/beginner_tutorials/build/beginner_tutorials
