[  2%] Built target beginner_tutorials__cpp
[ 10%] Built target beginner_tutorials__rosidl_generator_c
[ 16%] Built target listener
[ 16%] Built target ament_cmake_python_copy_beginner_tutorials
[ 24%] Built target beginner_tutorials__rosidl_typesupport_fastrtps_cpp
[ 32%] Built target beginner_tutorials__rosidl_typesupport_cpp
[ 40%] Built target beginner_tutorials__rosidl_typesupport_introspection_cpp
[ 48%] Built target beginner_tutorials__rosidl_typesupport_fastrtps_c
[ 56%] Built target beginner_tutorials__rosidl_typesupport_introspection_c
[ 64%] Built target beginner_tutorials__rosidl_typesupport_c
[ 64%] Built target beginner_tutorials
[35m[1mConsolidate compiler generated dependencies of target talker[0m
[ 67%] Built target beginner_tutorials__py
[ 72%] Built target server_client
[ 75%] [32mBuilding CXX object CMakeFiles/talker.dir/src/publisher.cpp.o[0m
[ 81%] Built target beginner_tutorials__rosidl_generator_py
[ 86%] Built target beginner_tutorials__rosidl_typesupport_fastrtps_c__pyext
[ 91%] Built target beginner_tutorials__rosidl_typesupport_c__pyext
[ 97%] Built target beginner_tutorials__rosidl_typesupport_introspection_c__pyext
running egg_info
writing beginner_tutorials.egg-info/PKG-INFO
writing dependency_links to beginner_tutorials.egg-info/dependency_links.txt
writing top-level names to beginner_tutorials.egg-info/top_level.txt
reading manifest file 'beginner_tutorials.egg-info/SOURCES.txt'
writing manifest file 'beginner_tutorials.egg-info/SOURCES.txt'
[ 97%] Built target ament_cmake_python_build_beginner_tutorials_egg
