[0.105s] Invoking command in '/home/sas/ros2_ws/beginner_tutorials/build/beginner_tutorials': CMAKE_PREFIX_PATH=/opt/ros/humble /usr/bin/cmake --build /home/sas/ros2_ws/beginner_tutorials/build/beginner_tutorials -- -j8 -l8
[0.216s] [  2%] Built target beginner_tutorials__cpp
[0.249s] [ 10%] Built target beginner_tutorials__rosidl_generator_c
[0.261s] [ 16%] Built target listener
[0.269s] [ 16%] Built target ament_cmake_python_copy_beginner_tutorials
[0.277s] [ 24%] Built target beginner_tutorials__rosidl_typesupport_fastrtps_cpp
[0.289s] [ 32%] Built target beginner_tutorials__rosidl_typesupport_cpp
[0.294s] [ 40%] Built target beginner_tutorials__rosidl_typesupport_introspection_cpp
[0.304s] [ 48%] Built target beginner_tutorials__rosidl_typesupport_fastrtps_c
[0.314s] [ 56%] Built target beginner_tutorials__rosidl_typesupport_introspection_c
[0.324s] [ 64%] Built target beginner_tutorials__rosidl_typesupport_c
[0.366s] [ 64%] Built target beginner_tutorials
[0.395s] [35m[1mConsolidate compiler generated dependencies of target talker[0m
[0.421s] [ 67%] Built target beginner_tutorials__py
[0.423s] [ 72%] Built target server_client
[0.441s] [ 75%] [32mBuilding CXX object CMakeFiles/talker.dir/src/publisher.cpp.o[0m
[0.471s] [ 81%] Built target beginner_tutorials__rosidl_generator_py
[0.520s] [ 86%] Built target beginner_tutorials__rosidl_typesupport_fastrtps_c__pyext
[0.521s] [ 91%] Built target beginner_tutorials__rosidl_typesupport_c__pyext
[0.524s] [ 97%] Built target beginner_tutorials__rosidl_typesupport_introspection_c__pyext
[0.617s] [01m[K/home/sas/ros2_ws/beginner_tutorials/src/publisher.cpp:8:10:[m[K [01;31m[Kfatal error: [m[Kgeometry_msgs/msg/transform_stamped.hpp: No such file or directory
[0.618s]     8 | #include [01;31m[K"geometry_msgs/msg/transform_stamped.hpp"[m[K
[0.618s]       |          [01;31m[K^~~~~~~~~~~~~~~~~~~~~~~~~~~~~~~~~~~~~~~~~[m[K
[0.618s] compilation terminated.
[0.622s] gmake[2]: *** [CMakeFiles/talker.dir/build.make:76: CMakeFiles/talker.dir/src/publisher.cpp.o] Error 1
[0.622s] gmake[1]: *** [CMakeFiles/Makefile2:598: CMakeFiles/talker.dir/all] Error 2
[0.622s] gmake[1]: *** Waiting for unfinished jobs....
[0.826s] running egg_info
[0.827s] writing beginner_tutorials.egg-info/PKG-INFO
[0.828s] writing dependency_links to beginner_tutorials.egg-info/dependency_links.txt
[0.829s] writing top-level names to beginner_tutorials.egg-info/top_level.txt
[0.834s] reading manifest file 'beginner_tutorials.egg-info/SOURCES.txt'
[0.835s] writing manifest file 'beginner_tutorials.egg-info/SOURCES.txt'
[0.888s] [ 97%] Built target ament_cmake_python_build_beginner_tutorials_egg
[0.890s] gmake: *** [Makefile:146: all] Error 2
[0.895s] Invoked command in '/home/sas/ros2_ws/beginner_tutorials/build/beginner_tutorials' returned '2': CMAKE_PREFIX_PATH=/opt/ros/humble /usr/bin/cmake --build /home/sas/ros2_ws/beginner_tutorials/build/beginner_tutorials -- -j8 -l8
