[0.180s] Invoking command in '/home/sas/ros2_ws/src/beginner_tutorials/build/beginner_tutorials': CMAKE_PREFIX_PATH=/opt/ros/humble /usr/bin/cmake /home/sas/ros2_ws/src/beginner_tutorials -DCMAKE_INSTALL_PREFIX=/home/sas/ros2_ws/src/beginner_tutorials/install/beginner_tutorials
[0.337s] -- The C compiler identification is GNU 11.4.0
[0.491s] -- The CXX compiler identification is GNU 11.4.0
[0.509s] -- Detecting C compiler ABI info
[0.785s] -- Detecting C compiler ABI info - done
[0.849s] -- Check for working C compiler: /usr/bin/cc - skipped
[0.850s] -- Detecting C compile features
[0.850s] -- Detecting C compile features - done
[0.855s] -- Detecting CXX compiler ABI info
[1.120s] -- Detecting CXX compiler ABI info - done
[1.144s] -- Check for working CXX compiler: /usr/bin/c++ - skipped
[1.145s] -- Detecting CXX compile features
[1.145s] -- Detecting CXX compile features - done
[1.145s] -- Found ament_cmake: 1.3.5 (/opt/ros/humble/share/ament_cmake/cmake)
[1.660s] -- Found Python3: /usr/bin/python3.10 (found version "3.10.12") found components: Interpreter 
[1.926s] -- Found rclcpp: 16.0.6 (/opt/ros/humble/share/rclcpp/cmake)
[2.084s] -- Found rosidl_generator_c: 3.1.5 (/opt/ros/humble/share/rosidl_generator_c/cmake)
[2.085s] -- Found rosidl_adapter: 3.1.5 (/opt/ros/humble/share/rosidl_adapter/cmake)
[2.098s] -- Found rosidl_generator_cpp: 3.1.5 (/opt/ros/humble/share/rosidl_generator_cpp/cmake)
[2.144s] -- Using all available rosidl_typesupport_c: rosidl_typesupport_fastrtps_c;rosidl_typesupport_introspection_c
[2.211s] -- Using all available rosidl_typesupport_cpp: rosidl_typesupport_fastrtps_cpp;rosidl_typesupport_introspection_cpp
[2.475s] -- Found rmw_implementation_cmake: 6.1.1 (/opt/ros/humble/share/rmw_implementation_cmake/cmake)
[2.477s] -- Found rmw_fastrtps_cpp: 6.2.4 (/opt/ros/humble/share/rmw_fastrtps_cpp/cmake)
[2.857s] -- Found OpenSSL: /usr/lib/x86_64-linux-gnu/libcrypto.so (found version "3.0.2")  
[2.935s] -- Found FastRTPS: /opt/ros/humble/include  
[3.088s] -- Using RMW implementation 'rmw_fastrtps_cpp' as default
[3.119s] -- Looking for pthread.h
[3.268s] -- Looking for pthread.h - found
[3.269s] -- Performing Test CMAKE_HAVE_LIBC_PTHREAD
[3.521s] -- Performing Test CMAKE_HAVE_LIBC_PTHREAD - Success
[3.524s] -- Found Threads: TRUE  
[3.976s] -- Found rosidl_default_generators: 1.2.0 (/opt/ros/humble/share/rosidl_default_generators/cmake)
[4.606s] [31mCMake Error at /opt/ros/humble/share/rosidl_cmake/cmake/rosidl_generate_interfaces.cmake:229 (message):
[4.606s]   Packages installing interfaces must include
[4.606s]   '<member_of_group>rosidl_interface_packages</member_of_group>' in their
[4.606s]   package.xml
[4.606s] Call Stack (most recent call first):
[4.607s]   CMakeLists.txt:19 (rosidl_generate_interfaces)
[4.607s] 
[4.607s] [0m
[4.616s] -- Configuring incomplete, errors occurred!
[4.617s] See also "/home/sas/ros2_ws/src/beginner_tutorials/build/beginner_tutorials/CMakeFiles/CMakeOutput.log".
[4.633s] Invoked command in '/home/sas/ros2_ws/src/beginner_tutorials/build/beginner_tutorials' returned '1': CMAKE_PREFIX_PATH=/opt/ros/humble /usr/bin/cmake /home/sas/ros2_ws/src/beginner_tutorials -DCMAKE_INSTALL_PREFIX=/home/sas/ros2_ws/src/beginner_tutorials/install/beginner_tutorials
