[2.724s] DEBUG:colcon:Command line arguments: ['/usr/bin/colcon', 'build', '--packages-select', 'beginner_tutorials']
[2.724s] DEBUG:colcon:Parsed command line arguments: Namespace(log_base=None, log_level=None, verb_name='build', build_base='build', install_base='install', merge_install=False, symlink_install=False, test_result_base=None, continue_on_error=False, executor='parallel', parallel_workers=8, event_handlers=None, ignore_user_meta=False, metas=['./colcon.meta'], base_paths=['.'], packages_ignore=None, packages_ignore_regex=None, paths=None, packages_up_to=None, packages_up_to_regex=None, packages_above=None, packages_above_and_dependencies=None, packages_above_depth=None, packages_select_by_dep=None, packages_skip_by_dep=None, packages_skip_up_to=None, packages_select_build_failed=False, packages_skip_build_finished=False, packages_select_test_failures=False, packages_skip_test_passed=False, packages_select=['beginner_tutorials'], packages_skip=None, packages_select_regex=None, packages_skip_regex=None, packages_start=None, packages_end=None, allow_overriding=[], cmake_args=None, cmake_target=None, cmake_target_skip_unavailable=False, cmake_clean_cache=False, cmake_clean_first=False, cmake_force_configure=False, ament_cmake_args=None, catkin_cmake_args=None, catkin_skip_building_tests=False, verb_parser=<colcon_defaults.argument_parser.defaults.DefaultArgumentsDecorator object at 0x7f04301d7430>, verb_extension=<colcon_core.verb.build.BuildVerb object at 0x7f04301d4820>, main=<bound method BuildVerb.main of <colcon_core.verb.build.BuildVerb object at 0x7f04301d4820>>)
[2.848s] Level 1:colcon.colcon_core.package_discovery:discover_packages(colcon_meta) check parameters
[2.848s] Level 1:colcon.colcon_core.package_discovery:discover_packages(recursive) check parameters
[2.848s] Level 1:colcon.colcon_core.package_discovery:discover_packages(ignore) check parameters
[2.849s] Level 1:colcon.colcon_core.package_discovery:discover_packages(path) check parameters
[2.849s] Level 1:colcon.colcon_core.package_discovery:discover_packages(colcon_meta) discover
[2.849s] Level 1:colcon.colcon_core.package_discovery:discover_packages(recursive) discover
[2.849s] INFO:colcon.colcon_core.package_discovery:Crawling recursively for packages in '/home/sas/ros2_ws/beginner_tutorials'
[2.850s] Level 1:colcon.colcon_core.package_identification:_identify(.) by extensions ['ignore', 'ignore_ament_install']
[2.850s] Level 1:colcon.colcon_core.package_identification:_identify(.) by extension 'ignore'
[2.850s] Level 1:colcon.colcon_core.package_identification:_identify(.) by extension 'ignore_ament_install'
[2.850s] Level 1:colcon.colcon_core.package_identification:_identify(.) by extensions ['colcon_pkg']
[2.850s] Level 1:colcon.colcon_core.package_identification:_identify(.) by extension 'colcon_pkg'
[2.851s] Level 1:colcon.colcon_core.package_identification:_identify(.) by extensions ['colcon_meta']
[2.851s] Level 1:colcon.colcon_core.package_identification:_identify(.) by extension 'colcon_meta'
[2.851s] Level 1:colcon.colcon_core.package_identification:_identify(.) by extensions ['ros']
[2.851s] Level 1:colcon.colcon_core.package_identification:_identify(.) by extension 'ros'
[2.888s] DEBUG:colcon.colcon_core.package_identification:Package '.' with type 'ros.ament_cmake' and name 'beginner_tutorials'
[2.888s] Level 1:colcon.colcon_core.package_discovery:discover_packages(recursive) using defaults
[2.889s] Level 1:colcon.colcon_core.package_discovery:discover_packages(ignore) discover
[2.889s] Level 1:colcon.colcon_core.package_discovery:discover_packages(ignore) using defaults
[2.889s] Level 1:colcon.colcon_core.package_discovery:discover_packages(path) discover
[2.889s] Level 1:colcon.colcon_core.package_discovery:discover_packages(path) using defaults
[3.142s] Level 1:colcon.colcon_core.package_discovery:discover_packages(prefix_path) check parameters
[3.142s] Level 1:colcon.colcon_core.package_discovery:discover_packages(prefix_path) discover
[3.224s] DEBUG:colcon.colcon_installed_package_information.package_discovery:Found 1 installed packages in /home/sas/ros2_ws/beginner_tutorials/install
[3.266s] DEBUG:colcon.colcon_installed_package_information.package_discovery:Found 284 installed packages in /opt/ros/humble
[3.270s] Level 1:colcon.colcon_core.package_discovery:discover_packages(prefix_path) using defaults
[3.614s] Level 5:colcon.colcon_core.verb:set package 'beginner_tutorials' build argument 'cmake_args' from command line to 'None'
[3.615s] Level 5:colcon.colcon_core.verb:set package 'beginner_tutorials' build argument 'cmake_target' from command line to 'None'
[3.615s] Level 5:colcon.colcon_core.verb:set package 'beginner_tutorials' build argument 'cmake_target_skip_unavailable' from command line to 'False'
[3.615s] Level 5:colcon.colcon_core.verb:set package 'beginner_tutorials' build argument 'cmake_clean_cache' from command line to 'False'
[3.615s] Level 5:colcon.colcon_core.verb:set package 'beginner_tutorials' build argument 'cmake_clean_first' from command line to 'False'
[3.615s] Level 5:colcon.colcon_core.verb:set package 'beginner_tutorials' build argument 'cmake_force_configure' from command line to 'False'
[3.615s] Level 5:colcon.colcon_core.verb:set package 'beginner_tutorials' build argument 'ament_cmake_args' from command line to 'None'
[3.615s] Level 5:colcon.colcon_core.verb:set package 'beginner_tutorials' build argument 'catkin_cmake_args' from command line to 'None'
[3.615s] Level 5:colcon.colcon_core.verb:set package 'beginner_tutorials' build argument 'catkin_skip_building_tests' from command line to 'False'
[3.615s] DEBUG:colcon.colcon_core.verb:Building package 'beginner_tutorials' with the following arguments: {'ament_cmake_args': None, 'build_base': '/home/sas/ros2_ws/beginner_tutorials/build/beginner_tutorials', 'catkin_cmake_args': None, 'catkin_skip_building_tests': False, 'cmake_args': None, 'cmake_clean_cache': False, 'cmake_clean_first': False, 'cmake_force_configure': False, 'cmake_target': None, 'cmake_target_skip_unavailable': False, 'install_base': '/home/sas/ros2_ws/beginner_tutorials/install/beginner_tutorials', 'merge_install': False, 'path': '/home/sas/ros2_ws/beginner_tutorials', 'symlink_install': False, 'test_result_base': None}
[3.659s] INFO:colcon.colcon_core.executor:Executing jobs using 'parallel' executor
[3.701s] DEBUG:colcon.colcon_parallel_executor.executor.parallel:run_until_complete
[3.702s] INFO:colcon.colcon_ros.task.ament_cmake.build:Building ROS package in '/home/sas/ros2_ws/beginner_tutorials' with build type 'ament_cmake'
[3.703s] INFO:colcon.colcon_cmake.task.cmake.build:Building CMake package in '/home/sas/ros2_ws/beginner_tutorials'
[3.745s] INFO:colcon.colcon_core.plugin_system:Skipping extension 'colcon_core.shell.bat': Not used on non-Windows systems
[3.746s] INFO:colcon.colcon_core.shell:Skip shell extension 'powershell' for command environment: Not usable outside of PowerShell
[3.746s] DEBUG:colcon.colcon_core.shell:Skip shell extension 'dsv' for command environment
[3.919s] DEBUG:colcon.colcon_core.event_handler.log_command:Invoking command in '/home/sas/ros2_ws/beginner_tutorials/build/beginner_tutorials': CMAKE_PREFIX_PATH=${CMAKE_PREFIX_PATH}:/opt/ros/humble /usr/bin/cmake --build /home/sas/ros2_ws/beginner_tutorials/build/beginner_tutorials -- -j8 -l8
[23.543s] DEBUG:colcon.colcon_core.event_handler.log_command:Invoked command in '/home/sas/ros2_ws/beginner_tutorials/build/beginner_tutorials' returned '0': CMAKE_PREFIX_PATH=${CMAKE_PREFIX_PATH}:/opt/ros/humble /usr/bin/cmake --build /home/sas/ros2_ws/beginner_tutorials/build/beginner_tutorials -- -j8 -l8
[23.780s] DEBUG:colcon.colcon_core.event_handler.log_command:Invoking command in '/home/sas/ros2_ws/beginner_tutorials/build/beginner_tutorials': CMAKE_PREFIX_PATH=${CMAKE_PREFIX_PATH}:/opt/ros/humble /usr/bin/cmake --install /home/sas/ros2_ws/beginner_tutorials/build/beginner_tutorials
[24.065s] Level 1:colcon.colcon_core.environment:create_environment_scripts_only(beginner_tutorials)
[24.066s] DEBUG:colcon.colcon_core.event_handler.log_command:Invoked command in '/home/sas/ros2_ws/beginner_tutorials/build/beginner_tutorials' returned '0': CMAKE_PREFIX_PATH=${CMAKE_PREFIX_PATH}:/opt/ros/humble /usr/bin/cmake --install /home/sas/ros2_ws/beginner_tutorials/build/beginner_tutorials
[24.119s] Level 1:colcon.colcon_core.environment:checking '/home/sas/ros2_ws/beginner_tutorials/install/beginner_tutorials' for CMake module files
[24.122s] Level 1:colcon.colcon_core.environment:checking '/home/sas/ros2_ws/beginner_tutorials/install/beginner_tutorials' for CMake config files
[24.122s] Level 1:colcon.colcon_core.shell:create_environment_hook('beginner_tutorials', 'cmake_prefix_path')
[24.172s] INFO:colcon.colcon_core.shell:Creating environment hook '/home/sas/ros2_ws/beginner_tutorials/install/beginner_tutorials/share/beginner_tutorials/hook/cmake_prefix_path.ps1'
[24.175s] INFO:colcon.colcon_core.shell:Creating environment descriptor '/home/sas/ros2_ws/beginner_tutorials/install/beginner_tutorials/share/beginner_tutorials/hook/cmake_prefix_path.dsv'
[24.177s] INFO:colcon.colcon_core.shell:Creating environment hook '/home/sas/ros2_ws/beginner_tutorials/install/beginner_tutorials/share/beginner_tutorials/hook/cmake_prefix_path.sh'
[24.180s] Level 1:colcon.colcon_core.environment:checking '/home/sas/ros2_ws/beginner_tutorials/install/beginner_tutorials/lib'
[24.181s] Level 1:colcon.colcon_core.shell:create_environment_hook('beginner_tutorials', 'ld_library_path_lib')
[24.215s] INFO:colcon.colcon_core.shell:Creating environment hook '/home/sas/ros2_ws/beginner_tutorials/install/beginner_tutorials/share/beginner_tutorials/hook/ld_library_path_lib.ps1'
[24.217s] INFO:colcon.colcon_core.shell:Creating environment descriptor '/home/sas/ros2_ws/beginner_tutorials/install/beginner_tutorials/share/beginner_tutorials/hook/ld_library_path_lib.dsv'
[24.219s] INFO:colcon.colcon_core.shell:Creating environment hook '/home/sas/ros2_ws/beginner_tutorials/install/beginner_tutorials/share/beginner_tutorials/hook/ld_library_path_lib.sh'
[24.221s] Level 1:colcon.colcon_core.environment:checking '/home/sas/ros2_ws/beginner_tutorials/install/beginner_tutorials/bin'
[24.222s] Level 1:colcon.colcon_core.environment:checking '/home/sas/ros2_ws/beginner_tutorials/install/beginner_tutorials/lib/pkgconfig/beginner_tutorials.pc'
[24.223s] Level 1:colcon.colcon_core.environment:checking '/home/sas/ros2_ws/beginner_tutorials/install/beginner_tutorials/lib/python3.10/site-packages'
[24.223s] Level 1:colcon.colcon_core.environment:checking '/home/sas/ros2_ws/beginner_tutorials/install/beginner_tutorials/bin'
[24.265s] INFO:colcon.colcon_core.shell:Creating package script '/home/sas/ros2_ws/beginner_tutorials/install/beginner_tutorials/share/beginner_tutorials/package.ps1'
[24.280s] INFO:colcon.colcon_core.shell:Creating package descriptor '/home/sas/ros2_ws/beginner_tutorials/install/beginner_tutorials/share/beginner_tutorials/package.dsv'
[24.285s] INFO:colcon.colcon_core.shell:Creating package script '/home/sas/ros2_ws/beginner_tutorials/install/beginner_tutorials/share/beginner_tutorials/package.sh'
[24.295s] INFO:colcon.colcon_core.shell:Creating package script '/home/sas/ros2_ws/beginner_tutorials/install/beginner_tutorials/share/beginner_tutorials/package.bash'
[24.303s] INFO:colcon.colcon_core.shell:Creating package script '/home/sas/ros2_ws/beginner_tutorials/install/beginner_tutorials/share/beginner_tutorials/package.zsh'
[24.308s] Level 1:colcon.colcon_core.environment:create_file_with_runtime_dependencies(/home/sas/ros2_ws/beginner_tutorials/install/beginner_tutorials/share/colcon-core/packages/beginner_tutorials)
[24.550s] Level 1:colcon.colcon_core.environment:create_environment_scripts_only(beginner_tutorials)
[24.603s] Level 1:colcon.colcon_core.environment:checking '/home/sas/ros2_ws/beginner_tutorials/install/beginner_tutorials' for CMake module files
[24.606s] Level 1:colcon.colcon_core.environment:checking '/home/sas/ros2_ws/beginner_tutorials/install/beginner_tutorials' for CMake config files
[24.606s] Level 1:colcon.colcon_core.shell:create_environment_hook('beginner_tutorials', 'cmake_prefix_path')
[24.653s] INFO:colcon.colcon_core.shell:Creating environment hook '/home/sas/ros2_ws/beginner_tutorials/install/beginner_tutorials/share/beginner_tutorials/hook/cmake_prefix_path.ps1'
[24.654s] INFO:colcon.colcon_core.shell:Creating environment descriptor '/home/sas/ros2_ws/beginner_tutorials/install/beginner_tutorials/share/beginner_tutorials/hook/cmake_prefix_path.dsv'
[24.655s] INFO:colcon.colcon_core.shell:Creating environment hook '/home/sas/ros2_ws/beginner_tutorials/install/beginner_tutorials/share/beginner_tutorials/hook/cmake_prefix_path.sh'
[24.657s] Level 1:colcon.colcon_core.environment:checking '/home/sas/ros2_ws/beginner_tutorials/install/beginner_tutorials/lib'
[24.657s] Level 1:colcon.colcon_core.shell:create_environment_hook('beginner_tutorials', 'ld_library_path_lib')
[24.701s] INFO:colcon.colcon_core.shell:Creating environment hook '/home/sas/ros2_ws/beginner_tutorials/install/beginner_tutorials/share/beginner_tutorials/hook/ld_library_path_lib.ps1'
[24.703s] INFO:colcon.colcon_core.shell:Creating environment descriptor '/home/sas/ros2_ws/beginner_tutorials/install/beginner_tutorials/share/beginner_tutorials/hook/ld_library_path_lib.dsv'
[24.705s] INFO:colcon.colcon_core.shell:Creating environment hook '/home/sas/ros2_ws/beginner_tutorials/install/beginner_tutorials/share/beginner_tutorials/hook/ld_library_path_lib.sh'
[24.707s] Level 1:colcon.colcon_core.environment:checking '/home/sas/ros2_ws/beginner_tutorials/install/beginner_tutorials/bin'
[24.710s] Level 1:colcon.colcon_core.environment:checking '/home/sas/ros2_ws/beginner_tutorials/install/beginner_tutorials/lib/pkgconfig/beginner_tutorials.pc'
[24.712s] Level 1:colcon.colcon_core.environment:checking '/home/sas/ros2_ws/beginner_tutorials/install/beginner_tutorials/lib/python3.10/site-packages'
[24.713s] Level 1:colcon.colcon_core.environment:checking '/home/sas/ros2_ws/beginner_tutorials/install/beginner_tutorials/bin'
[24.755s] INFO:colcon.colcon_core.shell:Creating package script '/home/sas/ros2_ws/beginner_tutorials/install/beginner_tutorials/share/beginner_tutorials/package.ps1'
[24.758s] INFO:colcon.colcon_core.shell:Creating package descriptor '/home/sas/ros2_ws/beginner_tutorials/install/beginner_tutorials/share/beginner_tutorials/package.dsv'
[24.760s] INFO:colcon.colcon_core.shell:Creating package script '/home/sas/ros2_ws/beginner_tutorials/install/beginner_tutorials/share/beginner_tutorials/package.sh'
[24.762s] INFO:colcon.colcon_core.shell:Creating package script '/home/sas/ros2_ws/beginner_tutorials/install/beginner_tutorials/share/beginner_tutorials/package.bash'
[24.764s] INFO:colcon.colcon_core.shell:Creating package script '/home/sas/ros2_ws/beginner_tutorials/install/beginner_tutorials/share/beginner_tutorials/package.zsh'
[24.765s] Level 1:colcon.colcon_core.environment:create_file_with_runtime_dependencies(/home/sas/ros2_ws/beginner_tutorials/install/beginner_tutorials/share/colcon-core/packages/beginner_tutorials)
[24.767s] DEBUG:colcon.colcon_parallel_executor.executor.parallel:closing loop
[24.767s] DEBUG:colcon.colcon_parallel_executor.executor.parallel:loop closed
[24.768s] DEBUG:colcon.colcon_parallel_executor.executor.parallel:run_until_complete finished with '0'
[24.769s] DEBUG:colcon.colcon_core.event_reactor:joining thread
[24.852s] INFO:colcon.colcon_core.plugin_system:Skipping extension 'colcon_notification.desktop_notification.terminal_notifier': Not used on non-Darwin systems
[24.853s] INFO:colcon.colcon_core.plugin_system:Skipping extension 'colcon_notification.desktop_notification.win32': Not used on non-Windows systems
[24.853s] INFO:colcon.colcon_notification.desktop_notification:Sending desktop notification using 'notify2'
[24.902s] DEBUG:colcon.colcon_core.event_reactor:joined thread
[24.954s] INFO:colcon.colcon_core.shell:Creating prefix script '/home/sas/ros2_ws/beginner_tutorials/install/local_setup.ps1'
[24.957s] INFO:colcon.colcon_core.shell:Creating prefix util module '/home/sas/ros2_ws/beginner_tutorials/install/_local_setup_util_ps1.py'
[24.961s] INFO:colcon.colcon_core.shell:Creating prefix chain script '/home/sas/ros2_ws/beginner_tutorials/install/setup.ps1'
[25.008s] INFO:colcon.colcon_core.shell:Creating prefix script '/home/sas/ros2_ws/beginner_tutorials/install/local_setup.sh'
[25.010s] INFO:colcon.colcon_core.shell:Creating prefix util module '/home/sas/ros2_ws/beginner_tutorials/install/_local_setup_util_sh.py'
[25.011s] INFO:colcon.colcon_core.shell:Creating prefix chain script '/home/sas/ros2_ws/beginner_tutorials/install/setup.sh'
[25.063s] INFO:colcon.colcon_core.shell:Creating prefix script '/home/sas/ros2_ws/beginner_tutorials/install/local_setup.bash'
[25.065s] INFO:colcon.colcon_core.shell:Creating prefix chain script '/home/sas/ros2_ws/beginner_tutorials/install/setup.bash'
[25.117s] INFO:colcon.colcon_core.shell:Creating prefix script '/home/sas/ros2_ws/beginner_tutorials/install/local_setup.zsh'
[25.119s] INFO:colcon.colcon_core.shell:Creating prefix chain script '/home/sas/ros2_ws/beginner_tutorials/install/setup.zsh'
