[0.117s] Invoking command in '/home/sas/ros2_ws/beginner_tutorials/build/beginner_tutorials': CMAKE_PREFIX_PATH=${CMAKE_PREFIX_PATH}:/opt/ros/humble /usr/bin/cmake /home/sas/ros2_ws/beginner_tutorials -DCMAKE_INSTALL_PREFIX=/home/sas/ros2_ws/beginner_tutorials/install/beginner_tutorials
[0.219s] -- The C compiler identification is GNU 11.4.0
[0.325s] -- The CXX compiler identification is GNU 11.4.0
[0.340s] -- Detecting C compiler ABI info
[0.465s] -- Detecting C compiler ABI info - done
[0.478s] -- Check for working C compiler: /usr/bin/cc - skipped
[0.479s] -- Detecting C compile features
[0.480s] -- Detecting C compile features - done
[0.486s] -- Detecting CXX compiler ABI info
[0.628s] -- Detecting CXX compiler ABI info - done
[0.640s] -- Check for working CXX compiler: /usr/bin/c++ - skipped
[0.641s] -- Detecting CXX compile features
[0.642s] -- Detecting CXX compile features - done
[0.645s] -- Found ament_cmake: 1.3.5 (/opt/ros/humble/share/ament_cmake/cmake)
[0.970s] -- Found Python3: /usr/bin/python3.10 (found version "3.10.12") found components: Interpreter 
[1.145s] -- Found rclcpp: 16.0.6 (/opt/ros/humble/share/rclcpp/cmake)
[1.218s] -- Found rosidl_generator_c: 3.1.5 (/opt/ros/humble/share/rosidl_generator_c/cmake)
[1.226s] -- Found rosidl_adapter: 3.1.5 (/opt/ros/humble/share/rosidl_adapter/cmake)
[1.242s] -- Found rosidl_generator_cpp: 3.1.5 (/opt/ros/humble/share/rosidl_generator_cpp/cmake)
[1.270s] -- Using all available rosidl_typesupport_c: rosidl_typesupport_fastrtps_c;rosidl_typesupport_introspection_c
[1.311s] -- Using all available rosidl_typesupport_cpp: rosidl_typesupport_fastrtps_cpp;rosidl_typesupport_introspection_cpp
[1.445s] -- Found rmw_implementation_cmake: 6.1.1 (/opt/ros/humble/share/rmw_implementation_cmake/cmake)
[1.449s] -- Found rmw_fastrtps_cpp: 6.2.4 (/opt/ros/humble/share/rmw_fastrtps_cpp/cmake)
[1.626s] -- Found OpenSSL: /usr/lib/x86_64-linux-gnu/libcrypto.so (found version "3.0.2")  
[1.675s] -- Found FastRTPS: /opt/ros/humble/include  
[1.761s] -- Using RMW implementation 'rmw_fastrtps_cpp' as default
[1.788s] -- Looking for pthread.h
[1.936s] -- Looking for pthread.h - found
[1.940s] -- Performing Test CMAKE_HAVE_LIBC_PTHREAD
[2.073s] -- Performing Test CMAKE_HAVE_LIBC_PTHREAD - Success
[2.074s] -- Found Threads: TRUE  
[2.533s] -- Configuring done
[2.569s] -- Generating done
[2.571s] -- Build files have been written to: /home/sas/ros2_ws/beginner_tutorials/build/beginner_tutorials
[2.585s] Invoked command in '/home/sas/ros2_ws/beginner_tutorials/build/beginner_tutorials' returned '0': CMAKE_PREFIX_PATH=${CMAKE_PREFIX_PATH}:/opt/ros/humble /usr/bin/cmake /home/sas/ros2_ws/beginner_tutorials -DCMAKE_INSTALL_PREFIX=/home/sas/ros2_ws/beginner_tutorials/install/beginner_tutorials
[2.588s] Invoking command in '/home/sas/ros2_ws/beginner_tutorials/build/beginner_tutorials': CMAKE_PREFIX_PATH=${CMAKE_PREFIX_PATH}:/opt/ros/humble /usr/bin/cmake --build /home/sas/ros2_ws/beginner_tutorials/build/beginner_tutorials -- -j8 -l8
[2.676s] [ 25%] [32mBuilding CXX object CMakeFiles/talker.dir/src/publisher.cpp.o[0m
[2.680s] [ 50%] [32mBuilding CXX object CMakeFiles/listener.dir/src/subscriber.cpp.o[0m
[12.030s] [ 75%] [32m[1mLinking CXX executable talker[0m
[12.365s] [ 75%] Built target talker
[19.517s] [100%] [32m[1mLinking CXX executable listener[0m
[20.195s] [100%] Built target listener
[20.250s] Invoked command in '/home/sas/ros2_ws/beginner_tutorials/build/beginner_tutorials' returned '0': CMAKE_PREFIX_PATH=${CMAKE_PREFIX_PATH}:/opt/ros/humble /usr/bin/cmake --build /home/sas/ros2_ws/beginner_tutorials/build/beginner_tutorials -- -j8 -l8
[20.329s] Invoking command in '/home/sas/ros2_ws/beginner_tutorials/build/beginner_tutorials': CMAKE_PREFIX_PATH=${CMAKE_PREFIX_PATH}:/opt/ros/humble /usr/bin/cmake --install /home/sas/ros2_ws/beginner_tutorials/build/beginner_tutorials
[20.343s] -- Install configuration: ""
[20.344s] -- Installing: /home/sas/ros2_ws/beginner_tutorials/install/beginner_tutorials/lib/beginner_tutorials/talker
[20.346s] -- Set runtime path of "/home/sas/ros2_ws/beginner_tutorials/install/beginner_tutorials/lib/beginner_tutorials/talker" to ""
[20.346s] -- Installing: /home/sas/ros2_ws/beginner_tutorials/install/beginner_tutorials/lib/beginner_tutorials/listener
[20.353s] -- Set runtime path of "/home/sas/ros2_ws/beginner_tutorials/install/beginner_tutorials/lib/beginner_tutorials/listener" to ""
[20.353s] -- Installing: /home/sas/ros2_ws/beginner_tutorials/install/beginner_tutorials/share/ament_index/resource_index/package_run_dependencies/beginner_tutorials
[20.354s] -- Installing: /home/sas/ros2_ws/beginner_tutorials/install/beginner_tutorials/share/ament_index/resource_index/parent_prefix_path/beginner_tutorials
[20.354s] -- Up-to-date: /home/sas/ros2_ws/beginner_tutorials/install/beginner_tutorials/share/beginner_tutorials/environment/ament_prefix_path.sh
[20.354s] -- Installing: /home/sas/ros2_ws/beginner_tutorials/install/beginner_tutorials/share/beginner_tutorials/environment/ament_prefix_path.dsv
[20.354s] -- Up-to-date: /home/sas/ros2_ws/beginner_tutorials/install/beginner_tutorials/share/beginner_tutorials/environment/path.sh
[20.355s] -- Installing: /home/sas/ros2_ws/beginner_tutorials/install/beginner_tutorials/share/beginner_tutorials/environment/path.dsv
[20.355s] -- Installing: /home/sas/ros2_ws/beginner_tutorials/install/beginner_tutorials/share/beginner_tutorials/local_setup.bash
[20.355s] -- Installing: /home/sas/ros2_ws/beginner_tutorials/install/beginner_tutorials/share/beginner_tutorials/local_setup.sh
[20.355s] -- Installing: /home/sas/ros2_ws/beginner_tutorials/install/beginner_tutorials/share/beginner_tutorials/local_setup.zsh
[20.355s] -- Installing: /home/sas/ros2_ws/beginner_tutorials/install/beginner_tutorials/share/beginner_tutorials/local_setup.dsv
[20.356s] -- Installing: /home/sas/ros2_ws/beginner_tutorials/install/beginner_tutorials/share/beginner_tutorials/package.dsv
[20.356s] -- Installing: /home/sas/ros2_ws/beginner_tutorials/install/beginner_tutorials/share/ament_index/resource_index/packages/beginner_tutorials
[20.357s] -- Installing: /home/sas/ros2_ws/beginner_tutorials/install/beginner_tutorials/share/beginner_tutorials/cmake/beginner_tutorialsConfig.cmake
[20.357s] -- Installing: /home/sas/ros2_ws/beginner_tutorials/install/beginner_tutorials/share/beginner_tutorials/cmake/beginner_tutorialsConfig-version.cmake
[20.357s] -- Up-to-date: /home/sas/ros2_ws/beginner_tutorials/install/beginner_tutorials/share/beginner_tutorials/package.xml
[20.361s] Invoked command in '/home/sas/ros2_ws/beginner_tutorials/build/beginner_tutorials' returned '0': CMAKE_PREFIX_PATH=${CMAKE_PREFIX_PATH}:/opt/ros/humble /usr/bin/cmake --install /home/sas/ros2_ws/beginner_tutorials/build/beginner_tutorials
