[35m[1mConsolidate compiler generated dependencies of target listener[0m
[  2%] Built target beginner_tutorials__cpp
[ 10%] Built target beginner_tutorials__rosidl_generator_c
[ 10%] Built target ament_cmake_python_copy_beginner_tutorials
[ 13%] [32mBuilding CXX object CMakeFiles/listener.dir/src/subscriber.cpp.o[0m
[ 21%] Built target beginner_tutorials__rosidl_typesupport_cpp
[ 29%] Built target beginner_tutorials__rosidl_typesupport_fastrtps_cpp
[ 37%] Built target beginner_tutorials__rosidl_typesupport_introspection_cpp
[ 45%] Built target beginner_tutorials__rosidl_typesupport_fastrtps_c
[ 54%] Built target beginner_tutorials__rosidl_typesupport_introspection_c
[ 62%] Built target beginner_tutorials__rosidl_typesupport_c
[ 62%] Built target beginner_tutorials
[ 64%] Built target beginner_tutorials__py
[ 70%] Built target server_client
[ 75%] Built target talker
[ 81%] Built target beginner_tutorials__rosidl_generator_py
[ 86%] Built target beginner_tutorials__rosidl_typesupport_introspection_c__pyext
[ 91%] Built target beginner_tutorials__rosidl_typesupport_fastrtps_c__pyext
[ 97%] Built target beginner_tutorials__rosidl_typesupport_c__pyext
running egg_info
writing beginner_tutorials.egg-info/PKG-INFO
writing dependency_links to beginner_tutorials.egg-info/dependency_links.txt
writing top-level names to beginner_tutorials.egg-info/top_level.txt
reading manifest file 'beginner_tutorials.egg-info/SOURCES.txt'
writing manifest file 'beginner_tutorials.egg-info/SOURCES.txt'
[ 97%] Built target ament_cmake_python_build_beginner_tutorials_egg
[100%] [32m[1mLinking CXX executable listener[0m
[100%] Built target listener
-- Install configuration: ""
-- Installing: /home/sas/ros2_ws/src/beginner_tutorials/install/beginner_tutorials/share/ament_index/resource_index/rosidl_interfaces/beginner_tutorials
-- Up-to-date: /home/sas/ros2_ws/src/beginner_tutorials/install/beginner_tutorials/include/beginner_tutorials/beginner_tutorials
-- Up-to-date: /home/sas/ros2_ws/src/beginner_tutorials/install/beginner_tutorials/include/beginner_tutorials/beginner_tutorials/msg
-- Installing: /home/sas/ros2_ws/src/beginner_tutorials/install/beginner_tutorials/include/beginner_tutorials/beginner_tutorials/msg/rosidl_generator_c__visibility_control.h
-- Up-to-date: /home/sas/ros2_ws/src/beginner_tutorials/install/beginner_tutorials/include/beginner_tutorials/beginner_tutorials/srv
-- Installing: /home/sas/ros2_ws/src/beginner_tutorials/install/beginner_tutorials/include/beginner_tutorials/beginner_tutorials/srv/change_string.h
-- Up-to-date: /home/sas/ros2_ws/src/beginner_tutorials/install/beginner_tutorials/include/beginner_tutorials/beginner_tutorials/srv/detail
-- Installing: /home/sas/ros2_ws/src/beginner_tutorials/install/beginner_tutorials/include/beginner_tutorials/beginner_tutorials/srv/detail/change_string__functions.h
-- Installing: /home/sas/ros2_ws/src/beginner_tutorials/install/beginner_tutorials/include/beginner_tutorials/beginner_tutorials/srv/detail/change_string__type_support.h
-- Installing: /home/sas/ros2_ws/src/beginner_tutorials/install/beginner_tutorials/include/beginner_tutorials/beginner_tutorials/srv/detail/change_string__functions.c
-- Installing: /home/sas/ros2_ws/src/beginner_tutorials/install/beginner_tutorials/include/beginner_tutorials/beginner_tutorials/srv/detail/change_string__struct.h
-- Up-to-date: /home/sas/ros2_ws/src/beginner_tutorials/install/beginner_tutorials/share/beginner_tutorials/environment/library_path.sh
-- Installing: /home/sas/ros2_ws/src/beginner_tutorials/install/beginner_tutorials/share/beginner_tutorials/environment/library_path.dsv
-- Installing: /home/sas/ros2_ws/src/beginner_tutorials/install/beginner_tutorials/lib/libbeginner_tutorials__rosidl_generator_c.so
-- Set runtime path of "/home/sas/ros2_ws/src/beginner_tutorials/install/beginner_tutorials/lib/libbeginner_tutorials__rosidl_generator_c.so" to ""
-- Up-to-date: /home/sas/ros2_ws/src/beginner_tutorials/install/beginner_tutorials/include/beginner_tutorials/beginner_tutorials
-- Up-to-date: /home/sas/ros2_ws/src/beginner_tutorials/install/beginner_tutorials/include/beginner_tutorials/beginner_tutorials/msg
-- Installing: /home/sas/ros2_ws/src/beginner_tutorials/install/beginner_tutorials/include/beginner_tutorials/beginner_tutorials/msg/rosidl_typesupport_fastrtps_c__visibility_control.h
-- Up-to-date: /home/sas/ros2_ws/src/beginner_tutorials/install/beginner_tutorials/include/beginner_tutorials/beginner_tutorials/srv
-- Up-to-date: /home/sas/ros2_ws/src/beginner_tutorials/install/beginner_tutorials/include/beginner_tutorials/beginner_tutorials/srv/detail
-- Installing: /home/sas/ros2_ws/src/beginner_tutorials/install/beginner_tutorials/include/beginner_tutorials/beginner_tutorials/srv/detail/change_string__rosidl_typesupport_fastrtps_c.h
-- Installing: /home/sas/ros2_ws/src/beginner_tutorials/install/beginner_tutorials/lib/libbeginner_tutorials__rosidl_typesupport_fastrtps_c.so
-- Set runtime path of "/home/sas/ros2_ws/src/beginner_tutorials/install/beginner_tutorials/lib/libbeginner_tutorials__rosidl_typesupport_fastrtps_c.so" to ""
-- Up-to-date: /home/sas/ros2_ws/src/beginner_tutorials/install/beginner_tutorials/include/beginner_tutorials/beginner_tutorials
-- Up-to-date: /home/sas/ros2_ws/src/beginner_tutorials/install/beginner_tutorials/include/beginner_tutorials/beginner_tutorials/srv
-- Up-to-date: /home/sas/ros2_ws/src/beginner_tutorials/install/beginner_tutorials/include/beginner_tutorials/beginner_tutorials/srv/detail
-- Installing: /home/sas/ros2_ws/src/beginner_tutorials/install/beginner_tutorials/include/beginner_tutorials/beginner_tutorials/srv/detail/change_string__traits.hpp
-- Installing: /home/sas/ros2_ws/src/beginner_tutorials/install/beginner_tutorials/include/beginner_tutorials/beginner_tutorials/srv/detail/change_string__builder.hpp
-- Installing: /home/sas/ros2_ws/src/beginner_tutorials/install/beginner_tutorials/include/beginner_tutorials/beginner_tutorials/srv/detail/change_string__struct.hpp
-- Installing: /home/sas/ros2_ws/src/beginner_tutorials/install/beginner_tutorials/include/beginner_tutorials/beginner_tutorials/srv/change_string.hpp
-- Up-to-date: /home/sas/ros2_ws/src/beginner_tutorials/install/beginner_tutorials/include/beginner_tutorials/beginner_tutorials
-- Up-to-date: /home/sas/ros2_ws/src/beginner_tutorials/install/beginner_tutorials/include/beginner_tutorials/beginner_tutorials/msg
-- Installing: /home/sas/ros2_ws/src/beginner_tutorials/install/beginner_tutorials/include/beginner_tutorials/beginner_tutorials/msg/rosidl_typesupport_fastrtps_cpp__visibility_control.h
-- Up-to-date: /home/sas/ros2_ws/src/beginner_tutorials/install/beginner_tutorials/include/beginner_tutorials/beginner_tutorials/srv
-- Up-to-date: /home/sas/ros2_ws/src/beginner_tutorials/install/beginner_tutorials/include/beginner_tutorials/beginner_tutorials/srv/detail
-- Installing: /home/sas/ros2_ws/src/beginner_tutorials/install/beginner_tutorials/include/beginner_tutorials/beginner_tutorials/srv/detail/change_string__rosidl_typesupport_fastrtps_cpp.hpp
-- Up-to-date: /home/sas/ros2_ws/src/beginner_tutorials/install/beginner_tutorials/include/beginner_tutorials/beginner_tutorials/srv/detail/dds_fastrtps
-- Installing: /home/sas/ros2_ws/src/beginner_tutorials/install/beginner_tutorials/lib/libbeginner_tutorials__rosidl_typesupport_fastrtps_cpp.so
-- Set runtime path of "/home/sas/ros2_ws/src/beginner_tutorials/install/beginner_tutorials/lib/libbeginner_tutorials__rosidl_typesupport_fastrtps_cpp.so" to ""
-- Up-to-date: /home/sas/ros2_ws/src/beginner_tutorials/install/beginner_tutorials/include/beginner_tutorials/beginner_tutorials
-- Up-to-date: /home/sas/ros2_ws/src/beginner_tutorials/install/beginner_tutorials/include/beginner_tutorials/beginner_tutorials/msg
-- Installing: /home/sas/ros2_ws/src/beginner_tutorials/install/beginner_tutorials/include/beginner_tutorials/beginner_tutorials/msg/rosidl_typesupport_introspection_c__visibility_control.h
-- Up-to-date: /home/sas/ros2_ws/src/beginner_tutorials/install/beginner_tutorials/include/beginner_tutorials/beginner_tutorials/srv
-- Up-to-date: /home/sas/ros2_ws/src/beginner_tutorials/install/beginner_tutorials/include/beginner_tutorials/beginner_tutorials/srv/detail
-- Installing: /home/sas/ros2_ws/src/beginner_tutorials/install/beginner_tutorials/include/beginner_tutorials/beginner_tutorials/srv/detail/change_string__type_support.c
-- Installing: /home/sas/ros2_ws/src/beginner_tutorials/install/beginner_tutorials/include/beginner_tutorials/beginner_tutorials/srv/detail/change_string__rosidl_typesupport_introspection_c.h
-- Installing: /home/sas/ros2_ws/src/beginner_tutorials/install/beginner_tutorials/lib/libbeginner_tutorials__rosidl_typesupport_introspection_c.so
-- Set runtime path of "/home/sas/ros2_ws/src/beginner_tutorials/install/beginner_tutorials/lib/libbeginner_tutorials__rosidl_typesupport_introspection_c.so" to ""
-- Installing: /home/sas/ros2_ws/src/beginner_tutorials/install/beginner_tutorials/lib/libbeginner_tutorials__rosidl_typesupport_c.so
-- Set runtime path of "/home/sas/ros2_ws/src/beginner_tutorials/install/beginner_tutorials/lib/libbeginner_tutorials__rosidl_typesupport_c.so" to ""
-- Up-to-date: /home/sas/ros2_ws/src/beginner_tutorials/install/beginner_tutorials/include/beginner_tutorials/beginner_tutorials
-- Up-to-date: /home/sas/ros2_ws/src/beginner_tutorials/install/beginner_tutorials/include/beginner_tutorials/beginner_tutorials/srv
-- Up-to-date: /home/sas/ros2_ws/src/beginner_tutorials/install/beginner_tutorials/include/beginner_tutorials/beginner_tutorials/srv/detail
-- Installing: /home/sas/ros2_ws/src/beginner_tutorials/install/beginner_tutorials/include/beginner_tutorials/beginner_tutorials/srv/detail/change_string__type_support.cpp
-- Installing: /home/sas/ros2_ws/src/beginner_tutorials/install/beginner_tutorials/include/beginner_tutorials/beginner_tutorials/srv/detail/change_string__rosidl_typesupport_introspection_cpp.hpp
-- Installing: /home/sas/ros2_ws/src/beginner_tutorials/install/beginner_tutorials/lib/libbeginner_tutorials__rosidl_typesupport_introspection_cpp.so
-- Set runtime path of "/home/sas/ros2_ws/src/beginner_tutorials/install/beginner_tutorials/lib/libbeginner_tutorials__rosidl_typesupport_introspection_cpp.so" to ""
-- Installing: /home/sas/ros2_ws/src/beginner_tutorials/install/beginner_tutorials/lib/libbeginner_tutorials__rosidl_typesupport_cpp.so
-- Set runtime path of "/home/sas/ros2_ws/src/beginner_tutorials/install/beginner_tutorials/lib/libbeginner_tutorials__rosidl_typesupport_cpp.so" to ""
-- Installing: /home/sas/ros2_ws/src/beginner_tutorials/install/beginner_tutorials/share/beginner_tutorials/environment/pythonpath.sh
-- Installing: /home/sas/ros2_ws/src/beginner_tutorials/install/beginner_tutorials/share/beginner_tutorials/environment/pythonpath.dsv
-- Up-to-date: /home/sas/ros2_ws/src/beginner_tutorials/install/beginner_tutorials/local/lib/python3.10/dist-packages/beginner_tutorials-0.0.0-py3.10.egg-info
-- Installing: /home/sas/ros2_ws/src/beginner_tutorials/install/beginner_tutorials/local/lib/python3.10/dist-packages/beginner_tutorials-0.0.0-py3.10.egg-info/SOURCES.txt
-- Installing: /home/sas/ros2_ws/src/beginner_tutorials/install/beginner_tutorials/local/lib/python3.10/dist-packages/beginner_tutorials-0.0.0-py3.10.egg-info/top_level.txt
-- Installing: /home/sas/ros2_ws/src/beginner_tutorials/install/beginner_tutorials/local/lib/python3.10/dist-packages/beginner_tutorials-0.0.0-py3.10.egg-info/dependency_links.txt
-- Installing: /home/sas/ros2_ws/src/beginner_tutorials/install/beginner_tutorials/local/lib/python3.10/dist-packages/beginner_tutorials-0.0.0-py3.10.egg-info/PKG-INFO
-- Up-to-date: /home/sas/ros2_ws/src/beginner_tutorials/install/beginner_tutorials/local/lib/python3.10/dist-packages/beginner_tutorials
-- Installing: /home/sas/ros2_ws/src/beginner_tutorials/install/beginner_tutorials/local/lib/python3.10/dist-packages/beginner_tutorials/_beginner_tutorials_s.ep.rosidl_typesupport_fastrtps_c.c
-- Installing: /home/sas/ros2_ws/src/beginner_tutorials/install/beginner_tutorials/local/lib/python3.10/dist-packages/beginner_tutorials/beginner_tutorials_s__rosidl_typesupport_fastrtps_c.cpython-310-x86_64-linux-gnu.so
-- Installing: /home/sas/ros2_ws/src/beginner_tutorials/install/beginner_tutorials/local/lib/python3.10/dist-packages/beginner_tutorials/beginner_tutorials_s__rosidl_typesupport_introspection_c.cpython-310-x86_64-linux-gnu.so
-- Installing: /home/sas/ros2_ws/src/beginner_tutorials/install/beginner_tutorials/local/lib/python3.10/dist-packages/beginner_tutorials/_beginner_tutorials_s.ep.rosidl_typesupport_introspection_c.c
-- Installing: /home/sas/ros2_ws/src/beginner_tutorials/install/beginner_tutorials/local/lib/python3.10/dist-packages/beginner_tutorials/__init__.py
-- Installing: /home/sas/ros2_ws/src/beginner_tutorials/install/beginner_tutorials/local/lib/python3.10/dist-packages/beginner_tutorials/beginner_tutorials_s__rosidl_typesupport_c.cpython-310-x86_64-linux-gnu.so
-- Installing: /home/sas/ros2_ws/src/beginner_tutorials/install/beginner_tutorials/local/lib/python3.10/dist-packages/beginner_tutorials/libbeginner_tutorials__rosidl_generator_py.so
-- Installing: /home/sas/ros2_ws/src/beginner_tutorials/install/beginner_tutorials/local/lib/python3.10/dist-packages/beginner_tutorials/_beginner_tutorials_s.ep.rosidl_typesupport_c.c
-- Up-to-date: /home/sas/ros2_ws/src/beginner_tutorials/install/beginner_tutorials/local/lib/python3.10/dist-packages/beginner_tutorials/srv
-- Installing: /home/sas/ros2_ws/src/beginner_tutorials/install/beginner_tutorials/local/lib/python3.10/dist-packages/beginner_tutorials/srv/_change_string_s.c
-- Installing: /home/sas/ros2_ws/src/beginner_tutorials/install/beginner_tutorials/local/lib/python3.10/dist-packages/beginner_tutorials/srv/__init__.py
-- Installing: /home/sas/ros2_ws/src/beginner_tutorials/install/beginner_tutorials/local/lib/python3.10/dist-packages/beginner_tutorials/srv/_change_string.py
Listing '/home/sas/ros2_ws/src/beginner_tutorials/install/beginner_tutorials/local/lib/python3.10/dist-packages/beginner_tutorials'...
Compiling '/home/sas/ros2_ws/src/beginner_tutorials/install/beginner_tutorials/local/lib/python3.10/dist-packages/beginner_tutorials/__init__.py'...
Listing '/home/sas/ros2_ws/src/beginner_tutorials/install/beginner_tutorials/local/lib/python3.10/dist-packages/beginner_tutorials/srv'...
Compiling '/home/sas/ros2_ws/src/beginner_tutorials/install/beginner_tutorials/local/lib/python3.10/dist-packages/beginner_tutorials/srv/__init__.py'...
Compiling '/home/sas/ros2_ws/src/beginner_tutorials/install/beginner_tutorials/local/lib/python3.10/dist-packages/beginner_tutorials/srv/_change_string.py'...
-- Installing: /home/sas/ros2_ws/src/beginner_tutorials/install/beginner_tutorials/local/lib/python3.10/dist-packages/beginner_tutorials/beginner_tutorials_s__rosidl_typesupport_fastrtps_c.cpython-310-x86_64-linux-gnu.so
-- Set runtime path of "/home/sas/ros2_ws/src/beginner_tutorials/install/beginner_tutorials/local/lib/python3.10/dist-packages/beginner_tutorials/beginner_tutorials_s__rosidl_typesupport_fastrtps_c.cpython-310-x86_64-linux-gnu.so" to ""
-- Installing: /home/sas/ros2_ws/src/beginner_tutorials/install/beginner_tutorials/local/lib/python3.10/dist-packages/beginner_tutorials/beginner_tutorials_s__rosidl_typesupport_introspection_c.cpython-310-x86_64-linux-gnu.so
-- Set runtime path of "/home/sas/ros2_ws/src/beginner_tutorials/install/beginner_tutorials/local/lib/python3.10/dist-packages/beginner_tutorials/beginner_tutorials_s__rosidl_typesupport_introspection_c.cpython-310-x86_64-linux-gnu.so" to ""
-- Installing: /home/sas/ros2_ws/src/beginner_tutorials/install/beginner_tutorials/local/lib/python3.10/dist-packages/beginner_tutorials/beginner_tutorials_s__rosidl_typesupport_c.cpython-310-x86_64-linux-gnu.so
-- Set runtime path of "/home/sas/ros2_ws/src/beginner_tutorials/install/beginner_tutorials/local/lib/python3.10/dist-packages/beginner_tutorials/beginner_tutorials_s__rosidl_typesupport_c.cpython-310-x86_64-linux-gnu.so" to ""
-- Installing: /home/sas/ros2_ws/src/beginner_tutorials/install/beginner_tutorials/lib/libbeginner_tutorials__rosidl_generator_py.so
-- Set runtime path of "/home/sas/ros2_ws/src/beginner_tutorials/install/beginner_tutorials/lib/libbeginner_tutorials__rosidl_generator_py.so" to ""
-- Installing: /home/sas/ros2_ws/src/beginner_tutorials/install/beginner_tutorials/share/beginner_tutorials/srv/ChangeString.idl
-- Up-to-date: /home/sas/ros2_ws/src/beginner_tutorials/install/beginner_tutorials/share/beginner_tutorials/srv/ChangeString.srv
-- Installing: /home/sas/ros2_ws/src/beginner_tutorials/install/beginner_tutorials/share/beginner_tutorials/srv/ChangeString_Request.msg
-- Installing: /home/sas/ros2_ws/src/beginner_tutorials/install/beginner_tutorials/share/beginner_tutorials/srv/ChangeString_Response.msg
-- Installing: /home/sas/ros2_ws/src/beginner_tutorials/install/beginner_tutorials/lib/beginner_tutorials/talker
-- Set runtime path of "/home/sas/ros2_ws/src/beginner_tutorials/install/beginner_tutorials/lib/beginner_tutorials/talker" to ""
-- Installing: /home/sas/ros2_ws/src/beginner_tutorials/install/beginner_tutorials/lib/beginner_tutorials/listener
-- Set runtime path of "/home/sas/ros2_ws/src/beginner_tutorials/install/beginner_tutorials/lib/beginner_tutorials/listener" to ""
-- Installing: /home/sas/ros2_ws/src/beginner_tutorials/install/beginner_tutorials/lib/beginner_tutorials/server_client
-- Set runtime path of "/home/sas/ros2_ws/src/beginner_tutorials/install/beginner_tutorials/lib/beginner_tutorials/server_client" to ""
-- Up-to-date: /home/sas/ros2_ws/src/beginner_tutorials/install/beginner_tutorials/share/beginner_tutorials/launch
-- Up-to-date: /home/sas/ros2_ws/src/beginner_tutorials/install/beginner_tutorials/share/beginner_tutorials/launch/custom_launch.yaml
-- Installing: /home/sas/ros2_ws/src/beginner_tutorials/install/beginner_tutorials/share/ament_index/resource_index/package_run_dependencies/beginner_tutorials
-- Installing: /home/sas/ros2_ws/src/beginner_tutorials/install/beginner_tutorials/share/ament_index/resource_index/parent_prefix_path/beginner_tutorials
-- Up-to-date: /home/sas/ros2_ws/src/beginner_tutorials/install/beginner_tutorials/share/beginner_tutorials/environment/ament_prefix_path.sh
-- Installing: /home/sas/ros2_ws/src/beginner_tutorials/install/beginner_tutorials/share/beginner_tutorials/environment/ament_prefix_path.dsv
-- Up-to-date: /home/sas/ros2_ws/src/beginner_tutorials/install/beginner_tutorials/share/beginner_tutorials/environment/path.sh
-- Installing: /home/sas/ros2_ws/src/beginner_tutorials/install/beginner_tutorials/share/beginner_tutorials/environment/path.dsv
-- Installing: /home/sas/ros2_ws/src/beginner_tutorials/install/beginner_tutorials/share/beginner_tutorials/local_setup.bash
-- Installing: /home/sas/ros2_ws/src/beginner_tutorials/install/beginner_tutorials/share/beginner_tutorials/local_setup.sh
-- Installing: /home/sas/ros2_ws/src/beginner_tutorials/install/beginner_tutorials/share/beginner_tutorials/local_setup.zsh
-- Installing: /home/sas/ros2_ws/src/beginner_tutorials/install/beginner_tutorials/share/beginner_tutorials/local_setup.dsv
-- Installing: /home/sas/ros2_ws/src/beginner_tutorials/install/beginner_tutorials/share/beginner_tutorials/package.dsv
-- Installing: /home/sas/ros2_ws/src/beginner_tutorials/install/beginner_tutorials/share/ament_index/resource_index/packages/beginner_tutorials
-- Installing: /home/sas/ros2_ws/src/beginner_tutorials/install/beginner_tutorials/share/beginner_tutorials/cmake/export_beginner_tutorials__rosidl_generator_cExport.cmake
-- Installing: /home/sas/ros2_ws/src/beginner_tutorials/install/beginner_tutorials/share/beginner_tutorials/cmake/export_beginner_tutorials__rosidl_generator_cExport-noconfig.cmake
-- Installing: /home/sas/ros2_ws/src/beginner_tutorials/install/beginner_tutorials/share/beginner_tutorials/cmake/export_beginner_tutorials__rosidl_typesupport_fastrtps_cExport.cmake
-- Installing: /home/sas/ros2_ws/src/beginner_tutorials/install/beginner_tutorials/share/beginner_tutorials/cmake/export_beginner_tutorials__rosidl_typesupport_fastrtps_cExport-noconfig.cmake
-- Installing: /home/sas/ros2_ws/src/beginner_tutorials/install/beginner_tutorials/share/beginner_tutorials/cmake/export_beginner_tutorials__rosidl_generator_cppExport.cmake
-- Installing: /home/sas/ros2_ws/src/beginner_tutorials/install/beginner_tutorials/share/beginner_tutorials/cmake/export_beginner_tutorials__rosidl_typesupport_fastrtps_cppExport.cmake
-- Installing: /home/sas/ros2_ws/src/beginner_tutorials/install/beginner_tutorials/share/beginner_tutorials/cmake/export_beginner_tutorials__rosidl_typesupport_fastrtps_cppExport-noconfig.cmake
-- Installing: /home/sas/ros2_ws/src/beginner_tutorials/install/beginner_tutorials/share/beginner_tutorials/cmake/beginner_tutorials__rosidl_typesupport_introspection_cExport.cmake
-- Installing: /home/sas/ros2_ws/src/beginner_tutorials/install/beginner_tutorials/share/beginner_tutorials/cmake/beginner_tutorials__rosidl_typesupport_introspection_cExport-noconfig.cmake
-- Installing: /home/sas/ros2_ws/src/beginner_tutorials/install/beginner_tutorials/share/beginner_tutorials/cmake/beginner_tutorials__rosidl_typesupport_cExport.cmake
-- Installing: /home/sas/ros2_ws/src/beginner_tutorials/install/beginner_tutorials/share/beginner_tutorials/cmake/beginner_tutorials__rosidl_typesupport_cExport-noconfig.cmake
-- Installing: /home/sas/ros2_ws/src/beginner_tutorials/install/beginner_tutorials/share/beginner_tutorials/cmake/beginner_tutorials__rosidl_typesupport_introspection_cppExport.cmake
-- Installing: /home/sas/ros2_ws/src/beginner_tutorials/install/beginner_tutorials/share/beginner_tutorials/cmake/beginner_tutorials__rosidl_typesupport_introspection_cppExport-noconfig.cmake
-- Installing: /home/sas/ros2_ws/src/beginner_tutorials/install/beginner_tutorials/share/beginner_tutorials/cmake/beginner_tutorials__rosidl_typesupport_cppExport.cmake
-- Installing: /home/sas/ros2_ws/src/beginner_tutorials/install/beginner_tutorials/share/beginner_tutorials/cmake/beginner_tutorials__rosidl_typesupport_cppExport-noconfig.cmake
-- Installing: /home/sas/ros2_ws/src/beginner_tutorials/install/beginner_tutorials/share/beginner_tutorials/cmake/export_beginner_tutorials__rosidl_generator_pyExport.cmake
-- Installing: /home/sas/ros2_ws/src/beginner_tutorials/install/beginner_tutorials/share/beginner_tutorials/cmake/export_beginner_tutorials__rosidl_generator_pyExport-noconfig.cmake
-- Installing: /home/sas/ros2_ws/src/beginner_tutorials/install/beginner_tutorials/share/beginner_tutorials/cmake/ament_cmake_export_dependencies-extras.cmake
-- Installing: /home/sas/ros2_ws/src/beginner_tutorials/install/beginner_tutorials/share/beginner_tutorials/cmake/rosidl_cmake-extras.cmake
-- Installing: /home/sas/ros2_ws/src/beginner_tutorials/install/beginner_tutorials/share/beginner_tutorials/cmake/ament_cmake_export_include_directories-extras.cmake
-- Installing: /home/sas/ros2_ws/src/beginner_tutorials/install/beginner_tutorials/share/beginner_tutorials/cmake/ament_cmake_export_libraries-extras.cmake
-- Installing: /home/sas/ros2_ws/src/beginner_tutorials/install/beginner_tutorials/share/beginner_tutorials/cmake/ament_cmake_export_targets-extras.cmake
-- Installing: /home/sas/ros2_ws/src/beginner_tutorials/install/beginner_tutorials/share/beginner_tutorials/cmake/rosidl_cmake_export_typesupport_targets-extras.cmake
-- Installing: /home/sas/ros2_ws/src/beginner_tutorials/install/beginner_tutorials/share/beginner_tutorials/cmake/rosidl_cmake_export_typesupport_libraries-extras.cmake
-- Installing: /home/sas/ros2_ws/src/beginner_tutorials/install/beginner_tutorials/share/beginner_tutorials/cmake/beginner_tutorialsConfig.cmake
-- Installing: /home/sas/ros2_ws/src/beginner_tutorials/install/beginner_tutorials/share/beginner_tutorials/cmake/beginner_tutorialsConfig-version.cmake
-- Up-to-date: /home/sas/ros2_ws/src/beginner_tutorials/install/beginner_tutorials/share/beginner_tutorials/package.xml
