[0.160s] Invoking command in '/home/sas/ros2_ws/src/beginner_tutorials/build/beginner_tutorials': CMAKE_PREFIX_PATH=${CMAKE_PREFIX_PATH}:/opt/ros/humble /usr/bin/cmake --build /home/sas/ros2_ws/src/beginner_tutorials/build/beginner_tutorials -- -j8 -l8
[0.258s] [35m[1mConsolidate compiler generated dependencies of target listener[0m
[0.258s] [  2%] Built target beginner_tutorials__cpp
[0.275s] [ 10%] Built target beginner_tutorials__rosidl_generator_c
[0.288s] [ 10%] Built target ament_cmake_python_copy_beginner_tutorials
[0.297s] [ 13%] [32mBuilding CXX object CMakeFiles/listener.dir/src/subscriber.cpp.o[0m
[0.336s] [ 21%] Built target beginner_tutorials__rosidl_typesupport_cpp
[0.343s] [ 29%] Built target beginner_tutorials__rosidl_typesupport_fastrtps_cpp
[0.347s] [ 37%] Built target beginner_tutorials__rosidl_typesupport_introspection_cpp
[0.352s] [ 45%] Built target beginner_tutorials__rosidl_typesupport_fastrtps_c
[0.364s] [ 54%] Built target beginner_tutorials__rosidl_typesupport_introspection_c
[0.370s] [ 62%] Built target beginner_tutorials__rosidl_typesupport_c
[0.413s] [ 62%] Built target beginner_tutorials
[0.462s] [ 64%] Built target beginner_tutorials__py
[0.479s] [ 70%] Built target server_client
[0.479s] [ 75%] Built target talker
[0.507s] [ 81%] Built target beginner_tutorials__rosidl_generator_py
[0.553s] [ 86%] Built target beginner_tutorials__rosidl_typesupport_introspection_c__pyext
[0.555s] [ 91%] Built target beginner_tutorials__rosidl_typesupport_fastrtps_c__pyext
[0.561s] [ 97%] Built target beginner_tutorials__rosidl_typesupport_c__pyext
[0.836s] running egg_info
[0.837s] writing beginner_tutorials.egg-info/PKG-INFO
[0.837s] writing dependency_links to beginner_tutorials.egg-info/dependency_links.txt
[0.838s] writing top-level names to beginner_tutorials.egg-info/top_level.txt
[0.843s] reading manifest file 'beginner_tutorials.egg-info/SOURCES.txt'
[0.844s] writing manifest file 'beginner_tutorials.egg-info/SOURCES.txt'
[0.900s] [ 97%] Built target ament_cmake_python_build_beginner_tutorials_egg
[16.146s] [100%] [32m[1mLinking CXX executable listener[0m
[16.875s] [100%] Built target listener
[16.898s] Invoked command in '/home/sas/ros2_ws/src/beginner_tutorials/build/beginner_tutorials' returned '0': CMAKE_PREFIX_PATH=${CMAKE_PREFIX_PATH}:/opt/ros/humble /usr/bin/cmake --build /home/sas/ros2_ws/src/beginner_tutorials/build/beginner_tutorials -- -j8 -l8
[17.063s] Invoking command in '/home/sas/ros2_ws/src/beginner_tutorials/build/beginner_tutorials': CMAKE_PREFIX_PATH=${CMAKE_PREFIX_PATH}:/opt/ros/humble /usr/bin/cmake --install /home/sas/ros2_ws/src/beginner_tutorials/build/beginner_tutorials
[17.077s] -- Install configuration: ""
[17.077s] -- Installing: /home/sas/ros2_ws/src/beginner_tutorials/install/beginner_tutorials/share/ament_index/resource_index/rosidl_interfaces/beginner_tutorials
[17.078s] -- Up-to-date: /home/sas/ros2_ws/src/beginner_tutorials/install/beginner_tutorials/include/beginner_tutorials/beginner_tutorials
[17.078s] -- Up-to-date: /home/sas/ros2_ws/src/beginner_tutorials/install/beginner_tutorials/include/beginner_tutorials/beginner_tutorials/msg
[17.078s] -- Installing: /home/sas/ros2_ws/src/beginner_tutorials/install/beginner_tutorials/include/beginner_tutorials/beginner_tutorials/msg/rosidl_generator_c__visibility_control.h
[17.078s] -- Up-to-date: /home/sas/ros2_ws/src/beginner_tutorials/install/beginner_tutorials/include/beginner_tutorials/beginner_tutorials/srv
[17.078s] -- Installing: /home/sas/ros2_ws/src/beginner_tutorials/install/beginner_tutorials/include/beginner_tutorials/beginner_tutorials/srv/change_string.h
[17.079s] -- Up-to-date: /home/sas/ros2_ws/src/beginner_tutorials/install/beginner_tutorials/include/beginner_tutorials/beginner_tutorials/srv/detail
[17.079s] -- Installing: /home/sas/ros2_ws/src/beginner_tutorials/install/beginner_tutorials/include/beginner_tutorials/beginner_tutorials/srv/detail/change_string__functions.h
[17.079s] -- Installing: /home/sas/ros2_ws/src/beginner_tutorials/install/beginner_tutorials/include/beginner_tutorials/beginner_tutorials/srv/detail/change_string__type_support.h
[17.079s] -- Installing: /home/sas/ros2_ws/src/beginner_tutorials/install/beginner_tutorials/include/beginner_tutorials/beginner_tutorials/srv/detail/change_string__functions.c
[17.079s] -- Installing: /home/sas/ros2_ws/src/beginner_tutorials/install/beginner_tutorials/include/beginner_tutorials/beginner_tutorials/srv/detail/change_string__struct.h
[17.079s] -- Up-to-date: /home/sas/ros2_ws/src/beginner_tutorials/install/beginner_tutorials/share/beginner_tutorials/environment/library_path.sh
[17.080s] -- Installing: /home/sas/ros2_ws/src/beginner_tutorials/install/beginner_tutorials/share/beginner_tutorials/environment/library_path.dsv
[17.080s] -- Installing: /home/sas/ros2_ws/src/beginner_tutorials/install/beginner_tutorials/lib/libbeginner_tutorials__rosidl_generator_c.so
[17.080s] -- Set runtime path of "/home/sas/ros2_ws/src/beginner_tutorials/install/beginner_tutorials/lib/libbeginner_tutorials__rosidl_generator_c.so" to ""
[17.081s] -- Up-to-date: /home/sas/ros2_ws/src/beginner_tutorials/install/beginner_tutorials/include/beginner_tutorials/beginner_tutorials
[17.081s] -- Up-to-date: /home/sas/ros2_ws/src/beginner_tutorials/install/beginner_tutorials/include/beginner_tutorials/beginner_tutorials/msg
[17.081s] -- Installing: /home/sas/ros2_ws/src/beginner_tutorials/install/beginner_tutorials/include/beginner_tutorials/beginner_tutorials/msg/rosidl_typesupport_fastrtps_c__visibility_control.h
[17.081s] -- Up-to-date: /home/sas/ros2_ws/src/beginner_tutorials/install/beginner_tutorials/include/beginner_tutorials/beginner_tutorials/srv
[17.081s] -- Up-to-date: /home/sas/ros2_ws/src/beginner_tutorials/install/beginner_tutorials/include/beginner_tutorials/beginner_tutorials/srv/detail
[17.082s] -- Installing: /home/sas/ros2_ws/src/beginner_tutorials/install/beginner_tutorials/include/beginner_tutorials/beginner_tutorials/srv/detail/change_string__rosidl_typesupport_fastrtps_c.h
[17.082s] -- Installing: /home/sas/ros2_ws/src/beginner_tutorials/install/beginner_tutorials/lib/libbeginner_tutorials__rosidl_typesupport_fastrtps_c.so
[17.082s] -- Set runtime path of "/home/sas/ros2_ws/src/beginner_tutorials/install/beginner_tutorials/lib/libbeginner_tutorials__rosidl_typesupport_fastrtps_c.so" to ""
[17.082s] -- Up-to-date: /home/sas/ros2_ws/src/beginner_tutorials/install/beginner_tutorials/include/beginner_tutorials/beginner_tutorials
[17.083s] -- Up-to-date: /home/sas/ros2_ws/src/beginner_tutorials/install/beginner_tutorials/include/beginner_tutorials/beginner_tutorials/srv
[17.083s] -- Up-to-date: /home/sas/ros2_ws/src/beginner_tutorials/install/beginner_tutorials/include/beginner_tutorials/beginner_tutorials/srv/detail
[17.083s] -- Installing: /home/sas/ros2_ws/src/beginner_tutorials/install/beginner_tutorials/include/beginner_tutorials/beginner_tutorials/srv/detail/change_string__traits.hpp
[17.083s] -- Installing: /home/sas/ros2_ws/src/beginner_tutorials/install/beginner_tutorials/include/beginner_tutorials/beginner_tutorials/srv/detail/change_string__builder.hpp
[17.084s] -- Installing: /home/sas/ros2_ws/src/beginner_tutorials/install/beginner_tutorials/include/beginner_tutorials/beginner_tutorials/srv/detail/change_string__struct.hpp
[17.084s] -- Installing: /home/sas/ros2_ws/src/beginner_tutorials/install/beginner_tutorials/include/beginner_tutorials/beginner_tutorials/srv/change_string.hpp
[17.084s] -- Up-to-date: /home/sas/ros2_ws/src/beginner_tutorials/install/beginner_tutorials/include/beginner_tutorials/beginner_tutorials
[17.085s] -- Up-to-date: /home/sas/ros2_ws/src/beginner_tutorials/install/beginner_tutorials/include/beginner_tutorials/beginner_tutorials/msg
[17.085s] -- Installing: /home/sas/ros2_ws/src/beginner_tutorials/install/beginner_tutorials/include/beginner_tutorials/beginner_tutorials/msg/rosidl_typesupport_fastrtps_cpp__visibility_control.h
[17.085s] -- Up-to-date: /home/sas/ros2_ws/src/beginner_tutorials/install/beginner_tutorials/include/beginner_tutorials/beginner_tutorials/srv
[17.085s] -- Up-to-date: /home/sas/ros2_ws/src/beginner_tutorials/install/beginner_tutorials/include/beginner_tutorials/beginner_tutorials/srv/detail
[17.085s] -- Installing: /home/sas/ros2_ws/src/beginner_tutorials/install/beginner_tutorials/include/beginner_tutorials/beginner_tutorials/srv/detail/change_string__rosidl_typesupport_fastrtps_cpp.hpp
[17.087s] -- Up-to-date: /home/sas/ros2_ws/src/beginner_tutorials/install/beginner_tutorials/include/beginner_tutorials/beginner_tutorials/srv/detail/dds_fastrtps
[17.087s] -- Installing: /home/sas/ros2_ws/src/beginner_tutorials/install/beginner_tutorials/lib/libbeginner_tutorials__rosidl_typesupport_fastrtps_cpp.so
[17.087s] -- Set runtime path of "/home/sas/ros2_ws/src/beginner_tutorials/install/beginner_tutorials/lib/libbeginner_tutorials__rosidl_typesupport_fastrtps_cpp.so" to ""
[17.087s] -- Up-to-date: /home/sas/ros2_ws/src/beginner_tutorials/install/beginner_tutorials/include/beginner_tutorials/beginner_tutorials
[17.088s] -- Up-to-date: /home/sas/ros2_ws/src/beginner_tutorials/install/beginner_tutorials/include/beginner_tutorials/beginner_tutorials/msg
[17.088s] -- Installing: /home/sas/ros2_ws/src/beginner_tutorials/install/beginner_tutorials/include/beginner_tutorials/beginner_tutorials/msg/rosidl_typesupport_introspection_c__visibility_control.h
[17.088s] -- Up-to-date: /home/sas/ros2_ws/src/beginner_tutorials/install/beginner_tutorials/include/beginner_tutorials/beginner_tutorials/srv
[17.095s] -- Up-to-date: /home/sas/ros2_ws/src/beginner_tutorials/install/beginner_tutorials/include/beginner_tutorials/beginner_tutorials/srv/detail
[17.096s] -- Installing: /home/sas/ros2_ws/src/beginner_tutorials/install/beginner_tutorials/include/beginner_tutorials/beginner_tutorials/srv/detail/change_string__type_support.c
[17.096s] -- Installing: /home/sas/ros2_ws/src/beginner_tutorials/install/beginner_tutorials/include/beginner_tutorials/beginner_tutorials/srv/detail/change_string__rosidl_typesupport_introspection_c.h
[17.096s] -- Installing: /home/sas/ros2_ws/src/beginner_tutorials/install/beginner_tutorials/lib/libbeginner_tutorials__rosidl_typesupport_introspection_c.so
[17.096s] -- Set runtime path of "/home/sas/ros2_ws/src/beginner_tutorials/install/beginner_tutorials/lib/libbeginner_tutorials__rosidl_typesupport_introspection_c.so" to ""
[17.096s] -- Installing: /home/sas/ros2_ws/src/beginner_tutorials/install/beginner_tutorials/lib/libbeginner_tutorials__rosidl_typesupport_c.so
[17.096s] -- Set runtime path of "/home/sas/ros2_ws/src/beginner_tutorials/install/beginner_tutorials/lib/libbeginner_tutorials__rosidl_typesupport_c.so" to ""
[17.096s] -- Up-to-date: /home/sas/ros2_ws/src/beginner_tutorials/install/beginner_tutorials/include/beginner_tutorials/beginner_tutorials
[17.096s] -- Up-to-date: /home/sas/ros2_ws/src/beginner_tutorials/install/beginner_tutorials/include/beginner_tutorials/beginner_tutorials/srv
[17.096s] -- Up-to-date: /home/sas/ros2_ws/src/beginner_tutorials/install/beginner_tutorials/include/beginner_tutorials/beginner_tutorials/srv/detail
[17.096s] -- Installing: /home/sas/ros2_ws/src/beginner_tutorials/install/beginner_tutorials/include/beginner_tutorials/beginner_tutorials/srv/detail/change_string__type_support.cpp
[17.096s] -- Installing: /home/sas/ros2_ws/src/beginner_tutorials/install/beginner_tutorials/include/beginner_tutorials/beginner_tutorials/srv/detail/change_string__rosidl_typesupport_introspection_cpp.hpp
[17.096s] -- Installing: /home/sas/ros2_ws/src/beginner_tutorials/install/beginner_tutorials/lib/libbeginner_tutorials__rosidl_typesupport_introspection_cpp.so
[17.097s] -- Set runtime path of "/home/sas/ros2_ws/src/beginner_tutorials/install/beginner_tutorials/lib/libbeginner_tutorials__rosidl_typesupport_introspection_cpp.so" to ""
[17.097s] -- Installing: /home/sas/ros2_ws/src/beginner_tutorials/install/beginner_tutorials/lib/libbeginner_tutorials__rosidl_typesupport_cpp.so
[17.097s] -- Set runtime path of "/home/sas/ros2_ws/src/beginner_tutorials/install/beginner_tutorials/lib/libbeginner_tutorials__rosidl_typesupport_cpp.so" to ""
[17.097s] -- Installing: /home/sas/ros2_ws/src/beginner_tutorials/install/beginner_tutorials/share/beginner_tutorials/environment/pythonpath.sh
[17.097s] -- Installing: /home/sas/ros2_ws/src/beginner_tutorials/install/beginner_tutorials/share/beginner_tutorials/environment/pythonpath.dsv
[17.097s] -- Up-to-date: /home/sas/ros2_ws/src/beginner_tutorials/install/beginner_tutorials/local/lib/python3.10/dist-packages/beginner_tutorials-0.0.0-py3.10.egg-info
[17.097s] -- Installing: /home/sas/ros2_ws/src/beginner_tutorials/install/beginner_tutorials/local/lib/python3.10/dist-packages/beginner_tutorials-0.0.0-py3.10.egg-info/SOURCES.txt
[17.097s] -- Installing: /home/sas/ros2_ws/src/beginner_tutorials/install/beginner_tutorials/local/lib/python3.10/dist-packages/beginner_tutorials-0.0.0-py3.10.egg-info/top_level.txt
[17.097s] -- Installing: /home/sas/ros2_ws/src/beginner_tutorials/install/beginner_tutorials/local/lib/python3.10/dist-packages/beginner_tutorials-0.0.0-py3.10.egg-info/dependency_links.txt
[17.097s] -- Installing: /home/sas/ros2_ws/src/beginner_tutorials/install/beginner_tutorials/local/lib/python3.10/dist-packages/beginner_tutorials-0.0.0-py3.10.egg-info/PKG-INFO
[17.097s] -- Up-to-date: /home/sas/ros2_ws/src/beginner_tutorials/install/beginner_tutorials/local/lib/python3.10/dist-packages/beginner_tutorials
[17.098s] -- Installing: /home/sas/ros2_ws/src/beginner_tutorials/install/beginner_tutorials/local/lib/python3.10/dist-packages/beginner_tutorials/_beginner_tutorials_s.ep.rosidl_typesupport_fastrtps_c.c
[17.098s] -- Installing: /home/sas/ros2_ws/src/beginner_tutorials/install/beginner_tutorials/local/lib/python3.10/dist-packages/beginner_tutorials/beginner_tutorials_s__rosidl_typesupport_fastrtps_c.cpython-310-x86_64-linux-gnu.so
[17.098s] -- Installing: /home/sas/ros2_ws/src/beginner_tutorials/install/beginner_tutorials/local/lib/python3.10/dist-packages/beginner_tutorials/beginner_tutorials_s__rosidl_typesupport_introspection_c.cpython-310-x86_64-linux-gnu.so
[17.098s] -- Installing: /home/sas/ros2_ws/src/beginner_tutorials/install/beginner_tutorials/local/lib/python3.10/dist-packages/beginner_tutorials/_beginner_tutorials_s.ep.rosidl_typesupport_introspection_c.c
[17.098s] -- Installing: /home/sas/ros2_ws/src/beginner_tutorials/install/beginner_tutorials/local/lib/python3.10/dist-packages/beginner_tutorials/__init__.py
[17.099s] -- Installing: /home/sas/ros2_ws/src/beginner_tutorials/install/beginner_tutorials/local/lib/python3.10/dist-packages/beginner_tutorials/beginner_tutorials_s__rosidl_typesupport_c.cpython-310-x86_64-linux-gnu.so
[17.099s] -- Installing: /home/sas/ros2_ws/src/beginner_tutorials/install/beginner_tutorials/local/lib/python3.10/dist-packages/beginner_tutorials/libbeginner_tutorials__rosidl_generator_py.so
[17.102s] -- Installing: /home/sas/ros2_ws/src/beginner_tutorials/install/beginner_tutorials/local/lib/python3.10/dist-packages/beginner_tutorials/_beginner_tutorials_s.ep.rosidl_typesupport_c.c
[17.102s] -- Up-to-date: /home/sas/ros2_ws/src/beginner_tutorials/install/beginner_tutorials/local/lib/python3.10/dist-packages/beginner_tutorials/srv
[17.103s] -- Installing: /home/sas/ros2_ws/src/beginner_tutorials/install/beginner_tutorials/local/lib/python3.10/dist-packages/beginner_tutorials/srv/_change_string_s.c
[17.103s] -- Installing: /home/sas/ros2_ws/src/beginner_tutorials/install/beginner_tutorials/local/lib/python3.10/dist-packages/beginner_tutorials/srv/__init__.py
[17.103s] -- Installing: /home/sas/ros2_ws/src/beginner_tutorials/install/beginner_tutorials/local/lib/python3.10/dist-packages/beginner_tutorials/srv/_change_string.py
[17.163s] Listing '/home/sas/ros2_ws/src/beginner_tutorials/install/beginner_tutorials/local/lib/python3.10/dist-packages/beginner_tutorials'...
[17.163s] Compiling '/home/sas/ros2_ws/src/beginner_tutorials/install/beginner_tutorials/local/lib/python3.10/dist-packages/beginner_tutorials/__init__.py'...
[17.163s] Listing '/home/sas/ros2_ws/src/beginner_tutorials/install/beginner_tutorials/local/lib/python3.10/dist-packages/beginner_tutorials/srv'...
[17.163s] Compiling '/home/sas/ros2_ws/src/beginner_tutorials/install/beginner_tutorials/local/lib/python3.10/dist-packages/beginner_tutorials/srv/__init__.py'...
[17.163s] Compiling '/home/sas/ros2_ws/src/beginner_tutorials/install/beginner_tutorials/local/lib/python3.10/dist-packages/beginner_tutorials/srv/_change_string.py'...
[17.174s] -- Installing: /home/sas/ros2_ws/src/beginner_tutorials/install/beginner_tutorials/local/lib/python3.10/dist-packages/beginner_tutorials/beginner_tutorials_s__rosidl_typesupport_fastrtps_c.cpython-310-x86_64-linux-gnu.so
[17.175s] -- Set runtime path of "/home/sas/ros2_ws/src/beginner_tutorials/install/beginner_tutorials/local/lib/python3.10/dist-packages/beginner_tutorials/beginner_tutorials_s__rosidl_typesupport_fastrtps_c.cpython-310-x86_64-linux-gnu.so" to ""
[17.175s] -- Installing: /home/sas/ros2_ws/src/beginner_tutorials/install/beginner_tutorials/local/lib/python3.10/dist-packages/beginner_tutorials/beginner_tutorials_s__rosidl_typesupport_introspection_c.cpython-310-x86_64-linux-gnu.so
[17.175s] -- Set runtime path of "/home/sas/ros2_ws/src/beginner_tutorials/install/beginner_tutorials/local/lib/python3.10/dist-packages/beginner_tutorials/beginner_tutorials_s__rosidl_typesupport_introspection_c.cpython-310-x86_64-linux-gnu.so" to ""
[17.175s] -- Installing: /home/sas/ros2_ws/src/beginner_tutorials/install/beginner_tutorials/local/lib/python3.10/dist-packages/beginner_tutorials/beginner_tutorials_s__rosidl_typesupport_c.cpython-310-x86_64-linux-gnu.so
[17.176s] -- Set runtime path of "/home/sas/ros2_ws/src/beginner_tutorials/install/beginner_tutorials/local/lib/python3.10/dist-packages/beginner_tutorials/beginner_tutorials_s__rosidl_typesupport_c.cpython-310-x86_64-linux-gnu.so" to ""
[17.176s] -- Installing: /home/sas/ros2_ws/src/beginner_tutorials/install/beginner_tutorials/lib/libbeginner_tutorials__rosidl_generator_py.so
[17.177s] -- Set runtime path of "/home/sas/ros2_ws/src/beginner_tutorials/install/beginner_tutorials/lib/libbeginner_tutorials__rosidl_generator_py.so" to ""
[17.177s] -- Installing: /home/sas/ros2_ws/src/beginner_tutorials/install/beginner_tutorials/share/beginner_tutorials/srv/ChangeString.idl
[17.177s] -- Up-to-date: /home/sas/ros2_ws/src/beginner_tutorials/install/beginner_tutorials/share/beginner_tutorials/srv/ChangeString.srv
[17.177s] -- Installing: /home/sas/ros2_ws/src/beginner_tutorials/install/beginner_tutorials/share/beginner_tutorials/srv/ChangeString_Request.msg
[17.177s] -- Installing: /home/sas/ros2_ws/src/beginner_tutorials/install/beginner_tutorials/share/beginner_tutorials/srv/ChangeString_Response.msg
[17.178s] -- Installing: /home/sas/ros2_ws/src/beginner_tutorials/install/beginner_tutorials/lib/beginner_tutorials/talker
[17.180s] -- Set runtime path of "/home/sas/ros2_ws/src/beginner_tutorials/install/beginner_tutorials/lib/beginner_tutorials/talker" to ""
[17.181s] -- Installing: /home/sas/ros2_ws/src/beginner_tutorials/install/beginner_tutorials/lib/beginner_tutorials/listener
[17.187s] -- Set runtime path of "/home/sas/ros2_ws/src/beginner_tutorials/install/beginner_tutorials/lib/beginner_tutorials/listener" to ""
[17.188s] -- Installing: /home/sas/ros2_ws/src/beginner_tutorials/install/beginner_tutorials/lib/beginner_tutorials/server_client
[17.189s] -- Set runtime path of "/home/sas/ros2_ws/src/beginner_tutorials/install/beginner_tutorials/lib/beginner_tutorials/server_client" to ""
[17.190s] -- Up-to-date: /home/sas/ros2_ws/src/beginner_tutorials/install/beginner_tutorials/share/beginner_tutorials/launch
[17.190s] -- Up-to-date: /home/sas/ros2_ws/src/beginner_tutorials/install/beginner_tutorials/share/beginner_tutorials/launch/custom_launch.yaml
[17.191s] -- Installing: /home/sas/ros2_ws/src/beginner_tutorials/install/beginner_tutorials/share/ament_index/resource_index/package_run_dependencies/beginner_tutorials
[17.191s] -- Installing: /home/sas/ros2_ws/src/beginner_tutorials/install/beginner_tutorials/share/ament_index/resource_index/parent_prefix_path/beginner_tutorials
[17.191s] -- Up-to-date: /home/sas/ros2_ws/src/beginner_tutorials/install/beginner_tutorials/share/beginner_tutorials/environment/ament_prefix_path.sh
[17.192s] -- Installing: /home/sas/ros2_ws/src/beginner_tutorials/install/beginner_tutorials/share/beginner_tutorials/environment/ament_prefix_path.dsv
[17.192s] -- Up-to-date: /home/sas/ros2_ws/src/beginner_tutorials/install/beginner_tutorials/share/beginner_tutorials/environment/path.sh
[17.194s] -- Installing: /home/sas/ros2_ws/src/beginner_tutorials/install/beginner_tutorials/share/beginner_tutorials/environment/path.dsv
[17.196s] -- Installing: /home/sas/ros2_ws/src/beginner_tutorials/install/beginner_tutorials/share/beginner_tutorials/local_setup.bash
[17.196s] -- Installing: /home/sas/ros2_ws/src/beginner_tutorials/install/beginner_tutorials/share/beginner_tutorials/local_setup.sh
[17.196s] -- Installing: /home/sas/ros2_ws/src/beginner_tutorials/install/beginner_tutorials/share/beginner_tutorials/local_setup.zsh
[17.196s] -- Installing: /home/sas/ros2_ws/src/beginner_tutorials/install/beginner_tutorials/share/beginner_tutorials/local_setup.dsv
[17.196s] -- Installing: /home/sas/ros2_ws/src/beginner_tutorials/install/beginner_tutorials/share/beginner_tutorials/package.dsv
[17.196s] -- Installing: /home/sas/ros2_ws/src/beginner_tutorials/install/beginner_tutorials/share/ament_index/resource_index/packages/beginner_tutorials
[17.197s] -- Installing: /home/sas/ros2_ws/src/beginner_tutorials/install/beginner_tutorials/share/beginner_tutorials/cmake/export_beginner_tutorials__rosidl_generator_cExport.cmake
[17.197s] -- Installing: /home/sas/ros2_ws/src/beginner_tutorials/install/beginner_tutorials/share/beginner_tutorials/cmake/export_beginner_tutorials__rosidl_generator_cExport-noconfig.cmake
[17.197s] -- Installing: /home/sas/ros2_ws/src/beginner_tutorials/install/beginner_tutorials/share/beginner_tutorials/cmake/export_beginner_tutorials__rosidl_typesupport_fastrtps_cExport.cmake
[17.197s] -- Installing: /home/sas/ros2_ws/src/beginner_tutorials/install/beginner_tutorials/share/beginner_tutorials/cmake/export_beginner_tutorials__rosidl_typesupport_fastrtps_cExport-noconfig.cmake
[17.197s] -- Installing: /home/sas/ros2_ws/src/beginner_tutorials/install/beginner_tutorials/share/beginner_tutorials/cmake/export_beginner_tutorials__rosidl_generator_cppExport.cmake
[17.197s] -- Installing: /home/sas/ros2_ws/src/beginner_tutorials/install/beginner_tutorials/share/beginner_tutorials/cmake/export_beginner_tutorials__rosidl_typesupport_fastrtps_cppExport.cmake
[17.197s] -- Installing: /home/sas/ros2_ws/src/beginner_tutorials/install/beginner_tutorials/share/beginner_tutorials/cmake/export_beginner_tutorials__rosidl_typesupport_fastrtps_cppExport-noconfig.cmake
[17.197s] -- Installing: /home/sas/ros2_ws/src/beginner_tutorials/install/beginner_tutorials/share/beginner_tutorials/cmake/beginner_tutorials__rosidl_typesupport_introspection_cExport.cmake
[17.197s] -- Installing: /home/sas/ros2_ws/src/beginner_tutorials/install/beginner_tutorials/share/beginner_tutorials/cmake/beginner_tutorials__rosidl_typesupport_introspection_cExport-noconfig.cmake
[17.197s] -- Installing: /home/sas/ros2_ws/src/beginner_tutorials/install/beginner_tutorials/share/beginner_tutorials/cmake/beginner_tutorials__rosidl_typesupport_cExport.cmake
[17.197s] -- Installing: /home/sas/ros2_ws/src/beginner_tutorials/install/beginner_tutorials/share/beginner_tutorials/cmake/beginner_tutorials__rosidl_typesupport_cExport-noconfig.cmake
[17.198s] -- Installing: /home/sas/ros2_ws/src/beginner_tutorials/install/beginner_tutorials/share/beginner_tutorials/cmake/beginner_tutorials__rosidl_typesupport_introspection_cppExport.cmake
[17.198s] -- Installing: /home/sas/ros2_ws/src/beginner_tutorials/install/beginner_tutorials/share/beginner_tutorials/cmake/beginner_tutorials__rosidl_typesupport_introspection_cppExport-noconfig.cmake
[17.199s] -- Installing: /home/sas/ros2_ws/src/beginner_tutorials/install/beginner_tutorials/share/beginner_tutorials/cmake/beginner_tutorials__rosidl_typesupport_cppExport.cmake
[17.199s] -- Installing: /home/sas/ros2_ws/src/beginner_tutorials/install/beginner_tutorials/share/beginner_tutorials/cmake/beginner_tutorials__rosidl_typesupport_cppExport-noconfig.cmake
[17.199s] -- Installing: /home/sas/ros2_ws/src/beginner_tutorials/install/beginner_tutorials/share/beginner_tutorials/cmake/export_beginner_tutorials__rosidl_generator_pyExport.cmake
[17.199s] -- Installing: /home/sas/ros2_ws/src/beginner_tutorials/install/beginner_tutorials/share/beginner_tutorials/cmake/export_beginner_tutorials__rosidl_generator_pyExport-noconfig.cmake
[17.199s] -- Installing: /home/sas/ros2_ws/src/beginner_tutorials/install/beginner_tutorials/share/beginner_tutorials/cmake/ament_cmake_export_dependencies-extras.cmake
[17.200s] -- Installing: /home/sas/ros2_ws/src/beginner_tutorials/install/beginner_tutorials/share/beginner_tutorials/cmake/rosidl_cmake-extras.cmake
[17.200s] -- Installing: /home/sas/ros2_ws/src/beginner_tutorials/install/beginner_tutorials/share/beginner_tutorials/cmake/ament_cmake_export_include_directories-extras.cmake
[17.200s] -- Installing: /home/sas/ros2_ws/src/beginner_tutorials/install/beginner_tutorials/share/beginner_tutorials/cmake/ament_cmake_export_libraries-extras.cmake
[17.200s] -- Installing: /home/sas/ros2_ws/src/beginner_tutorials/install/beginner_tutorials/share/beginner_tutorials/cmake/ament_cmake_export_targets-extras.cmake
[17.201s] -- Installing: /home/sas/ros2_ws/src/beginner_tutorials/install/beginner_tutorials/share/beginner_tutorials/cmake/rosidl_cmake_export_typesupport_targets-extras.cmake
[17.201s] -- Installing: /home/sas/ros2_ws/src/beginner_tutorials/install/beginner_tutorials/share/beginner_tutorials/cmake/rosidl_cmake_export_typesupport_libraries-extras.cmake
[17.201s] -- Installing: /home/sas/ros2_ws/src/beginner_tutorials/install/beginner_tutorials/share/beginner_tutorials/cmake/beginner_tutorialsConfig.cmake
[17.201s] -- Installing: /home/sas/ros2_ws/src/beginner_tutorials/install/beginner_tutorials/share/beginner_tutorials/cmake/beginner_tutorialsConfig-version.cmake
[17.201s] -- Up-to-date: /home/sas/ros2_ws/src/beginner_tutorials/install/beginner_tutorials/share/beginner_tutorials/package.xml
[17.210s] Invoked command in '/home/sas/ros2_ws/src/beginner_tutorials/build/beginner_tutorials' returned '0': CMAKE_PREFIX_PATH=${CMAKE_PREFIX_PATH}:/opt/ros/humble /usr/bin/cmake --install /home/sas/ros2_ws/src/beginner_tutorials/build/beginner_tutorials
