[0.130s] Invoking command in '/home/sas/ros2_ws/src/beginner_tutorials/build/beginner_tutorials': CMAKE_PREFIX_PATH=${CMAKE_PREFIX_PATH}:/opt/ros/humble /usr/bin/cmake --build /home/sas/ros2_ws/src/beginner_tutorials/build/beginner_tutorials -- -j8 -l8
[0.214s] [35m[1mConsolidate compiler generated dependencies of target listener[0m
[0.223s] [35m[1mConsolidate compiler generated dependencies of target beginner_tutorials__rosidl_generator_c[0m
[0.229s] [  2%] Built target beginner_tutorials__cpp
[0.250s] [  8%] Built target listener
[0.251s] [35m[1mConsolidate compiler generated dependencies of target beginner_tutorials__rosidl_typesupport_cpp[0m
[0.251s] [  8%] Built target ament_cmake_python_copy_beginner_tutorials
[0.257s] [ 16%] Built target beginner_tutorials__rosidl_generator_c
[0.259s] [35m[1mConsolidate compiler generated dependencies of target beginner_tutorials__rosidl_typesupport_fastrtps_cpp[0m
[0.271s] [35m[1mConsolidate compiler generated dependencies of target beginner_tutorials__rosidl_typesupport_introspection_cpp[0m
[0.278s] [35m[1mConsolidate compiler generated dependencies of target beginner_tutorials__rosidl_typesupport_fastrtps_c[0m
[0.286s] [35m[1mConsolidate compiler generated dependencies of target beginner_tutorials__rosidl_typesupport_c[0m
[0.290s] [35m[1mConsolidate compiler generated dependencies of target beginner_tutorials__rosidl_typesupport_introspection_c[0m
[0.292s] [ 24%] Built target beginner_tutorials__rosidl_typesupport_cpp
[0.298s] [ 32%] Built target beginner_tutorials__rosidl_typesupport_fastrtps_cpp
[0.302s] [ 40%] Built target beginner_tutorials__rosidl_typesupport_introspection_cpp
[0.308s] [ 48%] Built target beginner_tutorials__rosidl_typesupport_fastrtps_c
[0.313s] [ 56%] Built target beginner_tutorials__rosidl_typesupport_c
[0.315s] [ 64%] Built target beginner_tutorials__rosidl_typesupport_introspection_c
[0.359s] [ 64%] Built target beginner_tutorials
[0.381s] [35m[1mConsolidate compiler generated dependencies of target talker[0m
[0.384s] [35m[1mConsolidate compiler generated dependencies of target server_client[0m
[0.402s] [ 67%] Built target beginner_tutorials__py
[0.422s] [ 70%] [32mBuilding CXX object CMakeFiles/server_client.dir/src/server_client.cpp.o[0m
[0.423s] [ 72%] [32mBuilding CXX object CMakeFiles/talker.dir/src/publisher.cpp.o[0m
[0.424s] [35m[1mConsolidate compiler generated dependencies of target beginner_tutorials__rosidl_generator_py[0m
[0.449s] [ 78%] Built target beginner_tutorials__rosidl_generator_py
[0.471s] [35m[1mConsolidate compiler generated dependencies of target beginner_tutorials__rosidl_typesupport_fastrtps_c__pyext[0m
[0.474s] [35m[1mConsolidate compiler generated dependencies of target beginner_tutorials__rosidl_typesupport_c__pyext[0m
[0.487s] [35m[1mConsolidate compiler generated dependencies of target beginner_tutorials__rosidl_typesupport_introspection_c__pyext[0m
[0.498s] [ 83%] Built target beginner_tutorials__rosidl_typesupport_fastrtps_c__pyext
[0.505s] [ 89%] Built target beginner_tutorials__rosidl_typesupport_c__pyext
[0.518s] [ 94%] Built target beginner_tutorials__rosidl_typesupport_introspection_c__pyext
[0.756s] running egg_info
[0.758s] writing beginner_tutorials.egg-info/PKG-INFO
[0.759s] writing dependency_links to beginner_tutorials.egg-info/dependency_links.txt
[0.759s] writing top-level names to beginner_tutorials.egg-info/top_level.txt
[0.764s] reading manifest file 'beginner_tutorials.egg-info/SOURCES.txt'
[0.766s] writing manifest file 'beginner_tutorials.egg-info/SOURCES.txt'
[0.815s] [ 94%] Built target ament_cmake_python_build_beginner_tutorials_egg
[6.963s] [ 97%] [32m[1mLinking CXX executable server_client[0m
[7.235s] [ 97%] Built target server_client
[8.494s] [100%] [32m[1mLinking CXX executable talker[0m
[8.862s] [100%] Built target talker
[8.885s] Invoked command in '/home/sas/ros2_ws/src/beginner_tutorials/build/beginner_tutorials' returned '0': CMAKE_PREFIX_PATH=${CMAKE_PREFIX_PATH}:/opt/ros/humble /usr/bin/cmake --build /home/sas/ros2_ws/src/beginner_tutorials/build/beginner_tutorials -- -j8 -l8
[9.051s] Invoking command in '/home/sas/ros2_ws/src/beginner_tutorials/build/beginner_tutorials': CMAKE_PREFIX_PATH=${CMAKE_PREFIX_PATH}:/opt/ros/humble /usr/bin/cmake --install /home/sas/ros2_ws/src/beginner_tutorials/build/beginner_tutorials
[9.075s] -- Install configuration: ""
[9.075s] -- Up-to-date: /home/sas/ros2_ws/src/beginner_tutorials/install/beginner_tutorials/share/ament_index/resource_index/rosidl_interfaces/beginner_tutorials
[9.075s] -- Up-to-date: /home/sas/ros2_ws/src/beginner_tutorials/install/beginner_tutorials/include/beginner_tutorials/beginner_tutorials
[9.075s] -- Up-to-date: /home/sas/ros2_ws/src/beginner_tutorials/install/beginner_tutorials/include/beginner_tutorials/beginner_tutorials/msg
[9.075s] -- Up-to-date: /home/sas/ros2_ws/src/beginner_tutorials/install/beginner_tutorials/include/beginner_tutorials/beginner_tutorials/msg/rosidl_generator_c__visibility_control.h
[9.075s] -- Up-to-date: /home/sas/ros2_ws/src/beginner_tutorials/install/beginner_tutorials/include/beginner_tutorials/beginner_tutorials/srv
[9.075s] -- Up-to-date: /home/sas/ros2_ws/src/beginner_tutorials/install/beginner_tutorials/include/beginner_tutorials/beginner_tutorials/srv/change_string.h
[9.075s] -- Up-to-date: /home/sas/ros2_ws/src/beginner_tutorials/install/beginner_tutorials/include/beginner_tutorials/beginner_tutorials/srv/detail
[9.076s] -- Up-to-date: /home/sas/ros2_ws/src/beginner_tutorials/install/beginner_tutorials/include/beginner_tutorials/beginner_tutorials/srv/detail/change_string__functions.h
[9.076s] -- Up-to-date: /home/sas/ros2_ws/src/beginner_tutorials/install/beginner_tutorials/include/beginner_tutorials/beginner_tutorials/srv/detail/change_string__type_support.h
[9.076s] -- Up-to-date: /home/sas/ros2_ws/src/beginner_tutorials/install/beginner_tutorials/include/beginner_tutorials/beginner_tutorials/srv/detail/change_string__functions.c
[9.076s] -- Up-to-date: /home/sas/ros2_ws/src/beginner_tutorials/install/beginner_tutorials/include/beginner_tutorials/beginner_tutorials/srv/detail/change_string__struct.h
[9.076s] -- Up-to-date: /home/sas/ros2_ws/src/beginner_tutorials/install/beginner_tutorials/share/beginner_tutorials/environment/library_path.sh
[9.076s] -- Up-to-date: /home/sas/ros2_ws/src/beginner_tutorials/install/beginner_tutorials/share/beginner_tutorials/environment/library_path.dsv
[9.076s] -- Up-to-date: /home/sas/ros2_ws/src/beginner_tutorials/install/beginner_tutorials/lib/libbeginner_tutorials__rosidl_generator_c.so
[9.076s] -- Up-to-date: /home/sas/ros2_ws/src/beginner_tutorials/install/beginner_tutorials/include/beginner_tutorials/beginner_tutorials
[9.076s] -- Up-to-date: /home/sas/ros2_ws/src/beginner_tutorials/install/beginner_tutorials/include/beginner_tutorials/beginner_tutorials/msg
[9.076s] -- Up-to-date: /home/sas/ros2_ws/src/beginner_tutorials/install/beginner_tutorials/include/beginner_tutorials/beginner_tutorials/msg/rosidl_typesupport_fastrtps_c__visibility_control.h
[9.077s] -- Up-to-date: /home/sas/ros2_ws/src/beginner_tutorials/install/beginner_tutorials/include/beginner_tutorials/beginner_tutorials/srv
[9.077s] -- Up-to-date: /home/sas/ros2_ws/src/beginner_tutorials/install/beginner_tutorials/include/beginner_tutorials/beginner_tutorials/srv/detail
[9.077s] -- Up-to-date: /home/sas/ros2_ws/src/beginner_tutorials/install/beginner_tutorials/include/beginner_tutorials/beginner_tutorials/srv/detail/change_string__rosidl_typesupport_fastrtps_c.h
[9.077s] -- Up-to-date: /home/sas/ros2_ws/src/beginner_tutorials/install/beginner_tutorials/lib/libbeginner_tutorials__rosidl_typesupport_fastrtps_c.so
[9.077s] -- Up-to-date: /home/sas/ros2_ws/src/beginner_tutorials/install/beginner_tutorials/include/beginner_tutorials/beginner_tutorials
[9.077s] -- Up-to-date: /home/sas/ros2_ws/src/beginner_tutorials/install/beginner_tutorials/include/beginner_tutorials/beginner_tutorials/srv
[9.078s] -- Up-to-date: /home/sas/ros2_ws/src/beginner_tutorials/install/beginner_tutorials/include/beginner_tutorials/beginner_tutorials/srv/detail
[9.078s] -- Up-to-date: /home/sas/ros2_ws/src/beginner_tutorials/install/beginner_tutorials/include/beginner_tutorials/beginner_tutorials/srv/detail/change_string__traits.hpp
[9.078s] -- Up-to-date: /home/sas/ros2_ws/src/beginner_tutorials/install/beginner_tutorials/include/beginner_tutorials/beginner_tutorials/srv/detail/change_string__builder.hpp
[9.078s] -- Up-to-date: /home/sas/ros2_ws/src/beginner_tutorials/install/beginner_tutorials/include/beginner_tutorials/beginner_tutorials/srv/detail/change_string__struct.hpp
[9.078s] -- Up-to-date: /home/sas/ros2_ws/src/beginner_tutorials/install/beginner_tutorials/include/beginner_tutorials/beginner_tutorials/srv/change_string.hpp
[9.078s] -- Up-to-date: /home/sas/ros2_ws/src/beginner_tutorials/install/beginner_tutorials/include/beginner_tutorials/beginner_tutorials
[9.078s] -- Up-to-date: /home/sas/ros2_ws/src/beginner_tutorials/install/beginner_tutorials/include/beginner_tutorials/beginner_tutorials/msg
[9.078s] -- Up-to-date: /home/sas/ros2_ws/src/beginner_tutorials/install/beginner_tutorials/include/beginner_tutorials/beginner_tutorials/msg/rosidl_typesupport_fastrtps_cpp__visibility_control.h
[9.078s] -- Up-to-date: /home/sas/ros2_ws/src/beginner_tutorials/install/beginner_tutorials/include/beginner_tutorials/beginner_tutorials/srv
[9.078s] -- Up-to-date: /home/sas/ros2_ws/src/beginner_tutorials/install/beginner_tutorials/include/beginner_tutorials/beginner_tutorials/srv/detail
[9.078s] -- Up-to-date: /home/sas/ros2_ws/src/beginner_tutorials/install/beginner_tutorials/include/beginner_tutorials/beginner_tutorials/srv/detail/change_string__rosidl_typesupport_fastrtps_cpp.hpp
[9.079s] -- Up-to-date: /home/sas/ros2_ws/src/beginner_tutorials/install/beginner_tutorials/include/beginner_tutorials/beginner_tutorials/srv/detail/dds_fastrtps
[9.079s] -- Up-to-date: /home/sas/ros2_ws/src/beginner_tutorials/install/beginner_tutorials/lib/libbeginner_tutorials__rosidl_typesupport_fastrtps_cpp.so
[9.079s] -- Up-to-date: /home/sas/ros2_ws/src/beginner_tutorials/install/beginner_tutorials/include/beginner_tutorials/beginner_tutorials
[9.079s] -- Up-to-date: /home/sas/ros2_ws/src/beginner_tutorials/install/beginner_tutorials/include/beginner_tutorials/beginner_tutorials/msg
[9.079s] -- Up-to-date: /home/sas/ros2_ws/src/beginner_tutorials/install/beginner_tutorials/include/beginner_tutorials/beginner_tutorials/msg/rosidl_typesupport_introspection_c__visibility_control.h
[9.079s] -- Up-to-date: /home/sas/ros2_ws/src/beginner_tutorials/install/beginner_tutorials/include/beginner_tutorials/beginner_tutorials/srv
[9.079s] -- Up-to-date: /home/sas/ros2_ws/src/beginner_tutorials/install/beginner_tutorials/include/beginner_tutorials/beginner_tutorials/srv/detail
[9.079s] -- Up-to-date: /home/sas/ros2_ws/src/beginner_tutorials/install/beginner_tutorials/include/beginner_tutorials/beginner_tutorials/srv/detail/change_string__type_support.c
[9.079s] -- Up-to-date: /home/sas/ros2_ws/src/beginner_tutorials/install/beginner_tutorials/include/beginner_tutorials/beginner_tutorials/srv/detail/change_string__rosidl_typesupport_introspection_c.h
[9.079s] -- Up-to-date: /home/sas/ros2_ws/src/beginner_tutorials/install/beginner_tutorials/lib/libbeginner_tutorials__rosidl_typesupport_introspection_c.so
[9.079s] -- Up-to-date: /home/sas/ros2_ws/src/beginner_tutorials/install/beginner_tutorials/lib/libbeginner_tutorials__rosidl_typesupport_c.so
[9.079s] -- Up-to-date: /home/sas/ros2_ws/src/beginner_tutorials/install/beginner_tutorials/include/beginner_tutorials/beginner_tutorials
[9.079s] -- Up-to-date: /home/sas/ros2_ws/src/beginner_tutorials/install/beginner_tutorials/include/beginner_tutorials/beginner_tutorials/srv
[9.080s] -- Up-to-date: /home/sas/ros2_ws/src/beginner_tutorials/install/beginner_tutorials/include/beginner_tutorials/beginner_tutorials/srv/detail
[9.080s] -- Up-to-date: /home/sas/ros2_ws/src/beginner_tutorials/install/beginner_tutorials/include/beginner_tutorials/beginner_tutorials/srv/detail/change_string__type_support.cpp
[9.080s] -- Up-to-date: /home/sas/ros2_ws/src/beginner_tutorials/install/beginner_tutorials/include/beginner_tutorials/beginner_tutorials/srv/detail/change_string__rosidl_typesupport_introspection_cpp.hpp
[9.080s] -- Up-to-date: /home/sas/ros2_ws/src/beginner_tutorials/install/beginner_tutorials/lib/libbeginner_tutorials__rosidl_typesupport_introspection_cpp.so
[9.080s] -- Up-to-date: /home/sas/ros2_ws/src/beginner_tutorials/install/beginner_tutorials/lib/libbeginner_tutorials__rosidl_typesupport_cpp.so
[9.080s] -- Up-to-date: /home/sas/ros2_ws/src/beginner_tutorials/install/beginner_tutorials/share/beginner_tutorials/environment/pythonpath.sh
[9.080s] -- Up-to-date: /home/sas/ros2_ws/src/beginner_tutorials/install/beginner_tutorials/share/beginner_tutorials/environment/pythonpath.dsv
[9.080s] -- Up-to-date: /home/sas/ros2_ws/src/beginner_tutorials/install/beginner_tutorials/local/lib/python3.10/dist-packages/beginner_tutorials-0.0.0-py3.10.egg-info
[9.080s] -- Installing: /home/sas/ros2_ws/src/beginner_tutorials/install/beginner_tutorials/local/lib/python3.10/dist-packages/beginner_tutorials-0.0.0-py3.10.egg-info/SOURCES.txt
[9.080s] -- Installing: /home/sas/ros2_ws/src/beginner_tutorials/install/beginner_tutorials/local/lib/python3.10/dist-packages/beginner_tutorials-0.0.0-py3.10.egg-info/top_level.txt
[9.081s] -- Installing: /home/sas/ros2_ws/src/beginner_tutorials/install/beginner_tutorials/local/lib/python3.10/dist-packages/beginner_tutorials-0.0.0-py3.10.egg-info/dependency_links.txt
[9.081s] -- Installing: /home/sas/ros2_ws/src/beginner_tutorials/install/beginner_tutorials/local/lib/python3.10/dist-packages/beginner_tutorials-0.0.0-py3.10.egg-info/PKG-INFO
[9.081s] -- Up-to-date: /home/sas/ros2_ws/src/beginner_tutorials/install/beginner_tutorials/local/lib/python3.10/dist-packages/beginner_tutorials
[9.081s] -- Up-to-date: /home/sas/ros2_ws/src/beginner_tutorials/install/beginner_tutorials/local/lib/python3.10/dist-packages/beginner_tutorials/_beginner_tutorials_s.ep.rosidl_typesupport_fastrtps_c.c
[9.081s] -- Up-to-date: /home/sas/ros2_ws/src/beginner_tutorials/install/beginner_tutorials/local/lib/python3.10/dist-packages/beginner_tutorials/beginner_tutorials_s__rosidl_typesupport_fastrtps_c.cpython-310-x86_64-linux-gnu.so
[9.081s] -- Up-to-date: /home/sas/ros2_ws/src/beginner_tutorials/install/beginner_tutorials/local/lib/python3.10/dist-packages/beginner_tutorials/beginner_tutorials_s__rosidl_typesupport_introspection_c.cpython-310-x86_64-linux-gnu.so
[9.081s] -- Up-to-date: /home/sas/ros2_ws/src/beginner_tutorials/install/beginner_tutorials/local/lib/python3.10/dist-packages/beginner_tutorials/_beginner_tutorials_s.ep.rosidl_typesupport_introspection_c.c
[9.081s] -- Up-to-date: /home/sas/ros2_ws/src/beginner_tutorials/install/beginner_tutorials/local/lib/python3.10/dist-packages/beginner_tutorials/__init__.py
[9.081s] -- Up-to-date: /home/sas/ros2_ws/src/beginner_tutorials/install/beginner_tutorials/local/lib/python3.10/dist-packages/beginner_tutorials/beginner_tutorials_s__rosidl_typesupport_c.cpython-310-x86_64-linux-gnu.so
[9.081s] -- Up-to-date: /home/sas/ros2_ws/src/beginner_tutorials/install/beginner_tutorials/local/lib/python3.10/dist-packages/beginner_tutorials/libbeginner_tutorials__rosidl_generator_py.so
[9.081s] -- Up-to-date: /home/sas/ros2_ws/src/beginner_tutorials/install/beginner_tutorials/local/lib/python3.10/dist-packages/beginner_tutorials/_beginner_tutorials_s.ep.rosidl_typesupport_c.c
[9.081s] -- Up-to-date: /home/sas/ros2_ws/src/beginner_tutorials/install/beginner_tutorials/local/lib/python3.10/dist-packages/beginner_tutorials/srv
[9.082s] -- Up-to-date: /home/sas/ros2_ws/src/beginner_tutorials/install/beginner_tutorials/local/lib/python3.10/dist-packages/beginner_tutorials/srv/_change_string_s.c
[9.082s] -- Up-to-date: /home/sas/ros2_ws/src/beginner_tutorials/install/beginner_tutorials/local/lib/python3.10/dist-packages/beginner_tutorials/srv/__init__.py
[9.082s] -- Up-to-date: /home/sas/ros2_ws/src/beginner_tutorials/install/beginner_tutorials/local/lib/python3.10/dist-packages/beginner_tutorials/srv/_change_string.py
[9.138s] Listing '/home/sas/ros2_ws/src/beginner_tutorials/install/beginner_tutorials/local/lib/python3.10/dist-packages/beginner_tutorials'...
[9.138s] Listing '/home/sas/ros2_ws/src/beginner_tutorials/install/beginner_tutorials/local/lib/python3.10/dist-packages/beginner_tutorials/srv'...
[9.151s] -- Up-to-date: /home/sas/ros2_ws/src/beginner_tutorials/install/beginner_tutorials/local/lib/python3.10/dist-packages/beginner_tutorials/beginner_tutorials_s__rosidl_typesupport_fastrtps_c.cpython-310-x86_64-linux-gnu.so
[9.152s] -- Up-to-date: /home/sas/ros2_ws/src/beginner_tutorials/install/beginner_tutorials/local/lib/python3.10/dist-packages/beginner_tutorials/beginner_tutorials_s__rosidl_typesupport_introspection_c.cpython-310-x86_64-linux-gnu.so
[9.152s] -- Up-to-date: /home/sas/ros2_ws/src/beginner_tutorials/install/beginner_tutorials/local/lib/python3.10/dist-packages/beginner_tutorials/beginner_tutorials_s__rosidl_typesupport_c.cpython-310-x86_64-linux-gnu.so
[9.152s] -- Up-to-date: /home/sas/ros2_ws/src/beginner_tutorials/install/beginner_tutorials/lib/libbeginner_tutorials__rosidl_generator_py.so
[9.152s] -- Up-to-date: /home/sas/ros2_ws/src/beginner_tutorials/install/beginner_tutorials/share/beginner_tutorials/srv/ChangeString.idl
[9.153s] -- Up-to-date: /home/sas/ros2_ws/src/beginner_tutorials/install/beginner_tutorials/share/beginner_tutorials/srv/ChangeString.srv
[9.153s] -- Up-to-date: /home/sas/ros2_ws/src/beginner_tutorials/install/beginner_tutorials/share/beginner_tutorials/srv/ChangeString_Request.msg
[9.154s] -- Up-to-date: /home/sas/ros2_ws/src/beginner_tutorials/install/beginner_tutorials/share/beginner_tutorials/srv/ChangeString_Response.msg
[9.154s] -- Installing: /home/sas/ros2_ws/src/beginner_tutorials/install/beginner_tutorials/lib/beginner_tutorials/talker
[9.156s] -- Set runtime path of "/home/sas/ros2_ws/src/beginner_tutorials/install/beginner_tutorials/lib/beginner_tutorials/talker" to ""
[9.157s] -- Up-to-date: /home/sas/ros2_ws/src/beginner_tutorials/install/beginner_tutorials/lib/beginner_tutorials/listener
[9.157s] -- Installing: /home/sas/ros2_ws/src/beginner_tutorials/install/beginner_tutorials/lib/beginner_tutorials/server_client
[9.160s] -- Set runtime path of "/home/sas/ros2_ws/src/beginner_tutorials/install/beginner_tutorials/lib/beginner_tutorials/server_client" to ""
[9.160s] -- Up-to-date: /home/sas/ros2_ws/src/beginner_tutorials/install/beginner_tutorials/share/beginner_tutorials/launch
[9.161s] -- Up-to-date: /home/sas/ros2_ws/src/beginner_tutorials/install/beginner_tutorials/share/beginner_tutorials/launch/custom_launch.yaml
[9.161s] -- Up-to-date: /home/sas/ros2_ws/src/beginner_tutorials/install/beginner_tutorials/share/ament_index/resource_index/package_run_dependencies/beginner_tutorials
[9.161s] -- Up-to-date: /home/sas/ros2_ws/src/beginner_tutorials/install/beginner_tutorials/share/ament_index/resource_index/parent_prefix_path/beginner_tutorials
[9.161s] -- Up-to-date: /home/sas/ros2_ws/src/beginner_tutorials/install/beginner_tutorials/share/beginner_tutorials/environment/ament_prefix_path.sh
[9.161s] -- Up-to-date: /home/sas/ros2_ws/src/beginner_tutorials/install/beginner_tutorials/share/beginner_tutorials/environment/ament_prefix_path.dsv
[9.162s] -- Up-to-date: /home/sas/ros2_ws/src/beginner_tutorials/install/beginner_tutorials/share/beginner_tutorials/environment/path.sh
[9.162s] -- Up-to-date: /home/sas/ros2_ws/src/beginner_tutorials/install/beginner_tutorials/share/beginner_tutorials/environment/path.dsv
[9.162s] -- Up-to-date: /home/sas/ros2_ws/src/beginner_tutorials/install/beginner_tutorials/share/beginner_tutorials/local_setup.bash
[9.162s] -- Up-to-date: /home/sas/ros2_ws/src/beginner_tutorials/install/beginner_tutorials/share/beginner_tutorials/local_setup.sh
[9.162s] -- Up-to-date: /home/sas/ros2_ws/src/beginner_tutorials/install/beginner_tutorials/share/beginner_tutorials/local_setup.zsh
[9.163s] -- Up-to-date: /home/sas/ros2_ws/src/beginner_tutorials/install/beginner_tutorials/share/beginner_tutorials/local_setup.dsv
[9.163s] -- Installing: /home/sas/ros2_ws/src/beginner_tutorials/install/beginner_tutorials/share/beginner_tutorials/package.dsv
[9.164s] -- Up-to-date: /home/sas/ros2_ws/src/beginner_tutorials/install/beginner_tutorials/share/ament_index/resource_index/packages/beginner_tutorials
[9.164s] -- Up-to-date: /home/sas/ros2_ws/src/beginner_tutorials/install/beginner_tutorials/share/beginner_tutorials/cmake/export_beginner_tutorials__rosidl_generator_cExport.cmake
[9.165s] -- Up-to-date: /home/sas/ros2_ws/src/beginner_tutorials/install/beginner_tutorials/share/beginner_tutorials/cmake/export_beginner_tutorials__rosidl_generator_cExport-noconfig.cmake
[9.165s] -- Up-to-date: /home/sas/ros2_ws/src/beginner_tutorials/install/beginner_tutorials/share/beginner_tutorials/cmake/export_beginner_tutorials__rosidl_typesupport_fastrtps_cExport.cmake
[9.165s] -- Up-to-date: /home/sas/ros2_ws/src/beginner_tutorials/install/beginner_tutorials/share/beginner_tutorials/cmake/export_beginner_tutorials__rosidl_typesupport_fastrtps_cExport-noconfig.cmake
[9.165s] -- Up-to-date: /home/sas/ros2_ws/src/beginner_tutorials/install/beginner_tutorials/share/beginner_tutorials/cmake/export_beginner_tutorials__rosidl_generator_cppExport.cmake
[9.165s] -- Up-to-date: /home/sas/ros2_ws/src/beginner_tutorials/install/beginner_tutorials/share/beginner_tutorials/cmake/export_beginner_tutorials__rosidl_typesupport_fastrtps_cppExport.cmake
[9.165s] -- Up-to-date: /home/sas/ros2_ws/src/beginner_tutorials/install/beginner_tutorials/share/beginner_tutorials/cmake/export_beginner_tutorials__rosidl_typesupport_fastrtps_cppExport-noconfig.cmake
[9.165s] -- Up-to-date: /home/sas/ros2_ws/src/beginner_tutorials/install/beginner_tutorials/share/beginner_tutorials/cmake/beginner_tutorials__rosidl_typesupport_introspection_cExport.cmake
[9.165s] -- Up-to-date: /home/sas/ros2_ws/src/beginner_tutorials/install/beginner_tutorials/share/beginner_tutorials/cmake/beginner_tutorials__rosidl_typesupport_introspection_cExport-noconfig.cmake
[9.165s] -- Up-to-date: /home/sas/ros2_ws/src/beginner_tutorials/install/beginner_tutorials/share/beginner_tutorials/cmake/beginner_tutorials__rosidl_typesupport_cExport.cmake
[9.166s] -- Up-to-date: /home/sas/ros2_ws/src/beginner_tutorials/install/beginner_tutorials/share/beginner_tutorials/cmake/beginner_tutorials__rosidl_typesupport_cExport-noconfig.cmake
[9.166s] -- Up-to-date: /home/sas/ros2_ws/src/beginner_tutorials/install/beginner_tutorials/share/beginner_tutorials/cmake/beginner_tutorials__rosidl_typesupport_introspection_cppExport.cmake
[9.166s] -- Up-to-date: /home/sas/ros2_ws/src/beginner_tutorials/install/beginner_tutorials/share/beginner_tutorials/cmake/beginner_tutorials__rosidl_typesupport_introspection_cppExport-noconfig.cmake
[9.166s] -- Up-to-date: /home/sas/ros2_ws/src/beginner_tutorials/install/beginner_tutorials/share/beginner_tutorials/cmake/beginner_tutorials__rosidl_typesupport_cppExport.cmake
[9.166s] -- Up-to-date: /home/sas/ros2_ws/src/beginner_tutorials/install/beginner_tutorials/share/beginner_tutorials/cmake/beginner_tutorials__rosidl_typesupport_cppExport-noconfig.cmake
[9.166s] -- Up-to-date: /home/sas/ros2_ws/src/beginner_tutorials/install/beginner_tutorials/share/beginner_tutorials/cmake/export_beginner_tutorials__rosidl_generator_pyExport.cmake
[9.166s] -- Up-to-date: /home/sas/ros2_ws/src/beginner_tutorials/install/beginner_tutorials/share/beginner_tutorials/cmake/export_beginner_tutorials__rosidl_generator_pyExport-noconfig.cmake
[9.166s] -- Up-to-date: /home/sas/ros2_ws/src/beginner_tutorials/install/beginner_tutorials/share/beginner_tutorials/cmake/ament_cmake_export_dependencies-extras.cmake
[9.167s] -- Up-to-date: /home/sas/ros2_ws/src/beginner_tutorials/install/beginner_tutorials/share/beginner_tutorials/cmake/rosidl_cmake-extras.cmake
[9.167s] -- Up-to-date: /home/sas/ros2_ws/src/beginner_tutorials/install/beginner_tutorials/share/beginner_tutorials/cmake/ament_cmake_export_include_directories-extras.cmake
[9.167s] -- Up-to-date: /home/sas/ros2_ws/src/beginner_tutorials/install/beginner_tutorials/share/beginner_tutorials/cmake/ament_cmake_export_libraries-extras.cmake
[9.167s] -- Up-to-date: /home/sas/ros2_ws/src/beginner_tutorials/install/beginner_tutorials/share/beginner_tutorials/cmake/ament_cmake_export_targets-extras.cmake
[9.178s] -- Up-to-date: /home/sas/ros2_ws/src/beginner_tutorials/install/beginner_tutorials/share/beginner_tutorials/cmake/rosidl_cmake_export_typesupport_targets-extras.cmake
[9.178s] -- Up-to-date: /home/sas/ros2_ws/src/beginner_tutorials/install/beginner_tutorials/share/beginner_tutorials/cmake/rosidl_cmake_export_typesupport_libraries-extras.cmake
[9.178s] -- Up-to-date: /home/sas/ros2_ws/src/beginner_tutorials/install/beginner_tutorials/share/beginner_tutorials/cmake/beginner_tutorialsConfig.cmake
[9.179s] -- Up-to-date: /home/sas/ros2_ws/src/beginner_tutorials/install/beginner_tutorials/share/beginner_tutorials/cmake/beginner_tutorialsConfig-version.cmake
[9.179s] -- Up-to-date: /home/sas/ros2_ws/src/beginner_tutorials/install/beginner_tutorials/share/beginner_tutorials/package.xml
[9.179s] Invoked command in '/home/sas/ros2_ws/src/beginner_tutorials/build/beginner_tutorials' returned '0': CMAKE_PREFIX_PATH=${CMAKE_PREFIX_PATH}:/opt/ros/humble /usr/bin/cmake --install /home/sas/ros2_ws/src/beginner_tutorials/build/beginner_tutorials
