[0.277s] Invoking command in '/home/sas/ros2_ws/beginner_tutorials/build/beginner_tutorials': CMAKE_PREFIX_PATH=${CMAKE_PREFIX_PATH}:/opt/ros/humble /usr/bin/cmake --build /home/sas/ros2_ws/beginner_tutorials/build/beginner_tutorials -- -j8 -l8
[0.493s] [  2%] Built target beginner_tutorials__cpp
[0.529s] [  2%] Built target ament_cmake_python_copy_beginner_tutorials
[0.626s] [  9%] Built target beginner_tutorials__rosidl_generator_c
[0.627s] [ 13%] Built target listener
[0.627s] [ 18%] Built target gtest_main
[0.687s] [ 23%] Built target gtest
[0.833s] [ 30%] Built target beginner_tutorials__rosidl_typesupport_cpp
[0.933s] [ 37%] Built target beginner_tutorials__rosidl_typesupport_introspection_c
[1.021s] [ 44%] Built target beginner_tutorials__rosidl_typesupport_c
[1.070s] [ 48%] Built target beginner_tutorials_test
[1.118s] [ 62%] Built target beginner_tutorials__rosidl_typesupport_fastrtps_cpp
[1.118s] [ 55%] Built target beginner_tutorials__rosidl_typesupport_introspection_cpp
[1.243s] [ 69%] Built target beginner_tutorials__rosidl_typesupport_fastrtps_c
[1.303s] [ 69%] Built target beginner_tutorials
[1.390s] [35m[1mConsolidate compiler generated dependencies of target talker[0m
[1.446s] [ 72%] Built target beginner_tutorials__py
[1.447s] [ 76%] Built target server_client
[1.509s] [ 81%] Built target talker
[1.525s] [ 86%] Built target beginner_tutorials__rosidl_generator_py
[1.678s] running egg_info
[1.678s] [ 90%] Built target beginner_tutorials__rosidl_typesupport_fastrtps_c__pyext
[1.678s] writing beginner_tutorials.egg-info/PKG-INFO
[1.678s] [ 95%] Built target beginner_tutorials__rosidl_typesupport_introspection_c__pyext
[1.678s] writing dependency_links to beginner_tutorials.egg-info/dependency_links.txt
[1.725s] [100%] Built target beginner_tutorials__rosidl_typesupport_c__pyext
[1.727s] writing top-level names to beginner_tutorials.egg-info/top_level.txt
[1.727s] reading manifest file 'beginner_tutorials.egg-info/SOURCES.txt'
[1.727s] writing manifest file 'beginner_tutorials.egg-info/SOURCES.txt'
[1.790s] [100%] Built target ament_cmake_python_build_beginner_tutorials_egg
[1.831s] Invoked command in '/home/sas/ros2_ws/beginner_tutorials/build/beginner_tutorials' returned '0': CMAKE_PREFIX_PATH=${CMAKE_PREFIX_PATH}:/opt/ros/humble /usr/bin/cmake --build /home/sas/ros2_ws/beginner_tutorials/build/beginner_tutorials -- -j8 -l8
[2.123s] Invoking command in '/home/sas/ros2_ws/beginner_tutorials/build/beginner_tutorials': CMAKE_PREFIX_PATH=${CMAKE_PREFIX_PATH}:/opt/ros/humble /usr/bin/cmake --install /home/sas/ros2_ws/beginner_tutorials/build/beginner_tutorials
[2.139s] -- Install configuration: ""
[2.139s] -- Up-to-date: /home/sas/ros2_ws/beginner_tutorials/install/beginner_tutorials/share/ament_index/resource_index/rosidl_interfaces/beginner_tutorials
[2.143s] -- Up-to-date: /home/sas/ros2_ws/beginner_tutorials/install/beginner_tutorials/include/beginner_tutorials/beginner_tutorials
[2.144s] -- Up-to-date: /home/sas/ros2_ws/beginner_tutorials/install/beginner_tutorials/include/beginner_tutorials/beginner_tutorials/msg
[2.144s] -- Up-to-date: /home/sas/ros2_ws/beginner_tutorials/install/beginner_tutorials/include/beginner_tutorials/beginner_tutorials/msg/rosidl_generator_c__visibility_control.h
[2.144s] -- Up-to-date: /home/sas/ros2_ws/beginner_tutorials/install/beginner_tutorials/include/beginner_tutorials/beginner_tutorials/srv
[2.145s] -- Up-to-date: /home/sas/ros2_ws/beginner_tutorials/install/beginner_tutorials/include/beginner_tutorials/beginner_tutorials/srv/change_string.h
[2.145s] -- Up-to-date: /home/sas/ros2_ws/beginner_tutorials/install/beginner_tutorials/include/beginner_tutorials/beginner_tutorials/srv/detail
[2.145s] -- Up-to-date: /home/sas/ros2_ws/beginner_tutorials/install/beginner_tutorials/include/beginner_tutorials/beginner_tutorials/srv/detail/custom_service__functions.h
[2.145s] -- Up-to-date: /home/sas/ros2_ws/beginner_tutorials/install/beginner_tutorials/include/beginner_tutorials/beginner_tutorials/srv/detail/change_string__functions.h
[2.145s] -- Up-to-date: /home/sas/ros2_ws/beginner_tutorials/install/beginner_tutorials/include/beginner_tutorials/beginner_tutorials/srv/detail/custom_service__struct.h
[2.145s] -- Up-to-date: /home/sas/ros2_ws/beginner_tutorials/install/beginner_tutorials/include/beginner_tutorials/beginner_tutorials/srv/detail/new_service__functions.h
[2.146s] -- Up-to-date: /home/sas/ros2_ws/beginner_tutorials/install/beginner_tutorials/include/beginner_tutorials/beginner_tutorials/srv/detail/change_string__type_support.h
[2.146s] -- Up-to-date: /home/sas/ros2_ws/beginner_tutorials/install/beginner_tutorials/include/beginner_tutorials/beginner_tutorials/srv/detail/custom_service__functions.c
[2.146s] -- Up-to-date: /home/sas/ros2_ws/beginner_tutorials/install/beginner_tutorials/include/beginner_tutorials/beginner_tutorials/srv/detail/new_service__type_support.h
[2.146s] -- Up-to-date: /home/sas/ros2_ws/beginner_tutorials/install/beginner_tutorials/include/beginner_tutorials/beginner_tutorials/srv/detail/new_service__struct.h
[2.147s] -- Up-to-date: /home/sas/ros2_ws/beginner_tutorials/install/beginner_tutorials/include/beginner_tutorials/beginner_tutorials/srv/detail/change_string__functions.c
[2.159s] -- Up-to-date: /home/sas/ros2_ws/beginner_tutorials/install/beginner_tutorials/include/beginner_tutorials/beginner_tutorials/srv/detail/new_service__functions.c
[2.159s] -- Up-to-date: /home/sas/ros2_ws/beginner_tutorials/install/beginner_tutorials/include/beginner_tutorials/beginner_tutorials/srv/detail/custom_service__type_support.h
[2.162s] -- Up-to-date: /home/sas/ros2_ws/beginner_tutorials/install/beginner_tutorials/include/beginner_tutorials/beginner_tutorials/srv/detail/change_string__struct.h
[2.162s] -- Up-to-date: /home/sas/ros2_ws/beginner_tutorials/install/beginner_tutorials/include/beginner_tutorials/beginner_tutorials/srv/new_service.h
[2.163s] -- Up-to-date: /home/sas/ros2_ws/beginner_tutorials/install/beginner_tutorials/include/beginner_tutorials/beginner_tutorials/srv/custom_service.h
[2.163s] -- Up-to-date: /home/sas/ros2_ws/beginner_tutorials/install/beginner_tutorials/share/beginner_tutorials/environment/library_path.sh
[2.163s] -- Up-to-date: /home/sas/ros2_ws/beginner_tutorials/install/beginner_tutorials/share/beginner_tutorials/environment/library_path.dsv
[2.163s] -- Up-to-date: /home/sas/ros2_ws/beginner_tutorials/install/beginner_tutorials/lib/libbeginner_tutorials__rosidl_generator_c.so
[2.163s] -- Up-to-date: /home/sas/ros2_ws/beginner_tutorials/install/beginner_tutorials/include/beginner_tutorials/beginner_tutorials
[2.163s] -- Up-to-date: /home/sas/ros2_ws/beginner_tutorials/install/beginner_tutorials/include/beginner_tutorials/beginner_tutorials/msg
[2.164s] -- Up-to-date: /home/sas/ros2_ws/beginner_tutorials/install/beginner_tutorials/include/beginner_tutorials/beginner_tutorials/msg/rosidl_typesupport_fastrtps_c__visibility_control.h
[2.164s] -- Up-to-date: /home/sas/ros2_ws/beginner_tutorials/install/beginner_tutorials/include/beginner_tutorials/beginner_tutorials/srv
[2.164s] -- Up-to-date: /home/sas/ros2_ws/beginner_tutorials/install/beginner_tutorials/include/beginner_tutorials/beginner_tutorials/srv/detail
[2.164s] -- Up-to-date: /home/sas/ros2_ws/beginner_tutorials/install/beginner_tutorials/include/beginner_tutorials/beginner_tutorials/srv/detail/custom_service__rosidl_typesupport_fastrtps_c.h
[2.164s] -- Up-to-date: /home/sas/ros2_ws/beginner_tutorials/install/beginner_tutorials/include/beginner_tutorials/beginner_tutorials/srv/detail/change_string__rosidl_typesupport_fastrtps_c.h
[2.164s] -- Up-to-date: /home/sas/ros2_ws/beginner_tutorials/install/beginner_tutorials/include/beginner_tutorials/beginner_tutorials/srv/detail/new_service__rosidl_typesupport_fastrtps_c.h
[2.165s] -- Up-to-date: /home/sas/ros2_ws/beginner_tutorials/install/beginner_tutorials/lib/libbeginner_tutorials__rosidl_typesupport_fastrtps_c.so
[2.165s] -- Up-to-date: /home/sas/ros2_ws/beginner_tutorials/install/beginner_tutorials/include/beginner_tutorials/beginner_tutorials
[2.165s] -- Up-to-date: /home/sas/ros2_ws/beginner_tutorials/install/beginner_tutorials/include/beginner_tutorials/beginner_tutorials/srv
[2.169s] -- Up-to-date: /home/sas/ros2_ws/beginner_tutorials/install/beginner_tutorials/include/beginner_tutorials/beginner_tutorials/srv/custom_service.hpp
[2.170s] -- Up-to-date: /home/sas/ros2_ws/beginner_tutorials/install/beginner_tutorials/include/beginner_tutorials/beginner_tutorials/srv/detail
[2.170s] -- Up-to-date: /home/sas/ros2_ws/beginner_tutorials/install/beginner_tutorials/include/beginner_tutorials/beginner_tutorials/srv/detail/new_service__traits.hpp
[2.186s] -- Up-to-date: /home/sas/ros2_ws/beginner_tutorials/install/beginner_tutorials/include/beginner_tutorials/beginner_tutorials/srv/detail/change_string__traits.hpp
[2.203s] -- Up-to-date: /home/sas/ros2_ws/beginner_tutorials/install/beginner_tutorials/include/beginner_tutorials/beginner_tutorials/srv/detail/custom_service__builder.hpp
[2.204s] -- Up-to-date: /home/sas/ros2_ws/beginner_tutorials/install/beginner_tutorials/include/beginner_tutorials/beginner_tutorials/srv/detail/change_string__builder.hpp
[2.204s] -- Up-to-date: /home/sas/ros2_ws/beginner_tutorials/install/beginner_tutorials/include/beginner_tutorials/beginner_tutorials/srv/detail/new_service__builder.hpp
[2.204s] -- Up-to-date: /home/sas/ros2_ws/beginner_tutorials/install/beginner_tutorials/include/beginner_tutorials/beginner_tutorials/srv/detail/change_string__struct.hpp
[2.204s] -- Up-to-date: /home/sas/ros2_ws/beginner_tutorials/install/beginner_tutorials/include/beginner_tutorials/beginner_tutorials/srv/detail/new_service__struct.hpp
[2.204s] -- Up-to-date: /home/sas/ros2_ws/beginner_tutorials/install/beginner_tutorials/include/beginner_tutorials/beginner_tutorials/srv/detail/custom_service__traits.hpp
[2.205s] -- Up-to-date: /home/sas/ros2_ws/beginner_tutorials/install/beginner_tutorials/include/beginner_tutorials/beginner_tutorials/srv/detail/custom_service__struct.hpp
[2.205s] -- Up-to-date: /home/sas/ros2_ws/beginner_tutorials/install/beginner_tutorials/include/beginner_tutorials/beginner_tutorials/srv/new_service.hpp
[2.205s] -- Up-to-date: /home/sas/ros2_ws/beginner_tutorials/install/beginner_tutorials/include/beginner_tutorials/beginner_tutorials/srv/change_string.hpp
[2.205s] -- Up-to-date: /home/sas/ros2_ws/beginner_tutorials/install/beginner_tutorials/include/beginner_tutorials/beginner_tutorials
[2.205s] -- Up-to-date: /home/sas/ros2_ws/beginner_tutorials/install/beginner_tutorials/include/beginner_tutorials/beginner_tutorials/msg
[2.206s] -- Up-to-date: /home/sas/ros2_ws/beginner_tutorials/install/beginner_tutorials/include/beginner_tutorials/beginner_tutorials/msg/rosidl_typesupport_fastrtps_cpp__visibility_control.h
[2.206s] -- Up-to-date: /home/sas/ros2_ws/beginner_tutorials/install/beginner_tutorials/include/beginner_tutorials/beginner_tutorials/srv
[2.206s] -- Up-to-date: /home/sas/ros2_ws/beginner_tutorials/install/beginner_tutorials/include/beginner_tutorials/beginner_tutorials/srv/detail
[2.206s] -- Up-to-date: /home/sas/ros2_ws/beginner_tutorials/install/beginner_tutorials/include/beginner_tutorials/beginner_tutorials/srv/detail/custom_service__rosidl_typesupport_fastrtps_cpp.hpp
[2.206s] -- Up-to-date: /home/sas/ros2_ws/beginner_tutorials/install/beginner_tutorials/include/beginner_tutorials/beginner_tutorials/srv/detail/new_service__rosidl_typesupport_fastrtps_cpp.hpp
[2.206s] -- Up-to-date: /home/sas/ros2_ws/beginner_tutorials/install/beginner_tutorials/include/beginner_tutorials/beginner_tutorials/srv/detail/change_string__rosidl_typesupport_fastrtps_cpp.hpp
[2.206s] -- Up-to-date: /home/sas/ros2_ws/beginner_tutorials/install/beginner_tutorials/include/beginner_tutorials/beginner_tutorials/srv/detail/dds_fastrtps
[2.207s] -- Up-to-date: /home/sas/ros2_ws/beginner_tutorials/install/beginner_tutorials/lib/libbeginner_tutorials__rosidl_typesupport_fastrtps_cpp.so
[2.207s] -- Up-to-date: /home/sas/ros2_ws/beginner_tutorials/install/beginner_tutorials/include/beginner_tutorials/beginner_tutorials
[2.207s] -- Up-to-date: /home/sas/ros2_ws/beginner_tutorials/install/beginner_tutorials/include/beginner_tutorials/beginner_tutorials/msg
[2.207s] -- Up-to-date: /home/sas/ros2_ws/beginner_tutorials/install/beginner_tutorials/include/beginner_tutorials/beginner_tutorials/msg/rosidl_typesupport_introspection_c__visibility_control.h
[2.207s] -- Up-to-date: /home/sas/ros2_ws/beginner_tutorials/install/beginner_tutorials/include/beginner_tutorials/beginner_tutorials/srv
[2.207s] -- Up-to-date: /home/sas/ros2_ws/beginner_tutorials/install/beginner_tutorials/include/beginner_tutorials/beginner_tutorials/srv/detail
[2.208s] -- Up-to-date: /home/sas/ros2_ws/beginner_tutorials/install/beginner_tutorials/include/beginner_tutorials/beginner_tutorials/srv/detail/change_string__type_support.c
[2.208s] -- Up-to-date: /home/sas/ros2_ws/beginner_tutorials/install/beginner_tutorials/include/beginner_tutorials/beginner_tutorials/srv/detail/new_service__type_support.c
[2.208s] -- Up-to-date: /home/sas/ros2_ws/beginner_tutorials/install/beginner_tutorials/include/beginner_tutorials/beginner_tutorials/srv/detail/change_string__rosidl_typesupport_introspection_c.h
[2.208s] -- Up-to-date: /home/sas/ros2_ws/beginner_tutorials/install/beginner_tutorials/include/beginner_tutorials/beginner_tutorials/srv/detail/new_service__rosidl_typesupport_introspection_c.h
[2.208s] -- Up-to-date: /home/sas/ros2_ws/beginner_tutorials/install/beginner_tutorials/include/beginner_tutorials/beginner_tutorials/srv/detail/custom_service__type_support.c
[2.209s] -- Up-to-date: /home/sas/ros2_ws/beginner_tutorials/install/beginner_tutorials/include/beginner_tutorials/beginner_tutorials/srv/detail/custom_service__rosidl_typesupport_introspection_c.h
[2.209s] -- Up-to-date: /home/sas/ros2_ws/beginner_tutorials/install/beginner_tutorials/lib/libbeginner_tutorials__rosidl_typesupport_introspection_c.so
[2.209s] -- Up-to-date: /home/sas/ros2_ws/beginner_tutorials/install/beginner_tutorials/lib/libbeginner_tutorials__rosidl_typesupport_c.so
[2.209s] -- Up-to-date: /home/sas/ros2_ws/beginner_tutorials/install/beginner_tutorials/include/beginner_tutorials/beginner_tutorials
[2.209s] -- Up-to-date: /home/sas/ros2_ws/beginner_tutorials/install/beginner_tutorials/include/beginner_tutorials/beginner_tutorials/srv
[2.210s] -- Up-to-date: /home/sas/ros2_ws/beginner_tutorials/install/beginner_tutorials/include/beginner_tutorials/beginner_tutorials/srv/detail
[2.210s] -- Up-to-date: /home/sas/ros2_ws/beginner_tutorials/install/beginner_tutorials/include/beginner_tutorials/beginner_tutorials/srv/detail/custom_service__rosidl_typesupport_introspection_cpp.hpp
[2.210s] -- Up-to-date: /home/sas/ros2_ws/beginner_tutorials/install/beginner_tutorials/include/beginner_tutorials/beginner_tutorials/srv/detail/change_string__type_support.cpp
[2.210s] -- Up-to-date: /home/sas/ros2_ws/beginner_tutorials/install/beginner_tutorials/include/beginner_tutorials/beginner_tutorials/srv/detail/change_string__rosidl_typesupport_introspection_cpp.hpp
[2.210s] -- Up-to-date: /home/sas/ros2_ws/beginner_tutorials/install/beginner_tutorials/include/beginner_tutorials/beginner_tutorials/srv/detail/custom_service__type_support.cpp
[2.210s] -- Up-to-date: /home/sas/ros2_ws/beginner_tutorials/install/beginner_tutorials/include/beginner_tutorials/beginner_tutorials/srv/detail/new_service__type_support.cpp
[2.211s] -- Up-to-date: /home/sas/ros2_ws/beginner_tutorials/install/beginner_tutorials/include/beginner_tutorials/beginner_tutorials/srv/detail/new_service__rosidl_typesupport_introspection_cpp.hpp
[2.211s] -- Up-to-date: /home/sas/ros2_ws/beginner_tutorials/install/beginner_tutorials/lib/libbeginner_tutorials__rosidl_typesupport_introspection_cpp.so
[2.211s] -- Up-to-date: /home/sas/ros2_ws/beginner_tutorials/install/beginner_tutorials/lib/libbeginner_tutorials__rosidl_typesupport_cpp.so
[2.211s] -- Up-to-date: /home/sas/ros2_ws/beginner_tutorials/install/beginner_tutorials/share/beginner_tutorials/environment/pythonpath.sh
[2.211s] -- Up-to-date: /home/sas/ros2_ws/beginner_tutorials/install/beginner_tutorials/share/beginner_tutorials/environment/pythonpath.dsv
[2.212s] -- Up-to-date: /home/sas/ros2_ws/beginner_tutorials/install/beginner_tutorials/local/lib/python3.10/dist-packages/beginner_tutorials-0.0.0-py3.10.egg-info
[2.212s] -- Installing: /home/sas/ros2_ws/beginner_tutorials/install/beginner_tutorials/local/lib/python3.10/dist-packages/beginner_tutorials-0.0.0-py3.10.egg-info/SOURCES.txt
[2.212s] -- Installing: /home/sas/ros2_ws/beginner_tutorials/install/beginner_tutorials/local/lib/python3.10/dist-packages/beginner_tutorials-0.0.0-py3.10.egg-info/top_level.txt
[2.212s] -- Installing: /home/sas/ros2_ws/beginner_tutorials/install/beginner_tutorials/local/lib/python3.10/dist-packages/beginner_tutorials-0.0.0-py3.10.egg-info/dependency_links.txt
[2.212s] -- Installing: /home/sas/ros2_ws/beginner_tutorials/install/beginner_tutorials/local/lib/python3.10/dist-packages/beginner_tutorials-0.0.0-py3.10.egg-info/PKG-INFO
[2.212s] -- Up-to-date: /home/sas/ros2_ws/beginner_tutorials/install/beginner_tutorials/local/lib/python3.10/dist-packages/beginner_tutorials
[2.213s] -- Up-to-date: /home/sas/ros2_ws/beginner_tutorials/install/beginner_tutorials/local/lib/python3.10/dist-packages/beginner_tutorials/_beginner_tutorials_s.ep.rosidl_typesupport_fastrtps_c.c
[2.213s] -- Up-to-date: /home/sas/ros2_ws/beginner_tutorials/install/beginner_tutorials/local/lib/python3.10/dist-packages/beginner_tutorials/beginner_tutorials_s__rosidl_typesupport_fastrtps_c.cpython-310-x86_64-linux-gnu.so
[2.213s] -- Up-to-date: /home/sas/ros2_ws/beginner_tutorials/install/beginner_tutorials/local/lib/python3.10/dist-packages/beginner_tutorials/beginner_tutorials_s__rosidl_typesupport_introspection_c.cpython-310-x86_64-linux-gnu.so
[2.213s] -- Up-to-date: /home/sas/ros2_ws/beginner_tutorials/install/beginner_tutorials/local/lib/python3.10/dist-packages/beginner_tutorials/_beginner_tutorials_s.ep.rosidl_typesupport_introspection_c.c
[2.214s] -- Up-to-date: /home/sas/ros2_ws/beginner_tutorials/install/beginner_tutorials/local/lib/python3.10/dist-packages/beginner_tutorials/__init__.py
[2.214s] -- Up-to-date: /home/sas/ros2_ws/beginner_tutorials/install/beginner_tutorials/local/lib/python3.10/dist-packages/beginner_tutorials/beginner_tutorials_s__rosidl_typesupport_c.cpython-310-x86_64-linux-gnu.so
[2.214s] -- Up-to-date: /home/sas/ros2_ws/beginner_tutorials/install/beginner_tutorials/local/lib/python3.10/dist-packages/beginner_tutorials/libbeginner_tutorials__rosidl_generator_py.so
[2.214s] -- Up-to-date: /home/sas/ros2_ws/beginner_tutorials/install/beginner_tutorials/local/lib/python3.10/dist-packages/beginner_tutorials/_beginner_tutorials_s.ep.rosidl_typesupport_c.c
[2.215s] -- Up-to-date: /home/sas/ros2_ws/beginner_tutorials/install/beginner_tutorials/local/lib/python3.10/dist-packages/beginner_tutorials/srv
[2.215s] -- Up-to-date: /home/sas/ros2_ws/beginner_tutorials/install/beginner_tutorials/local/lib/python3.10/dist-packages/beginner_tutorials/srv/_change_string_s.c
[2.215s] -- Up-to-date: /home/sas/ros2_ws/beginner_tutorials/install/beginner_tutorials/local/lib/python3.10/dist-packages/beginner_tutorials/srv/__init__.py
[2.215s] -- Up-to-date: /home/sas/ros2_ws/beginner_tutorials/install/beginner_tutorials/local/lib/python3.10/dist-packages/beginner_tutorials/srv/_new_service.py
[2.215s] -- Up-to-date: /home/sas/ros2_ws/beginner_tutorials/install/beginner_tutorials/local/lib/python3.10/dist-packages/beginner_tutorials/srv/_custom_service.py
[2.216s] -- Up-to-date: /home/sas/ros2_ws/beginner_tutorials/install/beginner_tutorials/local/lib/python3.10/dist-packages/beginner_tutorials/srv/_custom_service_s.c
[2.216s] -- Up-to-date: /home/sas/ros2_ws/beginner_tutorials/install/beginner_tutorials/local/lib/python3.10/dist-packages/beginner_tutorials/srv/_new_service_s.c
[2.216s] -- Up-to-date: /home/sas/ros2_ws/beginner_tutorials/install/beginner_tutorials/local/lib/python3.10/dist-packages/beginner_tutorials/srv/_change_string.py
[2.280s] Listing '/home/sas/ros2_ws/beginner_tutorials/install/beginner_tutorials/local/lib/python3.10/dist-packages/beginner_tutorials'...
[2.281s] Listing '/home/sas/ros2_ws/beginner_tutorials/install/beginner_tutorials/local/lib/python3.10/dist-packages/beginner_tutorials/srv'...
[2.293s] -- Up-to-date: /home/sas/ros2_ws/beginner_tutorials/install/beginner_tutorials/local/lib/python3.10/dist-packages/beginner_tutorials/beginner_tutorials_s__rosidl_typesupport_fastrtps_c.cpython-310-x86_64-linux-gnu.so
[2.293s] -- Up-to-date: /home/sas/ros2_ws/beginner_tutorials/install/beginner_tutorials/local/lib/python3.10/dist-packages/beginner_tutorials/beginner_tutorials_s__rosidl_typesupport_introspection_c.cpython-310-x86_64-linux-gnu.so
[2.293s] -- Up-to-date: /home/sas/ros2_ws/beginner_tutorials/install/beginner_tutorials/local/lib/python3.10/dist-packages/beginner_tutorials/beginner_tutorials_s__rosidl_typesupport_c.cpython-310-x86_64-linux-gnu.so
[2.293s] -- Up-to-date: /home/sas/ros2_ws/beginner_tutorials/install/beginner_tutorials/lib/libbeginner_tutorials__rosidl_generator_py.so
[2.293s] -- Up-to-date: /home/sas/ros2_ws/beginner_tutorials/install/beginner_tutorials/share/beginner_tutorials/srv/ChangeString.idl
[2.293s] -- Up-to-date: /home/sas/ros2_ws/beginner_tutorials/install/beginner_tutorials/share/beginner_tutorials/srv/ChangeString.srv
[2.294s] -- Up-to-date: /home/sas/ros2_ws/beginner_tutorials/install/beginner_tutorials/share/beginner_tutorials/srv/ChangeString_Request.msg
[2.294s] -- Up-to-date: /home/sas/ros2_ws/beginner_tutorials/install/beginner_tutorials/share/beginner_tutorials/srv/ChangeString_Response.msg
[2.294s] -- Up-to-date: /home/sas/ros2_ws/beginner_tutorials/install/beginner_tutorials/lib/beginner_tutorials/talker
[2.294s] -- Up-to-date: /home/sas/ros2_ws/beginner_tutorials/install/beginner_tutorials/lib/beginner_tutorials/listener
[2.294s] -- Up-to-date: /home/sas/ros2_ws/beginner_tutorials/install/beginner_tutorials/lib/beginner_tutorials/server_client
[2.294s] -- Up-to-date: /home/sas/ros2_ws/beginner_tutorials/install/beginner_tutorials/share/beginner_tutorials/launch
[2.295s] -- Up-to-date: /home/sas/ros2_ws/beginner_tutorials/install/beginner_tutorials/share/beginner_tutorials/launch/custom_launch.yaml
[2.295s] -- Up-to-date: /home/sas/ros2_ws/beginner_tutorials/install/beginner_tutorials/share/beginner_tutorials/launch/launch.py
[2.295s] -- Up-to-date: /home/sas/ros2_ws/beginner_tutorials/install/beginner_tutorials/share/beginner_tutorials/launch/bag_recorder.launch.py
[2.295s] -- Up-to-date: /home/sas/ros2_ws/beginner_tutorials/install/beginner_tutorials/lib/beginner_tutorials/beginner_tutorials_test
[2.329s] Invoked command in '/home/sas/ros2_ws/beginner_tutorials/build/beginner_tutorials' returned '0': CMAKE_PREFIX_PATH=${CMAKE_PREFIX_PATH}:/opt/ros/humble /usr/bin/cmake --install /home/sas/ros2_ws/beginner_tutorials/build/beginner_tutorials
