[3.010s] DEBUG:colcon:Command line arguments: ['/usr/bin/colcon', 'build', '--packages-select', 'beginner_tutorials']
[3.010s] DEBUG:colcon:Parsed command line arguments: Namespace(log_base=None, log_level=None, verb_name='build', build_base='build', install_base='install', merge_install=False, symlink_install=False, test_result_base=None, continue_on_error=False, executor='parallel', parallel_workers=8, event_handlers=None, ignore_user_meta=False, metas=['./colcon.meta'], base_paths=['.'], packages_ignore=None, packages_ignore_regex=None, paths=None, packages_up_to=None, packages_up_to_regex=None, packages_above=None, packages_above_and_dependencies=None, packages_above_depth=None, packages_select_by_dep=None, packages_skip_by_dep=None, packages_skip_up_to=None, packages_select_build_failed=False, packages_skip_build_finished=False, packages_select_test_failures=False, packages_skip_test_passed=False, packages_select=['beginner_tutorials'], packages_skip=None, packages_select_regex=None, packages_skip_regex=None, packages_start=None, packages_end=None, allow_overriding=[], cmake_args=None, cmake_target=None, cmake_target_skip_unavailable=False, cmake_clean_cache=False, cmake_clean_first=False, cmake_force_configure=False, ament_cmake_args=None, catkin_cmake_args=None, catkin_skip_building_tests=False, verb_parser=<colcon_defaults.argument_parser.defaults.DefaultArgumentsDecorator object at 0x7f65fcf2db10>, verb_extension=<colcon_core.verb.build.BuildVerb object at 0x7f65fcf2f250>, main=<bound method BuildVerb.main of <colcon_core.verb.build.BuildVerb object at 0x7f65fcf2f250>>)
[3.146s] Level 1:colcon.colcon_core.package_discovery:discover_packages(colcon_meta) check parameters
[3.147s] Level 1:colcon.colcon_core.package_discovery:discover_packages(recursive) check parameters
[3.147s] Level 1:colcon.colcon_core.package_discovery:discover_packages(ignore) check parameters
[3.147s] Level 1:colcon.colcon_core.package_discovery:discover_packages(path) check parameters
[3.147s] Level 1:colcon.colcon_core.package_discovery:discover_packages(colcon_meta) discover
[3.147s] Level 1:colcon.colcon_core.package_discovery:discover_packages(recursive) discover
[3.147s] INFO:colcon.colcon_core.package_discovery:Crawling recursively for packages in '/home/sas/ros2_ws/src/beginner_tutorials'
[3.148s] Level 1:colcon.colcon_core.package_identification:_identify(.) by extensions ['ignore', 'ignore_ament_install']
[3.148s] Level 1:colcon.colcon_core.package_identification:_identify(.) by extension 'ignore'
[3.148s] Level 1:colcon.colcon_core.package_identification:_identify(.) by extension 'ignore_ament_install'
[3.148s] Level 1:colcon.colcon_core.package_identification:_identify(.) by extensions ['colcon_pkg']
[3.149s] Level 1:colcon.colcon_core.package_identification:_identify(.) by extension 'colcon_pkg'
[3.149s] Level 1:colcon.colcon_core.package_identification:_identify(.) by extensions ['colcon_meta']
[3.149s] Level 1:colcon.colcon_core.package_identification:_identify(.) by extension 'colcon_meta'
[3.149s] Level 1:colcon.colcon_core.package_identification:_identify(.) by extensions ['ros']
[3.149s] Level 1:colcon.colcon_core.package_identification:_identify(.) by extension 'ros'
[3.183s] DEBUG:colcon.colcon_core.package_identification:Package '.' with type 'ros.ament_cmake' and name 'beginner_tutorials'
[3.183s] Level 1:colcon.colcon_core.package_discovery:discover_packages(recursive) using defaults
[3.183s] Level 1:colcon.colcon_core.package_discovery:discover_packages(ignore) discover
[3.183s] Level 1:colcon.colcon_core.package_discovery:discover_packages(ignore) using defaults
[3.183s] Level 1:colcon.colcon_core.package_discovery:discover_packages(path) discover
[3.183s] Level 1:colcon.colcon_core.package_discovery:discover_packages(path) using defaults
[3.522s] Level 1:colcon.colcon_core.package_discovery:discover_packages(prefix_path) check parameters
[3.522s] Level 1:colcon.colcon_core.package_discovery:discover_packages(prefix_path) discover
[3.610s] DEBUG:colcon.colcon_installed_package_information.package_discovery:Found 284 installed packages in /opt/ros/humble
[3.615s] Level 1:colcon.colcon_core.package_discovery:discover_packages(prefix_path) using defaults
[3.953s] Level 5:colcon.colcon_core.verb:set package 'beginner_tutorials' build argument 'cmake_args' from command line to 'None'
[3.953s] Level 5:colcon.colcon_core.verb:set package 'beginner_tutorials' build argument 'cmake_target' from command line to 'None'
[3.954s] Level 5:colcon.colcon_core.verb:set package 'beginner_tutorials' build argument 'cmake_target_skip_unavailable' from command line to 'False'
[3.954s] Level 5:colcon.colcon_core.verb:set package 'beginner_tutorials' build argument 'cmake_clean_cache' from command line to 'False'
[3.954s] Level 5:colcon.colcon_core.verb:set package 'beginner_tutorials' build argument 'cmake_clean_first' from command line to 'False'
[3.954s] Level 5:colcon.colcon_core.verb:set package 'beginner_tutorials' build argument 'cmake_force_configure' from command line to 'False'
[3.954s] Level 5:colcon.colcon_core.verb:set package 'beginner_tutorials' build argument 'ament_cmake_args' from command line to 'None'
[3.954s] Level 5:colcon.colcon_core.verb:set package 'beginner_tutorials' build argument 'catkin_cmake_args' from command line to 'None'
[3.954s] Level 5:colcon.colcon_core.verb:set package 'beginner_tutorials' build argument 'catkin_skip_building_tests' from command line to 'False'
[3.954s] DEBUG:colcon.colcon_core.verb:Building package 'beginner_tutorials' with the following arguments: {'ament_cmake_args': None, 'build_base': '/home/sas/ros2_ws/src/beginner_tutorials/build/beginner_tutorials', 'catkin_cmake_args': None, 'catkin_skip_building_tests': False, 'cmake_args': None, 'cmake_clean_cache': False, 'cmake_clean_first': False, 'cmake_force_configure': False, 'cmake_target': None, 'cmake_target_skip_unavailable': False, 'install_base': '/home/sas/ros2_ws/src/beginner_tutorials/install/beginner_tutorials', 'merge_install': False, 'path': '/home/sas/ros2_ws/src/beginner_tutorials', 'symlink_install': False, 'test_result_base': None}
[4.010s] INFO:colcon.colcon_core.executor:Executing jobs using 'parallel' executor
[4.056s] DEBUG:colcon.colcon_parallel_executor.executor.parallel:run_until_complete
[4.056s] INFO:colcon.colcon_ros.task.ament_cmake.build:Building ROS package in '/home/sas/ros2_ws/src/beginner_tutorials' with build type 'ament_cmake'
[4.056s] INFO:colcon.colcon_cmake.task.cmake.build:Building CMake package in '/home/sas/ros2_ws/src/beginner_tutorials'
[4.107s] INFO:colcon.colcon_core.plugin_system:Skipping extension 'colcon_core.shell.bat': Not used on non-Windows systems
[4.108s] INFO:colcon.colcon_core.shell:Skip shell extension 'powershell' for command environment: Not usable outside of PowerShell
[4.109s] DEBUG:colcon.colcon_core.shell:Skip shell extension 'dsv' for command environment
[4.263s] DEBUG:colcon.colcon_core.event_handler.log_command:Invoking command in '/home/sas/ros2_ws/src/beginner_tutorials/build/beginner_tutorials': CMAKE_PREFIX_PATH=/opt/ros/humble /usr/bin/cmake /home/sas/ros2_ws/src/beginner_tutorials -DCMAKE_INSTALL_PREFIX=/home/sas/ros2_ws/src/beginner_tutorials/install/beginner_tutorials
[8.865s] DEBUG:colcon.colcon_core.event_handler.log_command:Invoked command in '/home/sas/ros2_ws/src/beginner_tutorials/build/beginner_tutorials' returned '0': CMAKE_PREFIX_PATH=/opt/ros/humble /usr/bin/cmake /home/sas/ros2_ws/src/beginner_tutorials -DCMAKE_INSTALL_PREFIX=/home/sas/ros2_ws/src/beginner_tutorials/install/beginner_tutorials
[8.866s] DEBUG:colcon.colcon_core.event_handler.log_command:Invoking command in '/home/sas/ros2_ws/src/beginner_tutorials/build/beginner_tutorials': CMAKE_PREFIX_PATH=/opt/ros/humble /usr/bin/cmake --build /home/sas/ros2_ws/src/beginner_tutorials/build/beginner_tutorials -- -j8 -l8
[47.904s] DEBUG:colcon.colcon_core.event_handler.log_command:Invoked command in '/home/sas/ros2_ws/src/beginner_tutorials/build/beginner_tutorials' returned '0': CMAKE_PREFIX_PATH=/opt/ros/humble /usr/bin/cmake --build /home/sas/ros2_ws/src/beginner_tutorials/build/beginner_tutorials -- -j8 -l8
[48.150s] DEBUG:colcon.colcon_core.event_handler.log_command:Invoking command in '/home/sas/ros2_ws/src/beginner_tutorials/build/beginner_tutorials': CMAKE_PREFIX_PATH=/opt/ros/humble /usr/bin/cmake --install /home/sas/ros2_ws/src/beginner_tutorials/build/beginner_tutorials
[48.353s] Level 1:colcon.colcon_core.environment:create_environment_scripts_only(beginner_tutorials)
[48.416s] DEBUG:colcon.colcon_core.event_handler.log_command:Invoked command in '/home/sas/ros2_ws/src/beginner_tutorials/build/beginner_tutorials' returned '0': CMAKE_PREFIX_PATH=/opt/ros/humble /usr/bin/cmake --install /home/sas/ros2_ws/src/beginner_tutorials/build/beginner_tutorials
[48.429s] Level 1:colcon.colcon_core.environment:checking '/home/sas/ros2_ws/src/beginner_tutorials/install/beginner_tutorials' for CMake module files
[48.430s] Level 1:colcon.colcon_core.environment:checking '/home/sas/ros2_ws/src/beginner_tutorials/install/beginner_tutorials' for CMake config files
[48.431s] Level 1:colcon.colcon_core.shell:create_environment_hook('beginner_tutorials', 'cmake_prefix_path')
[48.493s] INFO:colcon.colcon_core.shell:Creating environment hook '/home/sas/ros2_ws/src/beginner_tutorials/install/beginner_tutorials/share/beginner_tutorials/hook/cmake_prefix_path.ps1'
[48.501s] INFO:colcon.colcon_core.shell:Creating environment descriptor '/home/sas/ros2_ws/src/beginner_tutorials/install/beginner_tutorials/share/beginner_tutorials/hook/cmake_prefix_path.dsv'
[48.531s] INFO:colcon.colcon_core.shell:Creating environment hook '/home/sas/ros2_ws/src/beginner_tutorials/install/beginner_tutorials/share/beginner_tutorials/hook/cmake_prefix_path.sh'
[48.536s] Level 1:colcon.colcon_core.environment:checking '/home/sas/ros2_ws/src/beginner_tutorials/install/beginner_tutorials/lib'
[48.536s] Level 1:colcon.colcon_core.shell:create_environment_hook('beginner_tutorials', 'ld_library_path_lib')
[48.565s] INFO:colcon.colcon_core.shell:Creating environment hook '/home/sas/ros2_ws/src/beginner_tutorials/install/beginner_tutorials/share/beginner_tutorials/hook/ld_library_path_lib.ps1'
[48.566s] INFO:colcon.colcon_core.shell:Creating environment descriptor '/home/sas/ros2_ws/src/beginner_tutorials/install/beginner_tutorials/share/beginner_tutorials/hook/ld_library_path_lib.dsv'
[48.566s] INFO:colcon.colcon_core.shell:Creating environment hook '/home/sas/ros2_ws/src/beginner_tutorials/install/beginner_tutorials/share/beginner_tutorials/hook/ld_library_path_lib.sh'
[48.567s] Level 1:colcon.colcon_core.environment:checking '/home/sas/ros2_ws/src/beginner_tutorials/install/beginner_tutorials/bin'
[48.567s] Level 1:colcon.colcon_core.environment:checking '/home/sas/ros2_ws/src/beginner_tutorials/install/beginner_tutorials/lib/pkgconfig/beginner_tutorials.pc'
[48.568s] Level 1:colcon.colcon_core.environment:checking '/home/sas/ros2_ws/src/beginner_tutorials/install/beginner_tutorials/lib/python3.10/site-packages'
[48.568s] Level 1:colcon.colcon_core.environment:checking '/home/sas/ros2_ws/src/beginner_tutorials/install/beginner_tutorials/bin'
[48.610s] INFO:colcon.colcon_core.shell:Creating package script '/home/sas/ros2_ws/src/beginner_tutorials/install/beginner_tutorials/share/beginner_tutorials/package.ps1'
[48.613s] INFO:colcon.colcon_core.shell:Creating package descriptor '/home/sas/ros2_ws/src/beginner_tutorials/install/beginner_tutorials/share/beginner_tutorials/package.dsv'
[48.670s] INFO:colcon.colcon_core.shell:Creating package script '/home/sas/ros2_ws/src/beginner_tutorials/install/beginner_tutorials/share/beginner_tutorials/package.sh'
[48.673s] INFO:colcon.colcon_core.shell:Creating package script '/home/sas/ros2_ws/src/beginner_tutorials/install/beginner_tutorials/share/beginner_tutorials/package.bash'
[48.675s] INFO:colcon.colcon_core.shell:Creating package script '/home/sas/ros2_ws/src/beginner_tutorials/install/beginner_tutorials/share/beginner_tutorials/package.zsh'
[48.676s] Level 1:colcon.colcon_core.environment:create_file_with_runtime_dependencies(/home/sas/ros2_ws/src/beginner_tutorials/install/beginner_tutorials/share/colcon-core/packages/beginner_tutorials)
[49.389s] Level 1:colcon.colcon_core.environment:create_environment_scripts_only(beginner_tutorials)
[49.426s] Level 1:colcon.colcon_core.environment:checking '/home/sas/ros2_ws/src/beginner_tutorials/install/beginner_tutorials' for CMake module files
[49.430s] Level 1:colcon.colcon_core.environment:checking '/home/sas/ros2_ws/src/beginner_tutorials/install/beginner_tutorials' for CMake config files
[49.431s] Level 1:colcon.colcon_core.shell:create_environment_hook('beginner_tutorials', 'cmake_prefix_path')
[49.479s] INFO:colcon.colcon_core.shell:Creating environment hook '/home/sas/ros2_ws/src/beginner_tutorials/install/beginner_tutorials/share/beginner_tutorials/hook/cmake_prefix_path.ps1'
[49.481s] INFO:colcon.colcon_core.shell:Creating environment descriptor '/home/sas/ros2_ws/src/beginner_tutorials/install/beginner_tutorials/share/beginner_tutorials/hook/cmake_prefix_path.dsv'
[49.482s] INFO:colcon.colcon_core.shell:Creating environment hook '/home/sas/ros2_ws/src/beginner_tutorials/install/beginner_tutorials/share/beginner_tutorials/hook/cmake_prefix_path.sh'
[49.483s] Level 1:colcon.colcon_core.environment:checking '/home/sas/ros2_ws/src/beginner_tutorials/install/beginner_tutorials/lib'
[49.483s] Level 1:colcon.colcon_core.shell:create_environment_hook('beginner_tutorials', 'ld_library_path_lib')
[49.519s] INFO:colcon.colcon_core.shell:Creating environment hook '/home/sas/ros2_ws/src/beginner_tutorials/install/beginner_tutorials/share/beginner_tutorials/hook/ld_library_path_lib.ps1'
[49.519s] INFO:colcon.colcon_core.shell:Creating environment descriptor '/home/sas/ros2_ws/src/beginner_tutorials/install/beginner_tutorials/share/beginner_tutorials/hook/ld_library_path_lib.dsv'
[49.520s] INFO:colcon.colcon_core.shell:Creating environment hook '/home/sas/ros2_ws/src/beginner_tutorials/install/beginner_tutorials/share/beginner_tutorials/hook/ld_library_path_lib.sh'
[49.521s] Level 1:colcon.colcon_core.environment:checking '/home/sas/ros2_ws/src/beginner_tutorials/install/beginner_tutorials/bin'
[49.521s] Level 1:colcon.colcon_core.environment:checking '/home/sas/ros2_ws/src/beginner_tutorials/install/beginner_tutorials/lib/pkgconfig/beginner_tutorials.pc'
[49.521s] Level 1:colcon.colcon_core.environment:checking '/home/sas/ros2_ws/src/beginner_tutorials/install/beginner_tutorials/lib/python3.10/site-packages'
[49.522s] Level 1:colcon.colcon_core.environment:checking '/home/sas/ros2_ws/src/beginner_tutorials/install/beginner_tutorials/bin'
[49.544s] INFO:colcon.colcon_core.shell:Creating package script '/home/sas/ros2_ws/src/beginner_tutorials/install/beginner_tutorials/share/beginner_tutorials/package.ps1'
[49.545s] INFO:colcon.colcon_core.shell:Creating package descriptor '/home/sas/ros2_ws/src/beginner_tutorials/install/beginner_tutorials/share/beginner_tutorials/package.dsv'
[49.546s] INFO:colcon.colcon_core.shell:Creating package script '/home/sas/ros2_ws/src/beginner_tutorials/install/beginner_tutorials/share/beginner_tutorials/package.sh'
[49.547s] INFO:colcon.colcon_core.shell:Creating package script '/home/sas/ros2_ws/src/beginner_tutorials/install/beginner_tutorials/share/beginner_tutorials/package.bash'
[49.547s] INFO:colcon.colcon_core.shell:Creating package script '/home/sas/ros2_ws/src/beginner_tutorials/install/beginner_tutorials/share/beginner_tutorials/package.zsh'
[49.548s] Level 1:colcon.colcon_core.environment:create_file_with_runtime_dependencies(/home/sas/ros2_ws/src/beginner_tutorials/install/beginner_tutorials/share/colcon-core/packages/beginner_tutorials)
[49.552s] DEBUG:colcon.colcon_parallel_executor.executor.parallel:closing loop
[49.552s] DEBUG:colcon.colcon_parallel_executor.executor.parallel:loop closed
[49.553s] DEBUG:colcon.colcon_parallel_executor.executor.parallel:run_until_complete finished with '0'
[49.553s] DEBUG:colcon.colcon_core.event_reactor:joining thread
[49.632s] INFO:colcon.colcon_core.plugin_system:Skipping extension 'colcon_notification.desktop_notification.terminal_notifier': Not used on non-Darwin systems
[49.632s] INFO:colcon.colcon_core.plugin_system:Skipping extension 'colcon_notification.desktop_notification.win32': Not used on non-Windows systems
[49.632s] INFO:colcon.colcon_notification.desktop_notification:Sending desktop notification using 'notify2'
[49.680s] DEBUG:colcon.colcon_core.event_reactor:joined thread
[49.730s] INFO:colcon.colcon_core.shell:Creating prefix script '/home/sas/ros2_ws/src/beginner_tutorials/install/local_setup.ps1'
[49.737s] INFO:colcon.colcon_core.shell:Creating prefix util module '/home/sas/ros2_ws/src/beginner_tutorials/install/_local_setup_util_ps1.py'
[49.741s] INFO:colcon.colcon_core.shell:Creating prefix chain script '/home/sas/ros2_ws/src/beginner_tutorials/install/setup.ps1'
[49.822s] INFO:colcon.colcon_core.shell:Creating prefix script '/home/sas/ros2_ws/src/beginner_tutorials/install/local_setup.sh'
[49.825s] INFO:colcon.colcon_core.shell:Creating prefix util module '/home/sas/ros2_ws/src/beginner_tutorials/install/_local_setup_util_sh.py'
[49.826s] INFO:colcon.colcon_core.shell:Creating prefix chain script '/home/sas/ros2_ws/src/beginner_tutorials/install/setup.sh'
[49.877s] INFO:colcon.colcon_core.shell:Creating prefix script '/home/sas/ros2_ws/src/beginner_tutorials/install/local_setup.bash'
[49.880s] INFO:colcon.colcon_core.shell:Creating prefix chain script '/home/sas/ros2_ws/src/beginner_tutorials/install/setup.bash'
[49.933s] INFO:colcon.colcon_core.shell:Creating prefix script '/home/sas/ros2_ws/src/beginner_tutorials/install/local_setup.zsh'
[49.933s] INFO:colcon.colcon_core.shell:Creating prefix chain script '/home/sas/ros2_ws/src/beginner_tutorials/install/setup.zsh'
