[  2%] Built target beginner_tutorials__cpp
[ 10%] Built target beginner_tutorials__rosidl_generator_c
[ 10%] Built target ament_cmake_python_copy_beginner_tutorials
[ 18%] Built target beginner_tutorials__rosidl_typesupport_fastrtps_cpp
[ 27%] Built target beginner_tutorials__rosidl_typesupport_introspection_c
[ 40%] Built target beginner_tutorials__rosidl_typesupport_introspection_cpp
[ 45%] Built target beginner_tutorials__rosidl_typesupport_cpp
[ 51%] Built target beginner_tutorials__rosidl_typesupport_c
[ 59%] Built target beginner_tutorials__rosidl_typesupport_fastrtps_c
[ 64%] Built target listener
[ 64%] Built target beginner_tutorials
[ 67%] [32mBuilding CXX object CMakeFiles/talker.dir/src/publisher.cpp.o[0m
[ 70%] Built target beginner_tutorials__py
[ 75%] Built target server_client
[ 81%] Built target beginner_tutorials__rosidl_generator_py
[ 86%] Built target beginner_tutorials__rosidl_typesupport_c__pyext
[ 91%] Built target beginner_tutorials__rosidl_typesupport_introspection_c__pyext
running egg_info
[ 97%] Built target beginner_tutorials__rosidl_typesupport_fastrtps_c__pyext
writing beginner_tutorials.egg-info/PKG-INFO
writing dependency_links to beginner_tutorials.egg-info/dependency_links.txt
writing top-level names to beginner_tutorials.egg-info/top_level.txt
reading manifest file 'beginner_tutorials.egg-info/SOURCES.txt'
writing manifest file 'beginner_tutorials.egg-info/SOURCES.txt'
[ 97%] Built target ament_cmake_python_build_beginner_tutorials_egg
