[0.248s] Invoking command in '/home/sas/ros2_ws/beginner_tutorials/build/beginner_tutorials': CMAKE_PREFIX_PATH=${CMAKE_PREFIX_PATH}:/opt/ros/humble /usr/bin/cmake --build /home/sas/ros2_ws/beginner_tutorials/build/beginner_tutorials -- -j8 -l8
[0.395s] [  4%] Built target gtest
[0.464s] [ 12%] Built target beginner_tutorials__cpp
[0.465s] [ 19%] Built target gtest_main
[0.469s] [ 19%] Built target beginner_tutorials__rosidl_generator_c
[0.537s] [ 19%] Built target ament_cmake_python_copy_beginner_tutorials
[0.647s] [ 26%] Built target beginner_tutorials__rosidl_typesupport_cpp
[0.647s] [ 34%] Built target beginner_tutorials__rosidl_typesupport_fastrtps_cpp
[0.702s] [ 41%] Built target beginner_tutorials__rosidl_typesupport_c
[0.813s] [ 48%] Built target beginner_tutorials__rosidl_typesupport_introspection_c
[0.867s] [35m[1mConsolidate compiler generated dependencies of target talker[0m
[0.950s] [ 58%] Built target beginner_tutorials__rosidl_typesupport_fastrtps_c
[1.021s] [ 68%] Built target beginner_tutorials__rosidl_typesupport_introspection_cpp
[1.021s] [ 70%] Built target listener
[1.022s] [ 73%] Built target beginner_tutorials_test
[1.081s] [ 75%] [32mBuilding CXX object CMakeFiles/talker.dir/src/publisher.cpp.o[0m
[1.114s] [ 75%] Built target beginner_tutorials
[1.259s] [ 78%] Built target beginner_tutorials__py
[1.498s] [ 82%] Built target beginner_tutorials__rosidl_generator_py
[1.769s] [ 87%] Built target beginner_tutorials__rosidl_typesupport_c__pyext
[1.885s] running egg_info
[1.886s] writing beginner_tutorials.egg-info/PKG-INFO
[1.886s] writing dependency_links to beginner_tutorials.egg-info/dependency_links.txt
[1.886s] writing top-level names to beginner_tutorials.egg-info/top_level.txt
[1.886s] reading manifest file 'beginner_tutorials.egg-info/SOURCES.txt'
[1.887s] writing manifest file 'beginner_tutorials.egg-info/SOURCES.txt'
[1.887s] [ 92%] Built target beginner_tutorials__rosidl_typesupport_introspection_c__pyext
[1.917s] [ 97%] Built target beginner_tutorials__rosidl_typesupport_fastrtps_c__pyext
[1.983s] [ 97%] Built target ament_cmake_python_build_beginner_tutorials_egg
[17.610s] [100%] [32m[1mLinking CXX executable talker[0m
[18.317s] [100%] Built target talker
[18.406s] Invoked command in '/home/sas/ros2_ws/beginner_tutorials/build/beginner_tutorials' returned '0': CMAKE_PREFIX_PATH=${CMAKE_PREFIX_PATH}:/opt/ros/humble /usr/bin/cmake --build /home/sas/ros2_ws/beginner_tutorials/build/beginner_tutorials -- -j8 -l8
[18.670s] Invoking command in '/home/sas/ros2_ws/beginner_tutorials/build/beginner_tutorials': CMAKE_PREFIX_PATH=${CMAKE_PREFIX_PATH}:/opt/ros/humble /usr/bin/cmake --install /home/sas/ros2_ws/beginner_tutorials/build/beginner_tutorials
[18.694s] -- Install configuration: ""
[18.694s] -- Up-to-date: /home/sas/ros2_ws/beginner_tutorials/install/beginner_tutorials/share/ament_index/resource_index/rosidl_interfaces/beginner_tutorials
[18.694s] -- Up-to-date: /home/sas/ros2_ws/beginner_tutorials/install/beginner_tutorials/include/beginner_tutorials/beginner_tutorials
[18.694s] -- Up-to-date: /home/sas/ros2_ws/beginner_tutorials/install/beginner_tutorials/include/beginner_tutorials/beginner_tutorials/msg
[18.695s] -- Up-to-date: /home/sas/ros2_ws/beginner_tutorials/install/beginner_tutorials/include/beginner_tutorials/beginner_tutorials/msg/rosidl_generator_c__visibility_control.h
[18.695s] -- Up-to-date: /home/sas/ros2_ws/beginner_tutorials/install/beginner_tutorials/include/beginner_tutorials/beginner_tutorials/srv
[18.695s] -- Up-to-date: /home/sas/ros2_ws/beginner_tutorials/install/beginner_tutorials/include/beginner_tutorials/beginner_tutorials/srv/detail
[18.695s] -- Up-to-date: /home/sas/ros2_ws/beginner_tutorials/install/beginner_tutorials/include/beginner_tutorials/beginner_tutorials/srv/detail/custom_service__functions.h
[18.695s] -- Up-to-date: /home/sas/ros2_ws/beginner_tutorials/install/beginner_tutorials/include/beginner_tutorials/beginner_tutorials/srv/detail/custom_service__struct.h
[18.695s] -- Up-to-date: /home/sas/ros2_ws/beginner_tutorials/install/beginner_tutorials/include/beginner_tutorials/beginner_tutorials/srv/detail/new_service__functions.h
[18.696s] -- Up-to-date: /home/sas/ros2_ws/beginner_tutorials/install/beginner_tutorials/include/beginner_tutorials/beginner_tutorials/srv/detail/custom_service__functions.c
[18.696s] -- Up-to-date: /home/sas/ros2_ws/beginner_tutorials/install/beginner_tutorials/include/beginner_tutorials/beginner_tutorials/srv/detail/new_service__type_support.h
[18.696s] -- Up-to-date: /home/sas/ros2_ws/beginner_tutorials/install/beginner_tutorials/include/beginner_tutorials/beginner_tutorials/srv/detail/new_service__struct.h
[18.696s] -- Up-to-date: /home/sas/ros2_ws/beginner_tutorials/install/beginner_tutorials/include/beginner_tutorials/beginner_tutorials/srv/detail/new_service__functions.c
[18.696s] -- Up-to-date: /home/sas/ros2_ws/beginner_tutorials/install/beginner_tutorials/include/beginner_tutorials/beginner_tutorials/srv/detail/custom_service__type_support.h
[18.696s] -- Up-to-date: /home/sas/ros2_ws/beginner_tutorials/install/beginner_tutorials/include/beginner_tutorials/beginner_tutorials/srv/new_service.h
[18.697s] -- Up-to-date: /home/sas/ros2_ws/beginner_tutorials/install/beginner_tutorials/include/beginner_tutorials/beginner_tutorials/srv/custom_service.h
[18.697s] -- Up-to-date: /home/sas/ros2_ws/beginner_tutorials/install/beginner_tutorials/share/beginner_tutorials/environment/library_path.sh
[18.697s] -- Up-to-date: /home/sas/ros2_ws/beginner_tutorials/install/beginner_tutorials/share/beginner_tutorials/environment/library_path.dsv
[18.697s] -- Up-to-date: /home/sas/ros2_ws/beginner_tutorials/install/beginner_tutorials/lib/libbeginner_tutorials__rosidl_generator_c.so
[18.697s] -- Up-to-date: /home/sas/ros2_ws/beginner_tutorials/install/beginner_tutorials/include/beginner_tutorials/beginner_tutorials
[18.697s] -- Up-to-date: /home/sas/ros2_ws/beginner_tutorials/install/beginner_tutorials/include/beginner_tutorials/beginner_tutorials/msg
[18.698s] -- Up-to-date: /home/sas/ros2_ws/beginner_tutorials/install/beginner_tutorials/include/beginner_tutorials/beginner_tutorials/msg/rosidl_typesupport_fastrtps_c__visibility_control.h
[18.698s] -- Up-to-date: /home/sas/ros2_ws/beginner_tutorials/install/beginner_tutorials/include/beginner_tutorials/beginner_tutorials/srv
[18.698s] -- Up-to-date: /home/sas/ros2_ws/beginner_tutorials/install/beginner_tutorials/include/beginner_tutorials/beginner_tutorials/srv/detail
[18.698s] -- Up-to-date: /home/sas/ros2_ws/beginner_tutorials/install/beginner_tutorials/include/beginner_tutorials/beginner_tutorials/srv/detail/custom_service__rosidl_typesupport_fastrtps_c.h
[18.698s] -- Up-to-date: /home/sas/ros2_ws/beginner_tutorials/install/beginner_tutorials/include/beginner_tutorials/beginner_tutorials/srv/detail/new_service__rosidl_typesupport_fastrtps_c.h
[18.698s] -- Up-to-date: /home/sas/ros2_ws/beginner_tutorials/install/beginner_tutorials/lib/libbeginner_tutorials__rosidl_typesupport_fastrtps_c.so
[18.700s] -- Up-to-date: /home/sas/ros2_ws/beginner_tutorials/install/beginner_tutorials/include/beginner_tutorials/beginner_tutorials
[18.700s] -- Up-to-date: /home/sas/ros2_ws/beginner_tutorials/install/beginner_tutorials/include/beginner_tutorials/beginner_tutorials/srv
[18.700s] -- Up-to-date: /home/sas/ros2_ws/beginner_tutorials/install/beginner_tutorials/include/beginner_tutorials/beginner_tutorials/srv/custom_service.hpp
[18.701s] -- Up-to-date: /home/sas/ros2_ws/beginner_tutorials/install/beginner_tutorials/include/beginner_tutorials/beginner_tutorials/srv/detail
[18.701s] -- Up-to-date: /home/sas/ros2_ws/beginner_tutorials/install/beginner_tutorials/include/beginner_tutorials/beginner_tutorials/srv/detail/new_service__traits.hpp
[18.701s] -- Up-to-date: /home/sas/ros2_ws/beginner_tutorials/install/beginner_tutorials/include/beginner_tutorials/beginner_tutorials/srv/detail/custom_service__builder.hpp
[18.701s] -- Up-to-date: /home/sas/ros2_ws/beginner_tutorials/install/beginner_tutorials/include/beginner_tutorials/beginner_tutorials/srv/detail/new_service__builder.hpp
[18.701s] -- Up-to-date: /home/sas/ros2_ws/beginner_tutorials/install/beginner_tutorials/include/beginner_tutorials/beginner_tutorials/srv/detail/new_service__struct.hpp
[18.701s] -- Up-to-date: /home/sas/ros2_ws/beginner_tutorials/install/beginner_tutorials/include/beginner_tutorials/beginner_tutorials/srv/detail/custom_service__traits.hpp
[18.702s] -- Up-to-date: /home/sas/ros2_ws/beginner_tutorials/install/beginner_tutorials/include/beginner_tutorials/beginner_tutorials/srv/detail/custom_service__struct.hpp
[18.702s] -- Up-to-date: /home/sas/ros2_ws/beginner_tutorials/install/beginner_tutorials/include/beginner_tutorials/beginner_tutorials/srv/new_service.hpp
[18.702s] -- Up-to-date: /home/sas/ros2_ws/beginner_tutorials/install/beginner_tutorials/include/beginner_tutorials/beginner_tutorials
[18.702s] -- Up-to-date: /home/sas/ros2_ws/beginner_tutorials/install/beginner_tutorials/include/beginner_tutorials/beginner_tutorials/msg
[18.702s] -- Up-to-date: /home/sas/ros2_ws/beginner_tutorials/install/beginner_tutorials/include/beginner_tutorials/beginner_tutorials/msg/rosidl_typesupport_fastrtps_cpp__visibility_control.h
[18.702s] -- Up-to-date: /home/sas/ros2_ws/beginner_tutorials/install/beginner_tutorials/include/beginner_tutorials/beginner_tutorials/srv
[18.702s] -- Up-to-date: /home/sas/ros2_ws/beginner_tutorials/install/beginner_tutorials/include/beginner_tutorials/beginner_tutorials/srv/detail
[18.703s] -- Up-to-date: /home/sas/ros2_ws/beginner_tutorials/install/beginner_tutorials/include/beginner_tutorials/beginner_tutorials/srv/detail/custom_service__rosidl_typesupport_fastrtps_cpp.hpp
[18.703s] -- Up-to-date: /home/sas/ros2_ws/beginner_tutorials/install/beginner_tutorials/include/beginner_tutorials/beginner_tutorials/srv/detail/new_service__rosidl_typesupport_fastrtps_cpp.hpp
[18.703s] -- Up-to-date: /home/sas/ros2_ws/beginner_tutorials/install/beginner_tutorials/include/beginner_tutorials/beginner_tutorials/srv/detail/dds_fastrtps
[18.703s] -- Up-to-date: /home/sas/ros2_ws/beginner_tutorials/install/beginner_tutorials/lib/libbeginner_tutorials__rosidl_typesupport_fastrtps_cpp.so
[18.703s] -- Up-to-date: /home/sas/ros2_ws/beginner_tutorials/install/beginner_tutorials/include/beginner_tutorials/beginner_tutorials
[18.703s] -- Up-to-date: /home/sas/ros2_ws/beginner_tutorials/install/beginner_tutorials/include/beginner_tutorials/beginner_tutorials/msg
[18.704s] -- Up-to-date: /home/sas/ros2_ws/beginner_tutorials/install/beginner_tutorials/include/beginner_tutorials/beginner_tutorials/msg/rosidl_typesupport_introspection_c__visibility_control.h
[18.704s] -- Up-to-date: /home/sas/ros2_ws/beginner_tutorials/install/beginner_tutorials/include/beginner_tutorials/beginner_tutorials/srv
[18.704s] -- Up-to-date: /home/sas/ros2_ws/beginner_tutorials/install/beginner_tutorials/include/beginner_tutorials/beginner_tutorials/srv/detail
[18.710s] -- Up-to-date: /home/sas/ros2_ws/beginner_tutorials/install/beginner_tutorials/include/beginner_tutorials/beginner_tutorials/srv/detail/new_service__type_support.c
[18.710s] -- Up-to-date: /home/sas/ros2_ws/beginner_tutorials/install/beginner_tutorials/include/beginner_tutorials/beginner_tutorials/srv/detail/new_service__rosidl_typesupport_introspection_c.h
[18.710s] -- Up-to-date: /home/sas/ros2_ws/beginner_tutorials/install/beginner_tutorials/include/beginner_tutorials/beginner_tutorials/srv/detail/custom_service__type_support.c
[18.710s] -- Up-to-date: /home/sas/ros2_ws/beginner_tutorials/install/beginner_tutorials/include/beginner_tutorials/beginner_tutorials/srv/detail/custom_service__rosidl_typesupport_introspection_c.h
[18.710s] -- Up-to-date: /home/sas/ros2_ws/beginner_tutorials/install/beginner_tutorials/lib/libbeginner_tutorials__rosidl_typesupport_introspection_c.so
[18.711s] -- Up-to-date: /home/sas/ros2_ws/beginner_tutorials/install/beginner_tutorials/lib/libbeginner_tutorials__rosidl_typesupport_c.so
[18.711s] -- Up-to-date: /home/sas/ros2_ws/beginner_tutorials/install/beginner_tutorials/include/beginner_tutorials/beginner_tutorials
[18.711s] -- Up-to-date: /home/sas/ros2_ws/beginner_tutorials/install/beginner_tutorials/include/beginner_tutorials/beginner_tutorials/srv
[18.711s] -- Up-to-date: /home/sas/ros2_ws/beginner_tutorials/install/beginner_tutorials/include/beginner_tutorials/beginner_tutorials/srv/detail
[18.711s] -- Up-to-date: /home/sas/ros2_ws/beginner_tutorials/install/beginner_tutorials/include/beginner_tutorials/beginner_tutorials/srv/detail/custom_service__rosidl_typesupport_introspection_cpp.hpp
[18.711s] -- Up-to-date: /home/sas/ros2_ws/beginner_tutorials/install/beginner_tutorials/include/beginner_tutorials/beginner_tutorials/srv/detail/custom_service__type_support.cpp
[18.712s] -- Up-to-date: /home/sas/ros2_ws/beginner_tutorials/install/beginner_tutorials/include/beginner_tutorials/beginner_tutorials/srv/detail/new_service__type_support.cpp
[18.712s] -- Up-to-date: /home/sas/ros2_ws/beginner_tutorials/install/beginner_tutorials/include/beginner_tutorials/beginner_tutorials/srv/detail/new_service__rosidl_typesupport_introspection_cpp.hpp
[18.712s] -- Up-to-date: /home/sas/ros2_ws/beginner_tutorials/install/beginner_tutorials/lib/libbeginner_tutorials__rosidl_typesupport_introspection_cpp.so
[18.712s] -- Up-to-date: /home/sas/ros2_ws/beginner_tutorials/install/beginner_tutorials/lib/libbeginner_tutorials__rosidl_typesupport_cpp.so
[18.712s] -- Up-to-date: /home/sas/ros2_ws/beginner_tutorials/install/beginner_tutorials/share/beginner_tutorials/environment/pythonpath.sh
[18.713s] -- Up-to-date: /home/sas/ros2_ws/beginner_tutorials/install/beginner_tutorials/share/beginner_tutorials/environment/pythonpath.dsv
[18.713s] -- Up-to-date: /home/sas/ros2_ws/beginner_tutorials/install/beginner_tutorials/local/lib/python3.10/dist-packages/beginner_tutorials-0.0.0-py3.10.egg-info
[18.713s] -- Installing: /home/sas/ros2_ws/beginner_tutorials/install/beginner_tutorials/local/lib/python3.10/dist-packages/beginner_tutorials-0.0.0-py3.10.egg-info/SOURCES.txt
[18.714s] -- Installing: /home/sas/ros2_ws/beginner_tutorials/install/beginner_tutorials/local/lib/python3.10/dist-packages/beginner_tutorials-0.0.0-py3.10.egg-info/top_level.txt
[18.714s] -- Installing: /home/sas/ros2_ws/beginner_tutorials/install/beginner_tutorials/local/lib/python3.10/dist-packages/beginner_tutorials-0.0.0-py3.10.egg-info/dependency_links.txt
[18.714s] -- Installing: /home/sas/ros2_ws/beginner_tutorials/install/beginner_tutorials/local/lib/python3.10/dist-packages/beginner_tutorials-0.0.0-py3.10.egg-info/PKG-INFO
[18.714s] -- Up-to-date: /home/sas/ros2_ws/beginner_tutorials/install/beginner_tutorials/local/lib/python3.10/dist-packages/beginner_tutorials
[18.714s] -- Up-to-date: /home/sas/ros2_ws/beginner_tutorials/install/beginner_tutorials/local/lib/python3.10/dist-packages/beginner_tutorials/_beginner_tutorials_s.ep.rosidl_typesupport_fastrtps_c.c
[18.715s] -- Up-to-date: /home/sas/ros2_ws/beginner_tutorials/install/beginner_tutorials/local/lib/python3.10/dist-packages/beginner_tutorials/beginner_tutorials_s__rosidl_typesupport_fastrtps_c.cpython-310-x86_64-linux-gnu.so
[18.715s] -- Up-to-date: /home/sas/ros2_ws/beginner_tutorials/install/beginner_tutorials/local/lib/python3.10/dist-packages/beginner_tutorials/beginner_tutorials_s__rosidl_typesupport_introspection_c.cpython-310-x86_64-linux-gnu.so
[18.715s] -- Up-to-date: /home/sas/ros2_ws/beginner_tutorials/install/beginner_tutorials/local/lib/python3.10/dist-packages/beginner_tutorials/_beginner_tutorials_s.ep.rosidl_typesupport_introspection_c.c
[18.715s] -- Up-to-date: /home/sas/ros2_ws/beginner_tutorials/install/beginner_tutorials/local/lib/python3.10/dist-packages/beginner_tutorials/__init__.py
[18.716s] -- Up-to-date: /home/sas/ros2_ws/beginner_tutorials/install/beginner_tutorials/local/lib/python3.10/dist-packages/beginner_tutorials/beginner_tutorials_s__rosidl_typesupport_c.cpython-310-x86_64-linux-gnu.so
[18.716s] -- Up-to-date: /home/sas/ros2_ws/beginner_tutorials/install/beginner_tutorials/local/lib/python3.10/dist-packages/beginner_tutorials/libbeginner_tutorials__rosidl_generator_py.so
[18.716s] -- Up-to-date: /home/sas/ros2_ws/beginner_tutorials/install/beginner_tutorials/local/lib/python3.10/dist-packages/beginner_tutorials/_beginner_tutorials_s.ep.rosidl_typesupport_c.c
[18.716s] -- Up-to-date: /home/sas/ros2_ws/beginner_tutorials/install/beginner_tutorials/local/lib/python3.10/dist-packages/beginner_tutorials/srv
[18.716s] -- Up-to-date: /home/sas/ros2_ws/beginner_tutorials/install/beginner_tutorials/local/lib/python3.10/dist-packages/beginner_tutorials/srv/__init__.py
[18.717s] -- Up-to-date: /home/sas/ros2_ws/beginner_tutorials/install/beginner_tutorials/local/lib/python3.10/dist-packages/beginner_tutorials/srv/_new_service.py
[18.717s] -- Up-to-date: /home/sas/ros2_ws/beginner_tutorials/install/beginner_tutorials/local/lib/python3.10/dist-packages/beginner_tutorials/srv/_custom_service.py
[18.717s] -- Up-to-date: /home/sas/ros2_ws/beginner_tutorials/install/beginner_tutorials/local/lib/python3.10/dist-packages/beginner_tutorials/srv/_custom_service_s.c
[18.717s] -- Up-to-date: /home/sas/ros2_ws/beginner_tutorials/install/beginner_tutorials/local/lib/python3.10/dist-packages/beginner_tutorials/srv/_new_service_s.c
[18.812s] Listing '/home/sas/ros2_ws/beginner_tutorials/install/beginner_tutorials/local/lib/python3.10/dist-packages/beginner_tutorials'...
[18.817s] Listing '/home/sas/ros2_ws/beginner_tutorials/install/beginner_tutorials/local/lib/python3.10/dist-packages/beginner_tutorials/srv'...
[18.827s] -- Up-to-date: /home/sas/ros2_ws/beginner_tutorials/install/beginner_tutorials/local/lib/python3.10/dist-packages/beginner_tutorials/beginner_tutorials_s__rosidl_typesupport_fastrtps_c.cpython-310-x86_64-linux-gnu.so
[18.827s] -- Up-to-date: /home/sas/ros2_ws/beginner_tutorials/install/beginner_tutorials/local/lib/python3.10/dist-packages/beginner_tutorials/beginner_tutorials_s__rosidl_typesupport_introspection_c.cpython-310-x86_64-linux-gnu.so
[18.827s] -- Up-to-date: /home/sas/ros2_ws/beginner_tutorials/install/beginner_tutorials/local/lib/python3.10/dist-packages/beginner_tutorials/beginner_tutorials_s__rosidl_typesupport_c.cpython-310-x86_64-linux-gnu.so
[18.827s] -- Up-to-date: /home/sas/ros2_ws/beginner_tutorials/install/beginner_tutorials/lib/libbeginner_tutorials__rosidl_generator_py.so
[18.828s] -- Up-to-date: /home/sas/ros2_ws/beginner_tutorials/install/beginner_tutorials/share/beginner_tutorials/srv/NewService.idl
[18.828s] -- Up-to-date: /home/sas/ros2_ws/beginner_tutorials/install/beginner_tutorials/share/beginner_tutorials/srv/NewService.srv
[18.829s] -- Up-to-date: /home/sas/ros2_ws/beginner_tutorials/install/beginner_tutorials/share/beginner_tutorials/srv/NewService_Request.msg
[18.830s] -- Up-to-date: /home/sas/ros2_ws/beginner_tutorials/install/beginner_tutorials/share/beginner_tutorials/srv/NewService_Response.msg
[18.830s] -- Installing: /home/sas/ros2_ws/beginner_tutorials/install/beginner_tutorials/lib/beginner_tutorials/talker
[18.849s] -- Set runtime path of "/home/sas/ros2_ws/beginner_tutorials/install/beginner_tutorials/lib/beginner_tutorials/talker" to ""
[18.849s] -- Up-to-date: /home/sas/ros2_ws/beginner_tutorials/install/beginner_tutorials/lib/beginner_tutorials/listener
[18.849s] -- Up-to-date: /home/sas/ros2_ws/beginner_tutorials/install/beginner_tutorials/share/beginner_tutorials//launch
[18.849s] -- Up-to-date: /home/sas/ros2_ws/beginner_tutorials/install/beginner_tutorials/share/beginner_tutorials//launch/custom_launch.yaml
[18.850s] -- Up-to-date: /home/sas/ros2_ws/beginner_tutorials/install/beginner_tutorials/share/beginner_tutorials//launch/launch.py
[18.850s] -- Up-to-date: /home/sas/ros2_ws/beginner_tutorials/install/beginner_tutorials/share/beginner_tutorials//launch/bag_recorder.launch.py
[18.850s] -- Up-to-date: /home/sas/ros2_ws/beginner_tutorials/install/beginner_tutorials/lib/beginner_tutorials/beginner_tutorials_test
[18.850s] -- Up-to-date: /home/sas/ros2_ws/beginner_tutorials/install/beginner_tutorials/share/ament_index/resource_index/package_run_dependencies/beginner_tutorials
[18.850s] -- Up-to-date: /home/sas/ros2_ws/beginner_tutorials/install/beginner_tutorials/share/ament_index/resource_index/parent_prefix_path/beginner_tutorials
[18.850s] -- Up-to-date: /home/sas/ros2_ws/beginner_tutorials/install/beginner_tutorials/share/beginner_tutorials/environment/ament_prefix_path.sh
[18.850s] -- Up-to-date: /home/sas/ros2_ws/beginner_tutorials/install/beginner_tutorials/share/beginner_tutorials/environment/ament_prefix_path.dsv
[18.851s] -- Up-to-date: /home/sas/ros2_ws/beginner_tutorials/install/beginner_tutorials/share/beginner_tutorials/environment/path.sh
[18.851s] -- Up-to-date: /home/sas/ros2_ws/beginner_tutorials/install/beginner_tutorials/share/beginner_tutorials/environment/path.dsv
[18.851s] -- Up-to-date: /home/sas/ros2_ws/beginner_tutorials/install/beginner_tutorials/share/beginner_tutorials/local_setup.bash
[18.851s] -- Up-to-date: /home/sas/ros2_ws/beginner_tutorials/install/beginner_tutorials/share/beginner_tutorials/local_setup.sh
[18.851s] -- Up-to-date: /home/sas/ros2_ws/beginner_tutorials/install/beginner_tutorials/share/beginner_tutorials/local_setup.zsh
[18.851s] -- Up-to-date: /home/sas/ros2_ws/beginner_tutorials/install/beginner_tutorials/share/beginner_tutorials/local_setup.dsv
[18.852s] -- Installing: /home/sas/ros2_ws/beginner_tutorials/install/beginner_tutorials/share/beginner_tutorials/package.dsv
[18.852s] -- Up-to-date: /home/sas/ros2_ws/beginner_tutorials/install/beginner_tutorials/share/ament_index/resource_index/packages/beginner_tutorials
[18.852s] -- Up-to-date: /home/sas/ros2_ws/beginner_tutorials/install/beginner_tutorials/share/beginner_tutorials/cmake/export_beginner_tutorials__rosidl_generator_cExport.cmake
[18.852s] -- Up-to-date: /home/sas/ros2_ws/beginner_tutorials/install/beginner_tutorials/share/beginner_tutorials/cmake/export_beginner_tutorials__rosidl_generator_cExport-noconfig.cmake
[18.852s] -- Up-to-date: /home/sas/ros2_ws/beginner_tutorials/install/beginner_tutorials/share/beginner_tutorials/cmake/export_beginner_tutorials__rosidl_typesupport_fastrtps_cExport.cmake
[18.852s] -- Up-to-date: /home/sas/ros2_ws/beginner_tutorials/install/beginner_tutorials/share/beginner_tutorials/cmake/export_beginner_tutorials__rosidl_typesupport_fastrtps_cExport-noconfig.cmake
[18.852s] -- Up-to-date: /home/sas/ros2_ws/beginner_tutorials/install/beginner_tutorials/share/beginner_tutorials/cmake/export_beginner_tutorials__rosidl_generator_cppExport.cmake
[18.853s] -- Up-to-date: /home/sas/ros2_ws/beginner_tutorials/install/beginner_tutorials/share/beginner_tutorials/cmake/export_beginner_tutorials__rosidl_typesupport_fastrtps_cppExport.cmake
[18.853s] -- Up-to-date: /home/sas/ros2_ws/beginner_tutorials/install/beginner_tutorials/share/beginner_tutorials/cmake/export_beginner_tutorials__rosidl_typesupport_fastrtps_cppExport-noconfig.cmake
[18.853s] -- Up-to-date: /home/sas/ros2_ws/beginner_tutorials/install/beginner_tutorials/share/beginner_tutorials/cmake/beginner_tutorials__rosidl_typesupport_introspection_cExport.cmake
[18.853s] -- Up-to-date: /home/sas/ros2_ws/beginner_tutorials/install/beginner_tutorials/share/beginner_tutorials/cmake/beginner_tutorials__rosidl_typesupport_introspection_cExport-noconfig.cmake
[18.855s] -- Up-to-date: /home/sas/ros2_ws/beginner_tutorials/install/beginner_tutorials/share/beginner_tutorials/cmake/beginner_tutorials__rosidl_typesupport_cExport.cmake
[18.855s] -- Up-to-date: /home/sas/ros2_ws/beginner_tutorials/install/beginner_tutorials/share/beginner_tutorials/cmake/beginner_tutorials__rosidl_typesupport_cExport-noconfig.cmake
[18.856s] -- Up-to-date: /home/sas/ros2_ws/beginner_tutorials/install/beginner_tutorials/share/beginner_tutorials/cmake/beginner_tutorials__rosidl_typesupport_introspection_cppExport.cmake
[18.856s] -- Up-to-date: /home/sas/ros2_ws/beginner_tutorials/install/beginner_tutorials/share/beginner_tutorials/cmake/beginner_tutorials__rosidl_typesupport_introspection_cppExport-noconfig.cmake
[18.856s] -- Up-to-date: /home/sas/ros2_ws/beginner_tutorials/install/beginner_tutorials/share/beginner_tutorials/cmake/beginner_tutorials__rosidl_typesupport_cppExport.cmake
[18.856s] -- Up-to-date: /home/sas/ros2_ws/beginner_tutorials/install/beginner_tutorials/share/beginner_tutorials/cmake/beginner_tutorials__rosidl_typesupport_cppExport-noconfig.cmake
[18.856s] -- Up-to-date: /home/sas/ros2_ws/beginner_tutorials/install/beginner_tutorials/share/beginner_tutorials/cmake/export_beginner_tutorials__rosidl_generator_pyExport.cmake
[18.856s] -- Up-to-date: /home/sas/ros2_ws/beginner_tutorials/install/beginner_tutorials/share/beginner_tutorials/cmake/export_beginner_tutorials__rosidl_generator_pyExport-noconfig.cmake
[18.857s] -- Up-to-date: /home/sas/ros2_ws/beginner_tutorials/install/beginner_tutorials/share/beginner_tutorials/cmake/rosidl_cmake-extras.cmake
[18.857s] -- Up-to-date: /home/sas/ros2_ws/beginner_tutorials/install/beginner_tutorials/share/beginner_tutorials/cmake/ament_cmake_export_include_directories-extras.cmake
[18.886s] -- Up-to-date: /home/sas/ros2_ws/beginner_tutorials/install/beginner_tutorials/share/beginner_tutorials/cmake/ament_cmake_export_libraries-extras.cmake
[18.887s] -- Up-to-date: /home/sas/ros2_ws/beginner_tutorials/install/beginner_tutorials/share/beginner_tutorials/cmake/ament_cmake_export_targets-extras.cmake
[18.890s] -- Up-to-date: /home/sas/ros2_ws/beginner_tutorials/install/beginner_tutorials/share/beginner_tutorials/cmake/rosidl_cmake_export_typesupport_targets-extras.cmake
[18.891s] -- Up-to-date: /home/sas/ros2_ws/beginner_tutorials/install/beginner_tutorials/share/beginner_tutorials/cmake/ament_cmake_export_dependencies-extras.cmake
[18.891s] -- Up-to-date: /home/sas/ros2_ws/beginner_tutorials/install/beginner_tutorials/share/beginner_tutorials/cmake/rosidl_cmake_export_typesupport_libraries-extras.cmake
[18.892s] -- Up-to-date: /home/sas/ros2_ws/beginner_tutorials/install/beginner_tutorials/share/beginner_tutorials/cmake/beginner_tutorialsConfig.cmake
[18.892s] -- Up-to-date: /home/sas/ros2_ws/beginner_tutorials/install/beginner_tutorials/share/beginner_tutorials/cmake/beginner_tutorialsConfig-version.cmake
[18.892s] -- Up-to-date: /home/sas/ros2_ws/beginner_tutorials/install/beginner_tutorials/share/beginner_tutorials/package.xml
[18.898s] Invoked command in '/home/sas/ros2_ws/beginner_tutorials/build/beginner_tutorials' returned '0': CMAKE_PREFIX_PATH=${CMAKE_PREFIX_PATH}:/opt/ros/humble /usr/bin/cmake --install /home/sas/ros2_ws/beginner_tutorials/build/beginner_tutorials
