[0.090s] Invoking command in '/home/sas/ros2_ws/beginner_tutorials/build/beginner_tutorials': CMAKE_PREFIX_PATH=/opt/ros/humble /usr/bin/cmake --build /home/sas/ros2_ws/beginner_tutorials/build/beginner_tutorials -- -j8 -l8
[0.141s] -- Found ament_cmake: 1.3.6 (/opt/ros/humble/share/ament_cmake/cmake)
[0.434s] -- Found rclcpp: 16.0.7 (/opt/ros/humble/share/rclcpp/cmake)
[0.490s] -- Found rosidl_generator_c: 3.1.5 (/opt/ros/humble/share/rosidl_generator_c/cmake)
[0.494s] -- Found rosidl_adapter: 3.1.5 (/opt/ros/humble/share/rosidl_adapter/cmake)
[0.508s] -- Found rosidl_generator_cpp: 3.1.5 (/opt/ros/humble/share/rosidl_generator_cpp/cmake)
[0.529s] -- Using all available rosidl_typesupport_c: rosidl_typesupport_fastrtps_c;rosidl_typesupport_introspection_c
[0.559s] -- Using all available rosidl_typesupport_cpp: rosidl_typesupport_fastrtps_cpp;rosidl_typesupport_introspection_cpp
[0.687s] -- Found rmw_implementation_cmake: 6.1.1 (/opt/ros/humble/share/rmw_implementation_cmake/cmake)
[0.690s] -- Found rmw_fastrtps_cpp: 6.2.5 (/opt/ros/humble/share/rmw_fastrtps_cpp/cmake)
[0.915s] -- Using RMW implementation 'rmw_fastrtps_cpp' as default
[1.233s] -- Found rosidl_default_generators: 1.2.0 (/opt/ros/humble/share/rosidl_default_generators/cmake)
[1.245s] -- Found tf2: 0.25.5 (/opt/ros/humble/share/tf2/cmake)
[1.352s] -- Found tf2_ros: 0.25.5 (/opt/ros/humble/share/tf2_ros/cmake)
[1.988s] -- Found turtlesim: 1.4.2 (/opt/ros/humble/share/turtlesim/cmake)
[2.565s] -- Found ament_cmake_ros: 0.10.0 (/opt/ros/humble/share/ament_cmake_ros/cmake)
[3.146s] -- Using all available rosidl_typesupport_c: rosidl_typesupport_fastrtps_c;rosidl_typesupport_introspection_c
[3.427s] -- Using all available rosidl_typesupport_cpp: rosidl_typesupport_fastrtps_cpp;rosidl_typesupport_introspection_cpp
[3.472s] -- Found python_cmake_module: 0.10.0 (/opt/ros/humble/share/python_cmake_module/cmake)
[3.514s] -- Using PYTHON_EXECUTABLE: /usr/bin/python3
[3.514s] -- Using PYTHON_INCLUDE_DIRS: /usr/include/python3.10
[3.514s] -- Using PYTHON_LIBRARIES: /usr/lib/x86_64-linux-gnu/libpython3.10.so
[3.538s] -- Found ament_lint_auto: 0.12.9 (/opt/ros/humble/share/ament_lint_auto/cmake)
[3.541s] -- Found gtest sources under '/opt/ros/humble/src/gtest_vendor': C++ tests using 'Google Test' will be built
[3.584s] -- Added test 'pep257' to check Python code against some of the docstring style conventions in PEP 257
[3.588s] -- Configuring done
[3.691s] -- Generating done
[3.700s] -- Build files have been written to: /home/sas/ros2_ws/beginner_tutorials/build/beginner_tutorials
[3.758s] [35m[1mConsolidate compiler generated dependencies of target beginner_tutorials__rosidl_generator_c[0m
[3.870s] [  2%] [32mBuilding CXX object gtest/CMakeFiles/gtest_main.dir/src/gtest_main.cc.o[0m
[3.870s] [  4%] [32mBuilding CXX object gtest/CMakeFiles/gtest.dir/src/gtest-all.cc.o[0m
[3.922s] [ 12%] Built target beginner_tutorials__rosidl_generator_c
[3.923s] [ 14%] Built target beginner_tutorials__cpp
[3.933s] [ 14%] Built target ament_cmake_python_copy_beginner_tutorials
[3.960s] [35m[1mConsolidate compiler generated dependencies of target beginner_tutorials__rosidl_typesupport_introspection_cpp[0m
[3.971s] [35m[1mConsolidate compiler generated dependencies of target beginner_tutorials__rosidl_typesupport_c[0m
[3.978s] [35m[1mConsolidate compiler generated dependencies of target beginner_tutorials__rosidl_typesupport_introspection_c[0m
[3.995s] [35m[1mConsolidate compiler generated dependencies of target beginner_tutorials__rosidl_typesupport_fastrtps_c[0m
[4.123s] [ 21%] Built target beginner_tutorials__rosidl_typesupport_introspection_cpp
[4.195s] [ 29%] Built target beginner_tutorials__rosidl_typesupport_c
[4.198s] [35m[1mConsolidate compiler generated dependencies of target beginner_tutorials__rosidl_typesupport_cpp[0m
[4.209s] [ 36%] Built target beginner_tutorials__rosidl_typesupport_introspection_c
[4.231s] [ 46%] Built target beginner_tutorials__rosidl_typesupport_fastrtps_c
[4.232s] [ 51%] Built target beginner_tutorials__rosidl_typesupport_cpp
[4.242s] [35m[1mConsolidate compiler generated dependencies of target beginner_tutorials__rosidl_typesupport_fastrtps_cpp[0m
[4.350s] [35m[1mConsolidate compiler generated dependencies of target talker[0m
[4.418s] [35m[1mConsolidate compiler generated dependencies of target listener[0m
[4.422s] [ 58%] Built target beginner_tutorials__rosidl_typesupport_fastrtps_cpp
[4.442s] [ 60%] [32mBuilding CXX object CMakeFiles/talker.dir/src/publisher.cpp.o[0m
[4.461s] [ 63%] [32mBuilding CXX object CMakeFiles/listener.dir/src/subscriber.cpp.o[0m
[4.617s] [ 63%] Built target beginner_tutorials
[4.683s] [ 65%] Built target beginner_tutorials__py
[4.840s] [35m[1mConsolidate compiler generated dependencies of target beginner_tutorials__rosidl_generator_py[0m
[4.882s] [ 70%] Built target beginner_tutorials__rosidl_generator_py
[5.094s] [35m[1mConsolidate compiler generated dependencies of target beginner_tutorials__rosidl_typesupport_c__pyext[0m
[5.094s] [35m[1mConsolidate compiler generated dependencies of target beginner_tutorials__rosidl_typesupport_introspection_c__pyext[0m
[5.139s] [35m[1mConsolidate compiler generated dependencies of target beginner_tutorials__rosidl_typesupport_fastrtps_c__pyext[0m
[5.143s] [ 75%] Built target beginner_tutorials__rosidl_typesupport_c__pyext
[5.149s] [ 80%] Built target beginner_tutorials__rosidl_typesupport_introspection_c__pyext
[5.244s] [ 85%] Built target beginner_tutorials__rosidl_typesupport_fastrtps_c__pyext
[5.733s] running egg_info
[5.733s] writing beginner_tutorials.egg-info/PKG-INFO
[5.733s] writing dependency_links to beginner_tutorials.egg-info/dependency_links.txt
[5.733s] writing top-level names to beginner_tutorials.egg-info/top_level.txt
[5.733s] reading manifest file 'beginner_tutorials.egg-info/SOURCES.txt'
[5.762s] writing manifest file 'beginner_tutorials.egg-info/SOURCES.txt'
[5.835s] [01m[K/home/sas/ros2_ws/beginner_tutorials/src/publisher.cpp:13:10:[m[K [01;31m[Kfatal error: [m[Kbeginner_tutorials/srv/custom_service.hpp: No such file or directory
[5.836s]    13 | #include [01;31m[K<beginner_tutorials/srv/custom_service.hpp>[m[K
[5.836s]       |          [01;31m[K^~~~~~~~~~~~~~~~~~~~~~~~~~~~~~~~~~~~~~~~~~~[m[K
[5.836s] compilation terminated.
[5.842s] gmake[2]: *** [CMakeFiles/talker.dir/build.make:76: CMakeFiles/talker.dir/src/publisher.cpp.o] Error 1
[5.842s] gmake[1]: *** [CMakeFiles/Makefile2:206: CMakeFiles/talker.dir/all] Error 2
[5.842s] gmake[1]: *** Waiting for unfinished jobs....
[5.860s] [ 85%] Built target ament_cmake_python_build_beginner_tutorials_egg
[6.760s] [ 87%] [32m[1mLinking CXX static library libgtest_main.a[0m
[6.962s] [ 87%] Built target gtest_main
[15.403s] [ 90%] [32m[1mLinking CXX static library libgtest.a[0m
[15.508s] [ 90%] Built target gtest
[25.762s] [ 92%] [32m[1mLinking CXX executable listener[0m
[26.480s] [ 92%] Built target listener
[26.482s] gmake: *** [Makefile:146: all] Error 2
[26.486s] Invoked command in '/home/sas/ros2_ws/beginner_tutorials/build/beginner_tutorials' returned '2': CMAKE_PREFIX_PATH=/opt/ros/humble /usr/bin/cmake --build /home/sas/ros2_ws/beginner_tutorials/build/beginner_tutorials -- -j8 -l8
