[0.102s] Invoking command in '/home/sas/ros2_ws/beginner_tutorials/build/beginner_tutorials': CMAKE_PREFIX_PATH=/opt/ros/humble /usr/bin/cmake --build /home/sas/ros2_ws/beginner_tutorials/build/beginner_tutorials -- -j8 -l8
[0.217s] [  8%] Built target beginner_tutorials__rosidl_generator_c
[0.220s] [ 10%] Built target beginner_tutorials__cpp
[0.239s] [ 10%] Built target ament_cmake_python_copy_beginner_tutorials
[0.239s] [ 16%] Built target listener
[0.272s] [ 24%] Built target beginner_tutorials__rosidl_typesupport_fastrtps_c
[0.279s] [ 32%] Built target beginner_tutorials__rosidl_typesupport_introspection_cpp
[0.279s] [ 40%] Built target beginner_tutorials__rosidl_typesupport_c
[0.289s] [ 48%] Built target beginner_tutorials__rosidl_typesupport_cpp
[0.291s] [ 56%] Built target beginner_tutorials__rosidl_typesupport_introspection_c
[0.298s] [ 64%] Built target beginner_tutorials__rosidl_typesupport_fastrtps_cpp
[0.343s] [ 64%] Built target beginner_tutorials
[0.388s] [ 67%] Built target beginner_tutorials__py
[0.395s] [ 70%] [32mBuilding CXX object CMakeFiles/talker.dir/src/publisher.cpp.o[0m
[0.396s] [ 75%] Built target server_client
[0.437s] [ 81%] Built target beginner_tutorials__rosidl_generator_py
[0.482s] [ 86%] Built target beginner_tutorials__rosidl_typesupport_introspection_c__pyext
[0.483s] [ 91%] Built target beginner_tutorials__rosidl_typesupport_fastrtps_c__pyext
[0.485s] [ 97%] Built target beginner_tutorials__rosidl_typesupport_c__pyext
[0.740s] [01m[K/home/sas/ros2_ws/beginner_tutorials/src/publisher.cpp:16:10:[m[K [01;31m[Kfatal error: [m[Ktf2/LinearMath/Quaternion.h: No such file or directory
[0.741s]    16 | #include [01;31m[K"tf2/LinearMath/Quaternion.h"[m[K
[0.741s]       |          [01;31m[K^~~~~~~~~~~~~~~~~~~~~~~~~~~~~[m[K
[0.741s] compilation terminated.
[0.744s] gmake[2]: *** [CMakeFiles/talker.dir/build.make:76: CMakeFiles/talker.dir/src/publisher.cpp.o] Error 1
[0.745s] gmake[1]: *** [CMakeFiles/Makefile2:598: CMakeFiles/talker.dir/all] Error 2
[0.745s] gmake[1]: *** Waiting for unfinished jobs....
[0.748s] running egg_info
[0.751s] writing beginner_tutorials.egg-info/PKG-INFO
[0.751s] writing dependency_links to beginner_tutorials.egg-info/dependency_links.txt
[0.752s] writing top-level names to beginner_tutorials.egg-info/top_level.txt
[0.769s] reading manifest file 'beginner_tutorials.egg-info/SOURCES.txt'
[0.771s] writing manifest file 'beginner_tutorials.egg-info/SOURCES.txt'
[0.819s] [ 97%] Built target ament_cmake_python_build_beginner_tutorials_egg
[0.821s] gmake: *** [Makefile:146: all] Error 2
[0.827s] Invoked command in '/home/sas/ros2_ws/beginner_tutorials/build/beginner_tutorials' returned '2': CMAKE_PREFIX_PATH=/opt/ros/humble /usr/bin/cmake --build /home/sas/ros2_ws/beginner_tutorials/build/beginner_tutorials -- -j8 -l8
