[1.792s] DEBUG:colcon:Command line arguments: ['/usr/bin/colcon', 'build', '--packages-select', 'beginner_tutorials']
[1.792s] DEBUG:colcon:Parsed command line arguments: Namespace(log_base=None, log_level=None, verb_name='build', build_base='build', install_base='install', merge_install=False, symlink_install=False, test_result_base=None, continue_on_error=False, executor='parallel', parallel_workers=8, event_handlers=None, ignore_user_meta=False, metas=['./colcon.meta'], base_paths=['.'], packages_ignore=None, packages_ignore_regex=None, paths=None, packages_up_to=None, packages_up_to_regex=None, packages_above=None, packages_above_and_dependencies=None, packages_above_depth=None, packages_select_by_dep=None, packages_skip_by_dep=None, packages_skip_up_to=None, packages_select_build_failed=False, packages_skip_build_finished=False, packages_select_test_failures=False, packages_skip_test_passed=False, packages_select=['beginner_tutorials'], packages_skip=None, packages_select_regex=None, packages_skip_regex=None, packages_start=None, packages_end=None, allow_overriding=[], cmake_args=None, cmake_target=None, cmake_target_skip_unavailable=False, cmake_clean_cache=False, cmake_clean_first=False, cmake_force_configure=False, ament_cmake_args=None, catkin_cmake_args=None, catkin_skip_building_tests=False, verb_parser=<colcon_defaults.argument_parser.defaults.DefaultArgumentsDecorator object at 0x7f74303cdf30>, verb_extension=<colcon_core.verb.build.BuildVerb object at 0x7f74303cc310>, main=<bound method BuildVerb.main of <colcon_core.verb.build.BuildVerb object at 0x7f74303cc310>>)
[1.881s] Level 1:colcon.colcon_core.package_discovery:discover_packages(colcon_meta) check parameters
[1.882s] Level 1:colcon.colcon_core.package_discovery:discover_packages(recursive) check parameters
[1.882s] Level 1:colcon.colcon_core.package_discovery:discover_packages(ignore) check parameters
[1.882s] Level 1:colcon.colcon_core.package_discovery:discover_packages(path) check parameters
[1.882s] Level 1:colcon.colcon_core.package_discovery:discover_packages(colcon_meta) discover
[1.882s] Level 1:colcon.colcon_core.package_discovery:discover_packages(recursive) discover
[1.882s] INFO:colcon.colcon_core.package_discovery:Crawling recursively for packages in '/home/sas/ros2_ws/beginner_tutorials'
[1.882s] Level 1:colcon.colcon_core.package_identification:_identify(.) by extensions ['ignore', 'ignore_ament_install']
[1.882s] Level 1:colcon.colcon_core.package_identification:_identify(.) by extension 'ignore'
[1.883s] Level 1:colcon.colcon_core.package_identification:_identify(.) by extension 'ignore_ament_install'
[1.883s] Level 1:colcon.colcon_core.package_identification:_identify(.) by extensions ['colcon_pkg']
[1.883s] Level 1:colcon.colcon_core.package_identification:_identify(.) by extension 'colcon_pkg'
[1.883s] Level 1:colcon.colcon_core.package_identification:_identify(.) by extensions ['colcon_meta']
[1.883s] Level 1:colcon.colcon_core.package_identification:_identify(.) by extension 'colcon_meta'
[1.883s] Level 1:colcon.colcon_core.package_identification:_identify(.) by extensions ['ros']
[1.883s] Level 1:colcon.colcon_core.package_identification:_identify(.) by extension 'ros'
[1.913s] DEBUG:colcon.colcon_core.package_identification:Package '.' with type 'ros.ament_cmake' and name 'beginner_tutorials'
[1.913s] Level 1:colcon.colcon_core.package_discovery:discover_packages(recursive) using defaults
[1.914s] Level 1:colcon.colcon_core.package_discovery:discover_packages(ignore) discover
[1.914s] Level 1:colcon.colcon_core.package_discovery:discover_packages(ignore) using defaults
[1.914s] Level 1:colcon.colcon_core.package_discovery:discover_packages(path) discover
[1.914s] Level 1:colcon.colcon_core.package_discovery:discover_packages(path) using defaults
[2.077s] Level 1:colcon.colcon_core.package_discovery:discover_packages(prefix_path) check parameters
[2.077s] Level 1:colcon.colcon_core.package_discovery:discover_packages(prefix_path) discover
[2.128s] DEBUG:colcon.colcon_installed_package_information.package_discovery:Found 284 installed packages in /opt/ros/humble
[2.130s] Level 1:colcon.colcon_core.package_discovery:discover_packages(prefix_path) using defaults
[2.293s] Level 5:colcon.colcon_core.verb:set package 'beginner_tutorials' build argument 'cmake_args' from command line to 'None'
[2.294s] Level 5:colcon.colcon_core.verb:set package 'beginner_tutorials' build argument 'cmake_target' from command line to 'None'
[2.294s] Level 5:colcon.colcon_core.verb:set package 'beginner_tutorials' build argument 'cmake_target_skip_unavailable' from command line to 'False'
[2.294s] Level 5:colcon.colcon_core.verb:set package 'beginner_tutorials' build argument 'cmake_clean_cache' from command line to 'False'
[2.294s] Level 5:colcon.colcon_core.verb:set package 'beginner_tutorials' build argument 'cmake_clean_first' from command line to 'False'
[2.294s] Level 5:colcon.colcon_core.verb:set package 'beginner_tutorials' build argument 'cmake_force_configure' from command line to 'False'
[2.294s] Level 5:colcon.colcon_core.verb:set package 'beginner_tutorials' build argument 'ament_cmake_args' from command line to 'None'
[2.294s] Level 5:colcon.colcon_core.verb:set package 'beginner_tutorials' build argument 'catkin_cmake_args' from command line to 'None'
[2.294s] Level 5:colcon.colcon_core.verb:set package 'beginner_tutorials' build argument 'catkin_skip_building_tests' from command line to 'False'
[2.294s] DEBUG:colcon.colcon_core.verb:Building package 'beginner_tutorials' with the following arguments: {'ament_cmake_args': None, 'build_base': '/home/sas/ros2_ws/beginner_tutorials/build/beginner_tutorials', 'catkin_cmake_args': None, 'catkin_skip_building_tests': False, 'cmake_args': None, 'cmake_clean_cache': False, 'cmake_clean_first': False, 'cmake_force_configure': False, 'cmake_target': None, 'cmake_target_skip_unavailable': False, 'install_base': '/home/sas/ros2_ws/beginner_tutorials/install/beginner_tutorials', 'merge_install': False, 'path': '/home/sas/ros2_ws/beginner_tutorials', 'symlink_install': False, 'test_result_base': None}
[2.318s] INFO:colcon.colcon_core.executor:Executing jobs using 'parallel' executor
[2.341s] DEBUG:colcon.colcon_parallel_executor.executor.parallel:run_until_complete
[2.342s] INFO:colcon.colcon_ros.task.ament_cmake.build:Building ROS package in '/home/sas/ros2_ws/beginner_tutorials' with build type 'ament_cmake'
[2.343s] INFO:colcon.colcon_cmake.task.cmake.build:Building CMake package in '/home/sas/ros2_ws/beginner_tutorials'
[2.369s] INFO:colcon.colcon_core.plugin_system:Skipping extension 'colcon_core.shell.bat': Not used on non-Windows systems
[2.369s] INFO:colcon.colcon_core.shell:Skip shell extension 'powershell' for command environment: Not usable outside of PowerShell
[2.369s] DEBUG:colcon.colcon_core.shell:Skip shell extension 'dsv' for command environment
[2.419s] DEBUG:colcon.colcon_core.event_handler.log_command:Invoking command in '/home/sas/ros2_ws/beginner_tutorials/build/beginner_tutorials': CMAKE_PREFIX_PATH=/opt/ros/humble /usr/bin/cmake --build /home/sas/ros2_ws/beginner_tutorials/build/beginner_tutorials -- -j8 -l8
[25.985s] DEBUG:colcon.colcon_core.event_handler.log_command:Invoked command in '/home/sas/ros2_ws/beginner_tutorials/build/beginner_tutorials' returned '0': CMAKE_PREFIX_PATH=/opt/ros/humble /usr/bin/cmake --build /home/sas/ros2_ws/beginner_tutorials/build/beginner_tutorials -- -j8 -l8
[26.310s] DEBUG:colcon.colcon_core.event_handler.log_command:Invoking command in '/home/sas/ros2_ws/beginner_tutorials/build/beginner_tutorials': CMAKE_PREFIX_PATH=/opt/ros/humble /usr/bin/cmake --install /home/sas/ros2_ws/beginner_tutorials/build/beginner_tutorials
[26.552s] Level 1:colcon.colcon_core.environment:create_environment_scripts_only(beginner_tutorials)
[26.553s] DEBUG:colcon.colcon_core.event_handler.log_command:Invoked command in '/home/sas/ros2_ws/beginner_tutorials/build/beginner_tutorials' returned '0': CMAKE_PREFIX_PATH=/opt/ros/humble /usr/bin/cmake --install /home/sas/ros2_ws/beginner_tutorials/build/beginner_tutorials
[26.625s] Level 1:colcon.colcon_core.environment:checking '/home/sas/ros2_ws/beginner_tutorials/install/beginner_tutorials' for CMake module files
[26.665s] Level 1:colcon.colcon_core.environment:checking '/home/sas/ros2_ws/beginner_tutorials/install/beginner_tutorials' for CMake config files
[26.665s] Level 1:colcon.colcon_core.shell:create_environment_hook('beginner_tutorials', 'cmake_prefix_path')
[26.702s] INFO:colcon.colcon_core.shell:Creating environment hook '/home/sas/ros2_ws/beginner_tutorials/install/beginner_tutorials/share/beginner_tutorials/hook/cmake_prefix_path.ps1'
[26.707s] INFO:colcon.colcon_core.shell:Creating environment descriptor '/home/sas/ros2_ws/beginner_tutorials/install/beginner_tutorials/share/beginner_tutorials/hook/cmake_prefix_path.dsv'
[26.708s] INFO:colcon.colcon_core.shell:Creating environment hook '/home/sas/ros2_ws/beginner_tutorials/install/beginner_tutorials/share/beginner_tutorials/hook/cmake_prefix_path.sh'
[26.710s] Level 1:colcon.colcon_core.environment:checking '/home/sas/ros2_ws/beginner_tutorials/install/beginner_tutorials/lib'
[26.710s] Level 1:colcon.colcon_core.shell:create_environment_hook('beginner_tutorials', 'ld_library_path_lib')
[26.752s] INFO:colcon.colcon_core.shell:Creating environment hook '/home/sas/ros2_ws/beginner_tutorials/install/beginner_tutorials/share/beginner_tutorials/hook/ld_library_path_lib.ps1'
[26.753s] INFO:colcon.colcon_core.shell:Creating environment descriptor '/home/sas/ros2_ws/beginner_tutorials/install/beginner_tutorials/share/beginner_tutorials/hook/ld_library_path_lib.dsv'
[26.754s] INFO:colcon.colcon_core.shell:Creating environment hook '/home/sas/ros2_ws/beginner_tutorials/install/beginner_tutorials/share/beginner_tutorials/hook/ld_library_path_lib.sh'
[26.755s] Level 1:colcon.colcon_core.environment:checking '/home/sas/ros2_ws/beginner_tutorials/install/beginner_tutorials/bin'
[26.755s] Level 1:colcon.colcon_core.environment:checking '/home/sas/ros2_ws/beginner_tutorials/install/beginner_tutorials/lib/pkgconfig/beginner_tutorials.pc'
[26.755s] Level 1:colcon.colcon_core.environment:checking '/home/sas/ros2_ws/beginner_tutorials/install/beginner_tutorials/lib/python3.10/site-packages'
[26.755s] Level 1:colcon.colcon_core.environment:checking '/home/sas/ros2_ws/beginner_tutorials/install/beginner_tutorials/bin'
[26.781s] INFO:colcon.colcon_core.shell:Creating package script '/home/sas/ros2_ws/beginner_tutorials/install/beginner_tutorials/share/beginner_tutorials/package.ps1'
[26.782s] INFO:colcon.colcon_core.shell:Creating package descriptor '/home/sas/ros2_ws/beginner_tutorials/install/beginner_tutorials/share/beginner_tutorials/package.dsv'
[26.783s] INFO:colcon.colcon_core.shell:Creating package script '/home/sas/ros2_ws/beginner_tutorials/install/beginner_tutorials/share/beginner_tutorials/package.sh'
[26.785s] INFO:colcon.colcon_core.shell:Creating package script '/home/sas/ros2_ws/beginner_tutorials/install/beginner_tutorials/share/beginner_tutorials/package.bash'
[26.786s] INFO:colcon.colcon_core.shell:Creating package script '/home/sas/ros2_ws/beginner_tutorials/install/beginner_tutorials/share/beginner_tutorials/package.zsh'
[26.788s] Level 1:colcon.colcon_core.environment:create_file_with_runtime_dependencies(/home/sas/ros2_ws/beginner_tutorials/install/beginner_tutorials/share/colcon-core/packages/beginner_tutorials)
[27.012s] Level 1:colcon.colcon_core.environment:create_environment_scripts_only(beginner_tutorials)
[27.037s] Level 1:colcon.colcon_core.environment:checking '/home/sas/ros2_ws/beginner_tutorials/install/beginner_tutorials' for CMake module files
[27.039s] Level 1:colcon.colcon_core.environment:checking '/home/sas/ros2_ws/beginner_tutorials/install/beginner_tutorials' for CMake config files
[27.039s] Level 1:colcon.colcon_core.shell:create_environment_hook('beginner_tutorials', 'cmake_prefix_path')
[27.063s] INFO:colcon.colcon_core.shell:Creating environment hook '/home/sas/ros2_ws/beginner_tutorials/install/beginner_tutorials/share/beginner_tutorials/hook/cmake_prefix_path.ps1'
[27.065s] INFO:colcon.colcon_core.shell:Creating environment descriptor '/home/sas/ros2_ws/beginner_tutorials/install/beginner_tutorials/share/beginner_tutorials/hook/cmake_prefix_path.dsv'
[27.066s] INFO:colcon.colcon_core.shell:Creating environment hook '/home/sas/ros2_ws/beginner_tutorials/install/beginner_tutorials/share/beginner_tutorials/hook/cmake_prefix_path.sh'
[27.067s] Level 1:colcon.colcon_core.environment:checking '/home/sas/ros2_ws/beginner_tutorials/install/beginner_tutorials/lib'
[27.067s] Level 1:colcon.colcon_core.shell:create_environment_hook('beginner_tutorials', 'ld_library_path_lib')
[27.089s] INFO:colcon.colcon_core.shell:Creating environment hook '/home/sas/ros2_ws/beginner_tutorials/install/beginner_tutorials/share/beginner_tutorials/hook/ld_library_path_lib.ps1'
[27.089s] INFO:colcon.colcon_core.shell:Creating environment descriptor '/home/sas/ros2_ws/beginner_tutorials/install/beginner_tutorials/share/beginner_tutorials/hook/ld_library_path_lib.dsv'
[27.090s] INFO:colcon.colcon_core.shell:Creating environment hook '/home/sas/ros2_ws/beginner_tutorials/install/beginner_tutorials/share/beginner_tutorials/hook/ld_library_path_lib.sh'
[27.091s] Level 1:colcon.colcon_core.environment:checking '/home/sas/ros2_ws/beginner_tutorials/install/beginner_tutorials/bin'
[27.091s] Level 1:colcon.colcon_core.environment:checking '/home/sas/ros2_ws/beginner_tutorials/install/beginner_tutorials/lib/pkgconfig/beginner_tutorials.pc'
[27.091s] Level 1:colcon.colcon_core.environment:checking '/home/sas/ros2_ws/beginner_tutorials/install/beginner_tutorials/lib/python3.10/site-packages'
[27.092s] Level 1:colcon.colcon_core.environment:checking '/home/sas/ros2_ws/beginner_tutorials/install/beginner_tutorials/bin'
[27.113s] INFO:colcon.colcon_core.shell:Creating package script '/home/sas/ros2_ws/beginner_tutorials/install/beginner_tutorials/share/beginner_tutorials/package.ps1'
[27.114s] INFO:colcon.colcon_core.shell:Creating package descriptor '/home/sas/ros2_ws/beginner_tutorials/install/beginner_tutorials/share/beginner_tutorials/package.dsv'
[27.115s] INFO:colcon.colcon_core.shell:Creating package script '/home/sas/ros2_ws/beginner_tutorials/install/beginner_tutorials/share/beginner_tutorials/package.sh'
[27.115s] INFO:colcon.colcon_core.shell:Creating package script '/home/sas/ros2_ws/beginner_tutorials/install/beginner_tutorials/share/beginner_tutorials/package.bash'
[27.116s] INFO:colcon.colcon_core.shell:Creating package script '/home/sas/ros2_ws/beginner_tutorials/install/beginner_tutorials/share/beginner_tutorials/package.zsh'
[27.117s] Level 1:colcon.colcon_core.environment:create_file_with_runtime_dependencies(/home/sas/ros2_ws/beginner_tutorials/install/beginner_tutorials/share/colcon-core/packages/beginner_tutorials)
[27.117s] DEBUG:colcon.colcon_parallel_executor.executor.parallel:closing loop
[27.117s] DEBUG:colcon.colcon_parallel_executor.executor.parallel:loop closed
[27.118s] DEBUG:colcon.colcon_parallel_executor.executor.parallel:run_until_complete finished with '0'
[27.118s] DEBUG:colcon.colcon_core.event_reactor:joining thread
[27.148s] INFO:colcon.colcon_core.plugin_system:Skipping extension 'colcon_notification.desktop_notification.terminal_notifier': Not used on non-Darwin systems
[27.148s] INFO:colcon.colcon_core.plugin_system:Skipping extension 'colcon_notification.desktop_notification.win32': Not used on non-Windows systems
[27.149s] INFO:colcon.colcon_notification.desktop_notification:Sending desktop notification using 'notify2'
[27.164s] DEBUG:colcon.colcon_core.event_reactor:joined thread
[27.186s] INFO:colcon.colcon_core.shell:Creating prefix script '/home/sas/ros2_ws/beginner_tutorials/install/local_setup.ps1'
[27.188s] INFO:colcon.colcon_core.shell:Creating prefix util module '/home/sas/ros2_ws/beginner_tutorials/install/_local_setup_util_ps1.py'
[27.190s] INFO:colcon.colcon_core.shell:Creating prefix chain script '/home/sas/ros2_ws/beginner_tutorials/install/setup.ps1'
[27.215s] INFO:colcon.colcon_core.shell:Creating prefix script '/home/sas/ros2_ws/beginner_tutorials/install/local_setup.sh'
[27.216s] INFO:colcon.colcon_core.shell:Creating prefix util module '/home/sas/ros2_ws/beginner_tutorials/install/_local_setup_util_sh.py'
[27.217s] INFO:colcon.colcon_core.shell:Creating prefix chain script '/home/sas/ros2_ws/beginner_tutorials/install/setup.sh'
[27.243s] INFO:colcon.colcon_core.shell:Creating prefix script '/home/sas/ros2_ws/beginner_tutorials/install/local_setup.bash'
[27.244s] INFO:colcon.colcon_core.shell:Creating prefix chain script '/home/sas/ros2_ws/beginner_tutorials/install/setup.bash'
[27.270s] INFO:colcon.colcon_core.shell:Creating prefix script '/home/sas/ros2_ws/beginner_tutorials/install/local_setup.zsh'
[27.271s] INFO:colcon.colcon_core.shell:Creating prefix chain script '/home/sas/ros2_ws/beginner_tutorials/install/setup.zsh'
