[0.115s] Invoking command in '/home/sas/ros2_ws/beginner_tutorials/build/beginner_tutorials': CMAKE_PREFIX_PATH=/opt/ros/humble /usr/bin/cmake --build /home/sas/ros2_ws/beginner_tutorials/build/beginner_tutorials -- -j8 -l8
[0.238s] [  2%] Built target beginner_tutorials__cpp
[0.243s] [ 10%] Built target beginner_tutorials__rosidl_generator_c
[0.246s] [ 10%] Built target ament_cmake_python_copy_beginner_tutorials
[0.252s] [ 16%] Built target listener
[0.436s] [ 27%] Built target beginner_tutorials__rosidl_typesupport_introspection_cpp
[0.437s] [ 32%] Built target beginner_tutorials__rosidl_typesupport_introspection_c
[0.446s] [ 43%] Built target beginner_tutorials__rosidl_typesupport_fastrtps_cpp
[0.458s] [ 48%] Built target beginner_tutorials__rosidl_typesupport_cpp
[0.461s] [ 56%] Built target beginner_tutorials__rosidl_typesupport_c
[0.461s] [ 64%] Built target beginner_tutorials__rosidl_typesupport_fastrtps_c
[0.500s] [ 64%] Built target beginner_tutorials
[0.542s] [ 67%] Built target beginner_tutorials__py
[0.553s] [ 70%] [32mBuilding CXX object CMakeFiles/talker.dir/src/publisher.cpp.o[0m
[0.685s] [ 75%] Built target server_client
[0.709s] [ 81%] Built target beginner_tutorials__rosidl_generator_py
[0.783s] [ 86%] Built target beginner_tutorials__rosidl_typesupport_introspection_c__pyext
[0.783s] [ 91%] Built target beginner_tutorials__rosidl_typesupport_fastrtps_c__pyext
[0.789s] [ 97%] Built target beginner_tutorials__rosidl_typesupport_c__pyext
[0.991s] running egg_info
[0.992s] writing beginner_tutorials.egg-info/PKG-INFO
[0.993s] writing dependency_links to beginner_tutorials.egg-info/dependency_links.txt
[0.993s] writing top-level names to beginner_tutorials.egg-info/top_level.txt
[0.998s] reading manifest file 'beginner_tutorials.egg-info/SOURCES.txt'
[0.999s] writing manifest file 'beginner_tutorials.egg-info/SOURCES.txt'
[1.049s] [ 97%] Built target ament_cmake_python_build_beginner_tutorials_egg
[1.096s] [01m[K/home/sas/ros2_ws/beginner_tutorials/src/publisher.cpp:17:10:[m[K [01;31m[Kfatal error: [m[Ktf2_ros/static_transform_broadcaster.h: No such file or directory
[1.096s]    17 | #include [01;31m[K"tf2_ros/static_transform_broadcaster.h"[m[K
[1.096s]       |          [01;31m[K^~~~~~~~~~~~~~~~~~~~~~~~~~~~~~~~~~~~~~~~[m[K
[1.096s] compilation terminated.
[1.101s] gmake[2]: *** [CMakeFiles/talker.dir/build.make:76: CMakeFiles/talker.dir/src/publisher.cpp.o] Error 1
[1.101s] gmake[1]: *** [CMakeFiles/Makefile2:598: CMakeFiles/talker.dir/all] Error 2
[1.102s] gmake: *** [Makefile:146: all] Error 2
[1.108s] Invoked command in '/home/sas/ros2_ws/beginner_tutorials/build/beginner_tutorials' returned '2': CMAKE_PREFIX_PATH=/opt/ros/humble /usr/bin/cmake --build /home/sas/ros2_ws/beginner_tutorials/build/beginner_tutorials -- -j8 -l8
