[0.213s] Invoking command in '/home/sas/ros2_ws/beginner_tutorials/build/beginner_tutorials': CMAKE_PREFIX_PATH=${CMAKE_PREFIX_PATH}:/opt/ros/humble /usr/bin/cmake --build /home/sas/ros2_ws/beginner_tutorials/build/beginner_tutorials -- -j8 -l8
[0.297s] -- Found ament_cmake: 1.3.6 (/opt/ros/humble/share/ament_cmake/cmake)
[0.825s] -- Found rclcpp: 16.0.7 (/opt/ros/humble/share/rclcpp/cmake)
[0.906s] -- Found rosidl_generator_c: 3.1.5 (/opt/ros/humble/share/rosidl_generator_c/cmake)
[0.919s] -- Found rosidl_adapter: 3.1.5 (/opt/ros/humble/share/rosidl_adapter/cmake)
[0.943s] -- Found rosidl_generator_cpp: 3.1.5 (/opt/ros/humble/share/rosidl_generator_cpp/cmake)
[0.977s] -- Using all available rosidl_typesupport_c: rosidl_typesupport_fastrtps_c;rosidl_typesupport_introspection_c
[1.024s] -- Using all available rosidl_typesupport_cpp: rosidl_typesupport_fastrtps_cpp;rosidl_typesupport_introspection_cpp
[1.190s] -- Found rmw_implementation_cmake: 6.1.1 (/opt/ros/humble/share/rmw_implementation_cmake/cmake)
[1.194s] -- Found rmw_fastrtps_cpp: 6.2.5 (/opt/ros/humble/share/rmw_fastrtps_cpp/cmake)
[1.508s] -- Using RMW implementation 'rmw_fastrtps_cpp' as default
[1.911s] -- Found rosidl_default_generators: 1.2.0 (/opt/ros/humble/share/rosidl_default_generators/cmake)
[1.960s] -- Found tf2: 0.25.5 (/opt/ros/humble/share/tf2/cmake)
[2.100s] -- Found tf2_ros: 0.25.5 (/opt/ros/humble/share/tf2_ros/cmake)
[2.905s] -- Found turtlesim: 1.4.2 (/opt/ros/humble/share/turtlesim/cmake)
[3.826s] -- Found ament_cmake_ros: 0.10.0 (/opt/ros/humble/share/ament_cmake_ros/cmake)
[4.663s] -- Using all available rosidl_typesupport_c: rosidl_typesupport_fastrtps_c;rosidl_typesupport_introspection_c
[5.081s] -- Using all available rosidl_typesupport_cpp: rosidl_typesupport_fastrtps_cpp;rosidl_typesupport_introspection_cpp
[5.206s] -- Found python_cmake_module: 0.10.0 (/opt/ros/humble/share/python_cmake_module/cmake)
[5.266s] -- Using PYTHON_EXECUTABLE: /usr/bin/python3
[5.266s] -- Using PYTHON_INCLUDE_DIRS: /usr/include/python3.10
[5.266s] -- Using PYTHON_LIBRARIES: /usr/lib/x86_64-linux-gnu/libpython3.10.so
[5.306s] -- Found ament_lint_auto: 0.12.9 (/opt/ros/humble/share/ament_lint_auto/cmake)
[5.306s] -- Found gtest sources under '/opt/ros/humble/src/gtest_vendor': C++ tests using 'Google Test' will be built
[5.343s] -- Added test 'pep257' to check Python code against some of the docstring style conventions in PEP 257
[5.344s] -- Configuring done
[5.485s] -- Generating done
[5.499s] -- Build files have been written to: /home/sas/ros2_ws/beginner_tutorials/build/beginner_tutorials
[5.612s] [  2%] [34m[1mGenerating C code for ROS interfaces[0m
[5.612s] [35m[1mConsolidate compiler generated dependencies of target gtest_main[0m
[5.733s] [  4%] [34m[1mGenerating C++ code for ROS interfaces[0m
[5.754s] [35m[1mConsolidate compiler generated dependencies of target gtest[0m
[5.798s] [  9%] Built target gtest_main
[5.860s] [ 14%] Built target gtest
[5.882s] [35m[1mConsolidate compiler generated dependencies of target beginner_tutorials_test[0m
[5.882s] [ 14%] Built target ament_cmake_python_copy_beginner_tutorials
[6.037s] [ 19%] Built target beginner_tutorials_test
[6.918s] [ 19%] Built target beginner_tutorials__cpp
[7.023s] running egg_info
[7.023s] writing beginner_tutorials.egg-info/PKG-INFO
[7.097s] writing dependency_links to beginner_tutorials.egg-info/dependency_links.txt
[7.178s] writing top-level names to beginner_tutorials.egg-info/top_level.txt
[7.178s] [ 21%] [32mBuilding C object CMakeFiles/beginner_tutorials__rosidl_generator_c.dir/rosidl_generator_c/beginner_tutorials/srv/detail/new_service__functions.c.o[0m
[7.179s] [ 24%] [34m[1mGenerating C++ type support dispatch for ROS interfaces[0m
[7.364s] reading manifest file 'beginner_tutorials.egg-info/SOURCES.txt'
[7.364s] [ 29%] [34m[1mGenerating C++ introspection for ROS interfaces[0m
[7.386s] [ 29%] [34m[1mGenerating C++ type support for eProsima Fast-RTPS[0m
[7.386s] writing manifest file 'beginner_tutorials.egg-info/SOURCES.txt'
[7.483s] [ 29%] Built target ament_cmake_python_build_beginner_tutorials_egg
[7.891s] [ 31%] [32m[1mLinking C shared library libbeginner_tutorials__rosidl_generator_c.so[0m
[8.219s] [ 31%] Built target beginner_tutorials__rosidl_generator_c
[8.376s] [ 34%] [34m[1mGenerating C type support for eProsima Fast-RTPS[0m
[8.400s] [ 39%] [34m[1mGenerating C introspection for ROS interfaces[0m
[8.401s] [ 39%] [34m[1mGenerating C type support dispatch for ROS interfaces[0m
[8.785s] [ 43%] [32mBuilding CXX object CMakeFiles/beginner_tutorials__rosidl_typesupport_cpp.dir/rosidl_typesupport_cpp/beginner_tutorials/srv/new_service__type_support.cpp.o[0m
[8.788s] [ 43%] [32mBuilding CXX object CMakeFiles/beginner_tutorials__rosidl_typesupport_introspection_cpp.dir/rosidl_typesupport_introspection_cpp/beginner_tutorials/srv/detail/new_service__type_support.cpp.o[0m
[9.085s] [ 46%] [32mBuilding CXX object CMakeFiles/beginner_tutorials__rosidl_typesupport_fastrtps_cpp.dir/rosidl_typesupport_fastrtps_cpp/beginner_tutorials/srv/detail/dds_fastrtps/new_service__type_support.cpp.o[0m
[9.981s] [ 48%] [32mBuilding CXX object CMakeFiles/beginner_tutorials__rosidl_typesupport_c.dir/rosidl_typesupport_c/beginner_tutorials/srv/new_service__type_support.cpp.o[0m
[10.106s] [ 51%] [32mBuilding C object CMakeFiles/beginner_tutorials__rosidl_typesupport_introspection_c.dir/rosidl_typesupport_introspection_c/beginner_tutorials/srv/detail/new_service__type_support.c.o[0m
[10.682s] [ 53%] [32m[1mLinking C shared library libbeginner_tutorials__rosidl_typesupport_introspection_c.so[0m
[10.863s] [ 56%] [32m[1mLinking CXX shared library libbeginner_tutorials__rosidl_typesupport_cpp.so[0m
[10.864s] [ 58%] [32m[1mLinking CXX shared library libbeginner_tutorials__rosidl_typesupport_c.so[0m
[10.864s] [ 60%] [32mBuilding CXX object CMakeFiles/beginner_tutorials__rosidl_typesupport_fastrtps_c.dir/rosidl_typesupport_fastrtps_c/beginner_tutorials/srv/detail/new_service__type_support_c.cpp.o[0m
[11.014s] [ 60%] Built target beginner_tutorials__rosidl_typesupport_introspection_c
[11.088s] [ 60%] Built target beginner_tutorials__rosidl_typesupport_c
[11.213s] [ 60%] Built target beginner_tutorials__rosidl_typesupport_cpp
[11.398s] [35m[1mConsolidate compiler generated dependencies of target listener[0m
[11.410s] [35m[1mConsolidate compiler generated dependencies of target talker[0m
[11.543s] [ 63%] [32mBuilding CXX object CMakeFiles/listener.dir/src/subscriber.cpp.o[0m
[11.718s] [ 65%] [32mBuilding CXX object CMakeFiles/talker.dir/src/publisher.cpp.o[0m
[11.719s] [ 68%] [32m[1mLinking CXX shared library libbeginner_tutorials__rosidl_typesupport_fastrtps_cpp.so[0m
[11.821s] [ 70%] [32m[1mLinking CXX shared library libbeginner_tutorials__rosidl_typesupport_introspection_cpp.so[0m
[12.312s] [ 70%] Built target beginner_tutorials__rosidl_typesupport_fastrtps_cpp
[12.430s] [ 70%] Built target beginner_tutorials__rosidl_typesupport_introspection_cpp
[12.702s] [ 73%] [32m[1mLinking CXX shared library libbeginner_tutorials__rosidl_typesupport_fastrtps_c.so[0m
[13.373s] [ 73%] Built target beginner_tutorials__rosidl_typesupport_fastrtps_c
[13.374s] [ 73%] Built target beginner_tutorials
[13.461s] [ 75%] [34m[1mGenerating Python code for ROS interfaces[0m
[15.236s] [ 75%] Built target beginner_tutorials__py
[15.395s] [ 78%] [32mBuilding C object CMakeFiles/beginner_tutorials__rosidl_generator_py.dir/rosidl_generator_py/beginner_tutorials/srv/_new_service_s.c.o[0m
[16.128s] [ 80%] [32m[1mLinking C shared library rosidl_generator_py/beginner_tutorials/libbeginner_tutorials__rosidl_generator_py.so[0m
[16.487s] [ 80%] Built target beginner_tutorials__rosidl_generator_py
[16.568s] [35m[1mConsolidate compiler generated dependencies of target beginner_tutorials__rosidl_typesupport_fastrtps_c__pyext[0m
[16.648s] [35m[1mConsolidate compiler generated dependencies of target beginner_tutorials__rosidl_typesupport_introspection_c__pyext[0m
[16.680s] [ 82%] [32mBuilding C object CMakeFiles/beginner_tutorials__rosidl_typesupport_fastrtps_c__pyext.dir/rosidl_generator_py/beginner_tutorials/_beginner_tutorials_s.ep.rosidl_typesupport_fastrtps_c.c.o[0m
[16.805s] [35m[1mConsolidate compiler generated dependencies of target beginner_tutorials__rosidl_typesupport_c__pyext[0m
[17.087s] [ 85%] [32mBuilding C object CMakeFiles/beginner_tutorials__rosidl_typesupport_introspection_c__pyext.dir/rosidl_generator_py/beginner_tutorials/_beginner_tutorials_s.ep.rosidl_typesupport_introspection_c.c.o[0m
[17.088s] [ 87%] [32mBuilding C object CMakeFiles/beginner_tutorials__rosidl_typesupport_c__pyext.dir/rosidl_generator_py/beginner_tutorials/_beginner_tutorials_s.ep.rosidl_typesupport_c.c.o[0m
[17.746s] [ 90%] [32m[1mLinking C shared library rosidl_generator_py/beginner_tutorials/beginner_tutorials_s__rosidl_typesupport_fastrtps_c.cpython-310-x86_64-linux-gnu.so[0m
[17.962s] [ 92%] [32m[1mLinking C shared library rosidl_generator_py/beginner_tutorials/beginner_tutorials_s__rosidl_typesupport_introspection_c.cpython-310-x86_64-linux-gnu.so[0m
[17.963s] [ 95%] [32m[1mLinking C shared library rosidl_generator_py/beginner_tutorials/beginner_tutorials_s__rosidl_typesupport_c.cpython-310-x86_64-linux-gnu.so[0m
[18.057s] [ 95%] Built target beginner_tutorials__rosidl_typesupport_introspection_c__pyext
[18.158s] [ 95%] Built target beginner_tutorials__rosidl_typesupport_fastrtps_c__pyext
[18.358s] [ 95%] Built target beginner_tutorials__rosidl_typesupport_c__pyext
[22.280s] [01m[K/home/sas/ros2_ws/beginner_tutorials/src/publisher.cpp:92:54:[m[K [01;31m[Kerror: [m[K‘[01m[KNewService[m[K’ is not a member of ‘[01m[Kbeginner_tutorials::srv[m[K’
[22.281s]    92 |       const std::shared_ptr<beginner_tutorials::srv::[01;31m[KNewService[m[K::Request>
[22.283s]       |                                                      [01;31m[K^~~~~~~~~~[m[K
[22.285s] [01m[K/home/sas/ros2_ws/beginner_tutorials/src/publisher.cpp:92:73:[m[K [01;31m[Kerror: [m[Ktemplate argument 1 is invalid
[22.286s]    92 |       const std::shared_ptr<beginner_tutorials::srv::NewService::Request[01;31m[K>[m[K
[22.288s]       |                                                                         [01;31m[K^[m[K
[22.290s] [01m[K/home/sas/ros2_ws/beginner_tutorials/src/publisher.cpp:92:54:[m[K [01;31m[Kerror: [m[K‘[01m[KNewService[m[K’ is not a member of ‘[01m[Kbeginner_tutorials::srv[m[K’
[22.291s]    92 |       const std::shared_ptr<beginner_tutorials::srv::[01;31m[KNewService[m[K::Request>
[22.293s]       |                                                      [01;31m[K^~~~~~~~~~[m[K
[22.294s] [01m[K/home/sas/ros2_ws/beginner_tutorials/src/publisher.cpp:92:73:[m[K [01;31m[Kerror: [m[Ktemplate argument 1 is invalid
[22.296s]    92 |       const std::shared_ptr<beginner_tutorials::srv::NewService::Request[01;31m[K>[m[K
[22.297s]       |                                                                         [01;31m[K^[m[K
[22.299s] [01m[K/home/sas/ros2_ws/beginner_tutorials/src/publisher.cpp:92:54:[m[K [01;31m[Kerror: [m[K‘[01m[KNewService[m[K’ is not a member of ‘[01m[Kbeginner_tutorials::srv[m[K’
[22.299s]    92 |       const std::shared_ptr<beginner_tutorials::srv::[01;31m[KNewService[m[K::Request>
[22.299s]       |                                                      [01;31m[K^~~~~~~~~~[m[K
[22.300s] [01m[K/home/sas/ros2_ws/beginner_tutorials/src/publisher.cpp:92:73:[m[K [01;31m[Kerror: [m[Ktemplate argument 1 is invalid
[22.300s]    92 |       const std::shared_ptr<beginner_tutorials::srv::NewService::Request[01;31m[K>[m[K
[22.300s]       |                                                                         [01;31m[K^[m[K
[22.300s] [01m[K/home/sas/ros2_ws/beginner_tutorials/src/publisher.cpp:92:13:[m[K [01;31m[Kerror: [m[Kinvalid template-id
[22.300s]    92 |       const [01;31m[Kstd[m[K::shared_ptr<beginner_tutorials::srv::NewService::Request>
[22.300s]       |             [01;31m[K^~~[m[K
[22.300s] [01m[K/home/sas/ros2_ws/beginner_tutorials/src/publisher.cpp:92:54:[m[K [01;31m[Kerror: [m[K‘[01m[Kbeginner_tutorials::srv::NewService[m[K’ has not been declared
[22.301s]    92 |       const std::shared_ptr<beginner_tutorials::srv::[01;31m[KNewService[m[K::Request>
[22.301s]       |                                                      [01;31m[K^~~~~~~~~~[m[K
[22.301s] [01m[K/home/sas/ros2_ws/beginner_tutorials/src/publisher.cpp:92:7:[m[K [01;31m[Kerror: [m[Kclass template placeholder ‘[01m[Kstd::shared_ptr[m[K’ not permitted in this context
[22.301s]    92 |       [01;31m[Kconst[m[K std::shared_ptr<beginner_tutorials::srv::NewService::Request>
[22.301s]       |       [01;31m[K^~~~~[m[K
[22.301s] [01m[K/home/sas/ros2_ws/beginner_tutorials/src/publisher.cpp:94:48:[m[K [01;31m[Kerror: [m[K‘[01m[KNewService[m[K’ is not a member of ‘[01m[Kbeginner_tutorials::srv[m[K’
[22.301s]    94 |       std::shared_ptr<beginner_tutorials::srv::[01;31m[KNewService[m[K::Response>
[22.301s]       |                                                [01;31m[K^~~~~~~~~~[m[K
[22.301s] [01m[K/home/sas/ros2_ws/beginner_tutorials/src/publisher.cpp:94:68:[m[K [01;31m[Kerror: [m[Ktemplate argument 1 is invalid
[22.301s]    94 |       std::shared_ptr<beginner_tutorials::srv::NewService::Response[01;31m[K>[m[K
[22.301s]       |                                                                    [01;31m[K^[m[K
[22.301s] [01m[K/home/sas/ros2_ws/beginner_tutorials/src/publisher.cpp:94:48:[m[K [01;31m[Kerror: [m[K‘[01m[KNewService[m[K’ is not a member of ‘[01m[Kbeginner_tutorials::srv[m[K’
[22.302s]    94 |       std::shared_ptr<beginner_tutorials::srv::[01;31m[KNewService[m[K::Response>
[22.302s]       |                                                [01;31m[K^~~~~~~~~~[m[K
[22.302s] [01m[K/home/sas/ros2_ws/beginner_tutorials/src/publisher.cpp:94:68:[m[K [01;31m[Kerror: [m[Ktemplate argument 1 is invalid
[22.302s]    94 |       std::shared_ptr<beginner_tutorials::srv::NewService::Response[01;31m[K>[m[K
[22.302s]       |                                                                    [01;31m[K^[m[K
[22.302s] [01m[K/home/sas/ros2_ws/beginner_tutorials/src/publisher.cpp:94:48:[m[K [01;31m[Kerror: [m[K‘[01m[KNewService[m[K’ is not a member of ‘[01m[Kbeginner_tutorials::srv[m[K’
[22.302s]    94 |       std::shared_ptr<beginner_tutorials::srv::[01;31m[KNewService[m[K::Response>
[22.302s]       |                                                [01;31m[K^~~~~~~~~~[m[K
[22.303s] [01m[K/home/sas/ros2_ws/beginner_tutorials/src/publisher.cpp:94:68:[m[K [01;31m[Kerror: [m[Ktemplate argument 1 is invalid
[22.303s]    94 |       std::shared_ptr<beginner_tutorials::srv::NewService::Response[01;31m[K>[m[K
[22.303s]       |                                                                    [01;31m[K^[m[K
[22.303s] [01m[K/home/sas/ros2_ws/beginner_tutorials/src/publisher.cpp:94:7:[m[K [01;31m[Kerror: [m[Kinvalid template-id
[22.303s]    94 |       [01;31m[Kstd[m[K::shared_ptr<beginner_tutorials::srv::NewService::Response>
[22.304s]       |       [01;31m[K^~~[m[K
[22.304s] [01m[K/home/sas/ros2_ws/beginner_tutorials/src/publisher.cpp:94:48:[m[K [01;31m[Kerror: [m[K‘[01m[Kbeginner_tutorials::srv::NewService[m[K’ has not been declared
[22.304s]    94 |       std::shared_ptr<beginner_tutorials::srv::[01;31m[KNewService[m[K::Response>
[22.304s]       |                                                [01;31m[K^~~~~~~~~~[m[K
[22.304s] [01m[K/home/sas/ros2_ws/beginner_tutorials/src/publisher.cpp:94:7:[m[K [01;31m[Kerror: [m[Kclass template placeholder ‘[01m[Kstd::shared_ptr[m[K’ not permitted in this context
[22.305s]    94 |       [01;31m[Kstd[m[K::shared_ptr<beginner_tutorials::srv::NewService::Response>
[22.305s]       |       [01;31m[K^~~[m[K
[22.333s] [01m[K/home/sas/ros2_ws/beginner_tutorials/src/publisher.cpp:122:44:[m[K [01;31m[Kerror: [m[K‘[01m[KNewService[m[K’ is not a member of ‘[01m[Kbeginner_tutorials::srv[m[K’
[22.333s]   122 |   rclcpp::Service<beginner_tutorials::srv::[01;31m[KNewService[m[K>::SharedPtr service_;
[22.334s]       |                                            [01;31m[K^~~~~~~~~~[m[K
[22.334s] [01m[K/home/sas/ros2_ws/beginner_tutorials/src/publisher.cpp:122:54:[m[K [01;31m[Kerror: [m[Ktemplate argument 1 is invalid
[22.334s]   122 |   rclcpp::Service<beginner_tutorials::srv::NewService[01;31m[K>[m[K::SharedPtr service_;
[22.334s]       |                                                      [01;31m[K^[m[K
[22.334s] [01m[K/home/sas/ros2_ws/beginner_tutorials/src/publisher.cpp:122:57:[m[K [01;31m[Kerror: [m[Kexpected ‘[01m[K;[m[K’ at end of member declaration
[22.335s]   122 |   rclcpp::Service<beginner_tutorials::srv::NewService>::[01;31m[KSharedPtr[m[K service_;
[22.335s]       |                                                         [01;31m[K^~~~~~~~~[m[K
[22.335s]       |                                                                  [32m[K;[m[K
[22.335s] [01m[K/home/sas/ros2_ws/beginner_tutorials/src/publisher.cpp:122:67:[m[K [01;31m[Kerror: [m[K‘[01m[Kservice_[m[K’ does not name a type
[22.335s]   122 |   rclcpp::Service<beginner_tutorials::srv::NewService>::SharedPtr [01;31m[Kservice_[m[K;
[22.335s]       |                                                                   [01;31m[K^~~~~~~~[m[K
[22.411s] [01m[K/home/sas/ros2_ws/beginner_tutorials/src/publisher.cpp:[m[K In constructor ‘[01m[KPublisher::Publisher()[m[K’:
[22.412s] [01m[K/home/sas/ros2_ws/beginner_tutorials/src/publisher.cpp:69:5:[m[K [01;31m[Kerror: [m[K‘[01m[Kservice_[m[K’ was not declared in this scope
[22.412s]    69 |     [01;31m[Kservice_[m[K = create_service<beginner_tutorials::srv::NewService>(
[22.412s]       |     [01;31m[K^~~~~~~~[m[K
[22.412s] [01m[K/home/sas/ros2_ws/beginner_tutorials/src/publisher.cpp:69:56:[m[K [01;31m[Kerror: [m[K‘[01m[KNewService[m[K’ is not a member of ‘[01m[Kbeginner_tutorials::srv[m[K’
[22.412s]    69 |     service_ = create_service<beginner_tutorials::srv::[01;31m[KNewService[m[K>(
[22.413s]       |                                                        [01;31m[K^~~~~~~~~~[m[K
[22.413s] [01m[K/home/sas/ros2_ws/beginner_tutorials/src/publisher.cpp:69:67:[m[K [01;31m[Kerror: [m[Kno matching function for call to ‘[01m[KPublisher::create_service<<expression error> >(const char [15], std::_Bind<void (Publisher::*(Publisher*, std::_Placeholder<1>, std::_Placeholder<2>))(...)>&)[m[K’
[22.413s]    69 |     service_ = [01;31m[Kcreate_service<beginner_tutorials::srv::NewService>([m[K
[22.413s]       |                [01;31m[K~~~~~~~~~~~~~~~~~~~~~~~~~~~~~~~~~~~~~~~~~~~~~~~~~~~^[m[K
[22.414s]    70 | [01;31m[K        "custom_service", serviceCallbackPtr)[m[K;
[22.414s]       |         [01;31m[K~~~~~~~~~~~~~~~~~~~~~~~~~~~~~~~~~~~~~[m[K                      
[22.414s] In file included from [01m[K/opt/ros/humble/include/rclcpp/rclcpp/executors/single_threaded_executor.hpp:28[m[K,
[22.414s]                  from [01m[K/opt/ros/humble/include/rclcpp/rclcpp/executors.hpp:22[m[K,
[22.415s]                  from [01m[K/opt/ros/humble/include/rclcpp/rclcpp/rclcpp.hpp:155[m[K,
[22.415s]                  from [01m[K/opt/ros/humble/include/tf2_ros/tf2_ros/static_transform_broadcaster.h:41[m[K,
[22.415s]                  from [01m[K/home/sas/ros2_ws/beginner_tutorials/src/publisher.cpp:11[m[K:
[22.415s] [01m[K/opt/ros/humble/include/rclcpp/rclcpp/node.hpp:267:3:[m[K [01;36m[Knote: [m[Kcandidate: ‘[01m[Ktemplate<class ServiceT, class CallbackT> typename rclcpp::Service<ServiceT>::SharedPtr rclcpp::Node::create_service(const string&, CallbackT&&, const rmw_qos_profile_t&, rclcpp::CallbackGroup::SharedPtr)[m[K’
[22.416s]   267 |   [01;36m[Kcreate_service[m[K(
[22.416s]       |   [01;36m[K^~~~~~~~~~~~~~[m[K
[22.416s] [01m[K/opt/ros/humble/include/rclcpp/rclcpp/node.hpp:267:3:[m[K [01;36m[Knote: [m[K  template argument deduction/substitution failed:
[22.416s] [01m[K/home/sas/ros2_ws/beginner_tutorials/src/publisher.cpp:69:67:[m[K [01;31m[Kerror: [m[Ktemplate argument 1 is invalid
[22.417s]    69 |     service_ = [01;31m[Kcreate_service<beginner_tutorials::srv::NewService>([m[K
[22.417s]       |                [01;31m[K~~~~~~~~~~~~~~~~~~~~~~~~~~~~~~~~~~~~~~~~~~~~~~~~~~~^[m[K
[22.417s]    70 | [01;31m[K        "custom_service", serviceCallbackPtr)[m[K;
[22.417s]       |         [01;31m[K~~~~~~~~~~~~~~~~~~~~~~~~~~~~~~~~~~~~~[m[K                      
[22.439s] [01m[K/home/sas/ros2_ws/beginner_tutorials/src/publisher.cpp:[m[K In member function ‘[01m[Kvoid Publisher::change_message(...)[m[K’:
[22.439s] [01m[K/home/sas/ros2_ws/beginner_tutorials/src/publisher.cpp:96:5:[m[K [01;31m[Kerror: [m[K‘[01m[Kresponse[m[K’ was not declared in this scope
[22.439s]    96 |     [01;31m[Kresponse[m[K->response_message =
[22.439s]       |     [01;31m[K^~~~~~~~[m[K
[22.452s] [01m[K/home/sas/ros2_ws/beginner_tutorials/src/publisher.cpp:97:9:[m[K [01;31m[Kerror: [m[K‘[01m[Krequest[m[K’ was not declared in this scope
[22.452s]    97 |         [01;31m[Krequest[m[K->request_message + "Hey there, the service is modified";
[22.453s]       |         [01;31m[K^~~~~~~[m[K
[26.244s] gmake[2]: *** [CMakeFiles/talker.dir/build.make:76: CMakeFiles/talker.dir/src/publisher.cpp.o] Error 1
[26.245s] gmake[1]: *** [CMakeFiles/Makefile2:206: CMakeFiles/talker.dir/all] Error 2
[26.245s] gmake[1]: *** Waiting for unfinished jobs....
[39.102s] [ 97%] [32m[1mLinking CXX executable listener[0m
[40.074s] [ 97%] Built target listener
[40.074s] gmake: *** [Makefile:146: all] Error 2
[40.083s] Invoked command in '/home/sas/ros2_ws/beginner_tutorials/build/beginner_tutorials' returned '2': CMAKE_PREFIX_PATH=${CMAKE_PREFIX_PATH}:/opt/ros/humble /usr/bin/cmake --build /home/sas/ros2_ws/beginner_tutorials/build/beginner_tutorials -- -j8 -l8
