[1.709s] DEBUG:colcon:Command line arguments: ['/usr/bin/colcon', 'build', '--packages-select', 'beginner_tutorials']
[1.709s] DEBUG:colcon:Parsed command line arguments: Namespace(log_base=None, log_level=None, verb_name='build', build_base='build', install_base='install', merge_install=False, symlink_install=False, test_result_base=None, continue_on_error=False, executor='parallel', parallel_workers=8, event_handlers=None, ignore_user_meta=False, metas=['./colcon.meta'], base_paths=['.'], packages_ignore=None, packages_ignore_regex=None, paths=None, packages_up_to=None, packages_up_to_regex=None, packages_above=None, packages_above_and_dependencies=None, packages_above_depth=None, packages_select_by_dep=None, packages_skip_by_dep=None, packages_skip_up_to=None, packages_select_build_failed=False, packages_skip_build_finished=False, packages_select_test_failures=False, packages_skip_test_passed=False, packages_select=['beginner_tutorials'], packages_skip=None, packages_select_regex=None, packages_skip_regex=None, packages_start=None, packages_end=None, allow_overriding=[], cmake_args=None, cmake_target=None, cmake_target_skip_unavailable=False, cmake_clean_cache=False, cmake_clean_first=False, cmake_force_configure=False, ament_cmake_args=None, catkin_cmake_args=None, catkin_skip_building_tests=False, verb_parser=<colcon_defaults.argument_parser.defaults.DefaultArgumentsDecorator object at 0x7f47b5cda860>, verb_extension=<colcon_core.verb.build.BuildVerb object at 0x7f47b61f6380>, main=<bound method BuildVerb.main of <colcon_core.verb.build.BuildVerb object at 0x7f47b61f6380>>)
[1.791s] Level 1:colcon.colcon_core.package_discovery:discover_packages(colcon_meta) check parameters
[1.791s] Level 1:colcon.colcon_core.package_discovery:discover_packages(recursive) check parameters
[1.791s] Level 1:colcon.colcon_core.package_discovery:discover_packages(ignore) check parameters
[1.792s] Level 1:colcon.colcon_core.package_discovery:discover_packages(path) check parameters
[1.792s] Level 1:colcon.colcon_core.package_discovery:discover_packages(colcon_meta) discover
[1.792s] Level 1:colcon.colcon_core.package_discovery:discover_packages(recursive) discover
[1.792s] INFO:colcon.colcon_core.package_discovery:Crawling recursively for packages in '/home/sas/ros2_ws/beginner_tutorials'
[1.792s] Level 1:colcon.colcon_core.package_identification:_identify(.) by extensions ['ignore', 'ignore_ament_install']
[1.792s] Level 1:colcon.colcon_core.package_identification:_identify(.) by extension 'ignore'
[1.792s] Level 1:colcon.colcon_core.package_identification:_identify(.) by extension 'ignore_ament_install'
[1.792s] Level 1:colcon.colcon_core.package_identification:_identify(.) by extensions ['colcon_pkg']
[1.792s] Level 1:colcon.colcon_core.package_identification:_identify(.) by extension 'colcon_pkg'
[1.793s] Level 1:colcon.colcon_core.package_identification:_identify(.) by extensions ['colcon_meta']
[1.793s] Level 1:colcon.colcon_core.package_identification:_identify(.) by extension 'colcon_meta'
[1.793s] Level 1:colcon.colcon_core.package_identification:_identify(.) by extensions ['ros']
[1.793s] Level 1:colcon.colcon_core.package_identification:_identify(.) by extension 'ros'
[1.823s] DEBUG:colcon.colcon_core.package_identification:Package '.' with type 'ros.ament_cmake' and name 'beginner_tutorials'
[1.823s] Level 1:colcon.colcon_core.package_discovery:discover_packages(recursive) using defaults
[1.824s] Level 1:colcon.colcon_core.package_discovery:discover_packages(ignore) discover
[1.824s] Level 1:colcon.colcon_core.package_discovery:discover_packages(ignore) using defaults
[1.824s] Level 1:colcon.colcon_core.package_discovery:discover_packages(path) discover
[1.824s] Level 1:colcon.colcon_core.package_discovery:discover_packages(path) using defaults
[1.981s] Level 1:colcon.colcon_core.package_discovery:discover_packages(prefix_path) check parameters
[1.981s] Level 1:colcon.colcon_core.package_discovery:discover_packages(prefix_path) discover
[2.030s] DEBUG:colcon.colcon_installed_package_information.package_discovery:Found 284 installed packages in /opt/ros/humble
[2.033s] Level 1:colcon.colcon_core.package_discovery:discover_packages(prefix_path) using defaults
[2.225s] Level 5:colcon.colcon_core.verb:set package 'beginner_tutorials' build argument 'cmake_args' from command line to 'None'
[2.225s] Level 5:colcon.colcon_core.verb:set package 'beginner_tutorials' build argument 'cmake_target' from command line to 'None'
[2.225s] Level 5:colcon.colcon_core.verb:set package 'beginner_tutorials' build argument 'cmake_target_skip_unavailable' from command line to 'False'
[2.225s] Level 5:colcon.colcon_core.verb:set package 'beginner_tutorials' build argument 'cmake_clean_cache' from command line to 'False'
[2.225s] Level 5:colcon.colcon_core.verb:set package 'beginner_tutorials' build argument 'cmake_clean_first' from command line to 'False'
[2.225s] Level 5:colcon.colcon_core.verb:set package 'beginner_tutorials' build argument 'cmake_force_configure' from command line to 'False'
[2.225s] Level 5:colcon.colcon_core.verb:set package 'beginner_tutorials' build argument 'ament_cmake_args' from command line to 'None'
[2.225s] Level 5:colcon.colcon_core.verb:set package 'beginner_tutorials' build argument 'catkin_cmake_args' from command line to 'None'
[2.225s] Level 5:colcon.colcon_core.verb:set package 'beginner_tutorials' build argument 'catkin_skip_building_tests' from command line to 'False'
[2.225s] DEBUG:colcon.colcon_core.verb:Building package 'beginner_tutorials' with the following arguments: {'ament_cmake_args': None, 'build_base': '/home/sas/ros2_ws/beginner_tutorials/build/beginner_tutorials', 'catkin_cmake_args': None, 'catkin_skip_building_tests': False, 'cmake_args': None, 'cmake_clean_cache': False, 'cmake_clean_first': False, 'cmake_force_configure': False, 'cmake_target': None, 'cmake_target_skip_unavailable': False, 'install_base': '/home/sas/ros2_ws/beginner_tutorials/install/beginner_tutorials', 'merge_install': False, 'path': '/home/sas/ros2_ws/beginner_tutorials', 'symlink_install': False, 'test_result_base': None}
[2.249s] INFO:colcon.colcon_core.executor:Executing jobs using 'parallel' executor
[2.275s] DEBUG:colcon.colcon_parallel_executor.executor.parallel:run_until_complete
[2.276s] INFO:colcon.colcon_ros.task.ament_cmake.build:Building ROS package in '/home/sas/ros2_ws/beginner_tutorials' with build type 'ament_cmake'
[2.277s] INFO:colcon.colcon_cmake.task.cmake.build:Building CMake package in '/home/sas/ros2_ws/beginner_tutorials'
[2.304s] INFO:colcon.colcon_core.plugin_system:Skipping extension 'colcon_core.shell.bat': Not used on non-Windows systems
[2.304s] INFO:colcon.colcon_core.shell:Skip shell extension 'powershell' for command environment: Not usable outside of PowerShell
[2.304s] DEBUG:colcon.colcon_core.shell:Skip shell extension 'dsv' for command environment
[2.379s] DEBUG:colcon.colcon_core.event_handler.log_command:Invoking command in '/home/sas/ros2_ws/beginner_tutorials/build/beginner_tutorials': CMAKE_PREFIX_PATH=/opt/ros/humble /usr/bin/cmake --build /home/sas/ros2_ws/beginner_tutorials/build/beginner_tutorials -- -j8 -l8
[3.104s] DEBUG:colcon.colcon_core.event_handler.log_command:Invoked command in '/home/sas/ros2_ws/beginner_tutorials/build/beginner_tutorials' returned '2': CMAKE_PREFIX_PATH=/opt/ros/humble /usr/bin/cmake --build /home/sas/ros2_ws/beginner_tutorials/build/beginner_tutorials -- -j8 -l8
[3.325s] Level 1:colcon.colcon_core.environment:create_environment_scripts_only(beginner_tutorials)
[3.353s] Level 1:colcon.colcon_core.environment:checking '/home/sas/ros2_ws/beginner_tutorials/install/beginner_tutorials' for CMake module files
[3.354s] Level 1:colcon.colcon_core.environment:checking '/home/sas/ros2_ws/beginner_tutorials/install/beginner_tutorials' for CMake config files
[3.355s] Level 1:colcon.colcon_core.shell:create_environment_hook('beginner_tutorials', 'cmake_prefix_path')
[3.403s] INFO:colcon.colcon_core.shell:Creating environment hook '/home/sas/ros2_ws/beginner_tutorials/install/beginner_tutorials/share/beginner_tutorials/hook/cmake_prefix_path.ps1'
[3.412s] INFO:colcon.colcon_core.shell:Creating environment descriptor '/home/sas/ros2_ws/beginner_tutorials/install/beginner_tutorials/share/beginner_tutorials/hook/cmake_prefix_path.dsv'
[3.432s] INFO:colcon.colcon_core.shell:Creating environment hook '/home/sas/ros2_ws/beginner_tutorials/install/beginner_tutorials/share/beginner_tutorials/hook/cmake_prefix_path.sh'
[3.437s] Level 1:colcon.colcon_core.environment:checking '/home/sas/ros2_ws/beginner_tutorials/install/beginner_tutorials/lib'
[3.437s] Level 1:colcon.colcon_core.shell:create_environment_hook('beginner_tutorials', 'ld_library_path_lib')
[3.503s] INFO:colcon.colcon_core.shell:Creating environment hook '/home/sas/ros2_ws/beginner_tutorials/install/beginner_tutorials/share/beginner_tutorials/hook/ld_library_path_lib.ps1'
[3.514s] INFO:colcon.colcon_core.shell:Creating environment descriptor '/home/sas/ros2_ws/beginner_tutorials/install/beginner_tutorials/share/beginner_tutorials/hook/ld_library_path_lib.dsv'
[3.515s] INFO:colcon.colcon_core.shell:Creating environment hook '/home/sas/ros2_ws/beginner_tutorials/install/beginner_tutorials/share/beginner_tutorials/hook/ld_library_path_lib.sh'
[3.516s] Level 1:colcon.colcon_core.environment:checking '/home/sas/ros2_ws/beginner_tutorials/install/beginner_tutorials/bin'
[3.516s] Level 1:colcon.colcon_core.environment:checking '/home/sas/ros2_ws/beginner_tutorials/install/beginner_tutorials/lib/pkgconfig/beginner_tutorials.pc'
[3.517s] Level 1:colcon.colcon_core.environment:checking '/home/sas/ros2_ws/beginner_tutorials/install/beginner_tutorials/lib/python3.10/site-packages'
[3.518s] Level 1:colcon.colcon_core.environment:checking '/home/sas/ros2_ws/beginner_tutorials/install/beginner_tutorials/bin'
[3.589s] INFO:colcon.colcon_core.shell:Creating package script '/home/sas/ros2_ws/beginner_tutorials/install/beginner_tutorials/share/beginner_tutorials/package.ps1'
[3.591s] INFO:colcon.colcon_core.shell:Creating package descriptor '/home/sas/ros2_ws/beginner_tutorials/install/beginner_tutorials/share/beginner_tutorials/package.dsv'
[3.593s] INFO:colcon.colcon_core.shell:Creating package script '/home/sas/ros2_ws/beginner_tutorials/install/beginner_tutorials/share/beginner_tutorials/package.sh'
[3.595s] INFO:colcon.colcon_core.shell:Creating package script '/home/sas/ros2_ws/beginner_tutorials/install/beginner_tutorials/share/beginner_tutorials/package.bash'
[3.598s] INFO:colcon.colcon_core.shell:Creating package script '/home/sas/ros2_ws/beginner_tutorials/install/beginner_tutorials/share/beginner_tutorials/package.zsh'
[3.600s] Level 1:colcon.colcon_core.environment:create_file_with_runtime_dependencies(/home/sas/ros2_ws/beginner_tutorials/install/beginner_tutorials/share/colcon-core/packages/beginner_tutorials)
[3.637s] DEBUG:colcon.colcon_parallel_executor.executor.parallel:closing loop
[3.637s] DEBUG:colcon.colcon_parallel_executor.executor.parallel:loop closed
[3.637s] DEBUG:colcon.colcon_parallel_executor.executor.parallel:run_until_complete finished with '2'
[3.637s] DEBUG:colcon.colcon_core.event_reactor:joining thread
[3.682s] INFO:colcon.colcon_core.plugin_system:Skipping extension 'colcon_notification.desktop_notification.terminal_notifier': Not used on non-Darwin systems
[3.683s] INFO:colcon.colcon_core.plugin_system:Skipping extension 'colcon_notification.desktop_notification.win32': Not used on non-Windows systems
[3.683s] INFO:colcon.colcon_notification.desktop_notification:Sending desktop notification using 'notify2'
[3.698s] DEBUG:colcon.colcon_core.event_reactor:joined thread
[3.728s] INFO:colcon.colcon_core.shell:Creating prefix script '/home/sas/ros2_ws/beginner_tutorials/install/local_setup.ps1'
[3.731s] INFO:colcon.colcon_core.shell:Creating prefix util module '/home/sas/ros2_ws/beginner_tutorials/install/_local_setup_util_ps1.py'
[3.733s] INFO:colcon.colcon_core.shell:Creating prefix chain script '/home/sas/ros2_ws/beginner_tutorials/install/setup.ps1'
[3.768s] INFO:colcon.colcon_core.shell:Creating prefix script '/home/sas/ros2_ws/beginner_tutorials/install/local_setup.sh'
[3.770s] INFO:colcon.colcon_core.shell:Creating prefix util module '/home/sas/ros2_ws/beginner_tutorials/install/_local_setup_util_sh.py'
[3.772s] INFO:colcon.colcon_core.shell:Creating prefix chain script '/home/sas/ros2_ws/beginner_tutorials/install/setup.sh'
[3.802s] INFO:colcon.colcon_core.shell:Creating prefix script '/home/sas/ros2_ws/beginner_tutorials/install/local_setup.bash'
[3.804s] INFO:colcon.colcon_core.shell:Creating prefix chain script '/home/sas/ros2_ws/beginner_tutorials/install/setup.bash'
[3.831s] INFO:colcon.colcon_core.shell:Creating prefix script '/home/sas/ros2_ws/beginner_tutorials/install/local_setup.zsh'
[3.832s] INFO:colcon.colcon_core.shell:Creating prefix chain script '/home/sas/ros2_ws/beginner_tutorials/install/setup.zsh'
