[  7%] Built target beginner_tutorials__rosidl_generator_c
[  9%] Built target beginner_tutorials__cpp
[ 14%] Built target gtest
[ 19%] Built target gtest_main
[ 19%] Built target ament_cmake_python_copy_beginner_tutorials
[35m[1mConsolidate compiler generated dependencies of target beginner_tutorials_test[0m
[ 26%] Built target beginner_tutorials__rosidl_typesupport_introspection_c
[ 34%] Built target beginner_tutorials__rosidl_typesupport_c
[ 41%] Built target beginner_tutorials__rosidl_typesupport_cpp
[ 48%] Built target beginner_tutorials__rosidl_typesupport_fastrtps_cpp
[ 56%] Built target beginner_tutorials__rosidl_typesupport_introspection_cpp
[ 63%] Built target beginner_tutorials__rosidl_typesupport_fastrtps_c
[ 68%] Built target beginner_tutorials_test
[ 73%] Built target listener
[ 75%] [32mBuilding CXX object CMakeFiles/talker.dir/src/publisher.cpp.o[0m
[ 75%] Built target beginner_tutorials
[ 78%] Built target beginner_tutorials__py
[ 82%] Built target beginner_tutorials__rosidl_generator_py
[ 87%] Built target beginner_tutorials__rosidl_typesupport_fastrtps_c__pyext
[ 92%] Built target beginner_tutorials__rosidl_typesupport_introspection_c__pyext
[ 97%] Built target beginner_tutorials__rosidl_typesupport_c__pyext
running egg_info
writing beginner_tutorials.egg-info/PKG-INFO
writing dependency_links to beginner_tutorials.egg-info/dependency_links.txt
writing top-level names to beginner_tutorials.egg-info/top_level.txt
reading manifest file 'beginner_tutorials.egg-info/SOURCES.txt'
writing manifest file 'beginner_tutorials.egg-info/SOURCES.txt'
[ 97%] Built target ament_cmake_python_build_beginner_tutorials_egg
